
Collecting usage statistics. To deactivate, set browser.gatherUsageStats to false.


  You can now view your Streamlit app in your browser.

  Local URL: http://localhost:8501
  Network URL: http://100.81.82.95:8501
  External URL: http://37.39.179.57:8501

2025-05-07 17:55:36,582 - Dashboard - INFO - Initialized dashboard for EUR_USD with 5m timeframe
2025-05-07 17:55:36,582 - Dashboard - INFO - Data directory: /home/clouduser/spike/forex_spike_predictor/specialized/data
2025-05-07 17:55:36,583 - Dashboard - INFO - Starting data refresh thread with 60s interval
2025-05-07 17:55:36,585 - Dashboard - INFO - Loading raw data from /home/clouduser/spike/forex_spike_predictor/specialized/data/raw/EUR_USD/5m/latest.csv
2025-05-07 17:55:36,637 - Dashboard - INFO - Loaded 1595 records from /home/clouduser/spike/forex_spike_predictor/specialized/data/raw/EUR_USD/5m/latest.csv
2025-05-07 17:55:36,639 - Dashboard - INFO - Loading analyzed data for minimum from /home/clouduser/spike/forex_spike_predictor/specialized/data/analyzed/EUR_USD/5m/minimum/latest_analyzed.csv
2025-05-07 17:55:36,644 - Dashboard - INFO - Loaded 7 records from /home/clouduser/spike/forex_spike_predictor/specialized/data/analyzed/EUR_USD/5m/minimum/latest_analyzed.csv
2025-05-07 17:55:36,645 - Dashboard - INFO - Loading pattern data for minimum from /home/clouduser/spike/forex_spike_predictor/specialized/data/analyzed/EUR_USD/5m/minimum/latest_patterns.json
2025-05-07 17:55:36,646 - Dashboard - INFO - Loaded 3 pattern types with 3 instances from /home/clouduser/spike/forex_spike_predictor/specialized/data/analyzed/EUR_USD/5m/minimum/latest_patterns.json
2025-05-07 17:55:36,647 - Dashboard - INFO - Loading analyzed data for recommended from /home/clouduser/spike/forex_spike_predictor/specialized/data/analyzed/EUR_USD/5m/recommended/latest_analyzed.csv
2025-05-07 17:55:36,653 - Dashboard - INFO - Loaded 7 records from /home/clouduser/spike/forex_spike_predictor/specialized/data/analyzed/EUR_USD/5m/recommended/latest_analyzed.csv
2025-05-07 17:55:36,654 - Dashboard - INFO - Loading pattern data for recommended from /home/clouduser/spike/forex_spike_predictor/specialized/data/analyzed/EUR_USD/5m/recommended/latest_patterns.json
2025-05-07 17:55:36,656 - Dashboard - INFO - Loaded 5 pattern types with 5 instances from /home/clouduser/spike/forex_spike_predictor/specialized/data/analyzed/EUR_USD/5m/recommended/latest_patterns.json
2025-05-07 17:55:36,657 - Dashboard - INFO - Loading analyzed data for optimal from /home/clouduser/spike/forex_spike_predictor/specialized/data/analyzed/EUR_USD/5m/optimal/latest_analyzed.csv
2025-05-07 17:55:36,664 - Dashboard - INFO - Loaded 7 records from /home/clouduser/spike/forex_spike_predictor/specialized/data/analyzed/EUR_USD/5m/optimal/latest_analyzed.csv
2025-05-07 17:55:36,665 - Dashboard - INFO - Loading pattern data for optimal from /home/clouduser/spike/forex_spike_predictor/specialized/data/analyzed/EUR_USD/5m/optimal/latest_patterns.json
2025-05-07 17:55:36,666 - Dashboard - INFO - Loaded 6 pattern types with 6 instances from /home/clouduser/spike/forex_spike_predictor/specialized/data/analyzed/EUR_USD/5m/optimal/latest_patterns.json
2025-05-07 17:55:36,667 - Dashboard - INFO - Loading predictions from /home/clouduser/spike/forex_spike_predictor/specialized/data/predictions/EUR_USD/5m/latest_predictions.json
2025-05-07 17:55:36,668 - Dashboard - INFO - Loaded 7 predictions from /home/clouduser/spike/forex_spike_predictor/specialized/data/predictions/EUR_USD/5m/latest_predictions.json
2025-05-07 17:55:36,669 - Dashboard - WARNING - No files matching '_performance.json' found in /home/clouduser/spike/forex_spike_predictor/specialized/data/predictions/EUR_USD/5m
[31mâ”€â”€[0m[31mâ”€â”€â”€â”€â”€â”€â”€â”€â”€â”€â”€â”€â”€â”€â”€â”€â”€â”€â”€â”€â”€â”€â”€â”€[0m[31m [0m[1;31mTraceback [0m[1;2;31m(most recent call last)[0m[31m [0m[31mâ”€â”€â”€â”€â”€â”€â”€â”€â”€â”€â”€â”€â”€â”€â”€â”€â”€â”€â”€â”€â”€â”€â”€â”€â”€[0m[31mâ”€â”€[0m
[31m [0m [2m/home/clouduser/spike/smart/lib/python3.11/site-packages/streamlit/runtime/scriptrun[0m [31m [0m
[31m [0m [2mner/[0m[1mexec_code.py[0m:121 in exec_func_with_error_handling                                [31m [0m
[31m [0m                                                                                      [31m [0m
[31m [0m [2m/home/clouduser/spike/smart/lib/python3.11/site-packages/streamlit/runtime/scriptrun[0m [31m [0m
[31m [0m [2mner/[0m[1mscript_runner.py[0m:648 in code_to_exec                                             [31m [0m
[31m [0m                                                                                      [31m [0m
[31m [0m [2m/home/clouduser/spike/forex_spike_predictor/specialized/dashboard/src/[0m[1mdashboard.py[0m:1 [31m [0m
[31m [0m 495 in <module>                                                                      [31m [0m
[31m [0m                                                                                      [31m [0m
[31m [0m   [2m1492 [0m[2mâ”‚   [0mdashboard.run_dashboard()                                                 [31m [0m
[31m [0m   [2m1493 [0m                                                                              [31m [0m
[31m [0m   [2m1494 [0m[94mif[0m [91m__name__[0m == [33m"[0m[33m__main__[0m[33m"[0m:                                                    [31m [0m
[31m [0m [31mâ± [0m1495 [2mâ”‚   [0m[1;4mmain()[0m                                                                    [31m [0m
[31m [0m   [2m1496 [0m                                                                              [31m [0m
[31m [0m                                                                                      [31m [0m
[31m [0m [2m/home/clouduser/spike/forex_spike_predictor/specialized/dashboard/src/[0m[1mdashboard.py[0m:1 [31m [0m
[31m [0m 492 in main                                                                          [31m [0m
[31m [0m                                                                                      [31m [0m
[31m [0m   [2m1489 [0m[2mâ”‚   [0mrefresh_thread.start()                                                    [31m [0m
[31m [0m   [2m1490 [0m[2mâ”‚   [0m                                                                          [31m [0m
[31m [0m   [2m1491 [0m[2mâ”‚   [0m[2m# Run dashboard[0m                                                           [31m [0m
[31m [0m [31mâ± [0m1492 [2mâ”‚   [0m[1;4mdashboard.run_dashboard()[0m                                                 [31m [0m
[31m [0m   [2m1493 [0m                                                                              [31m [0m
[31m [0m   [2m1494 [0m[94mif[0m [91m__name__[0m == [33m"[0m[33m__main__[0m[33m"[0m:                                                    [31m [0m
[31m [0m   [2m1495 [0m[2mâ”‚   [0mmain()                                                                    [31m [0m
[31m [0m                                                                                      [31m [0m
[31m [0m [2m/home/clouduser/spike/forex_spike_predictor/specialized/dashboard/src/[0m[1mdashboard.py[0m:1 [31m [0m
[31m [0m 262 in run_dashboard                                                                 [31m [0m
[31m [0m                                                                                      [31m [0m
[31m [0m   [2m1259 [0m[2mâ”‚   â”‚   â”‚   â”‚   â”‚   â”‚   [0m                                                      [31m [0m
[31m [0m   [2m1260 [0m[2mâ”‚   â”‚   â”‚   â”‚   â”‚   â”‚   [0m[2m# Small chart[0m                                         [31m [0m
[31m [0m   [2m1261 [0m[2mâ”‚   â”‚   â”‚   â”‚   â”‚   â”‚   [0mchart = [96mself[0m.create_price_chart(df, depth, patterns)  [31m [0m
[31m [0m [31mâ± [0m1262 [2mâ”‚   â”‚   â”‚   â”‚   â”‚   â”‚   [0m[1;4mst.plotly_chart(chart, use_container_width=[0m[1;4;94mTrue[0m[1;4m)[0m      [31m [0m
[31m [0m   [2m1263 [0m[2mâ”‚   â”‚   â”‚   â”‚   â”‚   â”‚   [0m                                                      [31m [0m
[31m [0m   [2m1264 [0m[2mâ”‚   â”‚   â”‚   â”‚   â”‚   â”‚   [0m[2m# Pattern card[0m                                        [31m [0m
[31m [0m   [2m1265 [0m[2mâ”‚   â”‚   â”‚   â”‚   â”‚   â”‚   [0m[94mif[0m patterns [95mis[0m [95mnot[0m [94mNone[0m:                              [31m [0m
[31m [0m                                                                                      [31m [0m
[31m [0m [2m/home/clouduser/spike/smart/lib/python3.11/site-packages/streamlit/runtime/[0m[1mmetrics_u[0m [31m [0m
[31m [0m [1mtil.py[0m:444 in wrapped_func                                                           [31m [0m
[31m [0m                                                                                      [31m [0m
[31m [0m [2m/home/clouduser/spike/smart/lib/python3.11/site-packages/streamlit/elements/[0m[1mplotly_c[0m [31m [0m
[31m [0m [1mhart.py[0m:509 in plotly_chart                                                          [31m [0m
[31m [0m                                                                                      [31m [0m
[31m [0m [2m/home/clouduser/spike/smart/lib/python3.11/site-packages/streamlit/elements/lib/[0m[1mutil[0m [31m [0m
[31m [0m [1ms.py[0m:239 in compute_and_register_element_id                                          [31m [0m
[31m [0m                                                                                      [31m [0m
[31m [0m [2m/home/clouduser/spike/smart/lib/python3.11/site-packages/streamlit/elements/lib/[0m[1mutil[0m [31m [0m
[31m [0m [1ms.py[0m:145 in _register_element_id                                                     [31m [0m
[31mâ”€â”€â”€â”€â”€â”€â”€â”€â”€â”€â”€â”€â”€â”€â”€â”€â”€â”€â”€â”€â”€â”€â”€â”€â”€â”€â”€â”€â”€â”€â”€â”€â”€â”€â”€â”€â”€â”€â”€â”€â”€â”€â”€â”€â”€â”€â”€â”€â”€â”€â”€â”€â”€â”€â”€â”€â”€â”€â”€â”€â”€â”€â”€â”€â”€â”€â”€â”€â”€â”€â”€â”€â”€â”€â”€â”€â”€â”€â”€â”€â”€â”€â”€â”€â”€â”€â”€â”€[0m
[1;91mStreamlitDuplicateElementId: [0mThere are multiple `plotly_chart` elements with the same 
auto-generated ID. When this element is created, it is assigned an internal ID based on 
the element type and provided parameters. Multiple elements with the same type and 
parameters will cause this error.

To fix this error, please pass a unique `key` argument to the `plotly_chart` element.
2025-05-07 17:55:42,895 - Dashboard - INFO - Initialized dashboard for EUR_USD with 5m timeframe
2025-05-07 17:55:42,896 - Dashboard - INFO - Data directory: /home/clouduser/spike/forex_spike_predictor/specialized/data
2025-05-07 17:55:42,896 - Dashboard - INFO - Starting data refresh thread with 60s interval
2025-05-07 17:55:42,913 - Dashboard - INFO - Loading raw data from /home/clouduser/spike/forex_spike_predictor/specialized/data/raw/EUR_USD/5m/latest.csv
2025-05-07 17:55:42,959 - Dashboard - INFO - Loaded 1595 records from /home/clouduser/spike/forex_spike_predictor/specialized/data/raw/EUR_USD/5m/latest.csv
2025-05-07 17:55:42,960 - Dashboard - INFO - Loading analyzed data for minimum from /home/clouduser/spike/forex_spike_predictor/specialized/data/analyzed/EUR_USD/5m/minimum/latest_analyzed.csv
2025-05-07 17:55:42,965 - Dashboard - INFO - Loaded 7 records from /home/clouduser/spike/forex_spike_predictor/specialized/data/analyzed/EUR_USD/5m/minimum/latest_analyzed.csv
2025-05-07 17:55:42,966 - Dashboard - INFO - Loading pattern data for minimum from /home/clouduser/spike/forex_spike_predictor/specialized/data/analyzed/EUR_USD/5m/minimum/latest_patterns.json
2025-05-07 17:55:42,966 - Dashboard - INFO - Loaded 3 pattern types with 3 instances from /home/clouduser/spike/forex_spike_predictor/specialized/data/analyzed/EUR_USD/5m/minimum/latest_patterns.json
2025-05-07 17:55:42,967 - Dashboard - INFO - Loading analyzed data for recommended from /home/clouduser/spike/forex_spike_predictor/specialized/data/analyzed/EUR_USD/5m/recommended/latest_analyzed.csv
2025-05-07 17:55:42,972 - Dashboard - INFO - Loaded 7 records from /home/clouduser/spike/forex_spike_predictor/specialized/data/analyzed/EUR_USD/5m/recommended/latest_analyzed.csv
2025-05-07 17:55:42,973 - Dashboard - INFO - Loading pattern data for recommended from /home/clouduser/spike/forex_spike_predictor/specialized/data/analyzed/EUR_USD/5m/recommended/latest_patterns.json
2025-05-07 17:55:42,974 - Dashboard - INFO - Loaded 5 pattern types with 5 instances from /home/clouduser/spike/forex_spike_predictor/specialized/data/analyzed/EUR_USD/5m/recommended/latest_patterns.json
2025-05-07 17:55:42,974 - Dashboard - INFO - Loading analyzed data for optimal from /home/clouduser/spike/forex_spike_predictor/specialized/data/analyzed/EUR_USD/5m/optimal/latest_analyzed.csv
2025-05-07 17:55:42,980 - Dashboard - INFO - Loaded 7 records from /home/clouduser/spike/forex_spike_predictor/specialized/data/analyzed/EUR_USD/5m/optimal/latest_analyzed.csv
2025-05-07 17:55:42,981 - Dashboard - INFO - Loading pattern data for optimal from /home/clouduser/spike/forex_spike_predictor/specialized/data/analyzed/EUR_USD/5m/optimal/latest_patterns.json
2025-05-07 17:55:42,982 - Dashboard - INFO - Loaded 6 pattern types with 6 instances from /home/clouduser/spike/forex_spike_predictor/specialized/data/analyzed/EUR_USD/5m/optimal/latest_patterns.json
2025-05-07 17:55:42,983 - Dashboard - INFO - Loading predictions from /home/clouduser/spike/forex_spike_predictor/specialized/data/predictions/EUR_USD/5m/latest_predictions.json
2025-05-07 17:55:42,983 - Dashboard - INFO - Loaded 7 predictions from /home/clouduser/spike/forex_spike_predictor/specialized/data/predictions/EUR_USD/5m/latest_predictions.json
2025-05-07 17:55:42,984 - Dashboard - WARNING - No files matching '_performance.json' found in /home/clouduser/spike/forex_spike_predictor/specialized/data/predictions/EUR_USD/5m
2025-05-07 17:55:47,367 - Dashboard - INFO - Initialized dashboard for EUR_USD with 5m timeframe
2025-05-07 17:55:47,367 - Dashboard - INFO - Data directory: /home/clouduser/spike/forex_spike_predictor/specialized/data
2025-05-07 17:55:47,369 - Dashboard - INFO - Starting data refresh thread with 60s interval
2025-05-07 17:55:47,381 - Dashboard - INFO - Loading raw data from /home/clouduser/spike/forex_spike_predictor/specialized/data/raw/EUR_USD/5m/latest.csv
2025-05-07 17:55:47,439 - Dashboard - INFO - Loaded 1595 records from /home/clouduser/spike/forex_spike_predictor/specialized/data/raw/EUR_USD/5m/latest.csv
2025-05-07 17:55:47,441 - Dashboard - INFO - Loading analyzed data for minimum from /home/clouduser/spike/forex_spike_predictor/specialized/data/analyzed/EUR_USD/5m/minimum/latest_analyzed.csv
2025-05-07 17:55:47,449 - Dashboard - INFO - Loaded 7 records from /home/clouduser/spike/forex_spike_predictor/specialized/data/analyzed/EUR_USD/5m/minimum/latest_analyzed.csv
2025-05-07 17:55:47,451 - Dashboard - INFO - Loading pattern data for minimum from /home/clouduser/spike/forex_spike_predictor/specialized/data/analyzed/EUR_USD/5m/minimum/latest_patterns.json
2025-05-07 17:55:47,451 - Dashboard - INFO - Loaded 3 pattern types with 3 instances from /home/clouduser/spike/forex_spike_predictor/specialized/data/analyzed/EUR_USD/5m/minimum/latest_patterns.json
2025-05-07 17:55:47,452 - Dashboard - INFO - Loading analyzed data for recommended from /home/clouduser/spike/forex_spike_predictor/specialized/data/analyzed/EUR_USD/5m/recommended/latest_analyzed.csv
2025-05-07 17:55:47,458 - Dashboard - INFO - Loaded 7 records from /home/clouduser/spike/forex_spike_predictor/specialized/data/analyzed/EUR_USD/5m/recommended/latest_analyzed.csv
2025-05-07 17:55:47,459 - Dashboard - INFO - Loading pattern data for recommended from /home/clouduser/spike/forex_spike_predictor/specialized/data/analyzed/EUR_USD/5m/recommended/latest_patterns.json
2025-05-07 17:55:47,459 - Dashboard - INFO - Loaded 5 pattern types with 5 instances from /home/clouduser/spike/forex_spike_predictor/specialized/data/analyzed/EUR_USD/5m/recommended/latest_patterns.json
2025-05-07 17:55:47,460 - Dashboard - INFO - Loading analyzed data for optimal from /home/clouduser/spike/forex_spike_predictor/specialized/data/analyzed/EUR_USD/5m/optimal/latest_analyzed.csv
2025-05-07 17:55:47,466 - Dashboard - INFO - Loaded 7 records from /home/clouduser/spike/forex_spike_predictor/specialized/data/analyzed/EUR_USD/5m/optimal/latest_analyzed.csv
2025-05-07 17:55:47,468 - Dashboard - INFO - Loading pattern data for optimal from /home/clouduser/spike/forex_spike_predictor/specialized/data/analyzed/EUR_USD/5m/optimal/latest_patterns.json
2025-05-07 17:55:47,468 - Dashboard - INFO - Loaded 6 pattern types with 6 instances from /home/clouduser/spike/forex_spike_predictor/specialized/data/analyzed/EUR_USD/5m/optimal/latest_patterns.json
2025-05-07 17:55:47,469 - Dashboard - INFO - Loading predictions from /home/clouduser/spike/forex_spike_predictor/specialized/data/predictions/EUR_USD/5m/latest_predictions.json
2025-05-07 17:55:47,470 - Dashboard - INFO - Loaded 7 predictions from /home/clouduser/spike/forex_spike_predictor/specialized/data/predictions/EUR_USD/5m/latest_predictions.json
2025-05-07 17:55:47,471 - Dashboard - WARNING - No files matching '_performance.json' found in /home/clouduser/spike/forex_spike_predictor/specialized/data/predictions/EUR_USD/5m
  Stopping...
