
Collecting usage statistics. To deactivate, set browser.gatherUsageStats to false.


  You can now view your Streamlit app in your browser.

  Local URL: http://localhost:8501
  Network URL: http://192.168.8.123:8501
  External URL: http://78.89.203.75:8501

2025-05-08 06:01:42,665 - Dashboard - INFO - Initialized dashboard for EUR_USD with 5m timeframe
2025-05-08 06:01:42,665 - Dashboard - INFO - Data directory: /home/clouduser/spike/forex_spike_predictor/specialized/data
2025-05-08 06:01:42,666 - Dashboard - INFO - Starting data refresh thread with 60s interval
2025-05-08 06:01:42,668 - Dashboard - INFO - Loading raw data from /home/clouduser/spike/forex_spike_predictor/specialized/data/raw/EUR_USD/5m/latest.csv
2025-05-08 06:01:42,726 - Dashboard - INFO - Loaded 861 records from /home/clouduser/spike/forex_spike_predictor/specialized/data/raw/EUR_USD/5m/latest.csv
2025-05-08 06:01:42,728 - Dashboard - INFO - Loading analyzed data for minimum from /home/clouduser/spike/forex_spike_predictor/specialized/data/analyzed/EUR_USD/5m/minimum/latest_analyzed.csv
2025-05-08 06:01:42,737 - Dashboard - INFO - Loaded 26 records from /home/clouduser/spike/forex_spike_predictor/specialized/data/analyzed/EUR_USD/5m/minimum/latest_analyzed.csv
2025-05-08 06:01:42,739 - Dashboard - INFO - Loading pattern data for minimum from /home/clouduser/spike/forex_spike_predictor/specialized/data/analyzed/EUR_USD/5m/minimum/latest_patterns.json
2025-05-08 06:01:42,740 - Dashboard - INFO - Loaded 1 pattern types with 16 instances from /home/clouduser/spike/forex_spike_predictor/specialized/data/analyzed/EUR_USD/5m/minimum/latest_patterns.json
2025-05-08 06:01:42,741 - Dashboard - INFO - Loading analyzed data for recommended from /home/clouduser/spike/forex_spike_predictor/specialized/data/analyzed/EUR_USD/5m/recommended/latest_analyzed.csv
2025-05-08 06:01:42,748 - Dashboard - INFO - Loaded 50 records from /home/clouduser/spike/forex_spike_predictor/specialized/data/analyzed/EUR_USD/5m/recommended/latest_analyzed.csv
2025-05-08 06:01:42,749 - Dashboard - INFO - Loading pattern data for recommended from /home/clouduser/spike/forex_spike_predictor/specialized/data/analyzed/EUR_USD/5m/recommended/latest_patterns.json
2025-05-08 06:01:42,749 - Dashboard - INFO - Loaded 1 pattern types with 40 instances from /home/clouduser/spike/forex_spike_predictor/specialized/data/analyzed/EUR_USD/5m/recommended/latest_patterns.json
2025-05-08 06:01:42,750 - Dashboard - INFO - Loading analyzed data for optimal from /home/clouduser/spike/forex_spike_predictor/specialized/data/analyzed/EUR_USD/5m/optimal/latest_analyzed.csv
2025-05-08 06:01:42,756 - Dashboard - INFO - Loaded 100 records from /home/clouduser/spike/forex_spike_predictor/specialized/data/analyzed/EUR_USD/5m/optimal/latest_analyzed.csv
2025-05-08 06:01:42,757 - Dashboard - INFO - Loading pattern data for optimal from /home/clouduser/spike/forex_spike_predictor/specialized/data/analyzed/EUR_USD/5m/optimal/latest_patterns.json
2025-05-08 06:01:42,758 - Dashboard - INFO - Loaded 1 pattern types with 90 instances from /home/clouduser/spike/forex_spike_predictor/specialized/data/analyzed/EUR_USD/5m/optimal/latest_patterns.json
2025-05-08 06:01:42,759 - Dashboard - INFO - Loading predictions from /home/clouduser/spike/forex_spike_predictor/specialized/data/predictions/EUR_USD/5m/latest_predictions.json
2025-05-08 06:01:42,759 - Dashboard - INFO - Loaded 10 predictions from /home/clouduser/spike/forex_spike_predictor/specialized/data/predictions/EUR_USD/5m/latest_predictions.json
2025-05-08 06:01:42,760 - Dashboard - WARNING - No files matching '_performance.json' found in /home/clouduser/spike/forex_spike_predictor/specialized/data/predictions/EUR_USD/5m
2025-05-08 06:01:44,979 - Dashboard - INFO - Initialized dashboard for EUR_USD with 5m timeframe
2025-05-08 06:01:44,980 - Dashboard - INFO - Data directory: /home/clouduser/spike/forex_spike_predictor/specialized/data
2025-05-08 06:01:44,981 - Dashboard - INFO - Starting data refresh thread with 60s interval
2025-05-08 06:01:45,002 - Dashboard - INFO - Loading raw data from /home/clouduser/spike/forex_spike_predictor/specialized/data/raw/EUR_USD/5m/latest.csv
2025-05-08 06:01:45,057 - Dashboard - INFO - Loaded 861 records from /home/clouduser/spike/forex_spike_predictor/specialized/data/raw/EUR_USD/5m/latest.csv
2025-05-08 06:01:45,057 - Dashboard - INFO - Loading analyzed data for minimum from /home/clouduser/spike/forex_spike_predictor/specialized/data/analyzed/EUR_USD/5m/minimum/latest_analyzed.csv
2025-05-08 06:01:45,064 - Dashboard - INFO - Loaded 26 records from /home/clouduser/spike/forex_spike_predictor/specialized/data/analyzed/EUR_USD/5m/minimum/latest_analyzed.csv
2025-05-08 06:01:45,065 - Dashboard - INFO - Loading pattern data for minimum from /home/clouduser/spike/forex_spike_predictor/specialized/data/analyzed/EUR_USD/5m/minimum/latest_patterns.json
2025-05-08 06:01:45,066 - Dashboard - INFO - Loaded 1 pattern types with 16 instances from /home/clouduser/spike/forex_spike_predictor/specialized/data/analyzed/EUR_USD/5m/minimum/latest_patterns.json
2025-05-08 06:01:45,067 - Dashboard - INFO - Loading analyzed data for recommended from /home/clouduser/spike/forex_spike_predictor/specialized/data/analyzed/EUR_USD/5m/recommended/latest_analyzed.csv
2025-05-08 06:01:45,073 - Dashboard - INFO - Loaded 50 records from /home/clouduser/spike/forex_spike_predictor/specialized/data/analyzed/EUR_USD/5m/recommended/latest_analyzed.csv
2025-05-08 06:01:45,074 - Dashboard - INFO - Loading pattern data for recommended from /home/clouduser/spike/forex_spike_predictor/specialized/data/analyzed/EUR_USD/5m/recommended/latest_patterns.json
2025-05-08 06:01:45,075 - Dashboard - INFO - Loaded 1 pattern types with 40 instances from /home/clouduser/spike/forex_spike_predictor/specialized/data/analyzed/EUR_USD/5m/recommended/latest_patterns.json
2025-05-08 06:01:45,076 - Dashboard - INFO - Loading analyzed data for optimal from /home/clouduser/spike/forex_spike_predictor/specialized/data/analyzed/EUR_USD/5m/optimal/latest_analyzed.csv
2025-05-08 06:01:45,083 - Dashboard - INFO - Loaded 100 records from /home/clouduser/spike/forex_spike_predictor/specialized/data/analyzed/EUR_USD/5m/optimal/latest_analyzed.csv
2025-05-08 06:01:45,084 - Dashboard - INFO - Loading pattern data for optimal from /home/clouduser/spike/forex_spike_predictor/specialized/data/analyzed/EUR_USD/5m/optimal/latest_patterns.json
2025-05-08 06:01:45,084 - Dashboard - INFO - Loaded 1 pattern types with 90 instances from /home/clouduser/spike/forex_spike_predictor/specialized/data/analyzed/EUR_USD/5m/optimal/latest_patterns.json
2025-05-08 06:01:45,085 - Dashboard - INFO - Loading predictions from /home/clouduser/spike/forex_spike_predictor/specialized/data/predictions/EUR_USD/5m/latest_predictions.json
2025-05-08 06:01:45,086 - Dashboard - INFO - Loaded 10 predictions from /home/clouduser/spike/forex_spike_predictor/specialized/data/predictions/EUR_USD/5m/latest_predictions.json
2025-05-08 06:01:45,087 - Dashboard - WARNING - No files matching '_performance.json' found in /home/clouduser/spike/forex_spike_predictor/specialized/data/predictions/EUR_USD/5m
2025-05-08 06:02:42,762 - Dashboard - INFO - Loading raw data from /home/clouduser/spike/forex_spike_predictor/specialized/data/raw/EUR_USD/5m/latest.csv
2025-05-08 06:02:42,773 - Dashboard - INFO - Loaded 861 records from /home/clouduser/spike/forex_spike_predictor/specialized/data/raw/EUR_USD/5m/latest.csv
2025-05-08 06:02:42,775 - Dashboard - INFO - Loading analyzed data for minimum from /home/clouduser/spike/forex_spike_predictor/specialized/data/analyzed/EUR_USD/5m/minimum/latest_analyzed.csv
2025-05-08 06:02:42,778 - Dashboard - INFO - Loaded 26 records from /home/clouduser/spike/forex_spike_predictor/specialized/data/analyzed/EUR_USD/5m/minimum/latest_analyzed.csv
2025-05-08 06:02:42,779 - Dashboard - INFO - Loading pattern data for minimum from /home/clouduser/spike/forex_spike_predictor/specialized/data/analyzed/EUR_USD/5m/minimum/latest_patterns.json
2025-05-08 06:02:42,780 - Dashboard - INFO - Loaded 1 pattern types with 16 instances from /home/clouduser/spike/forex_spike_predictor/specialized/data/analyzed/EUR_USD/5m/minimum/latest_patterns.json
2025-05-08 06:02:42,780 - Dashboard - INFO - Loading analyzed data for recommended from /home/clouduser/spike/forex_spike_predictor/specialized/data/analyzed/EUR_USD/5m/recommended/latest_analyzed.csv
2025-05-08 06:02:42,783 - Dashboard - INFO - Loaded 50 records from /home/clouduser/spike/forex_spike_predictor/specialized/data/analyzed/EUR_USD/5m/recommended/latest_analyzed.csv
2025-05-08 06:02:42,784 - Dashboard - INFO - Loading pattern data for recommended from /home/clouduser/spike/forex_spike_predictor/specialized/data/analyzed/EUR_USD/5m/recommended/latest_patterns.json
2025-05-08 06:02:42,784 - Dashboard - INFO - Loaded 1 pattern types with 40 instances from /home/clouduser/spike/forex_spike_predictor/specialized/data/analyzed/EUR_USD/5m/recommended/latest_patterns.json
2025-05-08 06:02:42,785 - Dashboard - INFO - Loading analyzed data for optimal from /home/clouduser/spike/forex_spike_predictor/specialized/data/analyzed/EUR_USD/5m/optimal/latest_analyzed.csv
2025-05-08 06:02:42,788 - Dashboard - INFO - Loaded 100 records from /home/clouduser/spike/forex_spike_predictor/specialized/data/analyzed/EUR_USD/5m/optimal/latest_analyzed.csv
2025-05-08 06:02:42,789 - Dashboard - INFO - Loading pattern data for optimal from /home/clouduser/spike/forex_spike_predictor/specialized/data/analyzed/EUR_USD/5m/optimal/latest_patterns.json
2025-05-08 06:02:42,790 - Dashboard - INFO - Loaded 1 pattern types with 90 instances from /home/clouduser/spike/forex_spike_predictor/specialized/data/analyzed/EUR_USD/5m/optimal/latest_patterns.json
2025-05-08 06:02:42,790 - Dashboard - INFO - Loading predictions from /home/clouduser/spike/forex_spike_predictor/specialized/data/predictions/EUR_USD/5m/latest_predictions.json
2025-05-08 06:02:42,791 - Dashboard - INFO - Loaded 11 predictions from /home/clouduser/spike/forex_spike_predictor/specialized/data/predictions/EUR_USD/5m/latest_predictions.json
2025-05-08 06:02:42,791 - Dashboard - WARNING - No files matching '_performance.json' found in /home/clouduser/spike/forex_spike_predictor/specialized/data/predictions/EUR_USD/5m
2025-05-08 06:02:45,089 - Dashboard - INFO - Loading raw data from /home/clouduser/spike/forex_spike_predictor/specialized/data/raw/EUR_USD/5m/latest.csv
2025-05-08 06:02:45,100 - Dashboard - INFO - Loaded 861 records from /home/clouduser/spike/forex_spike_predictor/specialized/data/raw/EUR_USD/5m/latest.csv
2025-05-08 06:02:45,102 - Dashboard - INFO - Loading analyzed data for minimum from /home/clouduser/spike/forex_spike_predictor/specialized/data/analyzed/EUR_USD/5m/minimum/latest_analyzed.csv
2025-05-08 06:02:45,106 - Dashboard - INFO - Loaded 26 records from /home/clouduser/spike/forex_spike_predictor/specialized/data/analyzed/EUR_USD/5m/minimum/latest_analyzed.csv
2025-05-08 06:02:45,106 - Dashboard - INFO - Loading pattern data for minimum from /home/clouduser/spike/forex_spike_predictor/specialized/data/analyzed/EUR_USD/5m/minimum/latest_patterns.json
2025-05-08 06:02:45,107 - Dashboard - INFO - Loaded 1 pattern types with 16 instances from /home/clouduser/spike/forex_spike_predictor/specialized/data/analyzed/EUR_USD/5m/minimum/latest_patterns.json
2025-05-08 06:02:45,108 - Dashboard - INFO - Loading analyzed data for recommended from /home/clouduser/spike/forex_spike_predictor/specialized/data/analyzed/EUR_USD/5m/recommended/latest_analyzed.csv
2025-05-08 06:02:45,111 - Dashboard - INFO - Loaded 50 records from /home/clouduser/spike/forex_spike_predictor/specialized/data/analyzed/EUR_USD/5m/recommended/latest_analyzed.csv
2025-05-08 06:02:45,112 - Dashboard - INFO - Loading pattern data for recommended from /home/clouduser/spike/forex_spike_predictor/specialized/data/analyzed/EUR_USD/5m/recommended/latest_patterns.json
2025-05-08 06:02:45,113 - Dashboard - INFO - Loaded 1 pattern types with 40 instances from /home/clouduser/spike/forex_spike_predictor/specialized/data/analyzed/EUR_USD/5m/recommended/latest_patterns.json
2025-05-08 06:02:45,113 - Dashboard - INFO - Loading analyzed data for optimal from /home/clouduser/spike/forex_spike_predictor/specialized/data/analyzed/EUR_USD/5m/optimal/latest_analyzed.csv
2025-05-08 06:02:45,117 - Dashboard - INFO - Loaded 100 records from /home/clouduser/spike/forex_spike_predictor/specialized/data/analyzed/EUR_USD/5m/optimal/latest_analyzed.csv
2025-05-08 06:02:45,118 - Dashboard - INFO - Loading pattern data for optimal from /home/clouduser/spike/forex_spike_predictor/specialized/data/analyzed/EUR_USD/5m/optimal/latest_patterns.json
2025-05-08 06:02:45,118 - Dashboard - INFO - Loaded 1 pattern types with 90 instances from /home/clouduser/spike/forex_spike_predictor/specialized/data/analyzed/EUR_USD/5m/optimal/latest_patterns.json
2025-05-08 06:02:45,119 - Dashboard - INFO - Loading predictions from /home/clouduser/spike/forex_spike_predictor/specialized/data/predictions/EUR_USD/5m/latest_predictions.json
2025-05-08 06:02:45,120 - Dashboard - INFO - Loaded 11 predictions from /home/clouduser/spike/forex_spike_predictor/specialized/data/predictions/EUR_USD/5m/latest_predictions.json
2025-05-08 06:02:45,120 - Dashboard - WARNING - No files matching '_performance.json' found in /home/clouduser/spike/forex_spike_predictor/specialized/data/predictions/EUR_USD/5m
2025-05-08 06:03:42,793 - Dashboard - INFO - Loading raw data from /home/clouduser/spike/forex_spike_predictor/specialized/data/raw/EUR_USD/5m/latest.csv
2025-05-08 06:03:42,801 - Dashboard - INFO - Loaded 911 records from /home/clouduser/spike/forex_spike_predictor/specialized/data/raw/EUR_USD/5m/latest.csv
2025-05-08 06:03:42,803 - Dashboard - INFO - Loading analyzed data for minimum from /home/clouduser/spike/forex_spike_predictor/specialized/data/analyzed/EUR_USD/5m/minimum/latest_analyzed.csv
2025-05-08 06:03:42,806 - Dashboard - INFO - Loaded 26 records from /home/clouduser/spike/forex_spike_predictor/specialized/data/analyzed/EUR_USD/5m/minimum/latest_analyzed.csv
2025-05-08 06:03:42,807 - Dashboard - INFO - Loading pattern data for minimum from /home/clouduser/spike/forex_spike_predictor/specialized/data/analyzed/EUR_USD/5m/minimum/latest_patterns.json
2025-05-08 06:03:42,808 - Dashboard - INFO - Loaded 1 pattern types with 16 instances from /home/clouduser/spike/forex_spike_predictor/specialized/data/analyzed/EUR_USD/5m/minimum/latest_patterns.json
2025-05-08 06:03:42,808 - Dashboard - INFO - Loading analyzed data for recommended from /home/clouduser/spike/forex_spike_predictor/specialized/data/analyzed/EUR_USD/5m/recommended/latest_analyzed.csv
2025-05-08 06:03:42,812 - Dashboard - INFO - Loaded 50 records from /home/clouduser/spike/forex_spike_predictor/specialized/data/analyzed/EUR_USD/5m/recommended/latest_analyzed.csv
2025-05-08 06:03:42,813 - Dashboard - INFO - Loading pattern data for recommended from /home/clouduser/spike/forex_spike_predictor/specialized/data/analyzed/EUR_USD/5m/recommended/latest_patterns.json
2025-05-08 06:03:42,813 - Dashboard - INFO - Loaded 1 pattern types with 40 instances from /home/clouduser/spike/forex_spike_predictor/specialized/data/analyzed/EUR_USD/5m/recommended/latest_patterns.json
2025-05-08 06:03:42,814 - Dashboard - INFO - Loading analyzed data for optimal from /home/clouduser/spike/forex_spike_predictor/specialized/data/analyzed/EUR_USD/5m/optimal/latest_analyzed.csv
2025-05-08 06:03:42,817 - Dashboard - INFO - Loaded 100 records from /home/clouduser/spike/forex_spike_predictor/specialized/data/analyzed/EUR_USD/5m/optimal/latest_analyzed.csv
2025-05-08 06:03:42,818 - Dashboard - INFO - Loading pattern data for optimal from /home/clouduser/spike/forex_spike_predictor/specialized/data/analyzed/EUR_USD/5m/optimal/latest_patterns.json
2025-05-08 06:03:42,818 - Dashboard - INFO - Loaded 1 pattern types with 90 instances from /home/clouduser/spike/forex_spike_predictor/specialized/data/analyzed/EUR_USD/5m/optimal/latest_patterns.json
2025-05-08 06:03:42,819 - Dashboard - INFO - Loading predictions from /home/clouduser/spike/forex_spike_predictor/specialized/data/predictions/EUR_USD/5m/latest_predictions.json
2025-05-08 06:03:42,819 - Dashboard - INFO - Loaded 11 predictions from /home/clouduser/spike/forex_spike_predictor/specialized/data/predictions/EUR_USD/5m/latest_predictions.json
2025-05-08 06:03:42,820 - Dashboard - WARNING - No files matching '_performance.json' found in /home/clouduser/spike/forex_spike_predictor/specialized/data/predictions/EUR_USD/5m
2025-05-08 06:03:45,122 - Dashboard - INFO - Loading raw data from /home/clouduser/spike/forex_spike_predictor/specialized/data/raw/EUR_USD/5m/latest.csv
2025-05-08 06:03:45,134 - Dashboard - INFO - Loaded 911 records from /home/clouduser/spike/forex_spike_predictor/specialized/data/raw/EUR_USD/5m/latest.csv
2025-05-08 06:03:45,135 - Dashboard - INFO - Loading analyzed data for minimum from /home/clouduser/spike/forex_spike_predictor/specialized/data/analyzed/EUR_USD/5m/minimum/latest_analyzed.csv
2025-05-08 06:03:45,140 - Dashboard - INFO - Loaded 26 records from /home/clouduser/spike/forex_spike_predictor/specialized/data/analyzed/EUR_USD/5m/minimum/latest_analyzed.csv
2025-05-08 06:03:45,141 - Dashboard - INFO - Loading pattern data for minimum from /home/clouduser/spike/forex_spike_predictor/specialized/data/analyzed/EUR_USD/5m/minimum/latest_patterns.json
2025-05-08 06:03:45,141 - Dashboard - INFO - Loaded 1 pattern types with 16 instances from /home/clouduser/spike/forex_spike_predictor/specialized/data/analyzed/EUR_USD/5m/minimum/latest_patterns.json
2025-05-08 06:03:45,142 - Dashboard - INFO - Loading analyzed data for recommended from /home/clouduser/spike/forex_spike_predictor/specialized/data/analyzed/EUR_USD/5m/recommended/latest_analyzed.csv
2025-05-08 06:03:45,146 - Dashboard - INFO - Loaded 50 records from /home/clouduser/spike/forex_spike_predictor/specialized/data/analyzed/EUR_USD/5m/recommended/latest_analyzed.csv
2025-05-08 06:03:45,146 - Dashboard - INFO - Loading pattern data for recommended from /home/clouduser/spike/forex_spike_predictor/specialized/data/analyzed/EUR_USD/5m/recommended/latest_patterns.json
2025-05-08 06:03:45,147 - Dashboard - INFO - Loaded 1 pattern types with 40 instances from /home/clouduser/spike/forex_spike_predictor/specialized/data/analyzed/EUR_USD/5m/recommended/latest_patterns.json
2025-05-08 06:03:45,148 - Dashboard - INFO - Loading analyzed data for optimal from /home/clouduser/spike/forex_spike_predictor/specialized/data/analyzed/EUR_USD/5m/optimal/latest_analyzed.csv
2025-05-08 06:03:45,151 - Dashboard - INFO - Loaded 100 records from /home/clouduser/spike/forex_spike_predictor/specialized/data/analyzed/EUR_USD/5m/optimal/latest_analyzed.csv
2025-05-08 06:03:45,152 - Dashboard - INFO - Loading pattern data for optimal from /home/clouduser/spike/forex_spike_predictor/specialized/data/analyzed/EUR_USD/5m/optimal/latest_patterns.json
2025-05-08 06:03:45,152 - Dashboard - INFO - Loaded 1 pattern types with 90 instances from /home/clouduser/spike/forex_spike_predictor/specialized/data/analyzed/EUR_USD/5m/optimal/latest_patterns.json
2025-05-08 06:03:45,153 - Dashboard - INFO - Loading predictions from /home/clouduser/spike/forex_spike_predictor/specialized/data/predictions/EUR_USD/5m/latest_predictions.json
2025-05-08 06:03:45,153 - Dashboard - INFO - Loaded 11 predictions from /home/clouduser/spike/forex_spike_predictor/specialized/data/predictions/EUR_USD/5m/latest_predictions.json
2025-05-08 06:03:45,154 - Dashboard - WARNING - No files matching '_performance.json' found in /home/clouduser/spike/forex_spike_predictor/specialized/data/predictions/EUR_USD/5m
2025-05-08 06:04:42,824 - Dashboard - INFO - Loading raw data from /home/clouduser/spike/forex_spike_predictor/specialized/data/raw/EUR_USD/5m/latest.csv
2025-05-08 06:04:42,838 - Dashboard - INFO - Loaded 911 records from /home/clouduser/spike/forex_spike_predictor/specialized/data/raw/EUR_USD/5m/latest.csv
2025-05-08 06:04:42,839 - Dashboard - INFO - Loading analyzed data for minimum from /home/clouduser/spike/forex_spike_predictor/specialized/data/analyzed/EUR_USD/5m/minimum/latest_analyzed.csv
2025-05-08 06:04:42,843 - Dashboard - INFO - Loaded 26 records from /home/clouduser/spike/forex_spike_predictor/specialized/data/analyzed/EUR_USD/5m/minimum/latest_analyzed.csv
2025-05-08 06:04:42,844 - Dashboard - INFO - Loading pattern data for minimum from /home/clouduser/spike/forex_spike_predictor/specialized/data/analyzed/EUR_USD/5m/minimum/latest_patterns.json
2025-05-08 06:04:42,845 - Dashboard - INFO - Loaded 1 pattern types with 16 instances from /home/clouduser/spike/forex_spike_predictor/specialized/data/analyzed/EUR_USD/5m/minimum/latest_patterns.json
2025-05-08 06:04:42,846 - Dashboard - INFO - Loading analyzed data for recommended from /home/clouduser/spike/forex_spike_predictor/specialized/data/analyzed/EUR_USD/5m/recommended/latest_analyzed.csv
2025-05-08 06:04:42,849 - Dashboard - INFO - Loaded 50 records from /home/clouduser/spike/forex_spike_predictor/specialized/data/analyzed/EUR_USD/5m/recommended/latest_analyzed.csv
2025-05-08 06:04:42,850 - Dashboard - INFO - Loading pattern data for recommended from /home/clouduser/spike/forex_spike_predictor/specialized/data/analyzed/EUR_USD/5m/recommended/latest_patterns.json
2025-05-08 06:04:42,851 - Dashboard - INFO - Loaded 1 pattern types with 40 instances from /home/clouduser/spike/forex_spike_predictor/specialized/data/analyzed/EUR_USD/5m/recommended/latest_patterns.json
2025-05-08 06:04:42,851 - Dashboard - INFO - Loading analyzed data for optimal from /home/clouduser/spike/forex_spike_predictor/specialized/data/analyzed/EUR_USD/5m/optimal/latest_analyzed.csv
2025-05-08 06:04:42,855 - Dashboard - INFO - Loaded 100 records from /home/clouduser/spike/forex_spike_predictor/specialized/data/analyzed/EUR_USD/5m/optimal/latest_analyzed.csv
2025-05-08 06:04:42,856 - Dashboard - INFO - Loading pattern data for optimal from /home/clouduser/spike/forex_spike_predictor/specialized/data/analyzed/EUR_USD/5m/optimal/latest_patterns.json
2025-05-08 06:04:42,856 - Dashboard - INFO - Loaded 1 pattern types with 90 instances from /home/clouduser/spike/forex_spike_predictor/specialized/data/analyzed/EUR_USD/5m/optimal/latest_patterns.json
2025-05-08 06:04:42,857 - Dashboard - INFO - Loading predictions from /home/clouduser/spike/forex_spike_predictor/specialized/data/predictions/EUR_USD/5m/latest_predictions.json
2025-05-08 06:04:42,858 - Dashboard - INFO - Loaded 11 predictions from /home/clouduser/spike/forex_spike_predictor/specialized/data/predictions/EUR_USD/5m/latest_predictions.json
2025-05-08 06:04:42,858 - Dashboard - WARNING - No files matching '_performance.json' found in /home/clouduser/spike/forex_spike_predictor/specialized/data/predictions/EUR_USD/5m
2025-05-08 06:04:45,157 - Dashboard - INFO - Loading raw data from /home/clouduser/spike/forex_spike_predictor/specialized/data/raw/EUR_USD/5m/latest.csv
2025-05-08 06:04:45,169 - Dashboard - INFO - Loaded 911 records from /home/clouduser/spike/forex_spike_predictor/specialized/data/raw/EUR_USD/5m/latest.csv
2025-05-08 06:04:45,171 - Dashboard - INFO - Loading analyzed data for minimum from /home/clouduser/spike/forex_spike_predictor/specialized/data/analyzed/EUR_USD/5m/minimum/latest_analyzed.csv
2025-05-08 06:04:45,175 - Dashboard - INFO - Loaded 26 records from /home/clouduser/spike/forex_spike_predictor/specialized/data/analyzed/EUR_USD/5m/minimum/latest_analyzed.csv
2025-05-08 06:04:45,176 - Dashboard - INFO - Loading pattern data for minimum from /home/clouduser/spike/forex_spike_predictor/specialized/data/analyzed/EUR_USD/5m/minimum/latest_patterns.json
2025-05-08 06:04:45,177 - Dashboard - INFO - Loaded 1 pattern types with 16 instances from /home/clouduser/spike/forex_spike_predictor/specialized/data/analyzed/EUR_USD/5m/minimum/latest_patterns.json
2025-05-08 06:04:45,177 - Dashboard - INFO - Loading analyzed data for recommended from /home/clouduser/spike/forex_spike_predictor/specialized/data/analyzed/EUR_USD/5m/recommended/latest_analyzed.csv
2025-05-08 06:04:45,181 - Dashboard - INFO - Loaded 50 records from /home/clouduser/spike/forex_spike_predictor/specialized/data/analyzed/EUR_USD/5m/recommended/latest_analyzed.csv
2025-05-08 06:04:45,182 - Dashboard - INFO - Loading pattern data for recommended from /home/clouduser/spike/forex_spike_predictor/specialized/data/analyzed/EUR_USD/5m/recommended/latest_patterns.json
2025-05-08 06:04:45,183 - Dashboard - INFO - Loaded 1 pattern types with 40 instances from /home/clouduser/spike/forex_spike_predictor/specialized/data/analyzed/EUR_USD/5m/recommended/latest_patterns.json
2025-05-08 06:04:45,183 - Dashboard - INFO - Loading analyzed data for optimal from /home/clouduser/spike/forex_spike_predictor/specialized/data/analyzed/EUR_USD/5m/optimal/latest_analyzed.csv
2025-05-08 06:04:45,187 - Dashboard - INFO - Loaded 100 records from /home/clouduser/spike/forex_spike_predictor/specialized/data/analyzed/EUR_USD/5m/optimal/latest_analyzed.csv
2025-05-08 06:04:45,188 - Dashboard - INFO - Loading pattern data for optimal from /home/clouduser/spike/forex_spike_predictor/specialized/data/analyzed/EUR_USD/5m/optimal/latest_patterns.json
2025-05-08 06:04:45,188 - Dashboard - INFO - Loaded 1 pattern types with 90 instances from /home/clouduser/spike/forex_spike_predictor/specialized/data/analyzed/EUR_USD/5m/optimal/latest_patterns.json
2025-05-08 06:04:45,189 - Dashboard - INFO - Loading predictions from /home/clouduser/spike/forex_spike_predictor/specialized/data/predictions/EUR_USD/5m/latest_predictions.json
2025-05-08 06:04:45,190 - Dashboard - INFO - Loaded 11 predictions from /home/clouduser/spike/forex_spike_predictor/specialized/data/predictions/EUR_USD/5m/latest_predictions.json
2025-05-08 06:04:45,190 - Dashboard - WARNING - No files matching '_performance.json' found in /home/clouduser/spike/forex_spike_predictor/specialized/data/predictions/EUR_USD/5m
2025-05-08 06:05:42,862 - Dashboard - INFO - Loading raw data from /home/clouduser/spike/forex_spike_predictor/specialized/data/raw/EUR_USD/5m/latest.csv
2025-05-08 06:05:42,874 - Dashboard - INFO - Loaded 961 records from /home/clouduser/spike/forex_spike_predictor/specialized/data/raw/EUR_USD/5m/latest.csv
2025-05-08 06:05:42,875 - Dashboard - INFO - Loading analyzed data for minimum from /home/clouduser/spike/forex_spike_predictor/specialized/data/analyzed/EUR_USD/5m/minimum/latest_analyzed.csv
2025-05-08 06:05:42,879 - Dashboard - INFO - Loaded 26 records from /home/clouduser/spike/forex_spike_predictor/specialized/data/analyzed/EUR_USD/5m/minimum/latest_analyzed.csv
2025-05-08 06:05:42,880 - Dashboard - INFO - Loading pattern data for minimum from /home/clouduser/spike/forex_spike_predictor/specialized/data/analyzed/EUR_USD/5m/minimum/latest_patterns.json
2025-05-08 06:05:42,881 - Dashboard - INFO - Loaded 1 pattern types with 16 instances from /home/clouduser/spike/forex_spike_predictor/specialized/data/analyzed/EUR_USD/5m/minimum/latest_patterns.json
2025-05-08 06:05:42,881 - Dashboard - INFO - Loading analyzed data for recommended from /home/clouduser/spike/forex_spike_predictor/specialized/data/analyzed/EUR_USD/5m/recommended/latest_analyzed.csv
2025-05-08 06:05:42,885 - Dashboard - INFO - Loaded 50 records from /home/clouduser/spike/forex_spike_predictor/specialized/data/analyzed/EUR_USD/5m/recommended/latest_analyzed.csv
2025-05-08 06:05:42,886 - Dashboard - INFO - Loading pattern data for recommended from /home/clouduser/spike/forex_spike_predictor/specialized/data/analyzed/EUR_USD/5m/recommended/latest_patterns.json
2025-05-08 06:05:42,887 - Dashboard - INFO - Loaded 1 pattern types with 40 instances from /home/clouduser/spike/forex_spike_predictor/specialized/data/analyzed/EUR_USD/5m/recommended/latest_patterns.json
2025-05-08 06:05:42,888 - Dashboard - INFO - Loading analyzed data for optimal from /home/clouduser/spike/forex_spike_predictor/specialized/data/analyzed/EUR_USD/5m/optimal/latest_analyzed.csv
2025-05-08 06:05:42,892 - Dashboard - INFO - Loaded 100 records from /home/clouduser/spike/forex_spike_predictor/specialized/data/analyzed/EUR_USD/5m/optimal/latest_analyzed.csv
2025-05-08 06:05:42,892 - Dashboard - INFO - Loading pattern data for optimal from /home/clouduser/spike/forex_spike_predictor/specialized/data/analyzed/EUR_USD/5m/optimal/latest_patterns.json
2025-05-08 06:05:42,893 - Dashboard - INFO - Loaded 1 pattern types with 90 instances from /home/clouduser/spike/forex_spike_predictor/specialized/data/analyzed/EUR_USD/5m/optimal/latest_patterns.json
2025-05-08 06:05:42,894 - Dashboard - INFO - Loading predictions from /home/clouduser/spike/forex_spike_predictor/specialized/data/predictions/EUR_USD/5m/latest_predictions.json
2025-05-08 06:05:42,894 - Dashboard - INFO - Loaded 12 predictions from /home/clouduser/spike/forex_spike_predictor/specialized/data/predictions/EUR_USD/5m/latest_predictions.json
2025-05-08 06:05:42,895 - Dashboard - WARNING - No files matching '_performance.json' found in /home/clouduser/spike/forex_spike_predictor/specialized/data/predictions/EUR_USD/5m
2025-05-08 06:05:45,193 - Dashboard - INFO - Loading raw data from /home/clouduser/spike/forex_spike_predictor/specialized/data/raw/EUR_USD/5m/latest.csv
2025-05-08 06:05:45,203 - Dashboard - INFO - Loaded 961 records from /home/clouduser/spike/forex_spike_predictor/specialized/data/raw/EUR_USD/5m/latest.csv
2025-05-08 06:05:45,204 - Dashboard - INFO - Loading analyzed data for minimum from /home/clouduser/spike/forex_spike_predictor/specialized/data/analyzed/EUR_USD/5m/minimum/latest_analyzed.csv
2025-05-08 06:05:45,207 - Dashboard - INFO - Loaded 26 records from /home/clouduser/spike/forex_spike_predictor/specialized/data/analyzed/EUR_USD/5m/minimum/latest_analyzed.csv
2025-05-08 06:05:45,208 - Dashboard - INFO - Loading pattern data for minimum from /home/clouduser/spike/forex_spike_predictor/specialized/data/analyzed/EUR_USD/5m/minimum/latest_patterns.json
2025-05-08 06:05:45,209 - Dashboard - INFO - Loaded 1 pattern types with 16 instances from /home/clouduser/spike/forex_spike_predictor/specialized/data/analyzed/EUR_USD/5m/minimum/latest_patterns.json
2025-05-08 06:05:45,209 - Dashboard - INFO - Loading analyzed data for recommended from /home/clouduser/spike/forex_spike_predictor/specialized/data/analyzed/EUR_USD/5m/recommended/latest_analyzed.csv
2025-05-08 06:05:45,213 - Dashboard - INFO - Loaded 50 records from /home/clouduser/spike/forex_spike_predictor/specialized/data/analyzed/EUR_USD/5m/recommended/latest_analyzed.csv
2025-05-08 06:05:45,214 - Dashboard - INFO - Loading pattern data for recommended from /home/clouduser/spike/forex_spike_predictor/specialized/data/analyzed/EUR_USD/5m/recommended/latest_patterns.json
2025-05-08 06:05:45,214 - Dashboard - INFO - Loaded 1 pattern types with 40 instances from /home/clouduser/spike/forex_spike_predictor/specialized/data/analyzed/EUR_USD/5m/recommended/latest_patterns.json
2025-05-08 06:05:45,215 - Dashboard - INFO - Loading analyzed data for optimal from /home/clouduser/spike/forex_spike_predictor/specialized/data/analyzed/EUR_USD/5m/optimal/latest_analyzed.csv
2025-05-08 06:05:45,218 - Dashboard - INFO - Loaded 100 records from /home/clouduser/spike/forex_spike_predictor/specialized/data/analyzed/EUR_USD/5m/optimal/latest_analyzed.csv
2025-05-08 06:05:45,219 - Dashboard - INFO - Loading pattern data for optimal from /home/clouduser/spike/forex_spike_predictor/specialized/data/analyzed/EUR_USD/5m/optimal/latest_patterns.json
2025-05-08 06:05:45,220 - Dashboard - INFO - Loaded 1 pattern types with 90 instances from /home/clouduser/spike/forex_spike_predictor/specialized/data/analyzed/EUR_USD/5m/optimal/latest_patterns.json
2025-05-08 06:05:45,220 - Dashboard - INFO - Loading predictions from /home/clouduser/spike/forex_spike_predictor/specialized/data/predictions/EUR_USD/5m/latest_predictions.json
2025-05-08 06:05:45,221 - Dashboard - INFO - Loaded 12 predictions from /home/clouduser/spike/forex_spike_predictor/specialized/data/predictions/EUR_USD/5m/latest_predictions.json
2025-05-08 06:05:45,221 - Dashboard - WARNING - No files matching '_performance.json' found in /home/clouduser/spike/forex_spike_predictor/specialized/data/predictions/EUR_USD/5m
2025-05-08 06:06:42,899 - Dashboard - INFO - Loading raw data from /home/clouduser/spike/forex_spike_predictor/specialized/data/raw/EUR_USD/5m/latest.csv
2025-05-08 06:06:42,912 - Dashboard - INFO - Loaded 1011 records from /home/clouduser/spike/forex_spike_predictor/specialized/data/raw/EUR_USD/5m/latest.csv
2025-05-08 06:06:42,913 - Dashboard - INFO - Loading analyzed data for minimum from /home/clouduser/spike/forex_spike_predictor/specialized/data/analyzed/EUR_USD/5m/minimum/latest_analyzed.csv
2025-05-08 06:06:42,917 - Dashboard - INFO - Loaded 26 records from /home/clouduser/spike/forex_spike_predictor/specialized/data/analyzed/EUR_USD/5m/minimum/latest_analyzed.csv
2025-05-08 06:06:42,918 - Dashboard - INFO - Loading pattern data for minimum from /home/clouduser/spike/forex_spike_predictor/specialized/data/analyzed/EUR_USD/5m/minimum/latest_patterns.json
2025-05-08 06:06:42,919 - Dashboard - INFO - Loaded 1 pattern types with 16 instances from /home/clouduser/spike/forex_spike_predictor/specialized/data/analyzed/EUR_USD/5m/minimum/latest_patterns.json
2025-05-08 06:06:42,920 - Dashboard - INFO - Loading analyzed data for recommended from /home/clouduser/spike/forex_spike_predictor/specialized/data/analyzed/EUR_USD/5m/recommended/latest_analyzed.csv
2025-05-08 06:06:42,923 - Dashboard - INFO - Loaded 50 records from /home/clouduser/spike/forex_spike_predictor/specialized/data/analyzed/EUR_USD/5m/recommended/latest_analyzed.csv
2025-05-08 06:06:42,924 - Dashboard - INFO - Loading pattern data for recommended from /home/clouduser/spike/forex_spike_predictor/specialized/data/analyzed/EUR_USD/5m/recommended/latest_patterns.json
2025-05-08 06:06:42,925 - Dashboard - INFO - Loaded 1 pattern types with 40 instances from /home/clouduser/spike/forex_spike_predictor/specialized/data/analyzed/EUR_USD/5m/recommended/latest_patterns.json
2025-05-08 06:06:42,926 - Dashboard - INFO - Loading analyzed data for optimal from /home/clouduser/spike/forex_spike_predictor/specialized/data/analyzed/EUR_USD/5m/optimal/latest_analyzed.csv
2025-05-08 06:06:42,929 - Dashboard - INFO - Loaded 100 records from /home/clouduser/spike/forex_spike_predictor/specialized/data/analyzed/EUR_USD/5m/optimal/latest_analyzed.csv
2025-05-08 06:06:42,930 - Dashboard - INFO - Loading pattern data for optimal from /home/clouduser/spike/forex_spike_predictor/specialized/data/analyzed/EUR_USD/5m/optimal/latest_patterns.json
2025-05-08 06:06:42,931 - Dashboard - INFO - Loaded 1 pattern types with 90 instances from /home/clouduser/spike/forex_spike_predictor/specialized/data/analyzed/EUR_USD/5m/optimal/latest_patterns.json
2025-05-08 06:06:42,931 - Dashboard - INFO - Loading predictions from /home/clouduser/spike/forex_spike_predictor/specialized/data/predictions/EUR_USD/5m/latest_predictions.json
2025-05-08 06:06:42,932 - Dashboard - INFO - Loaded 13 predictions from /home/clouduser/spike/forex_spike_predictor/specialized/data/predictions/EUR_USD/5m/latest_predictions.json
2025-05-08 06:06:42,932 - Dashboard - WARNING - No files matching '_performance.json' found in /home/clouduser/spike/forex_spike_predictor/specialized/data/predictions/EUR_USD/5m
2025-05-08 06:06:45,225 - Dashboard - INFO - Loading raw data from /home/clouduser/spike/forex_spike_predictor/specialized/data/raw/EUR_USD/5m/latest.csv
2025-05-08 06:06:45,235 - Dashboard - INFO - Loaded 1011 records from /home/clouduser/spike/forex_spike_predictor/specialized/data/raw/EUR_USD/5m/latest.csv
2025-05-08 06:06:45,236 - Dashboard - INFO - Loading analyzed data for minimum from /home/clouduser/spike/forex_spike_predictor/specialized/data/analyzed/EUR_USD/5m/minimum/latest_analyzed.csv
2025-05-08 06:06:45,240 - Dashboard - INFO - Loaded 26 records from /home/clouduser/spike/forex_spike_predictor/specialized/data/analyzed/EUR_USD/5m/minimum/latest_analyzed.csv
2025-05-08 06:06:45,240 - Dashboard - INFO - Loading pattern data for minimum from /home/clouduser/spike/forex_spike_predictor/specialized/data/analyzed/EUR_USD/5m/minimum/latest_patterns.json
2025-05-08 06:06:45,241 - Dashboard - INFO - Loaded 1 pattern types with 16 instances from /home/clouduser/spike/forex_spike_predictor/specialized/data/analyzed/EUR_USD/5m/minimum/latest_patterns.json
2025-05-08 06:06:45,241 - Dashboard - INFO - Loading analyzed data for recommended from /home/clouduser/spike/forex_spike_predictor/specialized/data/analyzed/EUR_USD/5m/recommended/latest_analyzed.csv
2025-05-08 06:06:45,245 - Dashboard - INFO - Loaded 50 records from /home/clouduser/spike/forex_spike_predictor/specialized/data/analyzed/EUR_USD/5m/recommended/latest_analyzed.csv
2025-05-08 06:06:45,245 - Dashboard - INFO - Loading pattern data for recommended from /home/clouduser/spike/forex_spike_predictor/specialized/data/analyzed/EUR_USD/5m/recommended/latest_patterns.json
2025-05-08 06:06:45,246 - Dashboard - INFO - Loaded 1 pattern types with 40 instances from /home/clouduser/spike/forex_spike_predictor/specialized/data/analyzed/EUR_USD/5m/recommended/latest_patterns.json
2025-05-08 06:06:45,246 - Dashboard - INFO - Loading analyzed data for optimal from /home/clouduser/spike/forex_spike_predictor/specialized/data/analyzed/EUR_USD/5m/optimal/latest_analyzed.csv
2025-05-08 06:06:45,250 - Dashboard - INFO - Loaded 100 records from /home/clouduser/spike/forex_spike_predictor/specialized/data/analyzed/EUR_USD/5m/optimal/latest_analyzed.csv
2025-05-08 06:06:45,250 - Dashboard - INFO - Loading pattern data for optimal from /home/clouduser/spike/forex_spike_predictor/specialized/data/analyzed/EUR_USD/5m/optimal/latest_patterns.json
2025-05-08 06:06:45,251 - Dashboard - INFO - Loaded 1 pattern types with 90 instances from /home/clouduser/spike/forex_spike_predictor/specialized/data/analyzed/EUR_USD/5m/optimal/latest_patterns.json
2025-05-08 06:06:45,251 - Dashboard - INFO - Loading predictions from /home/clouduser/spike/forex_spike_predictor/specialized/data/predictions/EUR_USD/5m/latest_predictions.json
2025-05-08 06:06:45,252 - Dashboard - INFO - Loaded 13 predictions from /home/clouduser/spike/forex_spike_predictor/specialized/data/predictions/EUR_USD/5m/latest_predictions.json
2025-05-08 06:06:45,252 - Dashboard - WARNING - No files matching '_performance.json' found in /home/clouduser/spike/forex_spike_predictor/specialized/data/predictions/EUR_USD/5m
2025-05-08 06:07:36,689 - Dashboard - INFO - Initialized dashboard for EUR_USD with 5m timeframe
2025-05-08 06:07:36,689 - Dashboard - INFO - Data directory: /home/clouduser/spike/forex_spike_predictor/specialized/data
2025-05-08 06:07:36,690 - Dashboard - INFO - Starting data refresh thread with 60s interval
2025-05-08 06:07:36,746 - Dashboard - INFO - Loading raw data from /home/clouduser/spike/forex_spike_predictor/specialized/data/raw/EUR_USD/5m/latest.csv
2025-05-08 06:07:36,757 - Dashboard - INFO - Loaded 1011 records from /home/clouduser/spike/forex_spike_predictor/specialized/data/raw/EUR_USD/5m/latest.csv
2025-05-08 06:07:36,758 - Dashboard - INFO - Loading analyzed data for minimum from /home/clouduser/spike/forex_spike_predictor/specialized/data/analyzed/EUR_USD/5m/minimum/latest_analyzed.csv
2025-05-08 06:07:36,764 - Dashboard - INFO - Loaded 26 records from /home/clouduser/spike/forex_spike_predictor/specialized/data/analyzed/EUR_USD/5m/minimum/latest_analyzed.csv
2025-05-08 06:07:36,765 - Dashboard - INFO - Loading pattern data for minimum from /home/clouduser/spike/forex_spike_predictor/specialized/data/analyzed/EUR_USD/5m/minimum/latest_patterns.json
2025-05-08 06:07:36,766 - Dashboard - INFO - Loaded 1 pattern types with 16 instances from /home/clouduser/spike/forex_spike_predictor/specialized/data/analyzed/EUR_USD/5m/minimum/latest_patterns.json
2025-05-08 06:07:36,767 - Dashboard - INFO - Loading analyzed data for recommended from /home/clouduser/spike/forex_spike_predictor/specialized/data/analyzed/EUR_USD/5m/recommended/latest_analyzed.csv
2025-05-08 06:07:36,774 - Dashboard - INFO - Loaded 50 records from /home/clouduser/spike/forex_spike_predictor/specialized/data/analyzed/EUR_USD/5m/recommended/latest_analyzed.csv
2025-05-08 06:07:36,775 - Dashboard - INFO - Loading pattern data for recommended from /home/clouduser/spike/forex_spike_predictor/specialized/data/analyzed/EUR_USD/5m/recommended/latest_patterns.json
2025-05-08 06:07:36,776 - Dashboard - INFO - Loaded 1 pattern types with 40 instances from /home/clouduser/spike/forex_spike_predictor/specialized/data/analyzed/EUR_USD/5m/recommended/latest_patterns.json
2025-05-08 06:07:36,776 - Dashboard - INFO - Loading analyzed data for optimal from /home/clouduser/spike/forex_spike_predictor/specialized/data/analyzed/EUR_USD/5m/optimal/latest_analyzed.csv
2025-05-08 06:07:36,783 - Dashboard - INFO - Loaded 100 records from /home/clouduser/spike/forex_spike_predictor/specialized/data/analyzed/EUR_USD/5m/optimal/latest_analyzed.csv
2025-05-08 06:07:36,784 - Dashboard - INFO - Loading pattern data for optimal from /home/clouduser/spike/forex_spike_predictor/specialized/data/analyzed/EUR_USD/5m/optimal/latest_patterns.json
2025-05-08 06:07:36,785 - Dashboard - INFO - Loaded 1 pattern types with 90 instances from /home/clouduser/spike/forex_spike_predictor/specialized/data/analyzed/EUR_USD/5m/optimal/latest_patterns.json
2025-05-08 06:07:36,786 - Dashboard - INFO - Loading predictions from /home/clouduser/spike/forex_spike_predictor/specialized/data/predictions/EUR_USD/5m/latest_predictions.json
2025-05-08 06:07:36,787 - Dashboard - INFO - Loaded 14 predictions from /home/clouduser/spike/forex_spike_predictor/specialized/data/predictions/EUR_USD/5m/latest_predictions.json
2025-05-08 06:07:36,787 - Dashboard - WARNING - No files matching '_performance.json' found in /home/clouduser/spike/forex_spike_predictor/specialized/data/predictions/EUR_USD/5m
2025-05-08 06:07:42,935 - Dashboard - INFO - Loading raw data from /home/clouduser/spike/forex_spike_predictor/specialized/data/raw/EUR_USD/5m/latest.csv
2025-05-08 06:07:42,944 - Dashboard - INFO - Loaded 1011 records from /home/clouduser/spike/forex_spike_predictor/specialized/data/raw/EUR_USD/5m/latest.csv
2025-05-08 06:07:42,945 - Dashboard - INFO - Loading analyzed data for minimum from /home/clouduser/spike/forex_spike_predictor/specialized/data/analyzed/EUR_USD/5m/minimum/latest_analyzed.csv
2025-05-08 06:07:42,949 - Dashboard - INFO - Loaded 26 records from /home/clouduser/spike/forex_spike_predictor/specialized/data/analyzed/EUR_USD/5m/minimum/latest_analyzed.csv
2025-05-08 06:07:42,950 - Dashboard - INFO - Loading pattern data for minimum from /home/clouduser/spike/forex_spike_predictor/specialized/data/analyzed/EUR_USD/5m/minimum/latest_patterns.json
2025-05-08 06:07:42,950 - Dashboard - INFO - Loaded 1 pattern types with 16 instances from /home/clouduser/spike/forex_spike_predictor/specialized/data/analyzed/EUR_USD/5m/minimum/latest_patterns.json
2025-05-08 06:07:42,951 - Dashboard - INFO - Loading analyzed data for recommended from /home/clouduser/spike/forex_spike_predictor/specialized/data/analyzed/EUR_USD/5m/recommended/latest_analyzed.csv
2025-05-08 06:07:42,954 - Dashboard - INFO - Loaded 50 records from /home/clouduser/spike/forex_spike_predictor/specialized/data/analyzed/EUR_USD/5m/recommended/latest_analyzed.csv
2025-05-08 06:07:42,954 - Dashboard - INFO - Loading pattern data for recommended from /home/clouduser/spike/forex_spike_predictor/specialized/data/analyzed/EUR_USD/5m/recommended/latest_patterns.json
2025-05-08 06:07:42,955 - Dashboard - INFO - Loaded 1 pattern types with 40 instances from /home/clouduser/spike/forex_spike_predictor/specialized/data/analyzed/EUR_USD/5m/recommended/latest_patterns.json
2025-05-08 06:07:42,955 - Dashboard - INFO - Loading analyzed data for optimal from /home/clouduser/spike/forex_spike_predictor/specialized/data/analyzed/EUR_USD/5m/optimal/latest_analyzed.csv
2025-05-08 06:07:42,959 - Dashboard - INFO - Loaded 100 records from /home/clouduser/spike/forex_spike_predictor/specialized/data/analyzed/EUR_USD/5m/optimal/latest_analyzed.csv
2025-05-08 06:07:42,959 - Dashboard - INFO - Loading pattern data for optimal from /home/clouduser/spike/forex_spike_predictor/specialized/data/analyzed/EUR_USD/5m/optimal/latest_patterns.json
2025-05-08 06:07:42,960 - Dashboard - INFO - Loaded 1 pattern types with 90 instances from /home/clouduser/spike/forex_spike_predictor/specialized/data/analyzed/EUR_USD/5m/optimal/latest_patterns.json
2025-05-08 06:07:42,960 - Dashboard - INFO - Loading predictions from /home/clouduser/spike/forex_spike_predictor/specialized/data/predictions/EUR_USD/5m/latest_predictions.json
2025-05-08 06:07:42,961 - Dashboard - INFO - Loaded 14 predictions from /home/clouduser/spike/forex_spike_predictor/specialized/data/predictions/EUR_USD/5m/latest_predictions.json
2025-05-08 06:07:42,961 - Dashboard - WARNING - No files matching '_performance.json' found in /home/clouduser/spike/forex_spike_predictor/specialized/data/predictions/EUR_USD/5m
2025-05-08 06:07:45,255 - Dashboard - INFO - Loading raw data from /home/clouduser/spike/forex_spike_predictor/specialized/data/raw/EUR_USD/5m/latest.csv
2025-05-08 06:07:45,269 - Dashboard - INFO - Loaded 1011 records from /home/clouduser/spike/forex_spike_predictor/specialized/data/raw/EUR_USD/5m/latest.csv
2025-05-08 06:07:45,270 - Dashboard - INFO - Loading analyzed data for minimum from /home/clouduser/spike/forex_spike_predictor/specialized/data/analyzed/EUR_USD/5m/minimum/latest_analyzed.csv
2025-05-08 06:07:45,274 - Dashboard - INFO - Loaded 26 records from /home/clouduser/spike/forex_spike_predictor/specialized/data/analyzed/EUR_USD/5m/minimum/latest_analyzed.csv
2025-05-08 06:07:45,275 - Dashboard - INFO - Loading pattern data for minimum from /home/clouduser/spike/forex_spike_predictor/specialized/data/analyzed/EUR_USD/5m/minimum/latest_patterns.json
2025-05-08 06:07:45,275 - Dashboard - INFO - Loaded 1 pattern types with 16 instances from /home/clouduser/spike/forex_spike_predictor/specialized/data/analyzed/EUR_USD/5m/minimum/latest_patterns.json
2025-05-08 06:07:45,276 - Dashboard - INFO - Loading analyzed data for recommended from /home/clouduser/spike/forex_spike_predictor/specialized/data/analyzed/EUR_USD/5m/recommended/latest_analyzed.csv
2025-05-08 06:07:45,280 - Dashboard - INFO - Loaded 50 records from /home/clouduser/spike/forex_spike_predictor/specialized/data/analyzed/EUR_USD/5m/recommended/latest_analyzed.csv
2025-05-08 06:07:45,280 - Dashboard - INFO - Loading pattern data for recommended from /home/clouduser/spike/forex_spike_predictor/specialized/data/analyzed/EUR_USD/5m/recommended/latest_patterns.json
2025-05-08 06:07:45,281 - Dashboard - INFO - Loaded 1 pattern types with 40 instances from /home/clouduser/spike/forex_spike_predictor/specialized/data/analyzed/EUR_USD/5m/recommended/latest_patterns.json
2025-05-08 06:07:45,282 - Dashboard - INFO - Loading analyzed data for optimal from /home/clouduser/spike/forex_spike_predictor/specialized/data/analyzed/EUR_USD/5m/optimal/latest_analyzed.csv
2025-05-08 06:07:45,285 - Dashboard - INFO - Loaded 100 records from /home/clouduser/spike/forex_spike_predictor/specialized/data/analyzed/EUR_USD/5m/optimal/latest_analyzed.csv
2025-05-08 06:07:45,286 - Dashboard - INFO - Loading pattern data for optimal from /home/clouduser/spike/forex_spike_predictor/specialized/data/analyzed/EUR_USD/5m/optimal/latest_patterns.json
2025-05-08 06:07:45,287 - Dashboard - INFO - Loaded 1 pattern types with 90 instances from /home/clouduser/spike/forex_spike_predictor/specialized/data/analyzed/EUR_USD/5m/optimal/latest_patterns.json
2025-05-08 06:07:45,287 - Dashboard - INFO - Loading predictions from /home/clouduser/spike/forex_spike_predictor/specialized/data/predictions/EUR_USD/5m/latest_predictions.json
2025-05-08 06:07:45,288 - Dashboard - INFO - Loaded 14 predictions from /home/clouduser/spike/forex_spike_predictor/specialized/data/predictions/EUR_USD/5m/latest_predictions.json
2025-05-08 06:07:45,288 - Dashboard - WARNING - No files matching '_performance.json' found in /home/clouduser/spike/forex_spike_predictor/specialized/data/predictions/EUR_USD/5m
  Stopping...
