
Collecting usage statistics. To deactivate, set browser.gatherUsageStats to false.


  You can now view your Streamlit app in your browser.

  Local URL: http://localhost:8501
  Network URL: http://192.168.8.123:8501
  External URL: http://78.89.203.75:8501

2025-05-08 05:41:41,164 - Dashboard - INFO - Initialized dashboard for EUR_USD with 5m timeframe
2025-05-08 05:41:41,164 - Dashboard - INFO - Data directory: /home/clouduser/spike/forex_spike_predictor/specialized/data
2025-05-08 05:41:41,165 - Dashboard - INFO - Starting data refresh thread with 60s interval
2025-05-08 05:41:41,168 - Dashboard - INFO - Loading raw data from /home/clouduser/spike/forex_spike_predictor/specialized/data/raw/EUR_USD/5m/latest.csv
2025-05-08 05:41:41,238 - Dashboard - INFO - Loaded 713 records from /home/clouduser/spike/forex_spike_predictor/specialized/data/raw/EUR_USD/5m/latest.csv
2025-05-08 05:41:41,239 - Dashboard - INFO - Loading analyzed data for minimum from /home/clouduser/spike/forex_spike_predictor/specialized/data/analyzed/EUR_USD/5m/minimum/latest_analyzed.csv
2025-05-08 05:41:41,247 - Dashboard - INFO - Loaded 26 records from /home/clouduser/spike/forex_spike_predictor/specialized/data/analyzed/EUR_USD/5m/minimum/latest_analyzed.csv
2025-05-08 05:41:41,248 - Dashboard - INFO - Loading pattern data for minimum from /home/clouduser/spike/forex_spike_predictor/specialized/data/analyzed/EUR_USD/5m/minimum/latest_patterns.json
2025-05-08 05:41:41,248 - Dashboard - INFO - Loaded 1 pattern types with 16 instances from /home/clouduser/spike/forex_spike_predictor/specialized/data/analyzed/EUR_USD/5m/minimum/latest_patterns.json
2025-05-08 05:41:41,249 - Dashboard - INFO - Loading analyzed data for recommended from /home/clouduser/spike/forex_spike_predictor/specialized/data/analyzed/EUR_USD/5m/recommended/latest_analyzed.csv
2025-05-08 05:41:41,255 - Dashboard - INFO - Loaded 50 records from /home/clouduser/spike/forex_spike_predictor/specialized/data/analyzed/EUR_USD/5m/recommended/latest_analyzed.csv
2025-05-08 05:41:41,256 - Dashboard - INFO - Loading pattern data for recommended from /home/clouduser/spike/forex_spike_predictor/specialized/data/analyzed/EUR_USD/5m/recommended/latest_patterns.json
2025-05-08 05:41:41,257 - Dashboard - INFO - Loaded 1 pattern types with 40 instances from /home/clouduser/spike/forex_spike_predictor/specialized/data/analyzed/EUR_USD/5m/recommended/latest_patterns.json
2025-05-08 05:41:41,257 - Dashboard - INFO - Loading analyzed data for optimal from /home/clouduser/spike/forex_spike_predictor/specialized/data/analyzed/EUR_USD/5m/optimal/latest_analyzed.csv
2025-05-08 05:41:41,264 - Dashboard - INFO - Loaded 100 records from /home/clouduser/spike/forex_spike_predictor/specialized/data/analyzed/EUR_USD/5m/optimal/latest_analyzed.csv
2025-05-08 05:41:41,265 - Dashboard - INFO - Loading pattern data for optimal from /home/clouduser/spike/forex_spike_predictor/specialized/data/analyzed/EUR_USD/5m/optimal/latest_patterns.json
2025-05-08 05:41:41,265 - Dashboard - INFO - Loaded 1 pattern types with 90 instances from /home/clouduser/spike/forex_spike_predictor/specialized/data/analyzed/EUR_USD/5m/optimal/latest_patterns.json
2025-05-08 05:41:41,266 - Dashboard - INFO - Loading predictions from /home/clouduser/spike/forex_spike_predictor/specialized/data/predictions/EUR_USD/5m/latest_predictions.json
2025-05-08 05:41:41,267 - Dashboard - INFO - Loaded 2 predictions from /home/clouduser/spike/forex_spike_predictor/specialized/data/predictions/EUR_USD/5m/latest_predictions.json
2025-05-08 05:41:41,268 - Dashboard - WARNING - No files matching '_performance.json' found in /home/clouduser/spike/forex_spike_predictor/specialized/data/predictions/EUR_USD/5m
2025-05-08 05:41:44,397 - Dashboard - INFO - Initialized dashboard for EUR_USD with 5m timeframe
2025-05-08 05:41:44,397 - Dashboard - INFO - Data directory: /home/clouduser/spike/forex_spike_predictor/specialized/data
2025-05-08 05:41:44,397 - Dashboard - INFO - Starting data refresh thread with 60s interval
2025-05-08 05:41:44,432 - Dashboard - INFO - Loading raw data from /home/clouduser/spike/forex_spike_predictor/specialized/data/raw/EUR_USD/5m/latest.csv
2025-05-08 05:41:44,439 - Dashboard - INFO - Loaded 713 records from /home/clouduser/spike/forex_spike_predictor/specialized/data/raw/EUR_USD/5m/latest.csv
2025-05-08 05:41:44,439 - Dashboard - INFO - Loading analyzed data for minimum from /home/clouduser/spike/forex_spike_predictor/specialized/data/analyzed/EUR_USD/5m/minimum/latest_analyzed.csv
2025-05-08 05:41:44,445 - Dashboard - INFO - Loaded 26 records from /home/clouduser/spike/forex_spike_predictor/specialized/data/analyzed/EUR_USD/5m/minimum/latest_analyzed.csv
2025-05-08 05:41:44,446 - Dashboard - INFO - Loading pattern data for minimum from /home/clouduser/spike/forex_spike_predictor/specialized/data/analyzed/EUR_USD/5m/minimum/latest_patterns.json
2025-05-08 05:41:44,449 - Dashboard - INFO - Loaded 1 pattern types with 16 instances from /home/clouduser/spike/forex_spike_predictor/specialized/data/analyzed/EUR_USD/5m/minimum/latest_patterns.json
2025-05-08 05:41:44,450 - Dashboard - INFO - Loading analyzed data for recommended from /home/clouduser/spike/forex_spike_predictor/specialized/data/analyzed/EUR_USD/5m/recommended/latest_analyzed.csv
2025-05-08 05:41:44,468 - Dashboard - INFO - Loaded 50 records from /home/clouduser/spike/forex_spike_predictor/specialized/data/analyzed/EUR_USD/5m/recommended/latest_analyzed.csv
2025-05-08 05:41:44,468 - Dashboard - INFO - Loading pattern data for recommended from /home/clouduser/spike/forex_spike_predictor/specialized/data/analyzed/EUR_USD/5m/recommended/latest_patterns.json
2025-05-08 05:41:44,469 - Dashboard - INFO - Loaded 1 pattern types with 40 instances from /home/clouduser/spike/forex_spike_predictor/specialized/data/analyzed/EUR_USD/5m/recommended/latest_patterns.json
2025-05-08 05:41:44,471 - Dashboard - INFO - Loading analyzed data for optimal from /home/clouduser/spike/forex_spike_predictor/specialized/data/analyzed/EUR_USD/5m/optimal/latest_analyzed.csv
2025-05-08 05:41:44,479 - Dashboard - INFO - Loaded 100 records from /home/clouduser/spike/forex_spike_predictor/specialized/data/analyzed/EUR_USD/5m/optimal/latest_analyzed.csv
2025-05-08 05:41:44,479 - Dashboard - INFO - Loading pattern data for optimal from /home/clouduser/spike/forex_spike_predictor/specialized/data/analyzed/EUR_USD/5m/optimal/latest_patterns.json
2025-05-08 05:41:44,480 - Dashboard - INFO - Loaded 1 pattern types with 90 instances from /home/clouduser/spike/forex_spike_predictor/specialized/data/analyzed/EUR_USD/5m/optimal/latest_patterns.json
2025-05-08 05:41:44,481 - Dashboard - INFO - Loading predictions from /home/clouduser/spike/forex_spike_predictor/specialized/data/predictions/EUR_USD/5m/latest_predictions.json
2025-05-08 05:41:44,481 - Dashboard - INFO - Loaded 2 predictions from /home/clouduser/spike/forex_spike_predictor/specialized/data/predictions/EUR_USD/5m/latest_predictions.json
2025-05-08 05:41:44,482 - Dashboard - WARNING - No files matching '_performance.json' found in /home/clouduser/spike/forex_spike_predictor/specialized/data/predictions/EUR_USD/5m
2025-05-08 05:41:55,332 - Dashboard - INFO - Initialized dashboard for EUR_USD with 5m timeframe
2025-05-08 05:41:55,332 - Dashboard - INFO - Data directory: /home/clouduser/spike/forex_spike_predictor/specialized/data
2025-05-08 05:41:55,332 - Dashboard - INFO - Starting data refresh thread with 60s interval
2025-05-08 05:41:55,345 - Dashboard - INFO - Loading raw data from /home/clouduser/spike/forex_spike_predictor/specialized/data/raw/EUR_USD/5m/latest.csv
2025-05-08 05:41:55,397 - Dashboard - INFO - Loaded 713 records from /home/clouduser/spike/forex_spike_predictor/specialized/data/raw/EUR_USD/5m/latest.csv
2025-05-08 05:41:55,398 - Dashboard - INFO - Loading analyzed data for minimum from /home/clouduser/spike/forex_spike_predictor/specialized/data/analyzed/EUR_USD/5m/minimum/latest_analyzed.csv
2025-05-08 05:41:55,407 - Dashboard - INFO - Loaded 26 records from /home/clouduser/spike/forex_spike_predictor/specialized/data/analyzed/EUR_USD/5m/minimum/latest_analyzed.csv
2025-05-08 05:41:55,407 - Dashboard - INFO - Loading pattern data for minimum from /home/clouduser/spike/forex_spike_predictor/specialized/data/analyzed/EUR_USD/5m/minimum/latest_patterns.json
2025-05-08 05:41:55,408 - Dashboard - INFO - Loaded 1 pattern types with 16 instances from /home/clouduser/spike/forex_spike_predictor/specialized/data/analyzed/EUR_USD/5m/minimum/latest_patterns.json
2025-05-08 05:41:55,409 - Dashboard - INFO - Loading analyzed data for recommended from /home/clouduser/spike/forex_spike_predictor/specialized/data/analyzed/EUR_USD/5m/recommended/latest_analyzed.csv
2025-05-08 05:41:55,416 - Dashboard - INFO - Loaded 50 records from /home/clouduser/spike/forex_spike_predictor/specialized/data/analyzed/EUR_USD/5m/recommended/latest_analyzed.csv
2025-05-08 05:41:55,417 - Dashboard - INFO - Loading pattern data for recommended from /home/clouduser/spike/forex_spike_predictor/specialized/data/analyzed/EUR_USD/5m/recommended/latest_patterns.json
2025-05-08 05:41:55,417 - Dashboard - INFO - Loaded 1 pattern types with 40 instances from /home/clouduser/spike/forex_spike_predictor/specialized/data/analyzed/EUR_USD/5m/recommended/latest_patterns.json
2025-05-08 05:41:55,418 - Dashboard - INFO - Loading analyzed data for optimal from /home/clouduser/spike/forex_spike_predictor/specialized/data/analyzed/EUR_USD/5m/optimal/latest_analyzed.csv
2025-05-08 05:41:55,428 - Dashboard - INFO - Loaded 100 records from /home/clouduser/spike/forex_spike_predictor/specialized/data/analyzed/EUR_USD/5m/optimal/latest_analyzed.csv
2025-05-08 05:41:55,429 - Dashboard - INFO - Loading pattern data for optimal from /home/clouduser/spike/forex_spike_predictor/specialized/data/analyzed/EUR_USD/5m/optimal/latest_patterns.json
2025-05-08 05:41:55,429 - Dashboard - INFO - Loaded 1 pattern types with 90 instances from /home/clouduser/spike/forex_spike_predictor/specialized/data/analyzed/EUR_USD/5m/optimal/latest_patterns.json
2025-05-08 05:41:55,430 - Dashboard - INFO - Loading predictions from /home/clouduser/spike/forex_spike_predictor/specialized/data/predictions/EUR_USD/5m/latest_predictions.json
2025-05-08 05:41:55,431 - Dashboard - INFO - Loaded 2 predictions from /home/clouduser/spike/forex_spike_predictor/specialized/data/predictions/EUR_USD/5m/latest_predictions.json
2025-05-08 05:41:55,432 - Dashboard - WARNING - No files matching '_performance.json' found in /home/clouduser/spike/forex_spike_predictor/specialized/data/predictions/EUR_USD/5m
2025-05-08 05:42:06,152 - Dashboard - INFO - Initialized dashboard for EUR_USD with 5m timeframe
2025-05-08 05:42:06,152 - Dashboard - INFO - Data directory: /home/clouduser/spike/forex_spike_predictor/specialized/data
2025-05-08 05:42:06,153 - Dashboard - INFO - Starting data refresh thread with 60s interval
2025-05-08 05:42:06,170 - Dashboard - INFO - Loading raw data from /home/clouduser/spike/forex_spike_predictor/specialized/data/raw/EUR_USD/5m/latest.csv
2025-05-08 05:42:06,214 - Dashboard - INFO - Loaded 713 records from /home/clouduser/spike/forex_spike_predictor/specialized/data/raw/EUR_USD/5m/latest.csv
2025-05-08 05:42:06,215 - Dashboard - INFO - Loading analyzed data for minimum from /home/clouduser/spike/forex_spike_predictor/specialized/data/analyzed/EUR_USD/5m/minimum/latest_analyzed.csv
2025-05-08 05:42:06,223 - Dashboard - INFO - Loaded 26 records from /home/clouduser/spike/forex_spike_predictor/specialized/data/analyzed/EUR_USD/5m/minimum/latest_analyzed.csv
2025-05-08 05:42:06,224 - Dashboard - INFO - Loading pattern data for minimum from /home/clouduser/spike/forex_spike_predictor/specialized/data/analyzed/EUR_USD/5m/minimum/latest_patterns.json
2025-05-08 05:42:06,225 - Dashboard - INFO - Loaded 1 pattern types with 16 instances from /home/clouduser/spike/forex_spike_predictor/specialized/data/analyzed/EUR_USD/5m/minimum/latest_patterns.json
2025-05-08 05:42:06,226 - Dashboard - INFO - Loading analyzed data for recommended from /home/clouduser/spike/forex_spike_predictor/specialized/data/analyzed/EUR_USD/5m/recommended/latest_analyzed.csv
2025-05-08 05:42:06,234 - Dashboard - INFO - Loaded 50 records from /home/clouduser/spike/forex_spike_predictor/specialized/data/analyzed/EUR_USD/5m/recommended/latest_analyzed.csv
2025-05-08 05:42:06,236 - Dashboard - INFO - Loading pattern data for recommended from /home/clouduser/spike/forex_spike_predictor/specialized/data/analyzed/EUR_USD/5m/recommended/latest_patterns.json
2025-05-08 05:42:06,236 - Dashboard - INFO - Loaded 1 pattern types with 40 instances from /home/clouduser/spike/forex_spike_predictor/specialized/data/analyzed/EUR_USD/5m/recommended/latest_patterns.json
2025-05-08 05:42:06,237 - Dashboard - INFO - Loading analyzed data for optimal from /home/clouduser/spike/forex_spike_predictor/specialized/data/analyzed/EUR_USD/5m/optimal/latest_analyzed.csv
2025-05-08 05:42:06,246 - Dashboard - INFO - Loaded 100 records from /home/clouduser/spike/forex_spike_predictor/specialized/data/analyzed/EUR_USD/5m/optimal/latest_analyzed.csv
2025-05-08 05:42:06,248 - Dashboard - INFO - Loading pattern data for optimal from /home/clouduser/spike/forex_spike_predictor/specialized/data/analyzed/EUR_USD/5m/optimal/latest_patterns.json
2025-05-08 05:42:06,249 - Dashboard - INFO - Loaded 1 pattern types with 90 instances from /home/clouduser/spike/forex_spike_predictor/specialized/data/analyzed/EUR_USD/5m/optimal/latest_patterns.json
2025-05-08 05:42:06,249 - Dashboard - INFO - Loading predictions from /home/clouduser/spike/forex_spike_predictor/specialized/data/predictions/EUR_USD/5m/latest_predictions.json
2025-05-08 05:42:06,250 - Dashboard - INFO - Loaded 2 predictions from /home/clouduser/spike/forex_spike_predictor/specialized/data/predictions/EUR_USD/5m/latest_predictions.json
2025-05-08 05:42:06,251 - Dashboard - WARNING - No files matching '_performance.json' found in /home/clouduser/spike/forex_spike_predictor/specialized/data/predictions/EUR_USD/5m
2025-05-08 05:42:41,271 - Dashboard - INFO - Loading raw data from /home/clouduser/spike/forex_spike_predictor/specialized/data/raw/EUR_USD/5m/latest.csv
2025-05-08 05:42:41,284 - Dashboard - INFO - Loaded 762 records from /home/clouduser/spike/forex_spike_predictor/specialized/data/raw/EUR_USD/5m/latest.csv
2025-05-08 05:42:41,285 - Dashboard - INFO - Loading analyzed data for minimum from /home/clouduser/spike/forex_spike_predictor/specialized/data/analyzed/EUR_USD/5m/minimum/latest_analyzed.csv
2025-05-08 05:42:41,290 - Dashboard - INFO - Loaded 26 records from /home/clouduser/spike/forex_spike_predictor/specialized/data/analyzed/EUR_USD/5m/minimum/latest_analyzed.csv
2025-05-08 05:42:41,291 - Dashboard - INFO - Loading pattern data for minimum from /home/clouduser/spike/forex_spike_predictor/specialized/data/analyzed/EUR_USD/5m/minimum/latest_patterns.json
2025-05-08 05:42:41,292 - Dashboard - INFO - Loaded 1 pattern types with 16 instances from /home/clouduser/spike/forex_spike_predictor/specialized/data/analyzed/EUR_USD/5m/minimum/latest_patterns.json
2025-05-08 05:42:41,293 - Dashboard - INFO - Loading analyzed data for recommended from /home/clouduser/spike/forex_spike_predictor/specialized/data/analyzed/EUR_USD/5m/recommended/latest_analyzed.csv
2025-05-08 05:42:41,297 - Dashboard - INFO - Loaded 50 records from /home/clouduser/spike/forex_spike_predictor/specialized/data/analyzed/EUR_USD/5m/recommended/latest_analyzed.csv
2025-05-08 05:42:41,298 - Dashboard - INFO - Loading pattern data for recommended from /home/clouduser/spike/forex_spike_predictor/specialized/data/analyzed/EUR_USD/5m/recommended/latest_patterns.json
2025-05-08 05:42:41,298 - Dashboard - INFO - Loaded 1 pattern types with 40 instances from /home/clouduser/spike/forex_spike_predictor/specialized/data/analyzed/EUR_USD/5m/recommended/latest_patterns.json
2025-05-08 05:42:41,299 - Dashboard - INFO - Loading analyzed data for optimal from /home/clouduser/spike/forex_spike_predictor/specialized/data/analyzed/EUR_USD/5m/optimal/latest_analyzed.csv
2025-05-08 05:42:41,303 - Dashboard - INFO - Loaded 100 records from /home/clouduser/spike/forex_spike_predictor/specialized/data/analyzed/EUR_USD/5m/optimal/latest_analyzed.csv
2025-05-08 05:42:41,304 - Dashboard - INFO - Loading pattern data for optimal from /home/clouduser/spike/forex_spike_predictor/specialized/data/analyzed/EUR_USD/5m/optimal/latest_patterns.json
2025-05-08 05:42:41,305 - Dashboard - INFO - Loaded 1 pattern types with 90 instances from /home/clouduser/spike/forex_spike_predictor/specialized/data/analyzed/EUR_USD/5m/optimal/latest_patterns.json
2025-05-08 05:42:41,305 - Dashboard - INFO - Loading predictions from /home/clouduser/spike/forex_spike_predictor/specialized/data/predictions/EUR_USD/5m/latest_predictions.json
2025-05-08 05:42:41,306 - Dashboard - INFO - Loaded 2 predictions from /home/clouduser/spike/forex_spike_predictor/specialized/data/predictions/EUR_USD/5m/latest_predictions.json
2025-05-08 05:42:41,306 - Dashboard - WARNING - No files matching '_performance.json' found in /home/clouduser/spike/forex_spike_predictor/specialized/data/predictions/EUR_USD/5m
2025-05-08 05:42:44,483 - Dashboard - INFO - Loading raw data from /home/clouduser/spike/forex_spike_predictor/specialized/data/raw/EUR_USD/5m/latest.csv
2025-05-08 05:42:44,492 - Dashboard - INFO - Loaded 762 records from /home/clouduser/spike/forex_spike_predictor/specialized/data/raw/EUR_USD/5m/latest.csv
2025-05-08 05:42:44,494 - Dashboard - INFO - Loading analyzed data for minimum from /home/clouduser/spike/forex_spike_predictor/specialized/data/analyzed/EUR_USD/5m/minimum/latest_analyzed.csv
2025-05-08 05:42:44,497 - Dashboard - INFO - Loaded 26 records from /home/clouduser/spike/forex_spike_predictor/specialized/data/analyzed/EUR_USD/5m/minimum/latest_analyzed.csv
2025-05-08 05:42:44,498 - Dashboard - INFO - Loading pattern data for minimum from /home/clouduser/spike/forex_spike_predictor/specialized/data/analyzed/EUR_USD/5m/minimum/latest_patterns.json
2025-05-08 05:42:44,499 - Dashboard - INFO - Loaded 1 pattern types with 16 instances from /home/clouduser/spike/forex_spike_predictor/specialized/data/analyzed/EUR_USD/5m/minimum/latest_patterns.json
2025-05-08 05:42:44,499 - Dashboard - INFO - Loading analyzed data for recommended from /home/clouduser/spike/forex_spike_predictor/specialized/data/analyzed/EUR_USD/5m/recommended/latest_analyzed.csv
2025-05-08 05:42:44,502 - Dashboard - INFO - Loaded 50 records from /home/clouduser/spike/forex_spike_predictor/specialized/data/analyzed/EUR_USD/5m/recommended/latest_analyzed.csv
2025-05-08 05:42:44,503 - Dashboard - INFO - Loading pattern data for recommended from /home/clouduser/spike/forex_spike_predictor/specialized/data/analyzed/EUR_USD/5m/recommended/latest_patterns.json
2025-05-08 05:42:44,504 - Dashboard - INFO - Loaded 1 pattern types with 40 instances from /home/clouduser/spike/forex_spike_predictor/specialized/data/analyzed/EUR_USD/5m/recommended/latest_patterns.json
2025-05-08 05:42:44,504 - Dashboard - INFO - Loading analyzed data for optimal from /home/clouduser/spike/forex_spike_predictor/specialized/data/analyzed/EUR_USD/5m/optimal/latest_analyzed.csv
2025-05-08 05:42:44,507 - Dashboard - INFO - Loaded 100 records from /home/clouduser/spike/forex_spike_predictor/specialized/data/analyzed/EUR_USD/5m/optimal/latest_analyzed.csv
2025-05-08 05:42:44,508 - Dashboard - INFO - Loading pattern data for optimal from /home/clouduser/spike/forex_spike_predictor/specialized/data/analyzed/EUR_USD/5m/optimal/latest_patterns.json
2025-05-08 05:42:44,509 - Dashboard - INFO - Loaded 1 pattern types with 90 instances from /home/clouduser/spike/forex_spike_predictor/specialized/data/analyzed/EUR_USD/5m/optimal/latest_patterns.json
2025-05-08 05:42:44,509 - Dashboard - INFO - Loading predictions from /home/clouduser/spike/forex_spike_predictor/specialized/data/predictions/EUR_USD/5m/latest_predictions.json
2025-05-08 05:42:44,510 - Dashboard - INFO - Loaded 2 predictions from /home/clouduser/spike/forex_spike_predictor/specialized/data/predictions/EUR_USD/5m/latest_predictions.json
2025-05-08 05:42:44,510 - Dashboard - WARNING - No files matching '_performance.json' found in /home/clouduser/spike/forex_spike_predictor/specialized/data/predictions/EUR_USD/5m
2025-05-08 05:42:55,434 - Dashboard - INFO - Loading raw data from /home/clouduser/spike/forex_spike_predictor/specialized/data/raw/EUR_USD/5m/latest.csv
2025-05-08 05:42:55,447 - Dashboard - INFO - Loaded 762 records from /home/clouduser/spike/forex_spike_predictor/specialized/data/raw/EUR_USD/5m/latest.csv
2025-05-08 05:42:55,448 - Dashboard - INFO - Loading analyzed data for minimum from /home/clouduser/spike/forex_spike_predictor/specialized/data/analyzed/EUR_USD/5m/minimum/latest_analyzed.csv
2025-05-08 05:42:55,453 - Dashboard - INFO - Loaded 26 records from /home/clouduser/spike/forex_spike_predictor/specialized/data/analyzed/EUR_USD/5m/minimum/latest_analyzed.csv
2025-05-08 05:42:55,454 - Dashboard - INFO - Loading pattern data for minimum from /home/clouduser/spike/forex_spike_predictor/specialized/data/analyzed/EUR_USD/5m/minimum/latest_patterns.json
2025-05-08 05:42:55,454 - Dashboard - INFO - Loaded 1 pattern types with 16 instances from /home/clouduser/spike/forex_spike_predictor/specialized/data/analyzed/EUR_USD/5m/minimum/latest_patterns.json
2025-05-08 05:42:55,455 - Dashboard - INFO - Loading analyzed data for recommended from /home/clouduser/spike/forex_spike_predictor/specialized/data/analyzed/EUR_USD/5m/recommended/latest_analyzed.csv
2025-05-08 05:42:55,460 - Dashboard - INFO - Loaded 50 records from /home/clouduser/spike/forex_spike_predictor/specialized/data/analyzed/EUR_USD/5m/recommended/latest_analyzed.csv
2025-05-08 05:42:55,460 - Dashboard - INFO - Loading pattern data for recommended from /home/clouduser/spike/forex_spike_predictor/specialized/data/analyzed/EUR_USD/5m/recommended/latest_patterns.json
2025-05-08 05:42:55,461 - Dashboard - INFO - Loaded 1 pattern types with 40 instances from /home/clouduser/spike/forex_spike_predictor/specialized/data/analyzed/EUR_USD/5m/recommended/latest_patterns.json
2025-05-08 05:42:55,462 - Dashboard - INFO - Loading analyzed data for optimal from /home/clouduser/spike/forex_spike_predictor/specialized/data/analyzed/EUR_USD/5m/optimal/latest_analyzed.csv
2025-05-08 05:42:55,466 - Dashboard - INFO - Loaded 100 records from /home/clouduser/spike/forex_spike_predictor/specialized/data/analyzed/EUR_USD/5m/optimal/latest_analyzed.csv
2025-05-08 05:42:55,466 - Dashboard - INFO - Loading pattern data for optimal from /home/clouduser/spike/forex_spike_predictor/specialized/data/analyzed/EUR_USD/5m/optimal/latest_patterns.json
2025-05-08 05:42:55,467 - Dashboard - INFO - Loaded 1 pattern types with 90 instances from /home/clouduser/spike/forex_spike_predictor/specialized/data/analyzed/EUR_USD/5m/optimal/latest_patterns.json
2025-05-08 05:42:55,468 - Dashboard - INFO - Loading predictions from /home/clouduser/spike/forex_spike_predictor/specialized/data/predictions/EUR_USD/5m/latest_predictions.json
2025-05-08 05:42:55,468 - Dashboard - INFO - Loaded 2 predictions from /home/clouduser/spike/forex_spike_predictor/specialized/data/predictions/EUR_USD/5m/latest_predictions.json
2025-05-08 05:42:55,469 - Dashboard - WARNING - No files matching '_performance.json' found in /home/clouduser/spike/forex_spike_predictor/specialized/data/predictions/EUR_USD/5m
2025-05-08 05:43:06,253 - Dashboard - INFO - Loading raw data from /home/clouduser/spike/forex_spike_predictor/specialized/data/raw/EUR_USD/5m/latest.csv
2025-05-08 05:43:06,265 - Dashboard - INFO - Loaded 762 records from /home/clouduser/spike/forex_spike_predictor/specialized/data/raw/EUR_USD/5m/latest.csv
2025-05-08 05:43:06,266 - Dashboard - INFO - Loading analyzed data for minimum from /home/clouduser/spike/forex_spike_predictor/specialized/data/analyzed/EUR_USD/5m/minimum/latest_analyzed.csv
2025-05-08 05:43:06,271 - Dashboard - INFO - Loaded 26 records from /home/clouduser/spike/forex_spike_predictor/specialized/data/analyzed/EUR_USD/5m/minimum/latest_analyzed.csv
2025-05-08 05:43:06,272 - Dashboard - INFO - Loading pattern data for minimum from /home/clouduser/spike/forex_spike_predictor/specialized/data/analyzed/EUR_USD/5m/minimum/latest_patterns.json
2025-05-08 05:43:06,272 - Dashboard - INFO - Loaded 1 pattern types with 16 instances from /home/clouduser/spike/forex_spike_predictor/specialized/data/analyzed/EUR_USD/5m/minimum/latest_patterns.json
2025-05-08 05:43:06,273 - Dashboard - INFO - Loading analyzed data for recommended from /home/clouduser/spike/forex_spike_predictor/specialized/data/analyzed/EUR_USD/5m/recommended/latest_analyzed.csv
2025-05-08 05:43:06,278 - Dashboard - INFO - Loaded 50 records from /home/clouduser/spike/forex_spike_predictor/specialized/data/analyzed/EUR_USD/5m/recommended/latest_analyzed.csv
2025-05-08 05:43:06,278 - Dashboard - INFO - Loading pattern data for recommended from /home/clouduser/spike/forex_spike_predictor/specialized/data/analyzed/EUR_USD/5m/recommended/latest_patterns.json
2025-05-08 05:43:06,279 - Dashboard - INFO - Loaded 1 pattern types with 40 instances from /home/clouduser/spike/forex_spike_predictor/specialized/data/analyzed/EUR_USD/5m/recommended/latest_patterns.json
2025-05-08 05:43:06,280 - Dashboard - INFO - Loading analyzed data for optimal from /home/clouduser/spike/forex_spike_predictor/specialized/data/analyzed/EUR_USD/5m/optimal/latest_analyzed.csv
2025-05-08 05:43:06,284 - Dashboard - INFO - Loaded 100 records from /home/clouduser/spike/forex_spike_predictor/specialized/data/analyzed/EUR_USD/5m/optimal/latest_analyzed.csv
2025-05-08 05:43:06,285 - Dashboard - INFO - Loading pattern data for optimal from /home/clouduser/spike/forex_spike_predictor/specialized/data/analyzed/EUR_USD/5m/optimal/latest_patterns.json
2025-05-08 05:43:06,286 - Dashboard - INFO - Loaded 1 pattern types with 90 instances from /home/clouduser/spike/forex_spike_predictor/specialized/data/analyzed/EUR_USD/5m/optimal/latest_patterns.json
2025-05-08 05:43:06,286 - Dashboard - INFO - Loading predictions from /home/clouduser/spike/forex_spike_predictor/specialized/data/predictions/EUR_USD/5m/latest_predictions.json
2025-05-08 05:43:06,287 - Dashboard - INFO - Loaded 2 predictions from /home/clouduser/spike/forex_spike_predictor/specialized/data/predictions/EUR_USD/5m/latest_predictions.json
2025-05-08 05:43:06,288 - Dashboard - WARNING - No files matching '_performance.json' found in /home/clouduser/spike/forex_spike_predictor/specialized/data/predictions/EUR_USD/5m
2025-05-08 05:43:41,310 - Dashboard - INFO - Loading raw data from /home/clouduser/spike/forex_spike_predictor/specialized/data/raw/EUR_USD/5m/latest.csv
2025-05-08 05:43:41,321 - Dashboard - INFO - Loaded 762 records from /home/clouduser/spike/forex_spike_predictor/specialized/data/raw/EUR_USD/5m/latest.csv
2025-05-08 05:43:41,322 - Dashboard - INFO - Loading analyzed data for minimum from /home/clouduser/spike/forex_spike_predictor/specialized/data/analyzed/EUR_USD/5m/minimum/latest_analyzed.csv
2025-05-08 05:43:41,326 - Dashboard - INFO - Loaded 26 records from /home/clouduser/spike/forex_spike_predictor/specialized/data/analyzed/EUR_USD/5m/minimum/latest_analyzed.csv
2025-05-08 05:43:41,327 - Dashboard - INFO - Loading pattern data for minimum from /home/clouduser/spike/forex_spike_predictor/specialized/data/analyzed/EUR_USD/5m/minimum/latest_patterns.json
2025-05-08 05:43:41,328 - Dashboard - INFO - Loaded 1 pattern types with 16 instances from /home/clouduser/spike/forex_spike_predictor/specialized/data/analyzed/EUR_USD/5m/minimum/latest_patterns.json
2025-05-08 05:43:41,328 - Dashboard - INFO - Loading analyzed data for recommended from /home/clouduser/spike/forex_spike_predictor/specialized/data/analyzed/EUR_USD/5m/recommended/latest_analyzed.csv
2025-05-08 05:43:41,332 - Dashboard - INFO - Loaded 50 records from /home/clouduser/spike/forex_spike_predictor/specialized/data/analyzed/EUR_USD/5m/recommended/latest_analyzed.csv
2025-05-08 05:43:41,333 - Dashboard - INFO - Loading pattern data for recommended from /home/clouduser/spike/forex_spike_predictor/specialized/data/analyzed/EUR_USD/5m/recommended/latest_patterns.json
2025-05-08 05:43:41,334 - Dashboard - INFO - Loaded 1 pattern types with 40 instances from /home/clouduser/spike/forex_spike_predictor/specialized/data/analyzed/EUR_USD/5m/recommended/latest_patterns.json
2025-05-08 05:43:41,335 - Dashboard - INFO - Loading analyzed data for optimal from /home/clouduser/spike/forex_spike_predictor/specialized/data/analyzed/EUR_USD/5m/optimal/latest_analyzed.csv
2025-05-08 05:43:41,338 - Dashboard - INFO - Loaded 100 records from /home/clouduser/spike/forex_spike_predictor/specialized/data/analyzed/EUR_USD/5m/optimal/latest_analyzed.csv
2025-05-08 05:43:41,339 - Dashboard - INFO - Loading pattern data for optimal from /home/clouduser/spike/forex_spike_predictor/specialized/data/analyzed/EUR_USD/5m/optimal/latest_patterns.json
2025-05-08 05:43:41,340 - Dashboard - INFO - Loaded 1 pattern types with 90 instances from /home/clouduser/spike/forex_spike_predictor/specialized/data/analyzed/EUR_USD/5m/optimal/latest_patterns.json
2025-05-08 05:43:41,340 - Dashboard - INFO - Loading predictions from /home/clouduser/spike/forex_spike_predictor/specialized/data/predictions/EUR_USD/5m/latest_predictions.json
2025-05-08 05:43:41,341 - Dashboard - INFO - Loaded 2 predictions from /home/clouduser/spike/forex_spike_predictor/specialized/data/predictions/EUR_USD/5m/latest_predictions.json
2025-05-08 05:43:41,341 - Dashboard - WARNING - No files matching '_performance.json' found in /home/clouduser/spike/forex_spike_predictor/specialized/data/predictions/EUR_USD/5m
2025-05-08 05:43:44,513 - Dashboard - INFO - Loading raw data from /home/clouduser/spike/forex_spike_predictor/specialized/data/raw/EUR_USD/5m/latest.csv
2025-05-08 05:43:44,525 - Dashboard - INFO - Loaded 762 records from /home/clouduser/spike/forex_spike_predictor/specialized/data/raw/EUR_USD/5m/latest.csv
2025-05-08 05:43:44,526 - Dashboard - INFO - Loading analyzed data for minimum from /home/clouduser/spike/forex_spike_predictor/specialized/data/analyzed/EUR_USD/5m/minimum/latest_analyzed.csv
2025-05-08 05:43:44,530 - Dashboard - INFO - Loaded 26 records from /home/clouduser/spike/forex_spike_predictor/specialized/data/analyzed/EUR_USD/5m/minimum/latest_analyzed.csv
2025-05-08 05:43:44,531 - Dashboard - INFO - Loading pattern data for minimum from /home/clouduser/spike/forex_spike_predictor/specialized/data/analyzed/EUR_USD/5m/minimum/latest_patterns.json
2025-05-08 05:43:44,531 - Dashboard - INFO - Loaded 1 pattern types with 16 instances from /home/clouduser/spike/forex_spike_predictor/specialized/data/analyzed/EUR_USD/5m/minimum/latest_patterns.json
2025-05-08 05:43:44,532 - Dashboard - INFO - Loading analyzed data for recommended from /home/clouduser/spike/forex_spike_predictor/specialized/data/analyzed/EUR_USD/5m/recommended/latest_analyzed.csv
2025-05-08 05:43:44,535 - Dashboard - INFO - Loaded 50 records from /home/clouduser/spike/forex_spike_predictor/specialized/data/analyzed/EUR_USD/5m/recommended/latest_analyzed.csv
2025-05-08 05:43:44,536 - Dashboard - INFO - Loading pattern data for recommended from /home/clouduser/spike/forex_spike_predictor/specialized/data/analyzed/EUR_USD/5m/recommended/latest_patterns.json
2025-05-08 05:43:44,536 - Dashboard - INFO - Loaded 1 pattern types with 40 instances from /home/clouduser/spike/forex_spike_predictor/specialized/data/analyzed/EUR_USD/5m/recommended/latest_patterns.json
2025-05-08 05:43:44,537 - Dashboard - INFO - Loading analyzed data for optimal from /home/clouduser/spike/forex_spike_predictor/specialized/data/analyzed/EUR_USD/5m/optimal/latest_analyzed.csv
2025-05-08 05:43:44,540 - Dashboard - INFO - Loaded 100 records from /home/clouduser/spike/forex_spike_predictor/specialized/data/analyzed/EUR_USD/5m/optimal/latest_analyzed.csv
2025-05-08 05:43:44,541 - Dashboard - INFO - Loading pattern data for optimal from /home/clouduser/spike/forex_spike_predictor/specialized/data/analyzed/EUR_USD/5m/optimal/latest_patterns.json
2025-05-08 05:43:44,541 - Dashboard - INFO - Loaded 1 pattern types with 90 instances from /home/clouduser/spike/forex_spike_predictor/specialized/data/analyzed/EUR_USD/5m/optimal/latest_patterns.json
2025-05-08 05:43:44,542 - Dashboard - INFO - Loading predictions from /home/clouduser/spike/forex_spike_predictor/specialized/data/predictions/EUR_USD/5m/latest_predictions.json
2025-05-08 05:43:44,542 - Dashboard - INFO - Loaded 2 predictions from /home/clouduser/spike/forex_spike_predictor/specialized/data/predictions/EUR_USD/5m/latest_predictions.json
2025-05-08 05:43:44,542 - Dashboard - WARNING - No files matching '_performance.json' found in /home/clouduser/spike/forex_spike_predictor/specialized/data/predictions/EUR_USD/5m
2025-05-08 05:43:55,473 - Dashboard - INFO - Loading raw data from /home/clouduser/spike/forex_spike_predictor/specialized/data/raw/EUR_USD/5m/latest.csv
2025-05-08 05:43:55,486 - Dashboard - INFO - Loaded 762 records from /home/clouduser/spike/forex_spike_predictor/specialized/data/raw/EUR_USD/5m/latest.csv
2025-05-08 05:43:55,487 - Dashboard - INFO - Loading analyzed data for minimum from /home/clouduser/spike/forex_spike_predictor/specialized/data/analyzed/EUR_USD/5m/minimum/latest_analyzed.csv
2025-05-08 05:43:55,492 - Dashboard - INFO - Loaded 26 records from /home/clouduser/spike/forex_spike_predictor/specialized/data/analyzed/EUR_USD/5m/minimum/latest_analyzed.csv
2025-05-08 05:43:55,493 - Dashboard - INFO - Loading pattern data for minimum from /home/clouduser/spike/forex_spike_predictor/specialized/data/analyzed/EUR_USD/5m/minimum/latest_patterns.json
2025-05-08 05:43:55,493 - Dashboard - INFO - Loaded 1 pattern types with 16 instances from /home/clouduser/spike/forex_spike_predictor/specialized/data/analyzed/EUR_USD/5m/minimum/latest_patterns.json
2025-05-08 05:43:55,494 - Dashboard - INFO - Loading analyzed data for recommended from /home/clouduser/spike/forex_spike_predictor/specialized/data/analyzed/EUR_USD/5m/recommended/latest_analyzed.csv
2025-05-08 05:43:55,498 - Dashboard - INFO - Loaded 50 records from /home/clouduser/spike/forex_spike_predictor/specialized/data/analyzed/EUR_USD/5m/recommended/latest_analyzed.csv
2025-05-08 05:43:55,499 - Dashboard - INFO - Loading pattern data for recommended from /home/clouduser/spike/forex_spike_predictor/specialized/data/analyzed/EUR_USD/5m/recommended/latest_patterns.json
2025-05-08 05:43:55,499 - Dashboard - INFO - Loaded 1 pattern types with 40 instances from /home/clouduser/spike/forex_spike_predictor/specialized/data/analyzed/EUR_USD/5m/recommended/latest_patterns.json
2025-05-08 05:43:55,500 - Dashboard - INFO - Loading analyzed data for optimal from /home/clouduser/spike/forex_spike_predictor/specialized/data/analyzed/EUR_USD/5m/optimal/latest_analyzed.csv
2025-05-08 05:43:55,504 - Dashboard - INFO - Loaded 100 records from /home/clouduser/spike/forex_spike_predictor/specialized/data/analyzed/EUR_USD/5m/optimal/latest_analyzed.csv
2025-05-08 05:43:55,505 - Dashboard - INFO - Loading pattern data for optimal from /home/clouduser/spike/forex_spike_predictor/specialized/data/analyzed/EUR_USD/5m/optimal/latest_patterns.json
2025-05-08 05:43:55,506 - Dashboard - INFO - Loaded 1 pattern types with 90 instances from /home/clouduser/spike/forex_spike_predictor/specialized/data/analyzed/EUR_USD/5m/optimal/latest_patterns.json
2025-05-08 05:43:55,506 - Dashboard - INFO - Loading predictions from /home/clouduser/spike/forex_spike_predictor/specialized/data/predictions/EUR_USD/5m/latest_predictions.json
2025-05-08 05:43:55,507 - Dashboard - INFO - Loaded 2 predictions from /home/clouduser/spike/forex_spike_predictor/specialized/data/predictions/EUR_USD/5m/latest_predictions.json
2025-05-08 05:43:55,507 - Dashboard - WARNING - No files matching '_performance.json' found in /home/clouduser/spike/forex_spike_predictor/specialized/data/predictions/EUR_USD/5m
2025-05-08 05:44:06,291 - Dashboard - INFO - Loading raw data from /home/clouduser/spike/forex_spike_predictor/specialized/data/raw/EUR_USD/5m/latest.csv
2025-05-08 05:44:06,303 - Dashboard - INFO - Loaded 762 records from /home/clouduser/spike/forex_spike_predictor/specialized/data/raw/EUR_USD/5m/latest.csv
2025-05-08 05:44:06,304 - Dashboard - INFO - Loading analyzed data for minimum from /home/clouduser/spike/forex_spike_predictor/specialized/data/analyzed/EUR_USD/5m/minimum/latest_analyzed.csv
2025-05-08 05:44:06,309 - Dashboard - INFO - Loaded 26 records from /home/clouduser/spike/forex_spike_predictor/specialized/data/analyzed/EUR_USD/5m/minimum/latest_analyzed.csv
2025-05-08 05:44:06,310 - Dashboard - INFO - Loading pattern data for minimum from /home/clouduser/spike/forex_spike_predictor/specialized/data/analyzed/EUR_USD/5m/minimum/latest_patterns.json
2025-05-08 05:44:06,311 - Dashboard - INFO - Loaded 1 pattern types with 16 instances from /home/clouduser/spike/forex_spike_predictor/specialized/data/analyzed/EUR_USD/5m/minimum/latest_patterns.json
2025-05-08 05:44:06,311 - Dashboard - INFO - Loading analyzed data for recommended from /home/clouduser/spike/forex_spike_predictor/specialized/data/analyzed/EUR_USD/5m/recommended/latest_analyzed.csv
2025-05-08 05:44:06,316 - Dashboard - INFO - Loaded 50 records from /home/clouduser/spike/forex_spike_predictor/specialized/data/analyzed/EUR_USD/5m/recommended/latest_analyzed.csv
2025-05-08 05:44:06,317 - Dashboard - INFO - Loading pattern data for recommended from /home/clouduser/spike/forex_spike_predictor/specialized/data/analyzed/EUR_USD/5m/recommended/latest_patterns.json
2025-05-08 05:44:06,317 - Dashboard - INFO - Loaded 1 pattern types with 40 instances from /home/clouduser/spike/forex_spike_predictor/specialized/data/analyzed/EUR_USD/5m/recommended/latest_patterns.json
2025-05-08 05:44:06,318 - Dashboard - INFO - Loading analyzed data for optimal from /home/clouduser/spike/forex_spike_predictor/specialized/data/analyzed/EUR_USD/5m/optimal/latest_analyzed.csv
2025-05-08 05:44:06,322 - Dashboard - INFO - Loaded 100 records from /home/clouduser/spike/forex_spike_predictor/specialized/data/analyzed/EUR_USD/5m/optimal/latest_analyzed.csv
2025-05-08 05:44:06,323 - Dashboard - INFO - Loading pattern data for optimal from /home/clouduser/spike/forex_spike_predictor/specialized/data/analyzed/EUR_USD/5m/optimal/latest_patterns.json
2025-05-08 05:44:06,324 - Dashboard - INFO - Loaded 1 pattern types with 90 instances from /home/clouduser/spike/forex_spike_predictor/specialized/data/analyzed/EUR_USD/5m/optimal/latest_patterns.json
2025-05-08 05:44:06,324 - Dashboard - INFO - Loading predictions from /home/clouduser/spike/forex_spike_predictor/specialized/data/predictions/EUR_USD/5m/latest_predictions.json
2025-05-08 05:44:06,325 - Dashboard - INFO - Loaded 2 predictions from /home/clouduser/spike/forex_spike_predictor/specialized/data/predictions/EUR_USD/5m/latest_predictions.json
2025-05-08 05:44:06,325 - Dashboard - WARNING - No files matching '_performance.json' found in /home/clouduser/spike/forex_spike_predictor/specialized/data/predictions/EUR_USD/5m
2025-05-08 05:44:35,648 - Dashboard - INFO - Initialized dashboard for EUR_USD with 5m timeframe
2025-05-08 05:44:35,648 - Dashboard - INFO - Data directory: /home/clouduser/spike/forex_spike_predictor/specialized/data
2025-05-08 05:44:35,648 - Dashboard - INFO - Starting data refresh thread with 60s interval
2025-05-08 05:44:35,661 - Dashboard - INFO - Loading raw data from /home/clouduser/spike/forex_spike_predictor/specialized/data/raw/EUR_USD/5m/latest.csv
2025-05-08 05:44:35,710 - Dashboard - INFO - Loaded 762 records from /home/clouduser/spike/forex_spike_predictor/specialized/data/raw/EUR_USD/5m/latest.csv
2025-05-08 05:44:35,713 - Dashboard - INFO - Loading analyzed data for minimum from /home/clouduser/spike/forex_spike_predictor/specialized/data/analyzed/EUR_USD/5m/minimum/latest_analyzed.csv
2025-05-08 05:44:35,721 - Dashboard - INFO - Loaded 26 records from /home/clouduser/spike/forex_spike_predictor/specialized/data/analyzed/EUR_USD/5m/minimum/latest_analyzed.csv
2025-05-08 05:44:35,722 - Dashboard - INFO - Loading pattern data for minimum from /home/clouduser/spike/forex_spike_predictor/specialized/data/analyzed/EUR_USD/5m/minimum/latest_patterns.json
2025-05-08 05:44:35,723 - Dashboard - INFO - Loaded 1 pattern types with 16 instances from /home/clouduser/spike/forex_spike_predictor/specialized/data/analyzed/EUR_USD/5m/minimum/latest_patterns.json
2025-05-08 05:44:35,724 - Dashboard - INFO - Loading analyzed data for recommended from /home/clouduser/spike/forex_spike_predictor/specialized/data/analyzed/EUR_USD/5m/recommended/latest_analyzed.csv
2025-05-08 05:44:35,730 - Dashboard - INFO - Loaded 50 records from /home/clouduser/spike/forex_spike_predictor/specialized/data/analyzed/EUR_USD/5m/recommended/latest_analyzed.csv
2025-05-08 05:44:35,731 - Dashboard - INFO - Loading pattern data for recommended from /home/clouduser/spike/forex_spike_predictor/specialized/data/analyzed/EUR_USD/5m/recommended/latest_patterns.json
2025-05-08 05:44:35,732 - Dashboard - INFO - Loaded 1 pattern types with 40 instances from /home/clouduser/spike/forex_spike_predictor/specialized/data/analyzed/EUR_USD/5m/recommended/latest_patterns.json
2025-05-08 05:44:35,733 - Dashboard - INFO - Loading analyzed data for optimal from /home/clouduser/spike/forex_spike_predictor/specialized/data/analyzed/EUR_USD/5m/optimal/latest_analyzed.csv
2025-05-08 05:44:35,739 - Dashboard - INFO - Loaded 100 records from /home/clouduser/spike/forex_spike_predictor/specialized/data/analyzed/EUR_USD/5m/optimal/latest_analyzed.csv
2025-05-08 05:44:35,740 - Dashboard - INFO - Loading pattern data for optimal from /home/clouduser/spike/forex_spike_predictor/specialized/data/analyzed/EUR_USD/5m/optimal/latest_patterns.json
2025-05-08 05:44:35,741 - Dashboard - INFO - Loaded 1 pattern types with 90 instances from /home/clouduser/spike/forex_spike_predictor/specialized/data/analyzed/EUR_USD/5m/optimal/latest_patterns.json
2025-05-08 05:44:35,742 - Dashboard - INFO - Loading predictions from /home/clouduser/spike/forex_spike_predictor/specialized/data/predictions/EUR_USD/5m/latest_predictions.json
2025-05-08 05:44:35,742 - Dashboard - INFO - Loaded 3 predictions from /home/clouduser/spike/forex_spike_predictor/specialized/data/predictions/EUR_USD/5m/latest_predictions.json
2025-05-08 05:44:35,743 - Dashboard - WARNING - No files matching '_performance.json' found in /home/clouduser/spike/forex_spike_predictor/specialized/data/predictions/EUR_USD/5m
2025-05-08 05:44:37,803 - Dashboard - INFO - Initialized dashboard for EUR_USD with 5m timeframe
2025-05-08 05:44:37,803 - Dashboard - INFO - Data directory: /home/clouduser/spike/forex_spike_predictor/specialized/data
2025-05-08 05:44:37,803 - Dashboard - INFO - Starting data refresh thread with 60s interval
2025-05-08 05:44:37,814 - Dashboard - INFO - Loading raw data from /home/clouduser/spike/forex_spike_predictor/specialized/data/raw/EUR_USD/5m/latest.csv
2025-05-08 05:44:37,875 - Dashboard - INFO - Loaded 762 records from /home/clouduser/spike/forex_spike_predictor/specialized/data/raw/EUR_USD/5m/latest.csv
2025-05-08 05:44:37,877 - Dashboard - INFO - Loading analyzed data for minimum from /home/clouduser/spike/forex_spike_predictor/specialized/data/analyzed/EUR_USD/5m/minimum/latest_analyzed.csv
2025-05-08 05:44:37,884 - Dashboard - INFO - Loaded 26 records from /home/clouduser/spike/forex_spike_predictor/specialized/data/analyzed/EUR_USD/5m/minimum/latest_analyzed.csv
2025-05-08 05:44:37,885 - Dashboard - INFO - Loading pattern data for minimum from /home/clouduser/spike/forex_spike_predictor/specialized/data/analyzed/EUR_USD/5m/minimum/latest_patterns.json
2025-05-08 05:44:37,886 - Dashboard - INFO - Loaded 1 pattern types with 16 instances from /home/clouduser/spike/forex_spike_predictor/specialized/data/analyzed/EUR_USD/5m/minimum/latest_patterns.json
2025-05-08 05:44:37,887 - Dashboard - INFO - Loading analyzed data for recommended from /home/clouduser/spike/forex_spike_predictor/specialized/data/analyzed/EUR_USD/5m/recommended/latest_analyzed.csv
2025-05-08 05:44:37,894 - Dashboard - INFO - Loaded 50 records from /home/clouduser/spike/forex_spike_predictor/specialized/data/analyzed/EUR_USD/5m/recommended/latest_analyzed.csv
2025-05-08 05:44:37,895 - Dashboard - INFO - Loading pattern data for recommended from /home/clouduser/spike/forex_spike_predictor/specialized/data/analyzed/EUR_USD/5m/recommended/latest_patterns.json
2025-05-08 05:44:37,895 - Dashboard - INFO - Loaded 1 pattern types with 40 instances from /home/clouduser/spike/forex_spike_predictor/specialized/data/analyzed/EUR_USD/5m/recommended/latest_patterns.json
2025-05-08 05:44:37,896 - Dashboard - INFO - Loading analyzed data for optimal from /home/clouduser/spike/forex_spike_predictor/specialized/data/analyzed/EUR_USD/5m/optimal/latest_analyzed.csv
2025-05-08 05:44:37,905 - Dashboard - INFO - Loaded 100 records from /home/clouduser/spike/forex_spike_predictor/specialized/data/analyzed/EUR_USD/5m/optimal/latest_analyzed.csv
2025-05-08 05:44:37,906 - Dashboard - INFO - Loading pattern data for optimal from /home/clouduser/spike/forex_spike_predictor/specialized/data/analyzed/EUR_USD/5m/optimal/latest_patterns.json
2025-05-08 05:44:37,907 - Dashboard - INFO - Loaded 1 pattern types with 90 instances from /home/clouduser/spike/forex_spike_predictor/specialized/data/analyzed/EUR_USD/5m/optimal/latest_patterns.json
2025-05-08 05:44:37,908 - Dashboard - INFO - Loading predictions from /home/clouduser/spike/forex_spike_predictor/specialized/data/predictions/EUR_USD/5m/latest_predictions.json
2025-05-08 05:44:37,909 - Dashboard - INFO - Loaded 3 predictions from /home/clouduser/spike/forex_spike_predictor/specialized/data/predictions/EUR_USD/5m/latest_predictions.json
2025-05-08 05:44:37,910 - Dashboard - WARNING - No files matching '_performance.json' found in /home/clouduser/spike/forex_spike_predictor/specialized/data/predictions/EUR_USD/5m
2025-05-08 05:44:41,344 - Dashboard - INFO - Loading raw data from /home/clouduser/spike/forex_spike_predictor/specialized/data/raw/EUR_USD/5m/latest.csv
2025-05-08 05:44:41,356 - Dashboard - INFO - Loaded 762 records from /home/clouduser/spike/forex_spike_predictor/specialized/data/raw/EUR_USD/5m/latest.csv
2025-05-08 05:44:41,357 - Dashboard - INFO - Loading analyzed data for minimum from /home/clouduser/spike/forex_spike_predictor/specialized/data/analyzed/EUR_USD/5m/minimum/latest_analyzed.csv
2025-05-08 05:44:41,362 - Dashboard - INFO - Loaded 26 records from /home/clouduser/spike/forex_spike_predictor/specialized/data/analyzed/EUR_USD/5m/minimum/latest_analyzed.csv
2025-05-08 05:44:41,363 - Dashboard - INFO - Loading pattern data for minimum from /home/clouduser/spike/forex_spike_predictor/specialized/data/analyzed/EUR_USD/5m/minimum/latest_patterns.json
2025-05-08 05:44:41,363 - Dashboard - INFO - Loaded 1 pattern types with 16 instances from /home/clouduser/spike/forex_spike_predictor/specialized/data/analyzed/EUR_USD/5m/minimum/latest_patterns.json
2025-05-08 05:44:41,364 - Dashboard - INFO - Loading analyzed data for recommended from /home/clouduser/spike/forex_spike_predictor/specialized/data/analyzed/EUR_USD/5m/recommended/latest_analyzed.csv
2025-05-08 05:44:41,368 - Dashboard - INFO - Loaded 50 records from /home/clouduser/spike/forex_spike_predictor/specialized/data/analyzed/EUR_USD/5m/recommended/latest_analyzed.csv
2025-05-08 05:44:41,369 - Dashboard - INFO - Loading pattern data for recommended from /home/clouduser/spike/forex_spike_predictor/specialized/data/analyzed/EUR_USD/5m/recommended/latest_patterns.json
2025-05-08 05:44:41,370 - Dashboard - INFO - Loaded 1 pattern types with 40 instances from /home/clouduser/spike/forex_spike_predictor/specialized/data/analyzed/EUR_USD/5m/recommended/latest_patterns.json
2025-05-08 05:44:41,370 - Dashboard - INFO - Loading analyzed data for optimal from /home/clouduser/spike/forex_spike_predictor/specialized/data/analyzed/EUR_USD/5m/optimal/latest_analyzed.csv
2025-05-08 05:44:41,374 - Dashboard - INFO - Loaded 100 records from /home/clouduser/spike/forex_spike_predictor/specialized/data/analyzed/EUR_USD/5m/optimal/latest_analyzed.csv
2025-05-08 05:44:41,375 - Dashboard - INFO - Loading pattern data for optimal from /home/clouduser/spike/forex_spike_predictor/specialized/data/analyzed/EUR_USD/5m/optimal/latest_patterns.json
2025-05-08 05:44:41,376 - Dashboard - INFO - Loaded 1 pattern types with 90 instances from /home/clouduser/spike/forex_spike_predictor/specialized/data/analyzed/EUR_USD/5m/optimal/latest_patterns.json
2025-05-08 05:44:41,377 - Dashboard - INFO - Loading predictions from /home/clouduser/spike/forex_spike_predictor/specialized/data/predictions/EUR_USD/5m/latest_predictions.json
2025-05-08 05:44:41,377 - Dashboard - INFO - Loaded 3 predictions from /home/clouduser/spike/forex_spike_predictor/specialized/data/predictions/EUR_USD/5m/latest_predictions.json
2025-05-08 05:44:41,378 - Dashboard - WARNING - No files matching '_performance.json' found in /home/clouduser/spike/forex_spike_predictor/specialized/data/predictions/EUR_USD/5m
2025-05-08 05:44:44,545 - Dashboard - INFO - Loading raw data from /home/clouduser/spike/forex_spike_predictor/specialized/data/raw/EUR_USD/5m/latest.csv
2025-05-08 05:44:44,556 - Dashboard - INFO - Loaded 762 records from /home/clouduser/spike/forex_spike_predictor/specialized/data/raw/EUR_USD/5m/latest.csv
2025-05-08 05:44:44,557 - Dashboard - INFO - Loading analyzed data for minimum from /home/clouduser/spike/forex_spike_predictor/specialized/data/analyzed/EUR_USD/5m/minimum/latest_analyzed.csv
2025-05-08 05:44:44,561 - Dashboard - INFO - Loaded 26 records from /home/clouduser/spike/forex_spike_predictor/specialized/data/analyzed/EUR_USD/5m/minimum/latest_analyzed.csv
2025-05-08 05:44:44,562 - Dashboard - INFO - Loading pattern data for minimum from /home/clouduser/spike/forex_spike_predictor/specialized/data/analyzed/EUR_USD/5m/minimum/latest_patterns.json
2025-05-08 05:44:44,562 - Dashboard - INFO - Loaded 1 pattern types with 16 instances from /home/clouduser/spike/forex_spike_predictor/specialized/data/analyzed/EUR_USD/5m/minimum/latest_patterns.json
2025-05-08 05:44:44,563 - Dashboard - INFO - Loading analyzed data for recommended from /home/clouduser/spike/forex_spike_predictor/specialized/data/analyzed/EUR_USD/5m/recommended/latest_analyzed.csv
2025-05-08 05:44:44,566 - Dashboard - INFO - Loaded 50 records from /home/clouduser/spike/forex_spike_predictor/specialized/data/analyzed/EUR_USD/5m/recommended/latest_analyzed.csv
2025-05-08 05:44:44,567 - Dashboard - INFO - Loading pattern data for recommended from /home/clouduser/spike/forex_spike_predictor/specialized/data/analyzed/EUR_USD/5m/recommended/latest_patterns.json
2025-05-08 05:44:44,567 - Dashboard - INFO - Loaded 1 pattern types with 40 instances from /home/clouduser/spike/forex_spike_predictor/specialized/data/analyzed/EUR_USD/5m/recommended/latest_patterns.json
2025-05-08 05:44:44,568 - Dashboard - INFO - Loading analyzed data for optimal from /home/clouduser/spike/forex_spike_predictor/specialized/data/analyzed/EUR_USD/5m/optimal/latest_analyzed.csv
2025-05-08 05:44:44,571 - Dashboard - INFO - Loaded 100 records from /home/clouduser/spike/forex_spike_predictor/specialized/data/analyzed/EUR_USD/5m/optimal/latest_analyzed.csv
2025-05-08 05:44:44,571 - Dashboard - INFO - Loading pattern data for optimal from /home/clouduser/spike/forex_spike_predictor/specialized/data/analyzed/EUR_USD/5m/optimal/latest_patterns.json
2025-05-08 05:44:44,572 - Dashboard - INFO - Loaded 1 pattern types with 90 instances from /home/clouduser/spike/forex_spike_predictor/specialized/data/analyzed/EUR_USD/5m/optimal/latest_patterns.json
2025-05-08 05:44:44,572 - Dashboard - INFO - Loading predictions from /home/clouduser/spike/forex_spike_predictor/specialized/data/predictions/EUR_USD/5m/latest_predictions.json
2025-05-08 05:44:44,573 - Dashboard - INFO - Loaded 3 predictions from /home/clouduser/spike/forex_spike_predictor/specialized/data/predictions/EUR_USD/5m/latest_predictions.json
2025-05-08 05:44:44,573 - Dashboard - WARNING - No files matching '_performance.json' found in /home/clouduser/spike/forex_spike_predictor/specialized/data/predictions/EUR_USD/5m
2025-05-08 05:44:55,512 - Dashboard - INFO - Loading raw data from /home/clouduser/spike/forex_spike_predictor/specialized/data/raw/EUR_USD/5m/latest.csv
2025-05-08 05:44:55,526 - Dashboard - INFO - Loaded 762 records from /home/clouduser/spike/forex_spike_predictor/specialized/data/raw/EUR_USD/5m/latest.csv
2025-05-08 05:44:55,528 - Dashboard - INFO - Loading analyzed data for minimum from /home/clouduser/spike/forex_spike_predictor/specialized/data/analyzed/EUR_USD/5m/minimum/latest_analyzed.csv
2025-05-08 05:44:55,532 - Dashboard - INFO - Loaded 26 records from /home/clouduser/spike/forex_spike_predictor/specialized/data/analyzed/EUR_USD/5m/minimum/latest_analyzed.csv
2025-05-08 05:44:55,533 - Dashboard - INFO - Loading pattern data for minimum from /home/clouduser/spike/forex_spike_predictor/specialized/data/analyzed/EUR_USD/5m/minimum/latest_patterns.json
2025-05-08 05:44:55,534 - Dashboard - INFO - Loaded 1 pattern types with 16 instances from /home/clouduser/spike/forex_spike_predictor/specialized/data/analyzed/EUR_USD/5m/minimum/latest_patterns.json
2025-05-08 05:44:55,535 - Dashboard - INFO - Loading analyzed data for recommended from /home/clouduser/spike/forex_spike_predictor/specialized/data/analyzed/EUR_USD/5m/recommended/latest_analyzed.csv
2025-05-08 05:44:55,539 - Dashboard - INFO - Loaded 50 records from /home/clouduser/spike/forex_spike_predictor/specialized/data/analyzed/EUR_USD/5m/recommended/latest_analyzed.csv
2025-05-08 05:44:55,540 - Dashboard - INFO - Loading pattern data for recommended from /home/clouduser/spike/forex_spike_predictor/specialized/data/analyzed/EUR_USD/5m/recommended/latest_patterns.json
2025-05-08 05:44:55,541 - Dashboard - INFO - Loaded 1 pattern types with 40 instances from /home/clouduser/spike/forex_spike_predictor/specialized/data/analyzed/EUR_USD/5m/recommended/latest_patterns.json
2025-05-08 05:44:55,542 - Dashboard - INFO - Loading analyzed data for optimal from /home/clouduser/spike/forex_spike_predictor/specialized/data/analyzed/EUR_USD/5m/optimal/latest_analyzed.csv
2025-05-08 05:44:55,547 - Dashboard - INFO - Loaded 100 records from /home/clouduser/spike/forex_spike_predictor/specialized/data/analyzed/EUR_USD/5m/optimal/latest_analyzed.csv
2025-05-08 05:44:55,547 - Dashboard - INFO - Loading pattern data for optimal from /home/clouduser/spike/forex_spike_predictor/specialized/data/analyzed/EUR_USD/5m/optimal/latest_patterns.json
2025-05-08 05:44:55,548 - Dashboard - INFO - Loaded 1 pattern types with 90 instances from /home/clouduser/spike/forex_spike_predictor/specialized/data/analyzed/EUR_USD/5m/optimal/latest_patterns.json
2025-05-08 05:44:55,549 - Dashboard - INFO - Loading predictions from /home/clouduser/spike/forex_spike_predictor/specialized/data/predictions/EUR_USD/5m/latest_predictions.json
2025-05-08 05:44:55,549 - Dashboard - INFO - Loaded 3 predictions from /home/clouduser/spike/forex_spike_predictor/specialized/data/predictions/EUR_USD/5m/latest_predictions.json
2025-05-08 05:44:55,550 - Dashboard - WARNING - No files matching '_performance.json' found in /home/clouduser/spike/forex_spike_predictor/specialized/data/predictions/EUR_USD/5m
2025-05-08 05:45:06,326 - Dashboard - INFO - Loading raw data from /home/clouduser/spike/forex_spike_predictor/specialized/data/raw/EUR_USD/5m/latest.csv
2025-05-08 05:45:06,331 - Dashboard - INFO - Loaded 762 records from /home/clouduser/spike/forex_spike_predictor/specialized/data/raw/EUR_USD/5m/latest.csv
2025-05-08 05:45:06,332 - Dashboard - INFO - Loading analyzed data for minimum from /home/clouduser/spike/forex_spike_predictor/specialized/data/analyzed/EUR_USD/5m/minimum/latest_analyzed.csv
2025-05-08 05:45:06,335 - Dashboard - INFO - Loaded 26 records from /home/clouduser/spike/forex_spike_predictor/specialized/data/analyzed/EUR_USD/5m/minimum/latest_analyzed.csv
2025-05-08 05:45:06,335 - Dashboard - INFO - Loading pattern data for minimum from /home/clouduser/spike/forex_spike_predictor/specialized/data/analyzed/EUR_USD/5m/minimum/latest_patterns.json
2025-05-08 05:45:06,336 - Dashboard - INFO - Loaded 1 pattern types with 16 instances from /home/clouduser/spike/forex_spike_predictor/specialized/data/analyzed/EUR_USD/5m/minimum/latest_patterns.json
2025-05-08 05:45:06,336 - Dashboard - INFO - Loading analyzed data for recommended from /home/clouduser/spike/forex_spike_predictor/specialized/data/analyzed/EUR_USD/5m/recommended/latest_analyzed.csv
2025-05-08 05:45:06,339 - Dashboard - INFO - Loaded 50 records from /home/clouduser/spike/forex_spike_predictor/specialized/data/analyzed/EUR_USD/5m/recommended/latest_analyzed.csv
2025-05-08 05:45:06,340 - Dashboard - INFO - Loading pattern data for recommended from /home/clouduser/spike/forex_spike_predictor/specialized/data/analyzed/EUR_USD/5m/recommended/latest_patterns.json
2025-05-08 05:45:06,340 - Dashboard - INFO - Loaded 1 pattern types with 40 instances from /home/clouduser/spike/forex_spike_predictor/specialized/data/analyzed/EUR_USD/5m/recommended/latest_patterns.json
2025-05-08 05:45:06,341 - Dashboard - INFO - Loading analyzed data for optimal from /home/clouduser/spike/forex_spike_predictor/specialized/data/analyzed/EUR_USD/5m/optimal/latest_analyzed.csv
2025-05-08 05:45:06,344 - Dashboard - INFO - Loaded 100 records from /home/clouduser/spike/forex_spike_predictor/specialized/data/analyzed/EUR_USD/5m/optimal/latest_analyzed.csv
2025-05-08 05:45:06,345 - Dashboard - INFO - Loading pattern data for optimal from /home/clouduser/spike/forex_spike_predictor/specialized/data/analyzed/EUR_USD/5m/optimal/latest_patterns.json
2025-05-08 05:45:06,345 - Dashboard - INFO - Loaded 1 pattern types with 90 instances from /home/clouduser/spike/forex_spike_predictor/specialized/data/analyzed/EUR_USD/5m/optimal/latest_patterns.json
2025-05-08 05:45:06,346 - Dashboard - INFO - Loading predictions from /home/clouduser/spike/forex_spike_predictor/specialized/data/predictions/EUR_USD/5m/latest_predictions.json
2025-05-08 05:45:06,346 - Dashboard - INFO - Loaded 3 predictions from /home/clouduser/spike/forex_spike_predictor/specialized/data/predictions/EUR_USD/5m/latest_predictions.json
2025-05-08 05:45:06,347 - Dashboard - WARNING - No files matching '_performance.json' found in /home/clouduser/spike/forex_spike_predictor/specialized/data/predictions/EUR_USD/5m
2025-05-08 05:45:18,446 - Dashboard - INFO - Initialized dashboard for EUR_USD with 5m timeframe
2025-05-08 05:45:18,447 - Dashboard - INFO - Data directory: /home/clouduser/spike/forex_spike_predictor/specialized/data
2025-05-08 05:45:18,447 - Dashboard - INFO - Starting data refresh thread with 60s interval
2025-05-08 05:45:18,475 - Dashboard - INFO - Loading raw data from /home/clouduser/spike/forex_spike_predictor/specialized/data/raw/EUR_USD/5m/latest.csv
2025-05-08 05:45:18,525 - Dashboard - INFO - Loaded 762 records from /home/clouduser/spike/forex_spike_predictor/specialized/data/raw/EUR_USD/5m/latest.csv
2025-05-08 05:45:18,527 - Dashboard - INFO - Loading analyzed data for minimum from /home/clouduser/spike/forex_spike_predictor/specialized/data/analyzed/EUR_USD/5m/minimum/latest_analyzed.csv
2025-05-08 05:45:18,534 - Dashboard - INFO - Loaded 26 records from /home/clouduser/spike/forex_spike_predictor/specialized/data/analyzed/EUR_USD/5m/minimum/latest_analyzed.csv
2025-05-08 05:45:18,535 - Dashboard - INFO - Loading pattern data for minimum from /home/clouduser/spike/forex_spike_predictor/specialized/data/analyzed/EUR_USD/5m/minimum/latest_patterns.json
2025-05-08 05:45:18,536 - Dashboard - INFO - Loaded 1 pattern types with 16 instances from /home/clouduser/spike/forex_spike_predictor/specialized/data/analyzed/EUR_USD/5m/minimum/latest_patterns.json
2025-05-08 05:45:18,537 - Dashboard - INFO - Loading analyzed data for recommended from /home/clouduser/spike/forex_spike_predictor/specialized/data/analyzed/EUR_USD/5m/recommended/latest_analyzed.csv
2025-05-08 05:45:18,544 - Dashboard - INFO - Loaded 50 records from /home/clouduser/spike/forex_spike_predictor/specialized/data/analyzed/EUR_USD/5m/recommended/latest_analyzed.csv
2025-05-08 05:45:18,545 - Dashboard - INFO - Loading pattern data for recommended from /home/clouduser/spike/forex_spike_predictor/specialized/data/analyzed/EUR_USD/5m/recommended/latest_patterns.json
2025-05-08 05:45:18,546 - Dashboard - INFO - Loaded 1 pattern types with 40 instances from /home/clouduser/spike/forex_spike_predictor/specialized/data/analyzed/EUR_USD/5m/recommended/latest_patterns.json
2025-05-08 05:45:18,546 - Dashboard - INFO - Loading analyzed data for optimal from /home/clouduser/spike/forex_spike_predictor/specialized/data/analyzed/EUR_USD/5m/optimal/latest_analyzed.csv
2025-05-08 05:45:18,553 - Dashboard - INFO - Loaded 100 records from /home/clouduser/spike/forex_spike_predictor/specialized/data/analyzed/EUR_USD/5m/optimal/latest_analyzed.csv
2025-05-08 05:45:18,555 - Dashboard - INFO - Loading pattern data for optimal from /home/clouduser/spike/forex_spike_predictor/specialized/data/analyzed/EUR_USD/5m/optimal/latest_patterns.json
2025-05-08 05:45:18,556 - Dashboard - INFO - Loaded 1 pattern types with 90 instances from /home/clouduser/spike/forex_spike_predictor/specialized/data/analyzed/EUR_USD/5m/optimal/latest_patterns.json
2025-05-08 05:45:18,557 - Dashboard - INFO - Loading predictions from /home/clouduser/spike/forex_spike_predictor/specialized/data/predictions/EUR_USD/5m/latest_predictions.json
2025-05-08 05:45:18,558 - Dashboard - INFO - Loaded 3 predictions from /home/clouduser/spike/forex_spike_predictor/specialized/data/predictions/EUR_USD/5m/latest_predictions.json
2025-05-08 05:45:18,558 - Dashboard - WARNING - No files matching '_performance.json' found in /home/clouduser/spike/forex_spike_predictor/specialized/data/predictions/EUR_USD/5m
2025-05-08 05:45:21,136 - Dashboard - INFO - Initialized dashboard for EUR_USD with 5m timeframe
2025-05-08 05:45:21,136 - Dashboard - INFO - Data directory: /home/clouduser/spike/forex_spike_predictor/specialized/data
2025-05-08 05:45:21,136 - Dashboard - INFO - Starting data refresh thread with 60s interval
2025-05-08 05:45:21,150 - Dashboard - INFO - Loading raw data from /home/clouduser/spike/forex_spike_predictor/specialized/data/raw/EUR_USD/5m/latest.csv
2025-05-08 05:45:21,213 - Dashboard - INFO - Loaded 762 records from /home/clouduser/spike/forex_spike_predictor/specialized/data/raw/EUR_USD/5m/latest.csv
2025-05-08 05:45:21,215 - Dashboard - INFO - Loading analyzed data for minimum from /home/clouduser/spike/forex_spike_predictor/specialized/data/analyzed/EUR_USD/5m/minimum/latest_analyzed.csv
2025-05-08 05:45:21,227 - Dashboard - INFO - Loaded 26 records from /home/clouduser/spike/forex_spike_predictor/specialized/data/analyzed/EUR_USD/5m/minimum/latest_analyzed.csv
2025-05-08 05:45:21,228 - Dashboard - INFO - Loading pattern data for minimum from /home/clouduser/spike/forex_spike_predictor/specialized/data/analyzed/EUR_USD/5m/minimum/latest_patterns.json
2025-05-08 05:45:21,230 - Dashboard - INFO - Loaded 1 pattern types with 16 instances from /home/clouduser/spike/forex_spike_predictor/specialized/data/analyzed/EUR_USD/5m/minimum/latest_patterns.json
2025-05-08 05:45:21,232 - Dashboard - INFO - Loading analyzed data for recommended from /home/clouduser/spike/forex_spike_predictor/specialized/data/analyzed/EUR_USD/5m/recommended/latest_analyzed.csv
2025-05-08 05:45:21,247 - Dashboard - INFO - Loaded 50 records from /home/clouduser/spike/forex_spike_predictor/specialized/data/analyzed/EUR_USD/5m/recommended/latest_analyzed.csv
2025-05-08 05:45:21,249 - Dashboard - INFO - Loading pattern data for recommended from /home/clouduser/spike/forex_spike_predictor/specialized/data/analyzed/EUR_USD/5m/recommended/latest_patterns.json
2025-05-08 05:45:21,249 - Dashboard - INFO - Loaded 1 pattern types with 40 instances from /home/clouduser/spike/forex_spike_predictor/specialized/data/analyzed/EUR_USD/5m/recommended/latest_patterns.json
2025-05-08 05:45:21,250 - Dashboard - INFO - Loading analyzed data for optimal from /home/clouduser/spike/forex_spike_predictor/specialized/data/analyzed/EUR_USD/5m/optimal/latest_analyzed.csv
2025-05-08 05:45:21,254 - Dashboard - INFO - Loaded 100 records from /home/clouduser/spike/forex_spike_predictor/specialized/data/analyzed/EUR_USD/5m/optimal/latest_analyzed.csv
2025-05-08 05:45:21,255 - Dashboard - INFO - Loading pattern data for optimal from /home/clouduser/spike/forex_spike_predictor/specialized/data/analyzed/EUR_USD/5m/optimal/latest_patterns.json
2025-05-08 05:45:21,255 - Dashboard - INFO - Loaded 1 pattern types with 90 instances from /home/clouduser/spike/forex_spike_predictor/specialized/data/analyzed/EUR_USD/5m/optimal/latest_patterns.json
2025-05-08 05:45:21,255 - Dashboard - INFO - Loading predictions from /home/clouduser/spike/forex_spike_predictor/specialized/data/predictions/EUR_USD/5m/latest_predictions.json
2025-05-08 05:45:21,256 - Dashboard - INFO - Loaded 3 predictions from /home/clouduser/spike/forex_spike_predictor/specialized/data/predictions/EUR_USD/5m/latest_predictions.json
2025-05-08 05:45:21,257 - Dashboard - WARNING - No files matching '_performance.json' found in /home/clouduser/spike/forex_spike_predictor/specialized/data/predictions/EUR_USD/5m
2025-05-08 05:45:35,744 - Dashboard - INFO - Loading raw data from /home/clouduser/spike/forex_spike_predictor/specialized/data/raw/EUR_USD/5m/latest.csv
2025-05-08 05:45:35,750 - Dashboard - INFO - Loaded 762 records from /home/clouduser/spike/forex_spike_predictor/specialized/data/raw/EUR_USD/5m/latest.csv
2025-05-08 05:45:35,751 - Dashboard - INFO - Loading analyzed data for minimum from /home/clouduser/spike/forex_spike_predictor/specialized/data/analyzed/EUR_USD/5m/minimum/latest_analyzed.csv
2025-05-08 05:45:35,754 - Dashboard - INFO - Loaded 26 records from /home/clouduser/spike/forex_spike_predictor/specialized/data/analyzed/EUR_USD/5m/minimum/latest_analyzed.csv
2025-05-08 05:45:35,755 - Dashboard - INFO - Loading pattern data for minimum from /home/clouduser/spike/forex_spike_predictor/specialized/data/analyzed/EUR_USD/5m/minimum/latest_patterns.json
2025-05-08 05:45:35,756 - Dashboard - INFO - Loaded 1 pattern types with 16 instances from /home/clouduser/spike/forex_spike_predictor/specialized/data/analyzed/EUR_USD/5m/minimum/latest_patterns.json
2025-05-08 05:45:35,756 - Dashboard - INFO - Loading analyzed data for recommended from /home/clouduser/spike/forex_spike_predictor/specialized/data/analyzed/EUR_USD/5m/recommended/latest_analyzed.csv
2025-05-08 05:45:35,759 - Dashboard - INFO - Loaded 50 records from /home/clouduser/spike/forex_spike_predictor/specialized/data/analyzed/EUR_USD/5m/recommended/latest_analyzed.csv
2025-05-08 05:45:35,760 - Dashboard - INFO - Loading pattern data for recommended from /home/clouduser/spike/forex_spike_predictor/specialized/data/analyzed/EUR_USD/5m/recommended/latest_patterns.json
2025-05-08 05:45:35,760 - Dashboard - INFO - Loaded 1 pattern types with 40 instances from /home/clouduser/spike/forex_spike_predictor/specialized/data/analyzed/EUR_USD/5m/recommended/latest_patterns.json
2025-05-08 05:45:35,761 - Dashboard - INFO - Loading analyzed data for optimal from /home/clouduser/spike/forex_spike_predictor/specialized/data/analyzed/EUR_USD/5m/optimal/latest_analyzed.csv
2025-05-08 05:45:35,765 - Dashboard - INFO - Loaded 100 records from /home/clouduser/spike/forex_spike_predictor/specialized/data/analyzed/EUR_USD/5m/optimal/latest_analyzed.csv
2025-05-08 05:45:35,765 - Dashboard - INFO - Loading pattern data for optimal from /home/clouduser/spike/forex_spike_predictor/specialized/data/analyzed/EUR_USD/5m/optimal/latest_patterns.json
2025-05-08 05:45:35,766 - Dashboard - INFO - Loaded 1 pattern types with 90 instances from /home/clouduser/spike/forex_spike_predictor/specialized/data/analyzed/EUR_USD/5m/optimal/latest_patterns.json
2025-05-08 05:45:35,766 - Dashboard - INFO - Loading predictions from /home/clouduser/spike/forex_spike_predictor/specialized/data/predictions/EUR_USD/5m/latest_predictions.json
2025-05-08 05:45:35,767 - Dashboard - INFO - Loaded 3 predictions from /home/clouduser/spike/forex_spike_predictor/specialized/data/predictions/EUR_USD/5m/latest_predictions.json
2025-05-08 05:45:35,767 - Dashboard - WARNING - No files matching '_performance.json' found in /home/clouduser/spike/forex_spike_predictor/specialized/data/predictions/EUR_USD/5m
2025-05-08 05:45:37,914 - Dashboard - INFO - Loading raw data from /home/clouduser/spike/forex_spike_predictor/specialized/data/raw/EUR_USD/5m/latest.csv
2025-05-08 05:45:37,926 - Dashboard - INFO - Loaded 762 records from /home/clouduser/spike/forex_spike_predictor/specialized/data/raw/EUR_USD/5m/latest.csv
2025-05-08 05:45:37,928 - Dashboard - INFO - Loading analyzed data for minimum from /home/clouduser/spike/forex_spike_predictor/specialized/data/analyzed/EUR_USD/5m/minimum/latest_analyzed.csv
2025-05-08 05:45:37,932 - Dashboard - INFO - Loaded 26 records from /home/clouduser/spike/forex_spike_predictor/specialized/data/analyzed/EUR_USD/5m/minimum/latest_analyzed.csv
2025-05-08 05:45:37,933 - Dashboard - INFO - Loading pattern data for minimum from /home/clouduser/spike/forex_spike_predictor/specialized/data/analyzed/EUR_USD/5m/minimum/latest_patterns.json
2025-05-08 05:45:37,934 - Dashboard - INFO - Loaded 1 pattern types with 16 instances from /home/clouduser/spike/forex_spike_predictor/specialized/data/analyzed/EUR_USD/5m/minimum/latest_patterns.json
2025-05-08 05:45:37,935 - Dashboard - INFO - Loading analyzed data for recommended from /home/clouduser/spike/forex_spike_predictor/specialized/data/analyzed/EUR_USD/5m/recommended/latest_analyzed.csv
2025-05-08 05:45:37,939 - Dashboard - INFO - Loaded 50 records from /home/clouduser/spike/forex_spike_predictor/specialized/data/analyzed/EUR_USD/5m/recommended/latest_analyzed.csv
2025-05-08 05:45:37,940 - Dashboard - INFO - Loading pattern data for recommended from /home/clouduser/spike/forex_spike_predictor/specialized/data/analyzed/EUR_USD/5m/recommended/latest_patterns.json
2025-05-08 05:45:37,941 - Dashboard - INFO - Loaded 1 pattern types with 40 instances from /home/clouduser/spike/forex_spike_predictor/specialized/data/analyzed/EUR_USD/5m/recommended/latest_patterns.json
2025-05-08 05:45:37,942 - Dashboard - INFO - Loading analyzed data for optimal from /home/clouduser/spike/forex_spike_predictor/specialized/data/analyzed/EUR_USD/5m/optimal/latest_analyzed.csv
2025-05-08 05:45:37,946 - Dashboard - INFO - Loaded 100 records from /home/clouduser/spike/forex_spike_predictor/specialized/data/analyzed/EUR_USD/5m/optimal/latest_analyzed.csv
2025-05-08 05:45:37,947 - Dashboard - INFO - Loading pattern data for optimal from /home/clouduser/spike/forex_spike_predictor/specialized/data/analyzed/EUR_USD/5m/optimal/latest_patterns.json
2025-05-08 05:45:37,948 - Dashboard - INFO - Loaded 1 pattern types with 90 instances from /home/clouduser/spike/forex_spike_predictor/specialized/data/analyzed/EUR_USD/5m/optimal/latest_patterns.json
2025-05-08 05:45:37,948 - Dashboard - INFO - Loading predictions from /home/clouduser/spike/forex_spike_predictor/specialized/data/predictions/EUR_USD/5m/latest_predictions.json
2025-05-08 05:45:37,949 - Dashboard - INFO - Loaded 3 predictions from /home/clouduser/spike/forex_spike_predictor/specialized/data/predictions/EUR_USD/5m/latest_predictions.json
2025-05-08 05:45:37,950 - Dashboard - WARNING - No files matching '_performance.json' found in /home/clouduser/spike/forex_spike_predictor/specialized/data/predictions/EUR_USD/5m
2025-05-08 05:45:41,382 - Dashboard - INFO - Loading raw data from /home/clouduser/spike/forex_spike_predictor/specialized/data/raw/EUR_USD/5m/latest.csv
2025-05-08 05:45:41,393 - Dashboard - INFO - Loaded 762 records from /home/clouduser/spike/forex_spike_predictor/specialized/data/raw/EUR_USD/5m/latest.csv
2025-05-08 05:45:41,395 - Dashboard - INFO - Loading analyzed data for minimum from /home/clouduser/spike/forex_spike_predictor/specialized/data/analyzed/EUR_USD/5m/minimum/latest_analyzed.csv
2025-05-08 05:45:41,400 - Dashboard - INFO - Loaded 26 records from /home/clouduser/spike/forex_spike_predictor/specialized/data/analyzed/EUR_USD/5m/minimum/latest_analyzed.csv
2025-05-08 05:45:41,401 - Dashboard - INFO - Loading pattern data for minimum from /home/clouduser/spike/forex_spike_predictor/specialized/data/analyzed/EUR_USD/5m/minimum/latest_patterns.json
2025-05-08 05:45:41,401 - Dashboard - INFO - Loaded 1 pattern types with 16 instances from /home/clouduser/spike/forex_spike_predictor/specialized/data/analyzed/EUR_USD/5m/minimum/latest_patterns.json
2025-05-08 05:45:41,402 - Dashboard - INFO - Loading analyzed data for recommended from /home/clouduser/spike/forex_spike_predictor/specialized/data/analyzed/EUR_USD/5m/recommended/latest_analyzed.csv
2025-05-08 05:45:41,407 - Dashboard - INFO - Loaded 50 records from /home/clouduser/spike/forex_spike_predictor/specialized/data/analyzed/EUR_USD/5m/recommended/latest_analyzed.csv
2025-05-08 05:45:41,408 - Dashboard - INFO - Loading pattern data for recommended from /home/clouduser/spike/forex_spike_predictor/specialized/data/analyzed/EUR_USD/5m/recommended/latest_patterns.json
2025-05-08 05:45:41,408 - Dashboard - INFO - Loaded 1 pattern types with 40 instances from /home/clouduser/spike/forex_spike_predictor/specialized/data/analyzed/EUR_USD/5m/recommended/latest_patterns.json
2025-05-08 05:45:41,409 - Dashboard - INFO - Loading analyzed data for optimal from /home/clouduser/spike/forex_spike_predictor/specialized/data/analyzed/EUR_USD/5m/optimal/latest_analyzed.csv
2025-05-08 05:45:41,414 - Dashboard - INFO - Loaded 100 records from /home/clouduser/spike/forex_spike_predictor/specialized/data/analyzed/EUR_USD/5m/optimal/latest_analyzed.csv
2025-05-08 05:45:41,415 - Dashboard - INFO - Loading pattern data for optimal from /home/clouduser/spike/forex_spike_predictor/specialized/data/analyzed/EUR_USD/5m/optimal/latest_patterns.json
2025-05-08 05:45:41,415 - Dashboard - INFO - Loaded 1 pattern types with 90 instances from /home/clouduser/spike/forex_spike_predictor/specialized/data/analyzed/EUR_USD/5m/optimal/latest_patterns.json
2025-05-08 05:45:41,416 - Dashboard - INFO - Loading predictions from /home/clouduser/spike/forex_spike_predictor/specialized/data/predictions/EUR_USD/5m/latest_predictions.json
2025-05-08 05:45:41,417 - Dashboard - INFO - Loaded 3 predictions from /home/clouduser/spike/forex_spike_predictor/specialized/data/predictions/EUR_USD/5m/latest_predictions.json
2025-05-08 05:45:41,417 - Dashboard - WARNING - No files matching '_performance.json' found in /home/clouduser/spike/forex_spike_predictor/specialized/data/predictions/EUR_USD/5m
2025-05-08 05:45:44,577 - Dashboard - INFO - Loading raw data from /home/clouduser/spike/forex_spike_predictor/specialized/data/raw/EUR_USD/5m/latest.csv
2025-05-08 05:45:44,589 - Dashboard - INFO - Loaded 762 records from /home/clouduser/spike/forex_spike_predictor/specialized/data/raw/EUR_USD/5m/latest.csv
2025-05-08 05:45:44,591 - Dashboard - INFO - Loading analyzed data for minimum from /home/clouduser/spike/forex_spike_predictor/specialized/data/analyzed/EUR_USD/5m/minimum/latest_analyzed.csv
2025-05-08 05:45:44,594 - Dashboard - INFO - Loaded 26 records from /home/clouduser/spike/forex_spike_predictor/specialized/data/analyzed/EUR_USD/5m/minimum/latest_analyzed.csv
2025-05-08 05:45:44,595 - Dashboard - INFO - Loading pattern data for minimum from /home/clouduser/spike/forex_spike_predictor/specialized/data/analyzed/EUR_USD/5m/minimum/latest_patterns.json
2025-05-08 05:45:44,595 - Dashboard - INFO - Loaded 1 pattern types with 16 instances from /home/clouduser/spike/forex_spike_predictor/specialized/data/analyzed/EUR_USD/5m/minimum/latest_patterns.json
2025-05-08 05:45:44,596 - Dashboard - INFO - Loading analyzed data for recommended from /home/clouduser/spike/forex_spike_predictor/specialized/data/analyzed/EUR_USD/5m/recommended/latest_analyzed.csv
2025-05-08 05:45:44,599 - Dashboard - INFO - Loaded 50 records from /home/clouduser/spike/forex_spike_predictor/specialized/data/analyzed/EUR_USD/5m/recommended/latest_analyzed.csv
2025-05-08 05:45:44,600 - Dashboard - INFO - Loading pattern data for recommended from /home/clouduser/spike/forex_spike_predictor/specialized/data/analyzed/EUR_USD/5m/recommended/latest_patterns.json
2025-05-08 05:45:44,600 - Dashboard - INFO - Loaded 1 pattern types with 40 instances from /home/clouduser/spike/forex_spike_predictor/specialized/data/analyzed/EUR_USD/5m/recommended/latest_patterns.json
2025-05-08 05:45:44,600 - Dashboard - INFO - Loading analyzed data for optimal from /home/clouduser/spike/forex_spike_predictor/specialized/data/analyzed/EUR_USD/5m/optimal/latest_analyzed.csv
2025-05-08 05:45:44,604 - Dashboard - INFO - Loaded 100 records from /home/clouduser/spike/forex_spike_predictor/specialized/data/analyzed/EUR_USD/5m/optimal/latest_analyzed.csv
2025-05-08 05:45:44,604 - Dashboard - INFO - Loading pattern data for optimal from /home/clouduser/spike/forex_spike_predictor/specialized/data/analyzed/EUR_USD/5m/optimal/latest_patterns.json
2025-05-08 05:45:44,605 - Dashboard - INFO - Loaded 1 pattern types with 90 instances from /home/clouduser/spike/forex_spike_predictor/specialized/data/analyzed/EUR_USD/5m/optimal/latest_patterns.json
2025-05-08 05:45:44,605 - Dashboard - INFO - Loading predictions from /home/clouduser/spike/forex_spike_predictor/specialized/data/predictions/EUR_USD/5m/latest_predictions.json
2025-05-08 05:45:44,606 - Dashboard - INFO - Loaded 3 predictions from /home/clouduser/spike/forex_spike_predictor/specialized/data/predictions/EUR_USD/5m/latest_predictions.json
2025-05-08 05:45:44,606 - Dashboard - WARNING - No files matching '_performance.json' found in /home/clouduser/spike/forex_spike_predictor/specialized/data/predictions/EUR_USD/5m
2025-05-08 05:45:55,555 - Dashboard - INFO - Loading raw data from /home/clouduser/spike/forex_spike_predictor/specialized/data/raw/EUR_USD/5m/latest.csv
2025-05-08 05:45:55,567 - Dashboard - INFO - Loaded 762 records from /home/clouduser/spike/forex_spike_predictor/specialized/data/raw/EUR_USD/5m/latest.csv
2025-05-08 05:45:55,568 - Dashboard - INFO - Loading analyzed data for minimum from /home/clouduser/spike/forex_spike_predictor/specialized/data/analyzed/EUR_USD/5m/minimum/latest_analyzed.csv
2025-05-08 05:45:55,572 - Dashboard - INFO - Loaded 26 records from /home/clouduser/spike/forex_spike_predictor/specialized/data/analyzed/EUR_USD/5m/minimum/latest_analyzed.csv
2025-05-08 05:45:55,574 - Dashboard - INFO - Loading pattern data for minimum from /home/clouduser/spike/forex_spike_predictor/specialized/data/analyzed/EUR_USD/5m/minimum/latest_patterns.json
2025-05-08 05:45:55,574 - Dashboard - INFO - Loaded 1 pattern types with 16 instances from /home/clouduser/spike/forex_spike_predictor/specialized/data/analyzed/EUR_USD/5m/minimum/latest_patterns.json
2025-05-08 05:45:55,575 - Dashboard - INFO - Loading analyzed data for recommended from /home/clouduser/spike/forex_spike_predictor/specialized/data/analyzed/EUR_USD/5m/recommended/latest_analyzed.csv
2025-05-08 05:45:55,579 - Dashboard - INFO - Loaded 50 records from /home/clouduser/spike/forex_spike_predictor/specialized/data/analyzed/EUR_USD/5m/recommended/latest_analyzed.csv
2025-05-08 05:45:55,580 - Dashboard - INFO - Loading pattern data for recommended from /home/clouduser/spike/forex_spike_predictor/specialized/data/analyzed/EUR_USD/5m/recommended/latest_patterns.json
2025-05-08 05:45:55,581 - Dashboard - INFO - Loaded 1 pattern types with 40 instances from /home/clouduser/spike/forex_spike_predictor/specialized/data/analyzed/EUR_USD/5m/recommended/latest_patterns.json
2025-05-08 05:45:55,582 - Dashboard - INFO - Loading analyzed data for optimal from /home/clouduser/spike/forex_spike_predictor/specialized/data/analyzed/EUR_USD/5m/optimal/latest_analyzed.csv
2025-05-08 05:45:55,586 - Dashboard - INFO - Loaded 100 records from /home/clouduser/spike/forex_spike_predictor/specialized/data/analyzed/EUR_USD/5m/optimal/latest_analyzed.csv
2025-05-08 05:45:55,587 - Dashboard - INFO - Loading pattern data for optimal from /home/clouduser/spike/forex_spike_predictor/specialized/data/analyzed/EUR_USD/5m/optimal/latest_patterns.json
2025-05-08 05:45:55,587 - Dashboard - INFO - Loaded 1 pattern types with 90 instances from /home/clouduser/spike/forex_spike_predictor/specialized/data/analyzed/EUR_USD/5m/optimal/latest_patterns.json
2025-05-08 05:45:55,588 - Dashboard - INFO - Loading predictions from /home/clouduser/spike/forex_spike_predictor/specialized/data/predictions/EUR_USD/5m/latest_predictions.json
2025-05-08 05:45:55,589 - Dashboard - INFO - Loaded 3 predictions from /home/clouduser/spike/forex_spike_predictor/specialized/data/predictions/EUR_USD/5m/latest_predictions.json
2025-05-08 05:45:55,589 - Dashboard - WARNING - No files matching '_performance.json' found in /home/clouduser/spike/forex_spike_predictor/specialized/data/predictions/EUR_USD/5m
2025-05-08 05:46:01,457 - Dashboard - INFO - Initialized dashboard for EUR_USD with 5m timeframe
2025-05-08 05:46:01,458 - Dashboard - INFO - Data directory: /home/clouduser/spike/forex_spike_predictor/specialized/data
2025-05-08 05:46:01,458 - Dashboard - INFO - Starting data refresh thread with 60s interval
2025-05-08 05:46:01,514 - Dashboard - INFO - Loading raw data from /home/clouduser/spike/forex_spike_predictor/specialized/data/raw/EUR_USD/5m/latest.csv
2025-05-08 05:46:01,523 - Dashboard - INFO - Loaded 762 records from /home/clouduser/spike/forex_spike_predictor/specialized/data/raw/EUR_USD/5m/latest.csv
2025-05-08 05:46:01,525 - Dashboard - INFO - Loading analyzed data for minimum from /home/clouduser/spike/forex_spike_predictor/specialized/data/analyzed/EUR_USD/5m/minimum/latest_analyzed.csv
2025-05-08 05:46:01,532 - Dashboard - INFO - Loaded 26 records from /home/clouduser/spike/forex_spike_predictor/specialized/data/analyzed/EUR_USD/5m/minimum/latest_analyzed.csv
2025-05-08 05:46:01,533 - Dashboard - INFO - Loading pattern data for minimum from /home/clouduser/spike/forex_spike_predictor/specialized/data/analyzed/EUR_USD/5m/minimum/latest_patterns.json
2025-05-08 05:46:01,535 - Dashboard - INFO - Loaded 1 pattern types with 16 instances from /home/clouduser/spike/forex_spike_predictor/specialized/data/analyzed/EUR_USD/5m/minimum/latest_patterns.json
2025-05-08 05:46:01,535 - Dashboard - INFO - Loading analyzed data for recommended from /home/clouduser/spike/forex_spike_predictor/specialized/data/analyzed/EUR_USD/5m/recommended/latest_analyzed.csv
2025-05-08 05:46:01,542 - Dashboard - INFO - Loaded 50 records from /home/clouduser/spike/forex_spike_predictor/specialized/data/analyzed/EUR_USD/5m/recommended/latest_analyzed.csv
2025-05-08 05:46:01,544 - Dashboard - INFO - Loading pattern data for recommended from /home/clouduser/spike/forex_spike_predictor/specialized/data/analyzed/EUR_USD/5m/recommended/latest_patterns.json
2025-05-08 05:46:01,544 - Dashboard - INFO - Loaded 1 pattern types with 40 instances from /home/clouduser/spike/forex_spike_predictor/specialized/data/analyzed/EUR_USD/5m/recommended/latest_patterns.json
2025-05-08 05:46:01,545 - Dashboard - INFO - Loading analyzed data for optimal from /home/clouduser/spike/forex_spike_predictor/specialized/data/analyzed/EUR_USD/5m/optimal/latest_analyzed.csv
2025-05-08 05:46:01,552 - Dashboard - INFO - Loaded 100 records from /home/clouduser/spike/forex_spike_predictor/specialized/data/analyzed/EUR_USD/5m/optimal/latest_analyzed.csv
2025-05-08 05:46:01,553 - Dashboard - INFO - Loading pattern data for optimal from /home/clouduser/spike/forex_spike_predictor/specialized/data/analyzed/EUR_USD/5m/optimal/latest_patterns.json
2025-05-08 05:46:01,554 - Dashboard - INFO - Loaded 1 pattern types with 90 instances from /home/clouduser/spike/forex_spike_predictor/specialized/data/analyzed/EUR_USD/5m/optimal/latest_patterns.json
2025-05-08 05:46:01,555 - Dashboard - INFO - Loading predictions from /home/clouduser/spike/forex_spike_predictor/specialized/data/predictions/EUR_USD/5m/latest_predictions.json
2025-05-08 05:46:01,556 - Dashboard - INFO - Loaded 3 predictions from /home/clouduser/spike/forex_spike_predictor/specialized/data/predictions/EUR_USD/5m/latest_predictions.json
2025-05-08 05:46:01,557 - Dashboard - WARNING - No files matching '_performance.json' found in /home/clouduser/spike/forex_spike_predictor/specialized/data/predictions/EUR_USD/5m
2025-05-08 05:46:06,350 - Dashboard - INFO - Loading raw data from /home/clouduser/spike/forex_spike_predictor/specialized/data/raw/EUR_USD/5m/latest.csv
2025-05-08 05:46:06,359 - Dashboard - INFO - Loaded 762 records from /home/clouduser/spike/forex_spike_predictor/specialized/data/raw/EUR_USD/5m/latest.csv
2025-05-08 05:46:06,360 - Dashboard - INFO - Loading analyzed data for minimum from /home/clouduser/spike/forex_spike_predictor/specialized/data/analyzed/EUR_USD/5m/minimum/latest_analyzed.csv
2025-05-08 05:46:06,363 - Dashboard - INFO - Loaded 26 records from /home/clouduser/spike/forex_spike_predictor/specialized/data/analyzed/EUR_USD/5m/minimum/latest_analyzed.csv
2025-05-08 05:46:06,364 - Dashboard - INFO - Loading pattern data for minimum from /home/clouduser/spike/forex_spike_predictor/specialized/data/analyzed/EUR_USD/5m/minimum/latest_patterns.json
2025-05-08 05:46:06,364 - Dashboard - INFO - Loaded 1 pattern types with 16 instances from /home/clouduser/spike/forex_spike_predictor/specialized/data/analyzed/EUR_USD/5m/minimum/latest_patterns.json
2025-05-08 05:46:06,365 - Dashboard - INFO - Loading analyzed data for recommended from /home/clouduser/spike/forex_spike_predictor/specialized/data/analyzed/EUR_USD/5m/recommended/latest_analyzed.csv
2025-05-08 05:46:06,368 - Dashboard - INFO - Loaded 50 records from /home/clouduser/spike/forex_spike_predictor/specialized/data/analyzed/EUR_USD/5m/recommended/latest_analyzed.csv
2025-05-08 05:46:06,369 - Dashboard - INFO - Loading pattern data for recommended from /home/clouduser/spike/forex_spike_predictor/specialized/data/analyzed/EUR_USD/5m/recommended/latest_patterns.json
2025-05-08 05:46:06,369 - Dashboard - INFO - Loaded 1 pattern types with 40 instances from /home/clouduser/spike/forex_spike_predictor/specialized/data/analyzed/EUR_USD/5m/recommended/latest_patterns.json
2025-05-08 05:46:06,370 - Dashboard - INFO - Loading analyzed data for optimal from /home/clouduser/spike/forex_spike_predictor/specialized/data/analyzed/EUR_USD/5m/optimal/latest_analyzed.csv
2025-05-08 05:46:06,373 - Dashboard - INFO - Loaded 100 records from /home/clouduser/spike/forex_spike_predictor/specialized/data/analyzed/EUR_USD/5m/optimal/latest_analyzed.csv
2025-05-08 05:46:06,373 - Dashboard - INFO - Loading pattern data for optimal from /home/clouduser/spike/forex_spike_predictor/specialized/data/analyzed/EUR_USD/5m/optimal/latest_patterns.json
2025-05-08 05:46:06,374 - Dashboard - INFO - Loaded 1 pattern types with 90 instances from /home/clouduser/spike/forex_spike_predictor/specialized/data/analyzed/EUR_USD/5m/optimal/latest_patterns.json
2025-05-08 05:46:06,374 - Dashboard - INFO - Loading predictions from /home/clouduser/spike/forex_spike_predictor/specialized/data/predictions/EUR_USD/5m/latest_predictions.json
2025-05-08 05:46:06,375 - Dashboard - INFO - Loaded 3 predictions from /home/clouduser/spike/forex_spike_predictor/specialized/data/predictions/EUR_USD/5m/latest_predictions.json
2025-05-08 05:46:06,375 - Dashboard - WARNING - No files matching '_performance.json' found in /home/clouduser/spike/forex_spike_predictor/specialized/data/predictions/EUR_USD/5m
2025-05-08 05:46:12,462 - Dashboard - INFO - Initialized dashboard for EUR_USD with 5m timeframe
2025-05-08 05:46:12,462 - Dashboard - INFO - Data directory: /home/clouduser/spike/forex_spike_predictor/specialized/data
2025-05-08 05:46:12,462 - Dashboard - INFO - Starting data refresh thread with 60s interval
2025-05-08 05:46:12,474 - Dashboard - INFO - Loading raw data from /home/clouduser/spike/forex_spike_predictor/specialized/data/raw/EUR_USD/5m/latest.csv
2025-05-08 05:46:12,529 - Dashboard - INFO - Loaded 762 records from /home/clouduser/spike/forex_spike_predictor/specialized/data/raw/EUR_USD/5m/latest.csv
2025-05-08 05:46:12,532 - Dashboard - INFO - Loading analyzed data for minimum from /home/clouduser/spike/forex_spike_predictor/specialized/data/analyzed/EUR_USD/5m/minimum/latest_analyzed.csv
2025-05-08 05:46:12,539 - Dashboard - INFO - Loaded 26 records from /home/clouduser/spike/forex_spike_predictor/specialized/data/analyzed/EUR_USD/5m/minimum/latest_analyzed.csv
2025-05-08 05:46:12,540 - Dashboard - INFO - Loading pattern data for minimum from /home/clouduser/spike/forex_spike_predictor/specialized/data/analyzed/EUR_USD/5m/minimum/latest_patterns.json
2025-05-08 05:46:12,541 - Dashboard - INFO - Loaded 1 pattern types with 16 instances from /home/clouduser/spike/forex_spike_predictor/specialized/data/analyzed/EUR_USD/5m/minimum/latest_patterns.json
2025-05-08 05:46:12,542 - Dashboard - INFO - Loading analyzed data for recommended from /home/clouduser/spike/forex_spike_predictor/specialized/data/analyzed/EUR_USD/5m/recommended/latest_analyzed.csv
2025-05-08 05:46:12,549 - Dashboard - INFO - Loaded 50 records from /home/clouduser/spike/forex_spike_predictor/specialized/data/analyzed/EUR_USD/5m/recommended/latest_analyzed.csv
2025-05-08 05:46:12,549 - Dashboard - INFO - Loading pattern data for recommended from /home/clouduser/spike/forex_spike_predictor/specialized/data/analyzed/EUR_USD/5m/recommended/latest_patterns.json
2025-05-08 05:46:12,550 - Dashboard - INFO - Loaded 1 pattern types with 40 instances from /home/clouduser/spike/forex_spike_predictor/specialized/data/analyzed/EUR_USD/5m/recommended/latest_patterns.json
2025-05-08 05:46:12,551 - Dashboard - INFO - Loading analyzed data for optimal from /home/clouduser/spike/forex_spike_predictor/specialized/data/analyzed/EUR_USD/5m/optimal/latest_analyzed.csv
2025-05-08 05:46:12,557 - Dashboard - INFO - Loaded 100 records from /home/clouduser/spike/forex_spike_predictor/specialized/data/analyzed/EUR_USD/5m/optimal/latest_analyzed.csv
2025-05-08 05:46:12,558 - Dashboard - INFO - Loading pattern data for optimal from /home/clouduser/spike/forex_spike_predictor/specialized/data/analyzed/EUR_USD/5m/optimal/latest_patterns.json
2025-05-08 05:46:12,559 - Dashboard - INFO - Loaded 1 pattern types with 90 instances from /home/clouduser/spike/forex_spike_predictor/specialized/data/analyzed/EUR_USD/5m/optimal/latest_patterns.json
2025-05-08 05:46:12,559 - Dashboard - INFO - Loading predictions from /home/clouduser/spike/forex_spike_predictor/specialized/data/predictions/EUR_USD/5m/latest_predictions.json
2025-05-08 05:46:12,561 - Dashboard - INFO - Loaded 3 predictions from /home/clouduser/spike/forex_spike_predictor/specialized/data/predictions/EUR_USD/5m/latest_predictions.json
2025-05-08 05:46:12,561 - Dashboard - WARNING - No files matching '_performance.json' found in /home/clouduser/spike/forex_spike_predictor/specialized/data/predictions/EUR_USD/5m
2025-05-08 05:46:15,652 - Dashboard - INFO - Initialized dashboard for EUR_USD with 5m timeframe
2025-05-08 05:46:15,652 - Dashboard - INFO - Data directory: /home/clouduser/spike/forex_spike_predictor/specialized/data
2025-05-08 05:46:15,653 - Dashboard - INFO - Starting data refresh thread with 60s interval
2025-05-08 05:46:15,662 - Dashboard - INFO - Loading raw data from /home/clouduser/spike/forex_spike_predictor/specialized/data/raw/EUR_USD/5m/latest.csv
2025-05-08 05:46:15,724 - Dashboard - INFO - Loaded 762 records from /home/clouduser/spike/forex_spike_predictor/specialized/data/raw/EUR_USD/5m/latest.csv
2025-05-08 05:46:15,725 - Dashboard - INFO - Loading analyzed data for minimum from /home/clouduser/spike/forex_spike_predictor/specialized/data/analyzed/EUR_USD/5m/minimum/latest_analyzed.csv
2025-05-08 05:46:15,732 - Dashboard - INFO - Loaded 26 records from /home/clouduser/spike/forex_spike_predictor/specialized/data/analyzed/EUR_USD/5m/minimum/latest_analyzed.csv
2025-05-08 05:46:15,733 - Dashboard - INFO - Loading pattern data for minimum from /home/clouduser/spike/forex_spike_predictor/specialized/data/analyzed/EUR_USD/5m/minimum/latest_patterns.json
2025-05-08 05:46:15,734 - Dashboard - INFO - Loaded 1 pattern types with 16 instances from /home/clouduser/spike/forex_spike_predictor/specialized/data/analyzed/EUR_USD/5m/minimum/latest_patterns.json
2025-05-08 05:46:15,735 - Dashboard - INFO - Loading analyzed data for recommended from /home/clouduser/spike/forex_spike_predictor/specialized/data/analyzed/EUR_USD/5m/recommended/latest_analyzed.csv
2025-05-08 05:46:15,742 - Dashboard - INFO - Loaded 50 records from /home/clouduser/spike/forex_spike_predictor/specialized/data/analyzed/EUR_USD/5m/recommended/latest_analyzed.csv
2025-05-08 05:46:15,743 - Dashboard - INFO - Loading pattern data for recommended from /home/clouduser/spike/forex_spike_predictor/specialized/data/analyzed/EUR_USD/5m/recommended/latest_patterns.json
2025-05-08 05:46:15,743 - Dashboard - INFO - Loaded 1 pattern types with 40 instances from /home/clouduser/spike/forex_spike_predictor/specialized/data/analyzed/EUR_USD/5m/recommended/latest_patterns.json
2025-05-08 05:46:15,744 - Dashboard - INFO - Loading analyzed data for optimal from /home/clouduser/spike/forex_spike_predictor/specialized/data/analyzed/EUR_USD/5m/optimal/latest_analyzed.csv
2025-05-08 05:46:15,751 - Dashboard - INFO - Loaded 100 records from /home/clouduser/spike/forex_spike_predictor/specialized/data/analyzed/EUR_USD/5m/optimal/latest_analyzed.csv
2025-05-08 05:46:15,752 - Dashboard - INFO - Loading pattern data for optimal from /home/clouduser/spike/forex_spike_predictor/specialized/data/analyzed/EUR_USD/5m/optimal/latest_patterns.json
2025-05-08 05:46:15,752 - Dashboard - INFO - Loaded 1 pattern types with 90 instances from /home/clouduser/spike/forex_spike_predictor/specialized/data/analyzed/EUR_USD/5m/optimal/latest_patterns.json
2025-05-08 05:46:15,753 - Dashboard - INFO - Loading predictions from /home/clouduser/spike/forex_spike_predictor/specialized/data/predictions/EUR_USD/5m/latest_predictions.json
2025-05-08 05:46:15,755 - Dashboard - INFO - Loaded 3 predictions from /home/clouduser/spike/forex_spike_predictor/specialized/data/predictions/EUR_USD/5m/latest_predictions.json
2025-05-08 05:46:15,756 - Dashboard - WARNING - No files matching '_performance.json' found in /home/clouduser/spike/forex_spike_predictor/specialized/data/predictions/EUR_USD/5m
2025-05-08 05:46:18,561 - Dashboard - INFO - Loading raw data from /home/clouduser/spike/forex_spike_predictor/specialized/data/raw/EUR_USD/5m/latest.csv
2025-05-08 05:46:18,572 - Dashboard - INFO - Loaded 762 records from /home/clouduser/spike/forex_spike_predictor/specialized/data/raw/EUR_USD/5m/latest.csv
2025-05-08 05:46:18,574 - Dashboard - INFO - Loading analyzed data for minimum from /home/clouduser/spike/forex_spike_predictor/specialized/data/analyzed/EUR_USD/5m/minimum/latest_analyzed.csv
2025-05-08 05:46:18,578 - Dashboard - INFO - Loaded 26 records from /home/clouduser/spike/forex_spike_predictor/specialized/data/analyzed/EUR_USD/5m/minimum/latest_analyzed.csv
2025-05-08 05:46:18,579 - Dashboard - INFO - Loading pattern data for minimum from /home/clouduser/spike/forex_spike_predictor/specialized/data/analyzed/EUR_USD/5m/minimum/latest_patterns.json
2025-05-08 05:46:18,580 - Dashboard - INFO - Loaded 1 pattern types with 16 instances from /home/clouduser/spike/forex_spike_predictor/specialized/data/analyzed/EUR_USD/5m/minimum/latest_patterns.json
2025-05-08 05:46:18,580 - Dashboard - INFO - Loading analyzed data for recommended from /home/clouduser/spike/forex_spike_predictor/specialized/data/analyzed/EUR_USD/5m/recommended/latest_analyzed.csv
2025-05-08 05:46:18,584 - Dashboard - INFO - Loaded 50 records from /home/clouduser/spike/forex_spike_predictor/specialized/data/analyzed/EUR_USD/5m/recommended/latest_analyzed.csv
2025-05-08 05:46:18,585 - Dashboard - INFO - Loading pattern data for recommended from /home/clouduser/spike/forex_spike_predictor/specialized/data/analyzed/EUR_USD/5m/recommended/latest_patterns.json
2025-05-08 05:46:18,585 - Dashboard - INFO - Loaded 1 pattern types with 40 instances from /home/clouduser/spike/forex_spike_predictor/specialized/data/analyzed/EUR_USD/5m/recommended/latest_patterns.json
2025-05-08 05:46:18,586 - Dashboard - INFO - Loading analyzed data for optimal from /home/clouduser/spike/forex_spike_predictor/specialized/data/analyzed/EUR_USD/5m/optimal/latest_analyzed.csv
2025-05-08 05:46:18,590 - Dashboard - INFO - Loaded 100 records from /home/clouduser/spike/forex_spike_predictor/specialized/data/analyzed/EUR_USD/5m/optimal/latest_analyzed.csv
2025-05-08 05:46:18,591 - Dashboard - INFO - Loading pattern data for optimal from /home/clouduser/spike/forex_spike_predictor/specialized/data/analyzed/EUR_USD/5m/optimal/latest_patterns.json
2025-05-08 05:46:18,592 - Dashboard - INFO - Loaded 1 pattern types with 90 instances from /home/clouduser/spike/forex_spike_predictor/specialized/data/analyzed/EUR_USD/5m/optimal/latest_patterns.json
2025-05-08 05:46:18,593 - Dashboard - INFO - Loading predictions from /home/clouduser/spike/forex_spike_predictor/specialized/data/predictions/EUR_USD/5m/latest_predictions.json
2025-05-08 05:46:18,593 - Dashboard - INFO - Loaded 3 predictions from /home/clouduser/spike/forex_spike_predictor/specialized/data/predictions/EUR_USD/5m/latest_predictions.json
2025-05-08 05:46:18,594 - Dashboard - WARNING - No files matching '_performance.json' found in /home/clouduser/spike/forex_spike_predictor/specialized/data/predictions/EUR_USD/5m
  Stopping...
