
Collecting usage statistics. To deactivate, set browser.gatherUsageStats to false.


  You can now view your Streamlit app in your browser.

  Local URL: http://localhost:8501
  Network URL: http://192.168.8.123:8501
  External URL: http://78.89.203.75:8501

2025-05-08 06:00:07,493 - Dashboard - INFO - Initialized dashboard for EUR_USD with 5m timeframe
2025-05-08 06:00:07,493 - Dashboard - INFO - Data directory: /home/clouduser/spike/forex_spike_predictor/specialized/data
2025-05-08 06:00:07,494 - Dashboard - INFO - Starting data refresh thread with 60s interval
2025-05-08 06:00:07,496 - Dashboard - INFO - Loading raw data from /home/clouduser/spike/forex_spike_predictor/specialized/data/raw/EUR_USD/5m/latest.csv
2025-05-08 06:00:07,551 - Dashboard - INFO - Loaded 861 records from /home/clouduser/spike/forex_spike_predictor/specialized/data/raw/EUR_USD/5m/latest.csv
2025-05-08 06:00:07,554 - Dashboard - INFO - Loading analyzed data for minimum from /home/clouduser/spike/forex_spike_predictor/specialized/data/analyzed/EUR_USD/5m/minimum/latest_analyzed.csv
2025-05-08 06:00:07,562 - Dashboard - INFO - Loaded 26 records from /home/clouduser/spike/forex_spike_predictor/specialized/data/analyzed/EUR_USD/5m/minimum/latest_analyzed.csv
2025-05-08 06:00:07,563 - Dashboard - INFO - Loading pattern data for minimum from /home/clouduser/spike/forex_spike_predictor/specialized/data/analyzed/EUR_USD/5m/minimum/latest_patterns.json
2025-05-08 06:00:07,564 - Dashboard - INFO - Loaded 1 pattern types with 16 instances from /home/clouduser/spike/forex_spike_predictor/specialized/data/analyzed/EUR_USD/5m/minimum/latest_patterns.json
2025-05-08 06:00:07,564 - Dashboard - INFO - Loading analyzed data for recommended from /home/clouduser/spike/forex_spike_predictor/specialized/data/analyzed/EUR_USD/5m/recommended/latest_analyzed.csv
2025-05-08 06:00:07,571 - Dashboard - INFO - Loaded 50 records from /home/clouduser/spike/forex_spike_predictor/specialized/data/analyzed/EUR_USD/5m/recommended/latest_analyzed.csv
2025-05-08 06:00:07,571 - Dashboard - INFO - Loading pattern data for recommended from /home/clouduser/spike/forex_spike_predictor/specialized/data/analyzed/EUR_USD/5m/recommended/latest_patterns.json
2025-05-08 06:00:07,572 - Dashboard - INFO - Loaded 1 pattern types with 40 instances from /home/clouduser/spike/forex_spike_predictor/specialized/data/analyzed/EUR_USD/5m/recommended/latest_patterns.json
2025-05-08 06:00:07,573 - Dashboard - INFO - Loading analyzed data for optimal from /home/clouduser/spike/forex_spike_predictor/specialized/data/analyzed/EUR_USD/5m/optimal/latest_analyzed.csv
2025-05-08 06:00:07,581 - Dashboard - INFO - Loaded 100 records from /home/clouduser/spike/forex_spike_predictor/specialized/data/analyzed/EUR_USD/5m/optimal/latest_analyzed.csv
2025-05-08 06:00:07,582 - Dashboard - INFO - Loading pattern data for optimal from /home/clouduser/spike/forex_spike_predictor/specialized/data/analyzed/EUR_USD/5m/optimal/latest_patterns.json
2025-05-08 06:00:07,583 - Dashboard - INFO - Loaded 1 pattern types with 90 instances from /home/clouduser/spike/forex_spike_predictor/specialized/data/analyzed/EUR_USD/5m/optimal/latest_patterns.json
2025-05-08 06:00:07,583 - Dashboard - INFO - Loading predictions from /home/clouduser/spike/forex_spike_predictor/specialized/data/predictions/EUR_USD/5m/latest_predictions.json
2025-05-08 06:00:07,584 - Dashboard - INFO - Loaded 9 predictions from /home/clouduser/spike/forex_spike_predictor/specialized/data/predictions/EUR_USD/5m/latest_predictions.json
2025-05-08 06:00:07,585 - Dashboard - WARNING - No files matching '_performance.json' found in /home/clouduser/spike/forex_spike_predictor/specialized/data/predictions/EUR_USD/5m
2025-05-08 06:00:10,872 - Dashboard - INFO - Initialized dashboard for EUR_USD with 5m timeframe
2025-05-08 06:00:10,873 - Dashboard - INFO - Data directory: /home/clouduser/spike/forex_spike_predictor/specialized/data
2025-05-08 06:00:10,873 - Dashboard - INFO - Starting data refresh thread with 60s interval
2025-05-08 06:00:10,888 - Dashboard - INFO - Loading raw data from /home/clouduser/spike/forex_spike_predictor/specialized/data/raw/EUR_USD/5m/latest.csv
2025-05-08 06:00:10,940 - Dashboard - INFO - Loaded 861 records from /home/clouduser/spike/forex_spike_predictor/specialized/data/raw/EUR_USD/5m/latest.csv
2025-05-08 06:00:10,942 - Dashboard - INFO - Loading analyzed data for minimum from /home/clouduser/spike/forex_spike_predictor/specialized/data/analyzed/EUR_USD/5m/minimum/latest_analyzed.csv
2025-05-08 06:00:10,948 - Dashboard - INFO - Loaded 26 records from /home/clouduser/spike/forex_spike_predictor/specialized/data/analyzed/EUR_USD/5m/minimum/latest_analyzed.csv
2025-05-08 06:00:10,949 - Dashboard - INFO - Loading pattern data for minimum from /home/clouduser/spike/forex_spike_predictor/specialized/data/analyzed/EUR_USD/5m/minimum/latest_patterns.json
2025-05-08 06:00:10,949 - Dashboard - INFO - Loaded 1 pattern types with 16 instances from /home/clouduser/spike/forex_spike_predictor/specialized/data/analyzed/EUR_USD/5m/minimum/latest_patterns.json
2025-05-08 06:00:10,950 - Dashboard - INFO - Loading analyzed data for recommended from /home/clouduser/spike/forex_spike_predictor/specialized/data/analyzed/EUR_USD/5m/recommended/latest_analyzed.csv
2025-05-08 06:00:10,957 - Dashboard - INFO - Loaded 50 records from /home/clouduser/spike/forex_spike_predictor/specialized/data/analyzed/EUR_USD/5m/recommended/latest_analyzed.csv
2025-05-08 06:00:10,958 - Dashboard - INFO - Loading pattern data for recommended from /home/clouduser/spike/forex_spike_predictor/specialized/data/analyzed/EUR_USD/5m/recommended/latest_patterns.json
2025-05-08 06:00:10,958 - Dashboard - INFO - Loaded 1 pattern types with 40 instances from /home/clouduser/spike/forex_spike_predictor/specialized/data/analyzed/EUR_USD/5m/recommended/latest_patterns.json
2025-05-08 06:00:10,959 - Dashboard - INFO - Loading analyzed data for optimal from /home/clouduser/spike/forex_spike_predictor/specialized/data/analyzed/EUR_USD/5m/optimal/latest_analyzed.csv
2025-05-08 06:00:10,965 - Dashboard - INFO - Loaded 100 records from /home/clouduser/spike/forex_spike_predictor/specialized/data/analyzed/EUR_USD/5m/optimal/latest_analyzed.csv
2025-05-08 06:00:10,966 - Dashboard - INFO - Loading pattern data for optimal from /home/clouduser/spike/forex_spike_predictor/specialized/data/analyzed/EUR_USD/5m/optimal/latest_patterns.json
2025-05-08 06:00:10,967 - Dashboard - INFO - Loaded 1 pattern types with 90 instances from /home/clouduser/spike/forex_spike_predictor/specialized/data/analyzed/EUR_USD/5m/optimal/latest_patterns.json
2025-05-08 06:00:10,968 - Dashboard - INFO - Loading predictions from /home/clouduser/spike/forex_spike_predictor/specialized/data/predictions/EUR_USD/5m/latest_predictions.json
2025-05-08 06:00:10,968 - Dashboard - INFO - Loaded 9 predictions from /home/clouduser/spike/forex_spike_predictor/specialized/data/predictions/EUR_USD/5m/latest_predictions.json
2025-05-08 06:00:10,969 - Dashboard - WARNING - No files matching '_performance.json' found in /home/clouduser/spike/forex_spike_predictor/specialized/data/predictions/EUR_USD/5m
2025-05-08 06:00:39,877 - Dashboard - INFO - Initialized dashboard for EUR_USD with 5m timeframe
2025-05-08 06:00:39,877 - Dashboard - INFO - Data directory: /home/clouduser/spike/forex_spike_predictor/specialized/data
2025-05-08 06:00:39,878 - Dashboard - INFO - Starting data refresh thread with 60s interval
2025-05-08 06:00:39,890 - Dashboard - INFO - Loading raw data from /home/clouduser/spike/forex_spike_predictor/specialized/data/raw/EUR_USD/5m/latest.csv
2025-05-08 06:00:39,946 - Dashboard - INFO - Loaded 861 records from /home/clouduser/spike/forex_spike_predictor/specialized/data/raw/EUR_USD/5m/latest.csv
2025-05-08 06:00:39,947 - Dashboard - INFO - Loading analyzed data for minimum from /home/clouduser/spike/forex_spike_predictor/specialized/data/analyzed/EUR_USD/5m/minimum/latest_analyzed.csv
2025-05-08 06:00:39,953 - Dashboard - INFO - Loaded 26 records from /home/clouduser/spike/forex_spike_predictor/specialized/data/analyzed/EUR_USD/5m/minimum/latest_analyzed.csv
2025-05-08 06:00:39,954 - Dashboard - INFO - Loading pattern data for minimum from /home/clouduser/spike/forex_spike_predictor/specialized/data/analyzed/EUR_USD/5m/minimum/latest_patterns.json
2025-05-08 06:00:39,954 - Dashboard - INFO - Loaded 1 pattern types with 16 instances from /home/clouduser/spike/forex_spike_predictor/specialized/data/analyzed/EUR_USD/5m/minimum/latest_patterns.json
2025-05-08 06:00:39,955 - Dashboard - INFO - Loading analyzed data for recommended from /home/clouduser/spike/forex_spike_predictor/specialized/data/analyzed/EUR_USD/5m/recommended/latest_analyzed.csv
2025-05-08 06:00:39,962 - Dashboard - INFO - Loaded 50 records from /home/clouduser/spike/forex_spike_predictor/specialized/data/analyzed/EUR_USD/5m/recommended/latest_analyzed.csv
2025-05-08 06:00:39,963 - Dashboard - INFO - Loading pattern data for recommended from /home/clouduser/spike/forex_spike_predictor/specialized/data/analyzed/EUR_USD/5m/recommended/latest_patterns.json
2025-05-08 06:00:39,964 - Dashboard - INFO - Loaded 1 pattern types with 40 instances from /home/clouduser/spike/forex_spike_predictor/specialized/data/analyzed/EUR_USD/5m/recommended/latest_patterns.json
2025-05-08 06:00:39,965 - Dashboard - INFO - Loading analyzed data for optimal from /home/clouduser/spike/forex_spike_predictor/specialized/data/analyzed/EUR_USD/5m/optimal/latest_analyzed.csv
2025-05-08 06:00:39,972 - Dashboard - INFO - Loaded 100 records from /home/clouduser/spike/forex_spike_predictor/specialized/data/analyzed/EUR_USD/5m/optimal/latest_analyzed.csv
2025-05-08 06:00:39,973 - Dashboard - INFO - Loading pattern data for optimal from /home/clouduser/spike/forex_spike_predictor/specialized/data/analyzed/EUR_USD/5m/optimal/latest_patterns.json
2025-05-08 06:00:39,974 - Dashboard - INFO - Loaded 1 pattern types with 90 instances from /home/clouduser/spike/forex_spike_predictor/specialized/data/analyzed/EUR_USD/5m/optimal/latest_patterns.json
2025-05-08 06:00:39,975 - Dashboard - INFO - Loading predictions from /home/clouduser/spike/forex_spike_predictor/specialized/data/predictions/EUR_USD/5m/latest_predictions.json
2025-05-08 06:00:39,975 - Dashboard - INFO - Loaded 9 predictions from /home/clouduser/spike/forex_spike_predictor/specialized/data/predictions/EUR_USD/5m/latest_predictions.json
2025-05-08 06:00:39,976 - Dashboard - WARNING - No files matching '_performance.json' found in /home/clouduser/spike/forex_spike_predictor/specialized/data/predictions/EUR_USD/5m
2025-05-08 06:01:07,588 - Dashboard - INFO - Loading raw data from /home/clouduser/spike/forex_spike_predictor/specialized/data/raw/EUR_USD/5m/latest.csv
2025-05-08 06:01:07,601 - Dashboard - INFO - Loaded 861 records from /home/clouduser/spike/forex_spike_predictor/specialized/data/raw/EUR_USD/5m/latest.csv
2025-05-08 06:01:07,603 - Dashboard - INFO - Loading analyzed data for minimum from /home/clouduser/spike/forex_spike_predictor/specialized/data/analyzed/EUR_USD/5m/minimum/latest_analyzed.csv
2025-05-08 06:01:07,607 - Dashboard - INFO - Loaded 26 records from /home/clouduser/spike/forex_spike_predictor/specialized/data/analyzed/EUR_USD/5m/minimum/latest_analyzed.csv
2025-05-08 06:01:07,608 - Dashboard - INFO - Loading pattern data for minimum from /home/clouduser/spike/forex_spike_predictor/specialized/data/analyzed/EUR_USD/5m/minimum/latest_patterns.json
2025-05-08 06:01:07,608 - Dashboard - INFO - Loaded 1 pattern types with 16 instances from /home/clouduser/spike/forex_spike_predictor/specialized/data/analyzed/EUR_USD/5m/minimum/latest_patterns.json
2025-05-08 06:01:07,609 - Dashboard - INFO - Loading analyzed data for recommended from /home/clouduser/spike/forex_spike_predictor/specialized/data/analyzed/EUR_USD/5m/recommended/latest_analyzed.csv
2025-05-08 06:01:07,613 - Dashboard - INFO - Loaded 50 records from /home/clouduser/spike/forex_spike_predictor/specialized/data/analyzed/EUR_USD/5m/recommended/latest_analyzed.csv
2025-05-08 06:01:07,613 - Dashboard - INFO - Loading pattern data for recommended from /home/clouduser/spike/forex_spike_predictor/specialized/data/analyzed/EUR_USD/5m/recommended/latest_patterns.json
2025-05-08 06:01:07,614 - Dashboard - INFO - Loaded 1 pattern types with 40 instances from /home/clouduser/spike/forex_spike_predictor/specialized/data/analyzed/EUR_USD/5m/recommended/latest_patterns.json
2025-05-08 06:01:07,614 - Dashboard - INFO - Loading analyzed data for optimal from /home/clouduser/spike/forex_spike_predictor/specialized/data/analyzed/EUR_USD/5m/optimal/latest_analyzed.csv
2025-05-08 06:01:07,618 - Dashboard - INFO - Loaded 100 records from /home/clouduser/spike/forex_spike_predictor/specialized/data/analyzed/EUR_USD/5m/optimal/latest_analyzed.csv
2025-05-08 06:01:07,619 - Dashboard - INFO - Loading pattern data for optimal from /home/clouduser/spike/forex_spike_predictor/specialized/data/analyzed/EUR_USD/5m/optimal/latest_patterns.json
2025-05-08 06:01:07,619 - Dashboard - INFO - Loaded 1 pattern types with 90 instances from /home/clouduser/spike/forex_spike_predictor/specialized/data/analyzed/EUR_USD/5m/optimal/latest_patterns.json
2025-05-08 06:01:07,620 - Dashboard - INFO - Loading predictions from /home/clouduser/spike/forex_spike_predictor/specialized/data/predictions/EUR_USD/5m/latest_predictions.json
2025-05-08 06:01:07,620 - Dashboard - INFO - Loaded 9 predictions from /home/clouduser/spike/forex_spike_predictor/specialized/data/predictions/EUR_USD/5m/latest_predictions.json
2025-05-08 06:01:07,621 - Dashboard - WARNING - No files matching '_performance.json' found in /home/clouduser/spike/forex_spike_predictor/specialized/data/predictions/EUR_USD/5m
2025-05-08 06:01:10,972 - Dashboard - INFO - Loading raw data from /home/clouduser/spike/forex_spike_predictor/specialized/data/raw/EUR_USD/5m/latest.csv
2025-05-08 06:01:10,985 - Dashboard - INFO - Loaded 861 records from /home/clouduser/spike/forex_spike_predictor/specialized/data/raw/EUR_USD/5m/latest.csv
2025-05-08 06:01:10,987 - Dashboard - INFO - Loading analyzed data for minimum from /home/clouduser/spike/forex_spike_predictor/specialized/data/analyzed/EUR_USD/5m/minimum/latest_analyzed.csv
2025-05-08 06:01:10,992 - Dashboard - INFO - Loaded 26 records from /home/clouduser/spike/forex_spike_predictor/specialized/data/analyzed/EUR_USD/5m/minimum/latest_analyzed.csv
2025-05-08 06:01:10,994 - Dashboard - INFO - Loading pattern data for minimum from /home/clouduser/spike/forex_spike_predictor/specialized/data/analyzed/EUR_USD/5m/minimum/latest_patterns.json
2025-05-08 06:01:10,994 - Dashboard - INFO - Loaded 1 pattern types with 16 instances from /home/clouduser/spike/forex_spike_predictor/specialized/data/analyzed/EUR_USD/5m/minimum/latest_patterns.json
2025-05-08 06:01:10,995 - Dashboard - INFO - Loading analyzed data for recommended from /home/clouduser/spike/forex_spike_predictor/specialized/data/analyzed/EUR_USD/5m/recommended/latest_analyzed.csv
2025-05-08 06:01:11,001 - Dashboard - INFO - Loaded 50 records from /home/clouduser/spike/forex_spike_predictor/specialized/data/analyzed/EUR_USD/5m/recommended/latest_analyzed.csv
2025-05-08 06:01:11,002 - Dashboard - INFO - Loading pattern data for recommended from /home/clouduser/spike/forex_spike_predictor/specialized/data/analyzed/EUR_USD/5m/recommended/latest_patterns.json
2025-05-08 06:01:11,003 - Dashboard - INFO - Loaded 1 pattern types with 40 instances from /home/clouduser/spike/forex_spike_predictor/specialized/data/analyzed/EUR_USD/5m/recommended/latest_patterns.json
2025-05-08 06:01:11,004 - Dashboard - INFO - Loading analyzed data for optimal from /home/clouduser/spike/forex_spike_predictor/specialized/data/analyzed/EUR_USD/5m/optimal/latest_analyzed.csv
2025-05-08 06:01:11,008 - Dashboard - INFO - Loaded 100 records from /home/clouduser/spike/forex_spike_predictor/specialized/data/analyzed/EUR_USD/5m/optimal/latest_analyzed.csv
2025-05-08 06:01:11,009 - Dashboard - INFO - Loading pattern data for optimal from /home/clouduser/spike/forex_spike_predictor/specialized/data/analyzed/EUR_USD/5m/optimal/latest_patterns.json
2025-05-08 06:01:11,009 - Dashboard - INFO - Loaded 1 pattern types with 90 instances from /home/clouduser/spike/forex_spike_predictor/specialized/data/analyzed/EUR_USD/5m/optimal/latest_patterns.json
2025-05-08 06:01:11,010 - Dashboard - INFO - Loading predictions from /home/clouduser/spike/forex_spike_predictor/specialized/data/predictions/EUR_USD/5m/latest_predictions.json
2025-05-08 06:01:11,011 - Dashboard - INFO - Loaded 9 predictions from /home/clouduser/spike/forex_spike_predictor/specialized/data/predictions/EUR_USD/5m/latest_predictions.json
2025-05-08 06:01:11,011 - Dashboard - WARNING - No files matching '_performance.json' found in /home/clouduser/spike/forex_spike_predictor/specialized/data/predictions/EUR_USD/5m
  Stopping...
