
Collecting usage statistics. To deactivate, set browser.gatherUsageStats to false.


  You can now view your Streamlit app in your browser.

  Local URL: http://localhost:8501
  Network URL: http://192.168.8.123:8501
  External URL: http://78.89.203.75:8501

2025-05-08 06:08:18,679 - Dashboard - INFO - Initialized dashboard for EUR_USD with 5m timeframe
2025-05-08 06:08:18,679 - Dashboard - INFO - Data directory: /home/clouduser/spike/forex_spike_predictor/specialized/data
2025-05-08 06:08:18,680 - Dashboard - INFO - Starting data refresh thread with 60s interval
2025-05-08 06:08:18,682 - Dashboard - INFO - Loading raw data from /home/clouduser/spike/forex_spike_predictor/specialized/data/raw/EUR_USD/5m/latest.csv
2025-05-08 06:08:18,751 - Dashboard - INFO - Loaded 1058 records from /home/clouduser/spike/forex_spike_predictor/specialized/data/raw/EUR_USD/5m/latest.csv
2025-05-08 06:08:18,752 - Dashboard - INFO - Loading analyzed data for minimum from /home/clouduser/spike/forex_spike_predictor/specialized/data/analyzed/EUR_USD/5m/minimum/latest_analyzed.csv
2025-05-08 06:08:18,759 - Dashboard - INFO - Loaded 26 records from /home/clouduser/spike/forex_spike_predictor/specialized/data/analyzed/EUR_USD/5m/minimum/latest_analyzed.csv
2025-05-08 06:08:18,761 - Dashboard - INFO - Loading pattern data for minimum from /home/clouduser/spike/forex_spike_predictor/specialized/data/analyzed/EUR_USD/5m/minimum/latest_patterns.json
2025-05-08 06:08:18,761 - Dashboard - INFO - Loaded 1 pattern types with 16 instances from /home/clouduser/spike/forex_spike_predictor/specialized/data/analyzed/EUR_USD/5m/minimum/latest_patterns.json
2025-05-08 06:08:18,762 - Dashboard - INFO - Loading analyzed data for recommended from /home/clouduser/spike/forex_spike_predictor/specialized/data/analyzed/EUR_USD/5m/recommended/latest_analyzed.csv
2025-05-08 06:08:18,768 - Dashboard - INFO - Loaded 50 records from /home/clouduser/spike/forex_spike_predictor/specialized/data/analyzed/EUR_USD/5m/recommended/latest_analyzed.csv
2025-05-08 06:08:18,769 - Dashboard - INFO - Loading pattern data for recommended from /home/clouduser/spike/forex_spike_predictor/specialized/data/analyzed/EUR_USD/5m/recommended/latest_patterns.json
2025-05-08 06:08:18,770 - Dashboard - INFO - Loaded 1 pattern types with 40 instances from /home/clouduser/spike/forex_spike_predictor/specialized/data/analyzed/EUR_USD/5m/recommended/latest_patterns.json
2025-05-08 06:08:18,771 - Dashboard - INFO - Loading analyzed data for optimal from /home/clouduser/spike/forex_spike_predictor/specialized/data/analyzed/EUR_USD/5m/optimal/latest_analyzed.csv
2025-05-08 06:08:18,779 - Dashboard - INFO - Loaded 100 records from /home/clouduser/spike/forex_spike_predictor/specialized/data/analyzed/EUR_USD/5m/optimal/latest_analyzed.csv
2025-05-08 06:08:18,780 - Dashboard - INFO - Loading pattern data for optimal from /home/clouduser/spike/forex_spike_predictor/specialized/data/analyzed/EUR_USD/5m/optimal/latest_patterns.json
2025-05-08 06:08:18,780 - Dashboard - INFO - Loaded 1 pattern types with 90 instances from /home/clouduser/spike/forex_spike_predictor/specialized/data/analyzed/EUR_USD/5m/optimal/latest_patterns.json
2025-05-08 06:08:18,781 - Dashboard - INFO - Loading predictions from /home/clouduser/spike/forex_spike_predictor/specialized/data/predictions/EUR_USD/5m/latest_predictions.json
2025-05-08 06:08:18,782 - Dashboard - INFO - Loaded 15 predictions from /home/clouduser/spike/forex_spike_predictor/specialized/data/predictions/EUR_USD/5m/latest_predictions.json
2025-05-08 06:08:18,783 - Dashboard - WARNING - No files matching '_performance.json' found in /home/clouduser/spike/forex_spike_predictor/specialized/data/predictions/EUR_USD/5m
2025-05-08 06:08:20,975 - Dashboard - INFO - Initialized dashboard for EUR_USD with 5m timeframe
2025-05-08 06:08:20,975 - Dashboard - INFO - Data directory: /home/clouduser/spike/forex_spike_predictor/specialized/data
2025-05-08 06:08:20,977 - Dashboard - INFO - Starting data refresh thread with 60s interval
2025-05-08 06:08:20,996 - Dashboard - INFO - Loading raw data from /home/clouduser/spike/forex_spike_predictor/specialized/data/raw/EUR_USD/5m/latest.csv
2025-05-08 06:08:21,051 - Dashboard - INFO - Loaded 1058 records from /home/clouduser/spike/forex_spike_predictor/specialized/data/raw/EUR_USD/5m/latest.csv
2025-05-08 06:08:21,052 - Dashboard - INFO - Loading analyzed data for minimum from /home/clouduser/spike/forex_spike_predictor/specialized/data/analyzed/EUR_USD/5m/minimum/latest_analyzed.csv
2025-05-08 06:08:21,058 - Dashboard - INFO - Loaded 26 records from /home/clouduser/spike/forex_spike_predictor/specialized/data/analyzed/EUR_USD/5m/minimum/latest_analyzed.csv
2025-05-08 06:08:21,059 - Dashboard - INFO - Loading pattern data for minimum from /home/clouduser/spike/forex_spike_predictor/specialized/data/analyzed/EUR_USD/5m/minimum/latest_patterns.json
2025-05-08 06:08:21,060 - Dashboard - INFO - Loaded 1 pattern types with 16 instances from /home/clouduser/spike/forex_spike_predictor/specialized/data/analyzed/EUR_USD/5m/minimum/latest_patterns.json
2025-05-08 06:08:21,061 - Dashboard - INFO - Loading analyzed data for recommended from /home/clouduser/spike/forex_spike_predictor/specialized/data/analyzed/EUR_USD/5m/recommended/latest_analyzed.csv
2025-05-08 06:08:21,069 - Dashboard - INFO - Loaded 50 records from /home/clouduser/spike/forex_spike_predictor/specialized/data/analyzed/EUR_USD/5m/recommended/latest_analyzed.csv
2025-05-08 06:08:21,070 - Dashboard - INFO - Loading pattern data for recommended from /home/clouduser/spike/forex_spike_predictor/specialized/data/analyzed/EUR_USD/5m/recommended/latest_patterns.json
2025-05-08 06:08:21,070 - Dashboard - INFO - Loaded 1 pattern types with 40 instances from /home/clouduser/spike/forex_spike_predictor/specialized/data/analyzed/EUR_USD/5m/recommended/latest_patterns.json
2025-05-08 06:08:21,071 - Dashboard - INFO - Loading analyzed data for optimal from /home/clouduser/spike/forex_spike_predictor/specialized/data/analyzed/EUR_USD/5m/optimal/latest_analyzed.csv
2025-05-08 06:08:21,080 - Dashboard - INFO - Loaded 100 records from /home/clouduser/spike/forex_spike_predictor/specialized/data/analyzed/EUR_USD/5m/optimal/latest_analyzed.csv
2025-05-08 06:08:21,081 - Dashboard - INFO - Loading pattern data for optimal from /home/clouduser/spike/forex_spike_predictor/specialized/data/analyzed/EUR_USD/5m/optimal/latest_patterns.json
2025-05-08 06:08:21,081 - Dashboard - INFO - Loaded 1 pattern types with 90 instances from /home/clouduser/spike/forex_spike_predictor/specialized/data/analyzed/EUR_USD/5m/optimal/latest_patterns.json
2025-05-08 06:08:21,082 - Dashboard - INFO - Loading predictions from /home/clouduser/spike/forex_spike_predictor/specialized/data/predictions/EUR_USD/5m/latest_predictions.json
2025-05-08 06:08:21,084 - Dashboard - INFO - Loaded 15 predictions from /home/clouduser/spike/forex_spike_predictor/specialized/data/predictions/EUR_USD/5m/latest_predictions.json
2025-05-08 06:08:21,084 - Dashboard - WARNING - No files matching '_performance.json' found in /home/clouduser/spike/forex_spike_predictor/specialized/data/predictions/EUR_USD/5m
2025-05-08 06:09:07,296 - Dashboard - INFO - Initialized dashboard for EUR_USD with 5m timeframe
2025-05-08 06:09:07,296 - Dashboard - INFO - Data directory: /home/clouduser/spike/forex_spike_predictor/specialized/data
2025-05-08 06:09:07,297 - Dashboard - INFO - Starting data refresh thread with 60s interval
2025-05-08 06:09:07,309 - Dashboard - INFO - Loading raw data from /home/clouduser/spike/forex_spike_predictor/specialized/data/raw/EUR_USD/5m/latest.csv
2025-05-08 06:09:07,365 - Dashboard - INFO - Loaded 1058 records from /home/clouduser/spike/forex_spike_predictor/specialized/data/raw/EUR_USD/5m/latest.csv
2025-05-08 06:09:07,366 - Dashboard - INFO - Loading analyzed data for minimum from /home/clouduser/spike/forex_spike_predictor/specialized/data/analyzed/EUR_USD/5m/minimum/latest_analyzed.csv
2025-05-08 06:09:07,373 - Dashboard - INFO - Loaded 26 records from /home/clouduser/spike/forex_spike_predictor/specialized/data/analyzed/EUR_USD/5m/minimum/latest_analyzed.csv
2025-05-08 06:09:07,374 - Dashboard - INFO - Loading pattern data for minimum from /home/clouduser/spike/forex_spike_predictor/specialized/data/analyzed/EUR_USD/5m/minimum/latest_patterns.json
2025-05-08 06:09:07,375 - Dashboard - INFO - Loaded 1 pattern types with 16 instances from /home/clouduser/spike/forex_spike_predictor/specialized/data/analyzed/EUR_USD/5m/minimum/latest_patterns.json
2025-05-08 06:09:07,375 - Dashboard - INFO - Loading analyzed data for recommended from /home/clouduser/spike/forex_spike_predictor/specialized/data/analyzed/EUR_USD/5m/recommended/latest_analyzed.csv
2025-05-08 06:09:07,381 - Dashboard - INFO - Loaded 50 records from /home/clouduser/spike/forex_spike_predictor/specialized/data/analyzed/EUR_USD/5m/recommended/latest_analyzed.csv
2025-05-08 06:09:07,382 - Dashboard - INFO - Loading pattern data for recommended from /home/clouduser/spike/forex_spike_predictor/specialized/data/analyzed/EUR_USD/5m/recommended/latest_patterns.json
2025-05-08 06:09:07,383 - Dashboard - INFO - Loaded 1 pattern types with 40 instances from /home/clouduser/spike/forex_spike_predictor/specialized/data/analyzed/EUR_USD/5m/recommended/latest_patterns.json
2025-05-08 06:09:07,384 - Dashboard - INFO - Loading analyzed data for optimal from /home/clouduser/spike/forex_spike_predictor/specialized/data/analyzed/EUR_USD/5m/optimal/latest_analyzed.csv
2025-05-08 06:09:07,391 - Dashboard - INFO - Loaded 100 records from /home/clouduser/spike/forex_spike_predictor/specialized/data/analyzed/EUR_USD/5m/optimal/latest_analyzed.csv
2025-05-08 06:09:07,392 - Dashboard - INFO - Loading pattern data for optimal from /home/clouduser/spike/forex_spike_predictor/specialized/data/analyzed/EUR_USD/5m/optimal/latest_patterns.json
2025-05-08 06:09:07,393 - Dashboard - INFO - Loaded 1 pattern types with 90 instances from /home/clouduser/spike/forex_spike_predictor/specialized/data/analyzed/EUR_USD/5m/optimal/latest_patterns.json
2025-05-08 06:09:07,394 - Dashboard - INFO - Loading predictions from /home/clouduser/spike/forex_spike_predictor/specialized/data/predictions/EUR_USD/5m/latest_predictions.json
2025-05-08 06:09:07,395 - Dashboard - INFO - Loaded 15 predictions from /home/clouduser/spike/forex_spike_predictor/specialized/data/predictions/EUR_USD/5m/latest_predictions.json
2025-05-08 06:09:07,396 - Dashboard - WARNING - No files matching '_performance.json' found in /home/clouduser/spike/forex_spike_predictor/specialized/data/predictions/EUR_USD/5m
2025-05-08 06:09:18,786 - Dashboard - INFO - Loading raw data from /home/clouduser/spike/forex_spike_predictor/specialized/data/raw/EUR_USD/5m/latest.csv
2025-05-08 06:09:18,800 - Dashboard - INFO - Loaded 1058 records from /home/clouduser/spike/forex_spike_predictor/specialized/data/raw/EUR_USD/5m/latest.csv
2025-05-08 06:09:18,801 - Dashboard - INFO - Loading analyzed data for minimum from /home/clouduser/spike/forex_spike_predictor/specialized/data/analyzed/EUR_USD/5m/minimum/latest_analyzed.csv
2025-05-08 06:09:18,804 - Dashboard - INFO - Loaded 26 records from /home/clouduser/spike/forex_spike_predictor/specialized/data/analyzed/EUR_USD/5m/minimum/latest_analyzed.csv
2025-05-08 06:09:18,805 - Dashboard - INFO - Loading pattern data for minimum from /home/clouduser/spike/forex_spike_predictor/specialized/data/analyzed/EUR_USD/5m/minimum/latest_patterns.json
2025-05-08 06:09:18,806 - Dashboard - INFO - Loaded 1 pattern types with 16 instances from /home/clouduser/spike/forex_spike_predictor/specialized/data/analyzed/EUR_USD/5m/minimum/latest_patterns.json
2025-05-08 06:09:18,807 - Dashboard - INFO - Loading analyzed data for recommended from /home/clouduser/spike/forex_spike_predictor/specialized/data/analyzed/EUR_USD/5m/recommended/latest_analyzed.csv
2025-05-08 06:09:18,810 - Dashboard - INFO - Loaded 50 records from /home/clouduser/spike/forex_spike_predictor/specialized/data/analyzed/EUR_USD/5m/recommended/latest_analyzed.csv
2025-05-08 06:09:18,811 - Dashboard - INFO - Loading pattern data for recommended from /home/clouduser/spike/forex_spike_predictor/specialized/data/analyzed/EUR_USD/5m/recommended/latest_patterns.json
2025-05-08 06:09:18,812 - Dashboard - INFO - Loaded 1 pattern types with 40 instances from /home/clouduser/spike/forex_spike_predictor/specialized/data/analyzed/EUR_USD/5m/recommended/latest_patterns.json
2025-05-08 06:09:18,813 - Dashboard - INFO - Loading analyzed data for optimal from /home/clouduser/spike/forex_spike_predictor/specialized/data/analyzed/EUR_USD/5m/optimal/latest_analyzed.csv
2025-05-08 06:09:18,818 - Dashboard - INFO - Loaded 100 records from /home/clouduser/spike/forex_spike_predictor/specialized/data/analyzed/EUR_USD/5m/optimal/latest_analyzed.csv
2025-05-08 06:09:18,818 - Dashboard - INFO - Loading pattern data for optimal from /home/clouduser/spike/forex_spike_predictor/specialized/data/analyzed/EUR_USD/5m/optimal/latest_patterns.json
2025-05-08 06:09:18,819 - Dashboard - INFO - Loaded 1 pattern types with 90 instances from /home/clouduser/spike/forex_spike_predictor/specialized/data/analyzed/EUR_USD/5m/optimal/latest_patterns.json
2025-05-08 06:09:18,820 - Dashboard - INFO - Loading predictions from /home/clouduser/spike/forex_spike_predictor/specialized/data/predictions/EUR_USD/5m/latest_predictions.json
2025-05-08 06:09:18,820 - Dashboard - INFO - Loaded 15 predictions from /home/clouduser/spike/forex_spike_predictor/specialized/data/predictions/EUR_USD/5m/latest_predictions.json
2025-05-08 06:09:18,821 - Dashboard - WARNING - No files matching '_performance.json' found in /home/clouduser/spike/forex_spike_predictor/specialized/data/predictions/EUR_USD/5m
2025-05-08 06:09:21,089 - Dashboard - INFO - Loading raw data from /home/clouduser/spike/forex_spike_predictor/specialized/data/raw/EUR_USD/5m/latest.csv
2025-05-08 06:09:21,103 - Dashboard - INFO - Loaded 1058 records from /home/clouduser/spike/forex_spike_predictor/specialized/data/raw/EUR_USD/5m/latest.csv
2025-05-08 06:09:21,105 - Dashboard - INFO - Loading analyzed data for minimum from /home/clouduser/spike/forex_spike_predictor/specialized/data/analyzed/EUR_USD/5m/minimum/latest_analyzed.csv
2025-05-08 06:09:21,108 - Dashboard - INFO - Loaded 26 records from /home/clouduser/spike/forex_spike_predictor/specialized/data/analyzed/EUR_USD/5m/minimum/latest_analyzed.csv
2025-05-08 06:09:21,109 - Dashboard - INFO - Loading pattern data for minimum from /home/clouduser/spike/forex_spike_predictor/specialized/data/analyzed/EUR_USD/5m/minimum/latest_patterns.json
2025-05-08 06:09:21,110 - Dashboard - INFO - Loaded 1 pattern types with 16 instances from /home/clouduser/spike/forex_spike_predictor/specialized/data/analyzed/EUR_USD/5m/minimum/latest_patterns.json
2025-05-08 06:09:21,111 - Dashboard - INFO - Loading analyzed data for recommended from /home/clouduser/spike/forex_spike_predictor/specialized/data/analyzed/EUR_USD/5m/recommended/latest_analyzed.csv
2025-05-08 06:09:21,114 - Dashboard - INFO - Loaded 50 records from /home/clouduser/spike/forex_spike_predictor/specialized/data/analyzed/EUR_USD/5m/recommended/latest_analyzed.csv
2025-05-08 06:09:21,115 - Dashboard - INFO - Loading pattern data for recommended from /home/clouduser/spike/forex_spike_predictor/specialized/data/analyzed/EUR_USD/5m/recommended/latest_patterns.json
2025-05-08 06:09:21,116 - Dashboard - INFO - Loaded 1 pattern types with 40 instances from /home/clouduser/spike/forex_spike_predictor/specialized/data/analyzed/EUR_USD/5m/recommended/latest_patterns.json
2025-05-08 06:09:21,117 - Dashboard - INFO - Loading analyzed data for optimal from /home/clouduser/spike/forex_spike_predictor/specialized/data/analyzed/EUR_USD/5m/optimal/latest_analyzed.csv
2025-05-08 06:09:21,121 - Dashboard - INFO - Loaded 100 records from /home/clouduser/spike/forex_spike_predictor/specialized/data/analyzed/EUR_USD/5m/optimal/latest_analyzed.csv
2025-05-08 06:09:21,122 - Dashboard - INFO - Loading pattern data for optimal from /home/clouduser/spike/forex_spike_predictor/specialized/data/analyzed/EUR_USD/5m/optimal/latest_patterns.json
2025-05-08 06:09:21,122 - Dashboard - INFO - Loaded 1 pattern types with 90 instances from /home/clouduser/spike/forex_spike_predictor/specialized/data/analyzed/EUR_USD/5m/optimal/latest_patterns.json
2025-05-08 06:09:21,123 - Dashboard - INFO - Loading predictions from /home/clouduser/spike/forex_spike_predictor/specialized/data/predictions/EUR_USD/5m/latest_predictions.json
2025-05-08 06:09:21,124 - Dashboard - INFO - Loaded 15 predictions from /home/clouduser/spike/forex_spike_predictor/specialized/data/predictions/EUR_USD/5m/latest_predictions.json
2025-05-08 06:09:21,124 - Dashboard - WARNING - No files matching '_performance.json' found in /home/clouduser/spike/forex_spike_predictor/specialized/data/predictions/EUR_USD/5m
2025-05-08 06:10:07,400 - Dashboard - INFO - Loading raw data from /home/clouduser/spike/forex_spike_predictor/specialized/data/raw/EUR_USD/5m/latest.csv
2025-05-08 06:10:07,414 - Dashboard - INFO - Loaded 1108 records from /home/clouduser/spike/forex_spike_predictor/specialized/data/raw/EUR_USD/5m/latest.csv
2025-05-08 06:10:07,415 - Dashboard - INFO - Loading analyzed data for minimum from /home/clouduser/spike/forex_spike_predictor/specialized/data/analyzed/EUR_USD/5m/minimum/latest_analyzed.csv
2025-05-08 06:10:07,420 - Dashboard - INFO - Loaded 26 records from /home/clouduser/spike/forex_spike_predictor/specialized/data/analyzed/EUR_USD/5m/minimum/latest_analyzed.csv
2025-05-08 06:10:07,421 - Dashboard - INFO - Loading pattern data for minimum from /home/clouduser/spike/forex_spike_predictor/specialized/data/analyzed/EUR_USD/5m/minimum/latest_patterns.json
2025-05-08 06:10:07,422 - Dashboard - INFO - Loaded 1 pattern types with 16 instances from /home/clouduser/spike/forex_spike_predictor/specialized/data/analyzed/EUR_USD/5m/minimum/latest_patterns.json
2025-05-08 06:10:07,423 - Dashboard - INFO - Loading analyzed data for recommended from /home/clouduser/spike/forex_spike_predictor/specialized/data/analyzed/EUR_USD/5m/recommended/latest_analyzed.csv
2025-05-08 06:10:07,428 - Dashboard - INFO - Loaded 50 records from /home/clouduser/spike/forex_spike_predictor/specialized/data/analyzed/EUR_USD/5m/recommended/latest_analyzed.csv
2025-05-08 06:10:07,429 - Dashboard - INFO - Loading pattern data for recommended from /home/clouduser/spike/forex_spike_predictor/specialized/data/analyzed/EUR_USD/5m/recommended/latest_patterns.json
2025-05-08 06:10:07,429 - Dashboard - INFO - Loaded 1 pattern types with 40 instances from /home/clouduser/spike/forex_spike_predictor/specialized/data/analyzed/EUR_USD/5m/recommended/latest_patterns.json
2025-05-08 06:10:07,430 - Dashboard - INFO - Loading analyzed data for optimal from /home/clouduser/spike/forex_spike_predictor/specialized/data/analyzed/EUR_USD/5m/optimal/latest_analyzed.csv
2025-05-08 06:10:07,435 - Dashboard - INFO - Loaded 100 records from /home/clouduser/spike/forex_spike_predictor/specialized/data/analyzed/EUR_USD/5m/optimal/latest_analyzed.csv
2025-05-08 06:10:07,436 - Dashboard - INFO - Loading pattern data for optimal from /home/clouduser/spike/forex_spike_predictor/specialized/data/analyzed/EUR_USD/5m/optimal/latest_patterns.json
2025-05-08 06:10:07,437 - Dashboard - INFO - Loaded 1 pattern types with 90 instances from /home/clouduser/spike/forex_spike_predictor/specialized/data/analyzed/EUR_USD/5m/optimal/latest_patterns.json
2025-05-08 06:10:07,438 - Dashboard - INFO - Loading predictions from /home/clouduser/spike/forex_spike_predictor/specialized/data/predictions/EUR_USD/5m/latest_predictions.json
2025-05-08 06:10:07,438 - Dashboard - INFO - Loaded 16 predictions from /home/clouduser/spike/forex_spike_predictor/specialized/data/predictions/EUR_USD/5m/latest_predictions.json
2025-05-08 06:10:07,439 - Dashboard - WARNING - No files matching '_performance.json' found in /home/clouduser/spike/forex_spike_predictor/specialized/data/predictions/EUR_USD/5m
  Stopping...
