
Collecting usage statistics. To deactivate, set browser.gatherUsageStats to false.


  You can now view your Streamlit app in your browser.

  Local URL: http://localhost:8501
  Network URL: http://100.81.82.95:8501
  External URL: http://37.39.186.45:8501

2025-05-07 11:39:56,010 - Dashboard - INFO - Initialized dashboard for EUR_USD with 5m timeframe
2025-05-07 11:39:56,010 - Dashboard - INFO - Data directory: /home/clouduser/spike/forex_spike_predictor/specialized/data
2025-05-07 11:39:56,011 - Dashboard - INFO - Starting data refresh thread with 60s interval
2025-05-07 11:39:56,013 - Dashboard - INFO - Loading raw data from /home/clouduser/spike/forex_spike_predictor/specialized/data/raw/EUR_USD/5m/test.csv
2025-05-07 11:39:56,039 - Dashboard - ERROR - Error loading raw data: No columns to parse from file
2025-05-07 11:39:56,073 - Dashboard - INFO - Loading analyzed data for minimum from /home/clouduser/spike/forex_spike_predictor/specialized/data/analyzed/EUR_USD/5m/minimum/latest_analyzed.csv
2025-05-07 11:39:56,084 - Dashboard - INFO - Loaded 7 records from /home/clouduser/spike/forex_spike_predictor/specialized/data/analyzed/EUR_USD/5m/minimum/latest_analyzed.csv
2025-05-07 11:39:56,085 - Dashboard - INFO - Loading pattern data for minimum from /home/clouduser/spike/forex_spike_predictor/specialized/data/analyzed/EUR_USD/5m/minimum/latest_patterns.json
2025-05-07 11:39:56,086 - Dashboard - ERROR - Error loading pattern data for minimum: string indices must be integers, not 'str'
2025-05-07 11:39:56,087 - Dashboard - INFO - Loading analyzed data for recommended from /home/clouduser/spike/forex_spike_predictor/specialized/data/analyzed/EUR_USD/5m/recommended/latest_analyzed.csv
2025-05-07 11:39:56,094 - Dashboard - INFO - Loaded 7 records from /home/clouduser/spike/forex_spike_predictor/specialized/data/analyzed/EUR_USD/5m/recommended/latest_analyzed.csv
2025-05-07 11:39:56,095 - Dashboard - INFO - Loading pattern data for recommended from /home/clouduser/spike/forex_spike_predictor/specialized/data/analyzed/EUR_USD/5m/recommended/latest_patterns.json
2025-05-07 11:39:56,096 - Dashboard - ERROR - Error loading pattern data for recommended: string indices must be integers, not 'str'
2025-05-07 11:39:56,097 - Dashboard - INFO - Loading analyzed data for optimal from /home/clouduser/spike/forex_spike_predictor/specialized/data/analyzed/EUR_USD/5m/optimal/latest_analyzed.csv
2025-05-07 11:39:56,103 - Dashboard - INFO - Loaded 7 records from /home/clouduser/spike/forex_spike_predictor/specialized/data/analyzed/EUR_USD/5m/optimal/latest_analyzed.csv
2025-05-07 11:39:56,103 - Dashboard - INFO - Loading pattern data for optimal from /home/clouduser/spike/forex_spike_predictor/specialized/data/analyzed/EUR_USD/5m/optimal/latest_patterns.json
2025-05-07 11:39:56,104 - Dashboard - ERROR - Error loading pattern data for optimal: string indices must be integers, not 'str'
2025-05-07 11:39:56,105 - Dashboard - INFO - Loading predictions from /home/clouduser/spike/forex_spike_predictor/specialized/data/predictions/EUR_USD/5m/latest_predictions.json
2025-05-07 11:39:56,106 - Dashboard - INFO - Loaded 9 predictions from /home/clouduser/spike/forex_spike_predictor/specialized/data/predictions/EUR_USD/5m/latest_predictions.json
2025-05-07 11:39:56,106 - Dashboard - WARNING - No files matching '_performance.json' found in /home/clouduser/spike/forex_spike_predictor/specialized/data/predictions/EUR_USD/5m
[31m──[0m[31m────────────────────────[0m[31m [0m[1;31mTraceback [0m[1;2;31m(most recent call last)[0m[31m [0m[31m─────────────────────────[0m[31m──[0m
[31m [0m [2m/home/clouduser/spike/smart/lib/python3.11/site-packages/streamlit/runtime/scriptrun[0m [31m [0m
[31m [0m [2mner/[0m[1mexec_code.py[0m:121 in exec_func_with_error_handling                                [31m [0m
[31m [0m                                                                                      [31m [0m
[31m [0m [2m/home/clouduser/spike/smart/lib/python3.11/site-packages/streamlit/runtime/scriptrun[0m [31m [0m
[31m [0m [2mner/[0m[1mscript_runner.py[0m:648 in code_to_exec                                             [31m [0m
[31m [0m                                                                                      [31m [0m
[31m [0m [2m/home/clouduser/spike/forex_spike_predictor/specialized/dashboard/src/[0m[1mdashboard.py[0m:1 [31m [0m
[31m [0m 450 in <module>                                                                      [31m [0m
[31m [0m                                                                                      [31m [0m
[31m [0m   [2m1447 [0m[2m│   [0mdashboard.run_dashboard()                                                 [31m [0m
[31m [0m   [2m1448 [0m                                                                              [31m [0m
[31m [0m   [2m1449 [0m[94mif[0m [91m__name__[0m == [33m"[0m[33m__main__[0m[33m"[0m:                                                    [31m [0m
[31m [0m [31m❱ [0m1450 [2m│   [0m[1;4mmain()[0m                                                                    [31m [0m
[31m [0m   [2m1451 [0m                                                                              [31m [0m
[31m [0m                                                                                      [31m [0m
[31m [0m [2m/home/clouduser/spike/forex_spike_predictor/specialized/dashboard/src/[0m[1mdashboard.py[0m:1 [31m [0m
[31m [0m 447 in main                                                                          [31m [0m
[31m [0m                                                                                      [31m [0m
[31m [0m   [2m1444 [0m[2m│   [0mrefresh_thread.start()                                                    [31m [0m
[31m [0m   [2m1445 [0m[2m│   [0m                                                                          [31m [0m
[31m [0m   [2m1446 [0m[2m│   [0m[2m# Run dashboard[0m                                                           [31m [0m
[31m [0m [31m❱ [0m1447 [2m│   [0m[1;4mdashboard.run_dashboard()[0m                                                 [31m [0m
[31m [0m   [2m1448 [0m                                                                              [31m [0m
[31m [0m   [2m1449 [0m[94mif[0m [91m__name__[0m == [33m"[0m[33m__main__[0m[33m"[0m:                                                    [31m [0m
[31m [0m   [2m1450 [0m[2m│   [0mmain()                                                                    [31m [0m
[31m [0m                                                                                      [31m [0m
[31m [0m [2m/home/clouduser/spike/forex_spike_predictor/specialized/dashboard/src/[0m[1mdashboard.py[0m:1 [31m [0m
[31m [0m 133 in run_dashboard                                                                 [31m [0m
[31m [0m                                                                                      [31m [0m
[31m [0m   [2m1130 [0m[2m│   │   │   │   │   [0mlatest_pred = [96mself[0m.predictions[[33m'[0m[33mpredictions[0m[33m'[0m][-[94m1[0m]         [31m [0m
[31m [0m   [2m1131 [0m[2m│   │   │   │   │   [0mdirection = latest_pred[[33m'[0m[33mdirection[0m[33m'[0m]                      [31m [0m
[31m [0m   [2m1132 [0m[2m│   │   │   │   │   [0mconfidence = latest_pred[[33m'[0m[33mconfidence[0m[33m'[0m]                    [31m [0m
[31m [0m [31m❱ [0m1133 [2m│   │   │   │   │   [0mtimestamp = [1;4mlatest_pred[[0m[1;4;33m'[0m[1;4;33mtimestamp[0m[1;4;33m'[0m[1;4m][0m                      [31m [0m
[31m [0m   [2m1134 [0m[2m│   │   │   │   │   [0m                                                          [31m [0m
[31m [0m   [2m1135 [0m[2m│   │   │   │   │   [0m[94mif[0m [96misinstance[0m(timestamp, [96mstr[0m):                            [31m [0m
[31m [0m   [2m1136 [0m[2m│   │   │   │   │   │   [0mtimestamp = datetime.fromisoformat(timestamp.replace( [31m [0m
[31m────────────────────────────────────────────────────────────────────────────────────────[0m
[1;91mKeyError: [0m[32m'timestamp'[0m
2025-05-07 11:40:56,108 - Dashboard - INFO - Loading raw data from /home/clouduser/spike/forex_spike_predictor/specialized/data/raw/EUR_USD/5m/test.csv
2025-05-07 11:40:56,114 - Dashboard - ERROR - Error loading raw data: No columns to parse from file
2025-05-07 11:40:56,116 - Dashboard - INFO - Loading analyzed data for minimum from /home/clouduser/spike/forex_spike_predictor/specialized/data/analyzed/EUR_USD/5m/minimum/latest_analyzed.csv
2025-05-07 11:40:56,123 - Dashboard - INFO - Loaded 7 records from /home/clouduser/spike/forex_spike_predictor/specialized/data/analyzed/EUR_USD/5m/minimum/latest_analyzed.csv
2025-05-07 11:40:56,124 - Dashboard - INFO - Loading pattern data for minimum from /home/clouduser/spike/forex_spike_predictor/specialized/data/analyzed/EUR_USD/5m/minimum/latest_patterns.json
2025-05-07 11:40:56,125 - Dashboard - ERROR - Error loading pattern data for minimum: string indices must be integers, not 'str'
2025-05-07 11:40:56,125 - Dashboard - INFO - Loading analyzed data for recommended from /home/clouduser/spike/forex_spike_predictor/specialized/data/analyzed/EUR_USD/5m/recommended/latest_analyzed.csv
2025-05-07 11:40:56,128 - Dashboard - INFO - Loaded 7 records from /home/clouduser/spike/forex_spike_predictor/specialized/data/analyzed/EUR_USD/5m/recommended/latest_analyzed.csv
2025-05-07 11:40:56,129 - Dashboard - INFO - Loading pattern data for recommended from /home/clouduser/spike/forex_spike_predictor/specialized/data/analyzed/EUR_USD/5m/recommended/latest_patterns.json
2025-05-07 11:40:56,130 - Dashboard - ERROR - Error loading pattern data for recommended: string indices must be integers, not 'str'
2025-05-07 11:40:56,130 - Dashboard - INFO - Loading analyzed data for optimal from /home/clouduser/spike/forex_spike_predictor/specialized/data/analyzed/EUR_USD/5m/optimal/latest_analyzed.csv
2025-05-07 11:40:56,134 - Dashboard - INFO - Loaded 7 records from /home/clouduser/spike/forex_spike_predictor/specialized/data/analyzed/EUR_USD/5m/optimal/latest_analyzed.csv
2025-05-07 11:40:56,134 - Dashboard - INFO - Loading pattern data for optimal from /home/clouduser/spike/forex_spike_predictor/specialized/data/analyzed/EUR_USD/5m/optimal/latest_patterns.json
2025-05-07 11:40:56,135 - Dashboard - ERROR - Error loading pattern data for optimal: string indices must be integers, not 'str'
2025-05-07 11:40:56,136 - Dashboard - INFO - Loading predictions from /home/clouduser/spike/forex_spike_predictor/specialized/data/predictions/EUR_USD/5m/latest_predictions.json
2025-05-07 11:40:56,136 - Dashboard - INFO - Loaded 9 predictions from /home/clouduser/spike/forex_spike_predictor/specialized/data/predictions/EUR_USD/5m/latest_predictions.json
2025-05-07 11:40:56,136 - Dashboard - WARNING - No files matching '_performance.json' found in /home/clouduser/spike/forex_spike_predictor/specialized/data/predictions/EUR_USD/5m
2025-05-07 11:41:56,137 - Dashboard - INFO - Loading raw data from /home/clouduser/spike/forex_spike_predictor/specialized/data/raw/EUR_USD/5m/test.csv
2025-05-07 11:41:56,141 - Dashboard - ERROR - Error loading raw data: No columns to parse from file
2025-05-07 11:41:56,142 - Dashboard - INFO - Loading analyzed data for minimum from /home/clouduser/spike/forex_spike_predictor/specialized/data/analyzed/EUR_USD/5m/minimum/latest_analyzed.csv
2025-05-07 11:41:56,145 - Dashboard - INFO - Loaded 7 records from /home/clouduser/spike/forex_spike_predictor/specialized/data/analyzed/EUR_USD/5m/minimum/latest_analyzed.csv
2025-05-07 11:41:56,146 - Dashboard - INFO - Loading pattern data for minimum from /home/clouduser/spike/forex_spike_predictor/specialized/data/analyzed/EUR_USD/5m/minimum/latest_patterns.json
2025-05-07 11:41:56,146 - Dashboard - ERROR - Error loading pattern data for minimum: string indices must be integers, not 'str'
2025-05-07 11:41:56,147 - Dashboard - INFO - Loading analyzed data for recommended from /home/clouduser/spike/forex_spike_predictor/specialized/data/analyzed/EUR_USD/5m/recommended/latest_analyzed.csv
2025-05-07 11:41:56,151 - Dashboard - INFO - Loaded 7 records from /home/clouduser/spike/forex_spike_predictor/specialized/data/analyzed/EUR_USD/5m/recommended/latest_analyzed.csv
2025-05-07 11:41:56,152 - Dashboard - INFO - Loading pattern data for recommended from /home/clouduser/spike/forex_spike_predictor/specialized/data/analyzed/EUR_USD/5m/recommended/latest_patterns.json
2025-05-07 11:41:56,152 - Dashboard - ERROR - Error loading pattern data for recommended: string indices must be integers, not 'str'
2025-05-07 11:41:56,153 - Dashboard - INFO - Loading analyzed data for optimal from /home/clouduser/spike/forex_spike_predictor/specialized/data/analyzed/EUR_USD/5m/optimal/latest_analyzed.csv
2025-05-07 11:41:56,156 - Dashboard - INFO - Loaded 7 records from /home/clouduser/spike/forex_spike_predictor/specialized/data/analyzed/EUR_USD/5m/optimal/latest_analyzed.csv
2025-05-07 11:41:56,156 - Dashboard - INFO - Loading pattern data for optimal from /home/clouduser/spike/forex_spike_predictor/specialized/data/analyzed/EUR_USD/5m/optimal/latest_patterns.json
2025-05-07 11:41:56,157 - Dashboard - ERROR - Error loading pattern data for optimal: string indices must be integers, not 'str'
2025-05-07 11:41:56,157 - Dashboard - INFO - Loading predictions from /home/clouduser/spike/forex_spike_predictor/specialized/data/predictions/EUR_USD/5m/latest_predictions.json
2025-05-07 11:41:56,158 - Dashboard - INFO - Loaded 9 predictions from /home/clouduser/spike/forex_spike_predictor/specialized/data/predictions/EUR_USD/5m/latest_predictions.json
2025-05-07 11:41:56,158 - Dashboard - WARNING - No files matching '_performance.json' found in /home/clouduser/spike/forex_spike_predictor/specialized/data/predictions/EUR_USD/5m
2025-05-07 11:42:34,282 - Dashboard - INFO - Initialized dashboard for EUR_USD with 5m timeframe
2025-05-07 11:42:34,282 - Dashboard - INFO - Data directory: /home/clouduser/spike/forex_spike_predictor/specialized/data
2025-05-07 11:42:34,283 - Dashboard - INFO - Starting data refresh thread with 60s interval
2025-05-07 11:42:34,295 - Dashboard - INFO - Loading raw data from /home/clouduser/spike/forex_spike_predictor/specialized/data/raw/EUR_USD/5m/test.csv
2025-05-07 11:42:34,299 - Dashboard - ERROR - Error loading raw data: No columns to parse from file
2025-05-07 11:42:34,339 - Dashboard - INFO - Loading analyzed data for minimum from /home/clouduser/spike/forex_spike_predictor/specialized/data/analyzed/EUR_USD/5m/minimum/latest_analyzed.csv
2025-05-07 11:42:34,349 - Dashboard - INFO - Loaded 7 records from /home/clouduser/spike/forex_spike_predictor/specialized/data/analyzed/EUR_USD/5m/minimum/latest_analyzed.csv
2025-05-07 11:42:34,350 - Dashboard - INFO - Loading pattern data for minimum from /home/clouduser/spike/forex_spike_predictor/specialized/data/analyzed/EUR_USD/5m/minimum/latest_patterns.json
2025-05-07 11:42:34,352 - Dashboard - ERROR - Error loading pattern data for minimum: string indices must be integers, not 'str'
2025-05-07 11:42:34,353 - Dashboard - INFO - Loading analyzed data for recommended from /home/clouduser/spike/forex_spike_predictor/specialized/data/analyzed/EUR_USD/5m/recommended/latest_analyzed.csv
2025-05-07 11:42:34,359 - Dashboard - INFO - Loaded 7 records from /home/clouduser/spike/forex_spike_predictor/specialized/data/analyzed/EUR_USD/5m/recommended/latest_analyzed.csv
2025-05-07 11:42:34,360 - Dashboard - INFO - Loading pattern data for recommended from /home/clouduser/spike/forex_spike_predictor/specialized/data/analyzed/EUR_USD/5m/recommended/latest_patterns.json
2025-05-07 11:42:34,361 - Dashboard - ERROR - Error loading pattern data for recommended: string indices must be integers, not 'str'
2025-05-07 11:42:34,362 - Dashboard - INFO - Loading analyzed data for optimal from /home/clouduser/spike/forex_spike_predictor/specialized/data/analyzed/EUR_USD/5m/optimal/latest_analyzed.csv
2025-05-07 11:42:34,369 - Dashboard - INFO - Loaded 7 records from /home/clouduser/spike/forex_spike_predictor/specialized/data/analyzed/EUR_USD/5m/optimal/latest_analyzed.csv
2025-05-07 11:42:34,370 - Dashboard - INFO - Loading pattern data for optimal from /home/clouduser/spike/forex_spike_predictor/specialized/data/analyzed/EUR_USD/5m/optimal/latest_patterns.json
2025-05-07 11:42:34,371 - Dashboard - ERROR - Error loading pattern data for optimal: string indices must be integers, not 'str'
2025-05-07 11:42:34,372 - Dashboard - INFO - Loading predictions from /home/clouduser/spike/forex_spike_predictor/specialized/data/predictions/EUR_USD/5m/latest_predictions.json
2025-05-07 11:42:34,373 - Dashboard - INFO - Loaded 7 predictions from /home/clouduser/spike/forex_spike_predictor/specialized/data/predictions/EUR_USD/5m/latest_predictions.json
2025-05-07 11:42:34,373 - Dashboard - WARNING - No files matching '_performance.json' found in /home/clouduser/spike/forex_spike_predictor/specialized/data/predictions/EUR_USD/5m
2025-05-07 11:42:56,161 - Dashboard - INFO - Loading raw data from /home/clouduser/spike/forex_spike_predictor/specialized/data/raw/EUR_USD/5m/test.csv
2025-05-07 11:42:56,164 - Dashboard - ERROR - Error loading raw data: No columns to parse from file
2025-05-07 11:42:56,166 - Dashboard - INFO - Loading analyzed data for minimum from /home/clouduser/spike/forex_spike_predictor/specialized/data/analyzed/EUR_USD/5m/minimum/latest_analyzed.csv
2025-05-07 11:42:56,172 - Dashboard - INFO - Loaded 7 records from /home/clouduser/spike/forex_spike_predictor/specialized/data/analyzed/EUR_USD/5m/minimum/latest_analyzed.csv
2025-05-07 11:42:56,174 - Dashboard - INFO - Loading pattern data for minimum from /home/clouduser/spike/forex_spike_predictor/specialized/data/analyzed/EUR_USD/5m/minimum/latest_patterns.json
2025-05-07 11:42:56,174 - Dashboard - ERROR - Error loading pattern data for minimum: string indices must be integers, not 'str'
2025-05-07 11:42:56,175 - Dashboard - INFO - Loading analyzed data for recommended from /home/clouduser/spike/forex_spike_predictor/specialized/data/analyzed/EUR_USD/5m/recommended/latest_analyzed.csv
2025-05-07 11:42:56,179 - Dashboard - INFO - Loaded 7 records from /home/clouduser/spike/forex_spike_predictor/specialized/data/analyzed/EUR_USD/5m/recommended/latest_analyzed.csv
2025-05-07 11:42:56,180 - Dashboard - INFO - Loading pattern data for recommended from /home/clouduser/spike/forex_spike_predictor/specialized/data/analyzed/EUR_USD/5m/recommended/latest_patterns.json
2025-05-07 11:42:56,180 - Dashboard - ERROR - Error loading pattern data for recommended: string indices must be integers, not 'str'
2025-05-07 11:42:56,181 - Dashboard - INFO - Loading analyzed data for optimal from /home/clouduser/spike/forex_spike_predictor/specialized/data/analyzed/EUR_USD/5m/optimal/latest_analyzed.csv
2025-05-07 11:42:56,184 - Dashboard - INFO - Loaded 7 records from /home/clouduser/spike/forex_spike_predictor/specialized/data/analyzed/EUR_USD/5m/optimal/latest_analyzed.csv
2025-05-07 11:42:56,185 - Dashboard - INFO - Loading pattern data for optimal from /home/clouduser/spike/forex_spike_predictor/specialized/data/analyzed/EUR_USD/5m/optimal/latest_patterns.json
2025-05-07 11:42:56,185 - Dashboard - ERROR - Error loading pattern data for optimal: string indices must be integers, not 'str'
2025-05-07 11:42:56,186 - Dashboard - INFO - Loading predictions from /home/clouduser/spike/forex_spike_predictor/specialized/data/predictions/EUR_USD/5m/latest_predictions.json
2025-05-07 11:42:56,190 - Dashboard - INFO - Loaded 7 predictions from /home/clouduser/spike/forex_spike_predictor/specialized/data/predictions/EUR_USD/5m/latest_predictions.json
2025-05-07 11:42:56,190 - Dashboard - WARNING - No files matching '_performance.json' found in /home/clouduser/spike/forex_spike_predictor/specialized/data/predictions/EUR_USD/5m
2025-05-07 11:43:11,410 - Dashboard - INFO - Initialized dashboard for EUR_USD with 5m timeframe
2025-05-07 11:43:11,410 - Dashboard - INFO - Data directory: /home/clouduser/spike/forex_spike_predictor/specialized/data
2025-05-07 11:43:11,411 - Dashboard - INFO - Starting data refresh thread with 60s interval
2025-05-07 11:43:11,424 - Dashboard - INFO - Loading raw data from /home/clouduser/spike/forex_spike_predictor/specialized/data/raw/EUR_USD/5m/test.csv
2025-05-07 11:43:11,429 - Dashboard - ERROR - Error loading raw data: No columns to parse from file
2025-05-07 11:43:11,470 - Dashboard - INFO - Loading analyzed data for minimum from /home/clouduser/spike/forex_spike_predictor/specialized/data/analyzed/EUR_USD/5m/minimum/latest_analyzed.csv
2025-05-07 11:43:11,478 - Dashboard - INFO - Loaded 7 records from /home/clouduser/spike/forex_spike_predictor/specialized/data/analyzed/EUR_USD/5m/minimum/latest_analyzed.csv
2025-05-07 11:43:11,480 - Dashboard - INFO - Loading pattern data for minimum from /home/clouduser/spike/forex_spike_predictor/specialized/data/analyzed/EUR_USD/5m/minimum/latest_patterns.json
2025-05-07 11:43:11,481 - Dashboard - ERROR - Error loading pattern data for minimum: string indices must be integers, not 'str'
2025-05-07 11:43:11,483 - Dashboard - INFO - Loading analyzed data for recommended from /home/clouduser/spike/forex_spike_predictor/specialized/data/analyzed/EUR_USD/5m/recommended/latest_analyzed.csv
2025-05-07 11:43:11,488 - Dashboard - INFO - Loaded 7 records from /home/clouduser/spike/forex_spike_predictor/specialized/data/analyzed/EUR_USD/5m/recommended/latest_analyzed.csv
2025-05-07 11:43:11,489 - Dashboard - INFO - Loading pattern data for recommended from /home/clouduser/spike/forex_spike_predictor/specialized/data/analyzed/EUR_USD/5m/recommended/latest_patterns.json
2025-05-07 11:43:11,490 - Dashboard - ERROR - Error loading pattern data for recommended: string indices must be integers, not 'str'
2025-05-07 11:43:11,491 - Dashboard - INFO - Loading analyzed data for optimal from /home/clouduser/spike/forex_spike_predictor/specialized/data/analyzed/EUR_USD/5m/optimal/latest_analyzed.csv
2025-05-07 11:43:11,497 - Dashboard - INFO - Loaded 7 records from /home/clouduser/spike/forex_spike_predictor/specialized/data/analyzed/EUR_USD/5m/optimal/latest_analyzed.csv
2025-05-07 11:43:11,498 - Dashboard - INFO - Loading pattern data for optimal from /home/clouduser/spike/forex_spike_predictor/specialized/data/analyzed/EUR_USD/5m/optimal/latest_patterns.json
2025-05-07 11:43:11,500 - Dashboard - ERROR - Error loading pattern data for optimal: string indices must be integers, not 'str'
2025-05-07 11:43:11,500 - Dashboard - INFO - Loading predictions from /home/clouduser/spike/forex_spike_predictor/specialized/data/predictions/EUR_USD/5m/latest_predictions.json
2025-05-07 11:43:11,501 - Dashboard - INFO - Loaded 7 predictions from /home/clouduser/spike/forex_spike_predictor/specialized/data/predictions/EUR_USD/5m/latest_predictions.json
2025-05-07 11:43:11,502 - Dashboard - WARNING - No files matching '_performance.json' found in /home/clouduser/spike/forex_spike_predictor/specialized/data/predictions/EUR_USD/5m
2025-05-07 11:43:34,376 - Dashboard - INFO - Loading raw data from /home/clouduser/spike/forex_spike_predictor/specialized/data/raw/EUR_USD/5m/test.csv
2025-05-07 11:43:34,378 - Dashboard - ERROR - Error loading raw data: No columns to parse from file
2025-05-07 11:43:34,380 - Dashboard - INFO - Loading analyzed data for minimum from /home/clouduser/spike/forex_spike_predictor/specialized/data/analyzed/EUR_USD/5m/minimum/latest_analyzed.csv
2025-05-07 11:43:34,388 - Dashboard - INFO - Loaded 7 records from /home/clouduser/spike/forex_spike_predictor/specialized/data/analyzed/EUR_USD/5m/minimum/latest_analyzed.csv
2025-05-07 11:43:34,390 - Dashboard - INFO - Loading pattern data for minimum from /home/clouduser/spike/forex_spike_predictor/specialized/data/analyzed/EUR_USD/5m/minimum/latest_patterns.json
2025-05-07 11:43:34,391 - Dashboard - ERROR - Error loading pattern data for minimum: string indices must be integers, not 'str'
2025-05-07 11:43:34,391 - Dashboard - INFO - Loading analyzed data for recommended from /home/clouduser/spike/forex_spike_predictor/specialized/data/analyzed/EUR_USD/5m/recommended/latest_analyzed.csv
2025-05-07 11:43:34,397 - Dashboard - INFO - Loaded 7 records from /home/clouduser/spike/forex_spike_predictor/specialized/data/analyzed/EUR_USD/5m/recommended/latest_analyzed.csv
2025-05-07 11:43:34,398 - Dashboard - INFO - Loading pattern data for recommended from /home/clouduser/spike/forex_spike_predictor/specialized/data/analyzed/EUR_USD/5m/recommended/latest_patterns.json
2025-05-07 11:43:34,399 - Dashboard - ERROR - Error loading pattern data for recommended: string indices must be integers, not 'str'
2025-05-07 11:43:34,400 - Dashboard - INFO - Loading analyzed data for optimal from /home/clouduser/spike/forex_spike_predictor/specialized/data/analyzed/EUR_USD/5m/optimal/latest_analyzed.csv
2025-05-07 11:43:34,403 - Dashboard - INFO - Loaded 7 records from /home/clouduser/spike/forex_spike_predictor/specialized/data/analyzed/EUR_USD/5m/optimal/latest_analyzed.csv
2025-05-07 11:43:34,404 - Dashboard - INFO - Loading pattern data for optimal from /home/clouduser/spike/forex_spike_predictor/specialized/data/analyzed/EUR_USD/5m/optimal/latest_patterns.json
2025-05-07 11:43:34,404 - Dashboard - ERROR - Error loading pattern data for optimal: string indices must be integers, not 'str'
2025-05-07 11:43:34,405 - Dashboard - INFO - Loading predictions from /home/clouduser/spike/forex_spike_predictor/specialized/data/predictions/EUR_USD/5m/latest_predictions.json
2025-05-07 11:43:34,405 - Dashboard - INFO - Loaded 7 predictions from /home/clouduser/spike/forex_spike_predictor/specialized/data/predictions/EUR_USD/5m/latest_predictions.json
2025-05-07 11:43:34,406 - Dashboard - WARNING - No files matching '_performance.json' found in /home/clouduser/spike/forex_spike_predictor/specialized/data/predictions/EUR_USD/5m
2025-05-07 11:43:56,193 - Dashboard - INFO - Loading raw data from /home/clouduser/spike/forex_spike_predictor/specialized/data/raw/EUR_USD/5m/test.csv
2025-05-07 11:43:56,195 - Dashboard - ERROR - Error loading raw data: No columns to parse from file
2025-05-07 11:43:56,196 - Dashboard - INFO - Loading analyzed data for minimum from /home/clouduser/spike/forex_spike_predictor/specialized/data/analyzed/EUR_USD/5m/minimum/latest_analyzed.csv
2025-05-07 11:43:56,202 - Dashboard - INFO - Loaded 7 records from /home/clouduser/spike/forex_spike_predictor/specialized/data/analyzed/EUR_USD/5m/minimum/latest_analyzed.csv
2025-05-07 11:43:56,203 - Dashboard - INFO - Loading pattern data for minimum from /home/clouduser/spike/forex_spike_predictor/specialized/data/analyzed/EUR_USD/5m/minimum/latest_patterns.json
2025-05-07 11:43:56,204 - Dashboard - ERROR - Error loading pattern data for minimum: string indices must be integers, not 'str'
2025-05-07 11:43:56,205 - Dashboard - INFO - Loading analyzed data for recommended from /home/clouduser/spike/forex_spike_predictor/specialized/data/analyzed/EUR_USD/5m/recommended/latest_analyzed.csv
2025-05-07 11:43:56,209 - Dashboard - INFO - Loaded 7 records from /home/clouduser/spike/forex_spike_predictor/specialized/data/analyzed/EUR_USD/5m/recommended/latest_analyzed.csv
2025-05-07 11:43:56,209 - Dashboard - INFO - Loading pattern data for recommended from /home/clouduser/spike/forex_spike_predictor/specialized/data/analyzed/EUR_USD/5m/recommended/latest_patterns.json
2025-05-07 11:43:56,210 - Dashboard - ERROR - Error loading pattern data for recommended: string indices must be integers, not 'str'
2025-05-07 11:43:56,211 - Dashboard - INFO - Loading analyzed data for optimal from /home/clouduser/spike/forex_spike_predictor/specialized/data/analyzed/EUR_USD/5m/optimal/latest_analyzed.csv
2025-05-07 11:43:56,214 - Dashboard - INFO - Loaded 7 records from /home/clouduser/spike/forex_spike_predictor/specialized/data/analyzed/EUR_USD/5m/optimal/latest_analyzed.csv
2025-05-07 11:43:56,214 - Dashboard - INFO - Loading pattern data for optimal from /home/clouduser/spike/forex_spike_predictor/specialized/data/analyzed/EUR_USD/5m/optimal/latest_patterns.json
2025-05-07 11:43:56,215 - Dashboard - ERROR - Error loading pattern data for optimal: string indices must be integers, not 'str'
2025-05-07 11:43:56,216 - Dashboard - INFO - Loading predictions from /home/clouduser/spike/forex_spike_predictor/specialized/data/predictions/EUR_USD/5m/latest_predictions.json
2025-05-07 11:43:56,216 - Dashboard - INFO - Loaded 7 predictions from /home/clouduser/spike/forex_spike_predictor/specialized/data/predictions/EUR_USD/5m/latest_predictions.json
2025-05-07 11:43:56,217 - Dashboard - WARNING - No files matching '_performance.json' found in /home/clouduser/spike/forex_spike_predictor/specialized/data/predictions/EUR_USD/5m
  Stopping...
