2025-05-08 05:57:02,228 - PredictionEngine - INFO - Initialized prediction engine for EUR_USD with 5m timeframe
2025-05-08 05:57:02,228 - PredictionEngine - INFO - Analyzed data directory: /home/clouduser/spike/forex_spike_predictor/specialized/data/analyzed
2025-05-08 05:57:02,228 - PredictionEngine - INFO - Prediction output directory: /home/clouduser/spike/forex_spike_predictor/specialized/data/predictions
2025-05-08 05:57:02,228 - PredictionEngine - INFO - Starting prediction loop at 300s intervals
2025-05-08 05:57:02,228 - PredictionEngine - INFO - Prediction run #1
2025-05-08 05:57:02,228 - PredictionEngine - INFO - Generating prediction using optimal data and ensemble_method method
2025-05-08 05:57:02,230 - PredictionEngine - INFO - Found latest analyzed data file for optimal: /home/clouduser/spike/forex_spike_predictor/specialized/data/analyzed/EUR_USD/5m/optimal/latest_analyzed.csv
2025-05-08 05:57:02,230 - PredictionEngine - INFO - Loading analyzed data from /home/clouduser/spike/forex_spike_predictor/specialized/data/analyzed/EUR_USD/5m/optimal/latest_analyzed.csv
2025-05-08 05:57:02,241 - PredictionEngine - INFO - Loaded 100 records from /home/clouduser/spike/forex_spike_predictor/specialized/data/analyzed/EUR_USD/5m/optimal/latest_analyzed.csv
2025-05-08 05:57:02,241 - PredictionEngine - INFO - Found latest pattern data file for optimal: /home/clouduser/spike/forex_spike_predictor/specialized/data/analyzed/EUR_USD/5m/optimal/latest_patterns.json
2025-05-08 05:57:02,242 - PredictionEngine - INFO - Loading pattern data from /home/clouduser/spike/forex_spike_predictor/specialized/data/analyzed/EUR_USD/5m/optimal/latest_patterns.json
2025-05-08 05:57:02,242 - PredictionEngine - INFO - Loaded 1 pattern types with 90 instances from /home/clouduser/spike/forex_spike_predictor/specialized/data/analyzed/EUR_USD/5m/optimal/latest_patterns.json
2025-05-08 05:57:02,243 - PredictionEngine - INFO - Generating technical prediction
2025-05-08 05:57:02,243 - PredictionEngine - INFO - Technical prediction: NEUTRAL with 0.50 confidence
2025-05-08 05:57:02,243 - PredictionEngine - INFO - Generating pattern-based prediction
2025-05-08 05:57:02,243 - PredictionEngine - INFO - Pattern prediction: NEUTRAL with 0.50 confidence
2025-05-08 05:57:02,243 - PredictionEngine - INFO - Found 0 bullish and 0 bearish patterns
2025-05-08 05:57:02,243 - PredictionEngine - INFO - Generating ensemble prediction
2025-05-08 05:57:02,243 - PredictionEngine - INFO - Ensemble prediction: NEUTRAL with 0.50 confidence
2025-05-08 05:57:02,243 - PredictionEngine - INFO - Calculating pip targets with ATR multiplier 1.5
2025-05-08 05:57:02,243 - PredictionEngine - INFO - Calculated pip target: 0.0 pips
2025-05-08 05:57:02,243 - PredictionEngine - INFO - Take profit: 1.12976, Stop loss: 1.12976
2025-05-08 05:57:02,245 - PredictionEngine - INFO - Saved prediction to /home/clouduser/spike/forex_spike_predictor/specialized/data/predictions/EUR_USD/5m/20250508_EUR_USD_5m_predictions.json
2025-05-08 05:57:02,245 - PredictionEngine - INFO - Generated prediction: NEUTRAL with 0.50 confidence
2025-05-08 05:57:02,245 - PredictionEngine - INFO - Prediction: NEUTRAL with 0.50 confidence
2025-05-08 05:57:02,245 - PredictionEngine - INFO - Waiting 300s until next prediction run
2025-05-08 06:02:02,246 - PredictionEngine - INFO - Prediction run #2
2025-05-08 06:02:02,246 - PredictionEngine - INFO - Generating prediction using optimal data and ensemble_method method
2025-05-08 06:02:02,247 - PredictionEngine - INFO - Found latest analyzed data file for optimal: /home/clouduser/spike/forex_spike_predictor/specialized/data/analyzed/EUR_USD/5m/optimal/latest_analyzed.csv
2025-05-08 06:02:02,247 - PredictionEngine - INFO - Loading analyzed data from /home/clouduser/spike/forex_spike_predictor/specialized/data/analyzed/EUR_USD/5m/optimal/latest_analyzed.csv
2025-05-08 06:02:02,257 - PredictionEngine - INFO - Loaded 100 records from /home/clouduser/spike/forex_spike_predictor/specialized/data/analyzed/EUR_USD/5m/optimal/latest_analyzed.csv
2025-05-08 06:02:02,257 - PredictionEngine - INFO - Found latest pattern data file for optimal: /home/clouduser/spike/forex_spike_predictor/specialized/data/analyzed/EUR_USD/5m/optimal/latest_patterns.json
2025-05-08 06:02:02,257 - PredictionEngine - INFO - Loading pattern data from /home/clouduser/spike/forex_spike_predictor/specialized/data/analyzed/EUR_USD/5m/optimal/latest_patterns.json
2025-05-08 06:02:02,258 - PredictionEngine - INFO - Loaded 1 pattern types with 90 instances from /home/clouduser/spike/forex_spike_predictor/specialized/data/analyzed/EUR_USD/5m/optimal/latest_patterns.json
2025-05-08 06:02:02,259 - PredictionEngine - INFO - Generating technical prediction
2025-05-08 06:02:02,259 - PredictionEngine - INFO - Technical prediction: NEUTRAL with 0.50 confidence
2025-05-08 06:02:02,259 - PredictionEngine - INFO - Generating pattern-based prediction
2025-05-08 06:02:02,259 - PredictionEngine - INFO - Pattern prediction: NEUTRAL with 0.50 confidence
2025-05-08 06:02:02,259 - PredictionEngine - INFO - Found 0 bullish and 0 bearish patterns
2025-05-08 06:02:02,259 - PredictionEngine - INFO - Generating ensemble prediction
2025-05-08 06:02:02,259 - PredictionEngine - INFO - Ensemble prediction: NEUTRAL with 0.50 confidence
2025-05-08 06:02:02,260 - PredictionEngine - INFO - Calculating pip targets with ATR multiplier 1.5
2025-05-08 06:02:02,260 - PredictionEngine - INFO - Calculated pip target: 0.0 pips
2025-05-08 06:02:02,260 - PredictionEngine - INFO - Take profit: 1.12976, Stop loss: 1.12976
2025-05-08 06:02:02,262 - PredictionEngine - INFO - Saved prediction to /home/clouduser/spike/forex_spike_predictor/specialized/data/predictions/EUR_USD/5m/20250508_EUR_USD_5m_predictions.json
2025-05-08 06:02:02,262 - PredictionEngine - INFO - Generated prediction: NEUTRAL with 0.50 confidence
2025-05-08 06:02:02,262 - PredictionEngine - INFO - Prediction: NEUTRAL with 0.50 confidence
2025-05-08 06:02:02,263 - PredictionEngine - INFO - Waiting 300s until next prediction run
2025-05-08 06:07:02,263 - PredictionEngine - INFO - Prediction run #3
2025-05-08 06:07:02,264 - PredictionEngine - INFO - Generating prediction using optimal data and ensemble_method method
2025-05-08 06:07:02,266 - PredictionEngine - INFO - Found latest analyzed data file for optimal: /home/clouduser/spike/forex_spike_predictor/specialized/data/analyzed/EUR_USD/5m/optimal/latest_analyzed.csv
2025-05-08 06:07:02,267 - PredictionEngine - INFO - Loading analyzed data from /home/clouduser/spike/forex_spike_predictor/specialized/data/analyzed/EUR_USD/5m/optimal/latest_analyzed.csv
2025-05-08 06:07:02,281 - PredictionEngine - INFO - Loaded 100 records from /home/clouduser/spike/forex_spike_predictor/specialized/data/analyzed/EUR_USD/5m/optimal/latest_analyzed.csv
2025-05-08 06:07:02,283 - PredictionEngine - INFO - Found latest pattern data file for optimal: /home/clouduser/spike/forex_spike_predictor/specialized/data/analyzed/EUR_USD/5m/optimal/latest_patterns.json
2025-05-08 06:07:02,283 - PredictionEngine - INFO - Loading pattern data from /home/clouduser/spike/forex_spike_predictor/specialized/data/analyzed/EUR_USD/5m/optimal/latest_patterns.json
2025-05-08 06:07:02,284 - PredictionEngine - INFO - Loaded 1 pattern types with 90 instances from /home/clouduser/spike/forex_spike_predictor/specialized/data/analyzed/EUR_USD/5m/optimal/latest_patterns.json
2025-05-08 06:07:02,284 - PredictionEngine - INFO - Generating technical prediction
2025-05-08 06:07:02,285 - PredictionEngine - INFO - Technical prediction: NEUTRAL with 0.50 confidence
2025-05-08 06:07:02,285 - PredictionEngine - INFO - Generating pattern-based prediction
2025-05-08 06:07:02,285 - PredictionEngine - INFO - Pattern prediction: NEUTRAL with 0.50 confidence
2025-05-08 06:07:02,286 - PredictionEngine - INFO - Found 0 bullish and 0 bearish patterns
2025-05-08 06:07:02,286 - PredictionEngine - INFO - Generating ensemble prediction
2025-05-08 06:07:02,286 - PredictionEngine - INFO - Ensemble prediction: NEUTRAL with 0.50 confidence
2025-05-08 06:07:02,286 - PredictionEngine - INFO - Calculating pip targets with ATR multiplier 1.5
2025-05-08 06:07:02,286 - PredictionEngine - INFO - Calculated pip target: 0.0 pips
2025-05-08 06:07:02,287 - PredictionEngine - INFO - Take profit: 1.13044, Stop loss: 1.13044
2025-05-08 06:07:02,290 - PredictionEngine - INFO - Saved prediction to /home/clouduser/spike/forex_spike_predictor/specialized/data/predictions/EUR_USD/5m/20250508_EUR_USD_5m_predictions.json
2025-05-08 06:07:02,290 - PredictionEngine - INFO - Generated prediction: NEUTRAL with 0.50 confidence
2025-05-08 06:07:02,291 - PredictionEngine - INFO - Prediction: NEUTRAL with 0.50 confidence
2025-05-08 06:07:02,291 - PredictionEngine - INFO - Waiting 300s until next prediction run
2025-05-08 06:12:02,291 - PredictionEngine - INFO - Prediction run #4
2025-05-08 06:12:02,296 - PredictionEngine - INFO - Generating prediction using optimal data and ensemble_method method
2025-05-08 06:12:02,298 - PredictionEngine - INFO - Found latest analyzed data file for optimal: /home/clouduser/spike/forex_spike_predictor/specialized/data/analyzed/EUR_USD/5m/optimal/latest_analyzed.csv
2025-05-08 06:12:02,298 - PredictionEngine - INFO - Loading analyzed data from /home/clouduser/spike/forex_spike_predictor/specialized/data/analyzed/EUR_USD/5m/optimal/latest_analyzed.csv
2025-05-08 06:12:02,311 - PredictionEngine - INFO - Loaded 100 records from /home/clouduser/spike/forex_spike_predictor/specialized/data/analyzed/EUR_USD/5m/optimal/latest_analyzed.csv
2025-05-08 06:12:02,312 - PredictionEngine - INFO - Found latest pattern data file for optimal: /home/clouduser/spike/forex_spike_predictor/specialized/data/analyzed/EUR_USD/5m/optimal/latest_patterns.json
2025-05-08 06:12:02,312 - PredictionEngine - INFO - Loading pattern data from /home/clouduser/spike/forex_spike_predictor/specialized/data/analyzed/EUR_USD/5m/optimal/latest_patterns.json
2025-05-08 06:12:02,313 - PredictionEngine - INFO - Loaded 1 pattern types with 90 instances from /home/clouduser/spike/forex_spike_predictor/specialized/data/analyzed/EUR_USD/5m/optimal/latest_patterns.json
2025-05-08 06:12:02,313 - PredictionEngine - INFO - Generating technical prediction
2025-05-08 06:12:02,314 - PredictionEngine - INFO - Technical prediction: DOWN with 0.60 confidence
2025-05-08 06:12:02,314 - PredictionEngine - INFO - Generating pattern-based prediction
2025-05-08 06:12:02,314 - PredictionEngine - INFO - Pattern prediction: NEUTRAL with 0.50 confidence
2025-05-08 06:12:02,314 - PredictionEngine - INFO - Found 0 bullish and 0 bearish patterns
2025-05-08 06:12:02,314 - PredictionEngine - INFO - Generating ensemble prediction
2025-05-08 06:12:02,314 - PredictionEngine - INFO - Ensemble prediction: DOWN with 0.32 confidence
2025-05-08 06:12:02,314 - PredictionEngine - INFO - Calculating pip targets with ATR multiplier 1.5
2025-05-08 06:12:02,315 - PredictionEngine - INFO - Calculated pip target: 0.8 pips
2025-05-08 06:12:02,315 - PredictionEngine - INFO - Take profit: 1.12994, Stop loss: 1.13008
2025-05-08 06:12:02,318 - PredictionEngine - INFO - Saved prediction to /home/clouduser/spike/forex_spike_predictor/specialized/data/predictions/EUR_USD/5m/20250508_EUR_USD_5m_predictions.json
2025-05-08 06:12:02,318 - PredictionEngine - INFO - Generated prediction: DOWN with 0.32 confidence
2025-05-08 06:12:02,318 - PredictionEngine - INFO - Prediction: DOWN with 0.32 confidence
2025-05-08 06:12:02,318 - PredictionEngine - INFO - Waiting 300s until next prediction run
