2025-05-08 06:46:37,062 - PredictionEngine - INFO - Initialized prediction engine for EUR_USD with 5m timeframe
2025-05-08 06:46:37,066 - PredictionEngine - INFO - Analyzed data directory: /home/clouduser/spike/forex_spike_predictor/specialized/data/analyzed
2025-05-08 06:46:37,066 - PredictionEngine - INFO - Prediction output directory: /home/clouduser/spike/forex_spike_predictor/specialized/data/predictions
2025-05-08 06:46:37,066 - PredictionEngine - INFO - Starting prediction loop at 300s intervals
2025-05-08 06:46:37,066 - PredictionEngine - INFO - Prediction run #1
2025-05-08 06:46:37,066 - PredictionEngine - INFO - Generating prediction using optimal data and ensemble_method method
2025-05-08 06:46:37,067 - PredictionEngine - INFO - Found latest analyzed data file for optimal: /home/clouduser/spike/forex_spike_predictor/specialized/data/analyzed/EUR_USD/5m/optimal/latest_analyzed.csv
2025-05-08 06:46:37,067 - PredictionEngine - INFO - Loading analyzed data from /home/clouduser/spike/forex_spike_predictor/specialized/data/analyzed/EUR_USD/5m/optimal/latest_analyzed.csv
2025-05-08 06:46:37,083 - PredictionEngine - INFO - Loaded 100 records from /home/clouduser/spike/forex_spike_predictor/specialized/data/analyzed/EUR_USD/5m/optimal/latest_analyzed.csv
2025-05-08 06:46:37,084 - PredictionEngine - INFO - Found latest pattern data file for optimal: /home/clouduser/spike/forex_spike_predictor/specialized/data/analyzed/EUR_USD/5m/optimal/latest_patterns.json
2025-05-08 06:46:37,084 - PredictionEngine - INFO - Loading pattern data from /home/clouduser/spike/forex_spike_predictor/specialized/data/analyzed/EUR_USD/5m/optimal/latest_patterns.json
2025-05-08 06:46:37,085 - PredictionEngine - INFO - Loaded 15 pattern types with 90 instances from /home/clouduser/spike/forex_spike_predictor/specialized/data/analyzed/EUR_USD/5m/optimal/latest_patterns.json
2025-05-08 06:46:37,085 - PredictionEngine - INFO - Generating technical prediction
2025-05-08 06:46:37,086 - PredictionEngine - INFO - Technical prediction: UP with 0.69 confidence
2025-05-08 06:46:37,086 - PredictionEngine - INFO - Generating pattern-based prediction
2025-05-08 06:46:37,086 - PredictionEngine - INFO - Pattern prediction: NEUTRAL with 0.50 confidence
2025-05-08 06:46:37,086 - PredictionEngine - INFO - Found 0 bullish and 0 bearish patterns
2025-05-08 06:46:37,086 - PredictionEngine - INFO - Generating ensemble prediction
2025-05-08 06:46:37,086 - PredictionEngine - INFO - Ensemble prediction: UP with 0.37 confidence
2025-05-08 06:46:37,086 - PredictionEngine - INFO - Calculating pip targets with ATR multiplier 1.5
2025-05-08 06:46:37,086 - PredictionEngine - INFO - Calculated pip target: 0.8 pips
2025-05-08 06:46:37,086 - PredictionEngine - INFO - Take profit: 1.12799, Stop loss: 1.12786
2025-05-08 06:46:37,090 - PredictionEngine - INFO - Saved prediction to /home/clouduser/spike/forex_spike_predictor/specialized/data/predictions/EUR_USD/5m/20250508_EUR_USD_5m_predictions.json
2025-05-08 06:46:37,090 - PredictionEngine - INFO - Generated prediction: UP with 0.37 confidence
2025-05-08 06:46:37,090 - PredictionEngine - INFO - Prediction: UP with 0.37 confidence
2025-05-08 06:46:37,090 - PredictionEngine - INFO - Waiting 300s until next prediction run
2025-05-08 06:51:37,091 - PredictionEngine - INFO - Prediction run #2
2025-05-08 06:51:37,096 - PredictionEngine - INFO - Generating prediction using optimal data and ensemble_method method
2025-05-08 06:51:37,098 - PredictionEngine - INFO - Found latest analyzed data file for optimal: /home/clouduser/spike/forex_spike_predictor/specialized/data/analyzed/EUR_USD/5m/optimal/latest_analyzed.csv
2025-05-08 06:51:37,098 - PredictionEngine - INFO - Loading analyzed data from /home/clouduser/spike/forex_spike_predictor/specialized/data/analyzed/EUR_USD/5m/optimal/latest_analyzed.csv
2025-05-08 06:51:37,112 - PredictionEngine - INFO - Loaded 100 records from /home/clouduser/spike/forex_spike_predictor/specialized/data/analyzed/EUR_USD/5m/optimal/latest_analyzed.csv
2025-05-08 06:51:37,113 - PredictionEngine - INFO - Found latest pattern data file for optimal: /home/clouduser/spike/forex_spike_predictor/specialized/data/analyzed/EUR_USD/5m/optimal/latest_patterns.json
2025-05-08 06:51:37,113 - PredictionEngine - INFO - Loading pattern data from /home/clouduser/spike/forex_spike_predictor/specialized/data/analyzed/EUR_USD/5m/optimal/latest_patterns.json
2025-05-08 06:51:37,114 - PredictionEngine - INFO - Loaded 15 pattern types with 90 instances from /home/clouduser/spike/forex_spike_predictor/specialized/data/analyzed/EUR_USD/5m/optimal/latest_patterns.json
2025-05-08 06:51:37,114 - PredictionEngine - INFO - Generating technical prediction
2025-05-08 06:51:37,115 - PredictionEngine - INFO - Technical prediction: UP with 0.73 confidence
2025-05-08 06:51:37,115 - PredictionEngine - INFO - Generating pattern-based prediction
2025-05-08 06:51:37,115 - PredictionEngine - INFO - Pattern prediction: NEUTRAL with 0.50 confidence
2025-05-08 06:51:37,115 - PredictionEngine - INFO - Found 0 bullish and 0 bearish patterns
2025-05-08 06:51:37,115 - PredictionEngine - INFO - Generating ensemble prediction
2025-05-08 06:51:37,115 - PredictionEngine - INFO - Ensemble prediction: UP with 0.39 confidence
2025-05-08 06:51:37,115 - PredictionEngine - INFO - Calculating pip targets with ATR multiplier 1.5
2025-05-08 06:51:37,116 - PredictionEngine - INFO - Calculated pip target: 0.9 pips
2025-05-08 06:51:37,116 - PredictionEngine - INFO - Take profit: 1.12879, Stop loss: 1.12864
2025-05-08 06:51:37,120 - PredictionEngine - INFO - Saved prediction to /home/clouduser/spike/forex_spike_predictor/specialized/data/predictions/EUR_USD/5m/20250508_EUR_USD_5m_predictions.json
2025-05-08 06:51:37,120 - PredictionEngine - INFO - Generated prediction: UP with 0.39 confidence
2025-05-08 06:51:37,120 - PredictionEngine - INFO - Prediction: UP with 0.39 confidence
2025-05-08 06:51:37,120 - PredictionEngine - INFO - Waiting 300s until next prediction run
2025-05-08 06:56:37,121 - PredictionEngine - INFO - Prediction run #3
2025-05-08 06:56:37,121 - PredictionEngine - INFO - Generating prediction using optimal data and ensemble_method method
2025-05-08 06:56:37,122 - PredictionEngine - INFO - Found latest analyzed data file for optimal: /home/clouduser/spike/forex_spike_predictor/specialized/data/analyzed/EUR_USD/5m/optimal/latest_analyzed.csv
2025-05-08 06:56:37,122 - PredictionEngine - INFO - Loading analyzed data from /home/clouduser/spike/forex_spike_predictor/specialized/data/analyzed/EUR_USD/5m/optimal/latest_analyzed.csv
2025-05-08 06:56:37,128 - PredictionEngine - INFO - Loaded 100 records from /home/clouduser/spike/forex_spike_predictor/specialized/data/analyzed/EUR_USD/5m/optimal/latest_analyzed.csv
2025-05-08 06:56:37,128 - PredictionEngine - INFO - Found latest pattern data file for optimal: /home/clouduser/spike/forex_spike_predictor/specialized/data/analyzed/EUR_USD/5m/optimal/latest_patterns.json
2025-05-08 06:56:37,128 - PredictionEngine - INFO - Loading pattern data from /home/clouduser/spike/forex_spike_predictor/specialized/data/analyzed/EUR_USD/5m/optimal/latest_patterns.json
2025-05-08 06:56:37,129 - PredictionEngine - INFO - Loaded 15 pattern types with 90 instances from /home/clouduser/spike/forex_spike_predictor/specialized/data/analyzed/EUR_USD/5m/optimal/latest_patterns.json
2025-05-08 06:56:37,129 - PredictionEngine - INFO - Generating technical prediction
2025-05-08 06:56:37,130 - PredictionEngine - INFO - Technical prediction: UP with 0.64 confidence
2025-05-08 06:56:37,130 - PredictionEngine - INFO - Generating pattern-based prediction
2025-05-08 06:56:37,130 - PredictionEngine - INFO - Pattern prediction: NEUTRAL with 0.50 confidence
2025-05-08 06:56:37,130 - PredictionEngine - INFO - Found 0 bullish and 0 bearish patterns
2025-05-08 06:56:37,130 - PredictionEngine - INFO - Generating ensemble prediction
2025-05-08 06:56:37,130 - PredictionEngine - INFO - Ensemble prediction: UP with 0.34 confidence
2025-05-08 06:56:37,130 - PredictionEngine - INFO - Calculating pip targets with ATR multiplier 1.5
2025-05-08 06:56:37,130 - PredictionEngine - INFO - Calculated pip target: 0.4 pips
2025-05-08 06:56:37,130 - PredictionEngine - INFO - Take profit: 1.12849, Stop loss: 1.12842
2025-05-08 06:56:37,134 - PredictionEngine - INFO - Saved prediction to /home/clouduser/spike/forex_spike_predictor/specialized/data/predictions/EUR_USD/5m/20250508_EUR_USD_5m_predictions.json
2025-05-08 06:56:37,134 - PredictionEngine - INFO - Generated prediction: UP with 0.34 confidence
2025-05-08 06:56:37,134 - PredictionEngine - INFO - Prediction: UP with 0.34 confidence
2025-05-08 06:56:37,134 - PredictionEngine - INFO - Waiting 300s until next prediction run
2025-05-08 07:01:37,134 - PredictionEngine - INFO - Prediction run #4
2025-05-08 07:01:37,140 - PredictionEngine - INFO - Generating prediction using optimal data and ensemble_method method
2025-05-08 07:01:37,141 - PredictionEngine - INFO - Found latest analyzed data file for optimal: /home/clouduser/spike/forex_spike_predictor/specialized/data/analyzed/EUR_USD/5m/optimal/latest_analyzed.csv
2025-05-08 07:01:37,141 - PredictionEngine - INFO - Loading analyzed data from /home/clouduser/spike/forex_spike_predictor/specialized/data/analyzed/EUR_USD/5m/optimal/latest_analyzed.csv
2025-05-08 07:01:37,157 - PredictionEngine - INFO - Loaded 100 records from /home/clouduser/spike/forex_spike_predictor/specialized/data/analyzed/EUR_USD/5m/optimal/latest_analyzed.csv
2025-05-08 07:01:37,158 - PredictionEngine - INFO - Found latest pattern data file for optimal: /home/clouduser/spike/forex_spike_predictor/specialized/data/analyzed/EUR_USD/5m/optimal/latest_patterns.json
2025-05-08 07:01:37,158 - PredictionEngine - INFO - Loading pattern data from /home/clouduser/spike/forex_spike_predictor/specialized/data/analyzed/EUR_USD/5m/optimal/latest_patterns.json
2025-05-08 07:01:37,159 - PredictionEngine - INFO - Loaded 15 pattern types with 90 instances from /home/clouduser/spike/forex_spike_predictor/specialized/data/analyzed/EUR_USD/5m/optimal/latest_patterns.json
2025-05-08 07:01:37,159 - PredictionEngine - INFO - Generating technical prediction
2025-05-08 07:01:37,160 - PredictionEngine - INFO - Technical prediction: UP with 0.62 confidence
2025-05-08 07:01:37,160 - PredictionEngine - INFO - Generating pattern-based prediction
2025-05-08 07:01:37,160 - PredictionEngine - INFO - Pattern prediction: NEUTRAL with 0.50 confidence
2025-05-08 07:01:37,160 - PredictionEngine - INFO - Found 0 bullish and 0 bearish patterns
2025-05-08 07:01:37,160 - PredictionEngine - INFO - Generating ensemble prediction
2025-05-08 07:01:37,160 - PredictionEngine - INFO - Ensemble prediction: UP with 0.33 confidence
2025-05-08 07:01:37,160 - PredictionEngine - INFO - Calculating pip targets with ATR multiplier 1.5
2025-05-08 07:01:37,161 - PredictionEngine - INFO - Calculated pip target: 0.7 pips
2025-05-08 07:01:37,161 - PredictionEngine - INFO - Take profit: 1.12795, Stop loss: 1.12784
2025-05-08 07:01:37,169 - PredictionEngine - INFO - Saved prediction to /home/clouduser/spike/forex_spike_predictor/specialized/data/predictions/EUR_USD/5m/20250508_EUR_USD_5m_predictions.json
2025-05-08 07:01:37,169 - PredictionEngine - INFO - Generated prediction: UP with 0.33 confidence
2025-05-08 07:01:37,169 - PredictionEngine - INFO - Prediction: UP with 0.33 confidence
2025-05-08 07:01:37,169 - PredictionEngine - INFO - Waiting 300s until next prediction run
2025-05-08 07:06:37,169 - PredictionEngine - INFO - Prediction run #5
2025-05-08 07:06:37,175 - PredictionEngine - INFO - Generating prediction using optimal data and ensemble_method method
2025-05-08 07:06:37,180 - PredictionEngine - INFO - Found latest analyzed data file for optimal: /home/clouduser/spike/forex_spike_predictor/specialized/data/analyzed/EUR_USD/5m/optimal/latest_analyzed.csv
2025-05-08 07:06:37,180 - PredictionEngine - INFO - Loading analyzed data from /home/clouduser/spike/forex_spike_predictor/specialized/data/analyzed/EUR_USD/5m/optimal/latest_analyzed.csv
2025-05-08 07:06:37,196 - PredictionEngine - INFO - Loaded 100 records from /home/clouduser/spike/forex_spike_predictor/specialized/data/analyzed/EUR_USD/5m/optimal/latest_analyzed.csv
2025-05-08 07:06:37,198 - PredictionEngine - INFO - Found latest pattern data file for optimal: /home/clouduser/spike/forex_spike_predictor/specialized/data/analyzed/EUR_USD/5m/optimal/latest_patterns.json
2025-05-08 07:06:37,198 - PredictionEngine - INFO - Loading pattern data from /home/clouduser/spike/forex_spike_predictor/specialized/data/analyzed/EUR_USD/5m/optimal/latest_patterns.json
2025-05-08 07:06:37,199 - PredictionEngine - INFO - Loaded 15 pattern types with 90 instances from /home/clouduser/spike/forex_spike_predictor/specialized/data/analyzed/EUR_USD/5m/optimal/latest_patterns.json
2025-05-08 07:06:37,199 - PredictionEngine - INFO - Generating technical prediction
2025-05-08 07:06:37,200 - PredictionEngine - INFO - Technical prediction: NEUTRAL with 0.50 confidence
2025-05-08 07:06:37,200 - PredictionEngine - INFO - Generating pattern-based prediction
2025-05-08 07:06:37,200 - PredictionEngine - INFO - Pattern prediction: NEUTRAL with 0.50 confidence
2025-05-08 07:06:37,200 - PredictionEngine - INFO - Found 0 bullish and 0 bearish patterns
2025-05-08 07:06:37,200 - PredictionEngine - INFO - Generating ensemble prediction
2025-05-08 07:06:37,200 - PredictionEngine - INFO - Ensemble prediction: NEUTRAL with 0.50 confidence
2025-05-08 07:06:37,200 - PredictionEngine - INFO - Calculating pip targets with ATR multiplier 1.5
2025-05-08 07:06:37,201 - PredictionEngine - INFO - Calculated pip target: 0.0 pips
2025-05-08 07:06:37,201 - PredictionEngine - INFO - Take profit: 1.12786, Stop loss: 1.12786
2025-05-08 07:06:37,208 - PredictionEngine - INFO - Saved prediction to /home/clouduser/spike/forex_spike_predictor/specialized/data/predictions/EUR_USD/5m/20250508_EUR_USD_5m_predictions.json
2025-05-08 07:06:37,208 - PredictionEngine - INFO - Generated prediction: NEUTRAL with 0.50 confidence
2025-05-08 07:06:37,208 - PredictionEngine - INFO - Prediction: NEUTRAL with 0.50 confidence
2025-05-08 07:06:37,208 - PredictionEngine - INFO - Waiting 300s until next prediction run
2025-05-08 07:17:15,012 - PredictionEngine - INFO - Prediction run #6
2025-05-08 07:17:15,015 - PredictionEngine - INFO - Generating prediction using optimal data and ensemble_method method
2025-05-08 07:17:15,016 - PredictionEngine - INFO - Found latest analyzed data file for optimal: /home/clouduser/spike/forex_spike_predictor/specialized/data/analyzed/EUR_USD/5m/optimal/latest_analyzed.csv
2025-05-08 07:17:15,016 - PredictionEngine - INFO - Loading analyzed data from /home/clouduser/spike/forex_spike_predictor/specialized/data/analyzed/EUR_USD/5m/optimal/latest_analyzed.csv
2025-05-08 07:17:15,023 - PredictionEngine - INFO - Loaded 100 records from /home/clouduser/spike/forex_spike_predictor/specialized/data/analyzed/EUR_USD/5m/optimal/latest_analyzed.csv
2025-05-08 07:17:15,024 - PredictionEngine - INFO - Found latest pattern data file for optimal: /home/clouduser/spike/forex_spike_predictor/specialized/data/analyzed/EUR_USD/5m/optimal/latest_patterns.json
2025-05-08 07:17:15,024 - PredictionEngine - INFO - Loading pattern data from /home/clouduser/spike/forex_spike_predictor/specialized/data/analyzed/EUR_USD/5m/optimal/latest_patterns.json
2025-05-08 07:17:15,025 - PredictionEngine - INFO - Loaded 15 pattern types with 90 instances from /home/clouduser/spike/forex_spike_predictor/specialized/data/analyzed/EUR_USD/5m/optimal/latest_patterns.json
2025-05-08 07:17:15,025 - PredictionEngine - INFO - Generating technical prediction
2025-05-08 07:17:15,025 - PredictionEngine - INFO - Technical prediction: DOWN with 0.62 confidence
2025-05-08 07:17:15,025 - PredictionEngine - INFO - Generating pattern-based prediction
2025-05-08 07:17:15,025 - PredictionEngine - INFO - Pattern prediction: NEUTRAL with 0.50 confidence
2025-05-08 07:17:15,025 - PredictionEngine - INFO - Found 0 bullish and 0 bearish patterns
2025-05-08 07:17:15,026 - PredictionEngine - INFO - Generating ensemble prediction
2025-05-08 07:17:15,026 - PredictionEngine - INFO - Ensemble prediction: DOWN with 0.33 confidence
2025-05-08 07:17:15,026 - PredictionEngine - INFO - Calculating pip targets with ATR multiplier 1.5
2025-05-08 07:17:15,026 - PredictionEngine - INFO - Calculated pip target: 0.5 pips
2025-05-08 07:17:15,026 - PredictionEngine - INFO - Take profit: 1.12805, Stop loss: 1.12814
2025-05-08 07:17:15,030 - PredictionEngine - INFO - Saved prediction to /home/clouduser/spike/forex_spike_predictor/specialized/data/predictions/EUR_USD/5m/20250508_EUR_USD_5m_predictions.json
2025-05-08 07:17:15,030 - PredictionEngine - INFO - Generated prediction: DOWN with 0.33 confidence
2025-05-08 07:17:15,031 - PredictionEngine - INFO - Prediction: DOWN with 0.33 confidence
2025-05-08 07:17:15,031 - PredictionEngine - INFO - Waiting 300s until next prediction run
2025-05-08 07:22:30,733 - PredictionEngine - INFO - Prediction run #7
2025-05-08 07:22:30,738 - PredictionEngine - INFO - Generating prediction using optimal data and ensemble_method method
2025-05-08 07:22:30,742 - PredictionEngine - INFO - Found latest analyzed data file for optimal: /home/clouduser/spike/forex_spike_predictor/specialized/data/analyzed/EUR_USD/5m/optimal/latest_analyzed.csv
2025-05-08 07:22:30,742 - PredictionEngine - INFO - Loading analyzed data from /home/clouduser/spike/forex_spike_predictor/specialized/data/analyzed/EUR_USD/5m/optimal/latest_analyzed.csv
2025-05-08 07:22:30,764 - PredictionEngine - INFO - Loaded 100 records from /home/clouduser/spike/forex_spike_predictor/specialized/data/analyzed/EUR_USD/5m/optimal/latest_analyzed.csv
2025-05-08 07:22:30,767 - PredictionEngine - INFO - Found latest pattern data file for optimal: /home/clouduser/spike/forex_spike_predictor/specialized/data/analyzed/EUR_USD/5m/optimal/latest_patterns.json
2025-05-08 07:22:30,767 - PredictionEngine - INFO - Loading pattern data from /home/clouduser/spike/forex_spike_predictor/specialized/data/analyzed/EUR_USD/5m/optimal/latest_patterns.json
2025-05-08 07:22:30,770 - PredictionEngine - INFO - Loaded 15 pattern types with 90 instances from /home/clouduser/spike/forex_spike_predictor/specialized/data/analyzed/EUR_USD/5m/optimal/latest_patterns.json
2025-05-08 07:22:30,770 - PredictionEngine - INFO - Generating technical prediction
2025-05-08 07:22:30,771 - PredictionEngine - INFO - Technical prediction: DOWN with 0.69 confidence
2025-05-08 07:22:30,771 - PredictionEngine - INFO - Generating pattern-based prediction
2025-05-08 07:22:30,771 - PredictionEngine - INFO - Pattern prediction: NEUTRAL with 0.50 confidence
2025-05-08 07:22:30,771 - PredictionEngine - INFO - Found 0 bullish and 0 bearish patterns
2025-05-08 07:22:30,771 - PredictionEngine - INFO - Generating ensemble prediction
2025-05-08 07:22:30,771 - PredictionEngine - INFO - Ensemble prediction: DOWN with 0.37 confidence
2025-05-08 07:22:30,771 - PredictionEngine - INFO - Calculating pip targets with ATR multiplier 1.5
2025-05-08 07:22:30,772 - PredictionEngine - INFO - Calculated pip target: 0.7 pips
2025-05-08 07:22:30,772 - PredictionEngine - INFO - Take profit: 1.12818, Stop loss: 1.12830
2025-05-08 07:22:30,783 - PredictionEngine - INFO - Saved prediction to /home/clouduser/spike/forex_spike_predictor/specialized/data/predictions/EUR_USD/5m/20250508_EUR_USD_5m_predictions.json
2025-05-08 07:22:30,784 - PredictionEngine - INFO - Generated prediction: DOWN with 0.37 confidence
2025-05-08 07:22:30,784 - PredictionEngine - INFO - Prediction: DOWN with 0.37 confidence
2025-05-08 07:22:30,784 - PredictionEngine - INFO - Waiting 300s until next prediction run
2025-05-08 07:29:49,077 - PredictionEngine - INFO - Prediction run #8
2025-05-08 07:29:49,081 - PredictionEngine - INFO - Generating prediction using optimal data and ensemble_method method
2025-05-08 07:29:49,082 - PredictionEngine - INFO - Found latest analyzed data file for optimal: /home/clouduser/spike/forex_spike_predictor/specialized/data/analyzed/EUR_USD/5m/optimal/latest_analyzed.csv
2025-05-08 07:29:49,083 - PredictionEngine - INFO - Loading analyzed data from /home/clouduser/spike/forex_spike_predictor/specialized/data/analyzed/EUR_USD/5m/optimal/latest_analyzed.csv
2025-05-08 07:29:49,095 - PredictionEngine - INFO - Loaded 100 records from /home/clouduser/spike/forex_spike_predictor/specialized/data/analyzed/EUR_USD/5m/optimal/latest_analyzed.csv
2025-05-08 07:29:49,096 - PredictionEngine - INFO - Found latest pattern data file for optimal: /home/clouduser/spike/forex_spike_predictor/specialized/data/analyzed/EUR_USD/5m/optimal/latest_patterns.json
2025-05-08 07:29:49,096 - PredictionEngine - INFO - Loading pattern data from /home/clouduser/spike/forex_spike_predictor/specialized/data/analyzed/EUR_USD/5m/optimal/latest_patterns.json
2025-05-08 07:29:49,097 - PredictionEngine - INFO - Loaded 15 pattern types with 90 instances from /home/clouduser/spike/forex_spike_predictor/specialized/data/analyzed/EUR_USD/5m/optimal/latest_patterns.json
2025-05-08 07:29:49,097 - PredictionEngine - INFO - Generating technical prediction
2025-05-08 07:29:49,098 - PredictionEngine - INFO - Technical prediction: DOWN with 0.65 confidence
2025-05-08 07:29:49,098 - PredictionEngine - INFO - Generating pattern-based prediction
2025-05-08 07:29:49,098 - PredictionEngine - INFO - Pattern prediction: NEUTRAL with 0.50 confidence
2025-05-08 07:29:49,098 - PredictionEngine - INFO - Found 0 bullish and 0 bearish patterns
2025-05-08 07:29:49,098 - PredictionEngine - INFO - Generating ensemble prediction
2025-05-08 07:29:49,098 - PredictionEngine - INFO - Ensemble prediction: DOWN with 0.35 confidence
2025-05-08 07:29:49,098 - PredictionEngine - INFO - Calculating pip targets with ATR multiplier 1.5
2025-05-08 07:29:49,098 - PredictionEngine - INFO - Calculated pip target: 0.3 pips
2025-05-08 07:29:49,099 - PredictionEngine - INFO - Take profit: 1.12871, Stop loss: 1.12877
2025-05-08 07:29:49,105 - PredictionEngine - INFO - Saved prediction to /home/clouduser/spike/forex_spike_predictor/specialized/data/predictions/EUR_USD/5m/20250508_EUR_USD_5m_predictions.json
2025-05-08 07:29:49,105 - PredictionEngine - INFO - Generated prediction: DOWN with 0.35 confidence
2025-05-08 07:29:49,105 - PredictionEngine - INFO - Prediction: DOWN with 0.35 confidence
2025-05-08 07:29:49,105 - PredictionEngine - INFO - Waiting 300s until next prediction run
