2025-05-08 06:14:23,546 - PredictionEngine - INFO - Initialized prediction engine for EUR_USD with 5m timeframe
2025-05-08 06:14:23,546 - PredictionEngine - INFO - Analyzed data directory: /home/clouduser/spike/forex_spike_predictor/specialized/data/analyzed
2025-05-08 06:14:23,546 - PredictionEngine - INFO - Prediction output directory: /home/clouduser/spike/forex_spike_predictor/specialized/data/predictions
2025-05-08 06:14:23,546 - PredictionEngine - INFO - Starting prediction loop at 300s intervals
2025-05-08 06:14:23,546 - PredictionEngine - INFO - Prediction run #1
2025-05-08 06:14:23,546 - PredictionEngine - INFO - Generating prediction using optimal data and ensemble_method method
2025-05-08 06:14:23,547 - PredictionEngine - INFO - Found latest analyzed data file for optimal: /home/clouduser/spike/forex_spike_predictor/specialized/data/analyzed/EUR_USD/5m/optimal/latest_analyzed.csv
2025-05-08 06:14:23,547 - PredictionEngine - INFO - Loading analyzed data from /home/clouduser/spike/forex_spike_predictor/specialized/data/analyzed/EUR_USD/5m/optimal/latest_analyzed.csv
2025-05-08 06:14:23,561 - PredictionEngine - INFO - Loaded 100 records from /home/clouduser/spike/forex_spike_predictor/specialized/data/analyzed/EUR_USD/5m/optimal/latest_analyzed.csv
2025-05-08 06:14:23,562 - PredictionEngine - INFO - Found latest pattern data file for optimal: /home/clouduser/spike/forex_spike_predictor/specialized/data/analyzed/EUR_USD/5m/optimal/latest_patterns.json
2025-05-08 06:14:23,562 - PredictionEngine - INFO - Loading pattern data from /home/clouduser/spike/forex_spike_predictor/specialized/data/analyzed/EUR_USD/5m/optimal/latest_patterns.json
2025-05-08 06:14:23,563 - PredictionEngine - INFO - Loaded 1 pattern types with 90 instances from /home/clouduser/spike/forex_spike_predictor/specialized/data/analyzed/EUR_USD/5m/optimal/latest_patterns.json
2025-05-08 06:14:23,564 - PredictionEngine - INFO - Generating technical prediction
2025-05-08 06:14:23,564 - PredictionEngine - INFO - Technical prediction: NEUTRAL with 0.50 confidence
2025-05-08 06:14:23,564 - PredictionEngine - INFO - Generating pattern-based prediction
2025-05-08 06:14:23,564 - PredictionEngine - INFO - Pattern prediction: NEUTRAL with 0.50 confidence
2025-05-08 06:14:23,564 - PredictionEngine - INFO - Found 0 bullish and 0 bearish patterns
2025-05-08 06:14:23,564 - PredictionEngine - INFO - Generating ensemble prediction
2025-05-08 06:14:23,564 - PredictionEngine - INFO - Ensemble prediction: NEUTRAL with 0.50 confidence
2025-05-08 06:14:23,564 - PredictionEngine - INFO - Calculating pip targets with ATR multiplier 1.5
2025-05-08 06:14:23,565 - PredictionEngine - INFO - Calculated pip target: 0.0 pips
2025-05-08 06:14:23,565 - PredictionEngine - INFO - Take profit: 1.12976, Stop loss: 1.12976
2025-05-08 06:14:23,570 - PredictionEngine - INFO - Saved prediction to /home/clouduser/spike/forex_spike_predictor/specialized/data/predictions/EUR_USD/5m/20250508_EUR_USD_5m_predictions.json
2025-05-08 06:14:23,570 - PredictionEngine - INFO - Generated prediction: NEUTRAL with 0.50 confidence
2025-05-08 06:14:23,570 - PredictionEngine - INFO - Prediction: NEUTRAL with 0.50 confidence
2025-05-08 06:14:23,570 - PredictionEngine - INFO - Waiting 300s until next prediction run
