2025-05-08 06:52:41,614 - PredictionEngine - INFO - Initialized prediction engine for EUR_USD with 5m timeframe
2025-05-08 06:52:41,614 - PredictionEngine - INFO - Analyzed data directory: /home/clouduser/spike/forex_spike_predictor/specialized/data/analyzed
2025-05-08 06:52:41,614 - PredictionEngine - INFO - Prediction output directory: /home/clouduser/spike/forex_spike_predictor/specialized/data/predictions
2025-05-08 06:52:41,614 - PredictionEngine - INFO - Starting prediction loop at 300s intervals
2025-05-08 06:52:41,615 - PredictionEngine - INFO - Prediction run #1
2025-05-08 06:52:41,615 - PredictionEngine - INFO - Generating prediction using optimal data and ensemble_method method
2025-05-08 06:52:41,615 - PredictionEngine - INFO - Found latest analyzed data file for optimal: /home/clouduser/spike/forex_spike_predictor/specialized/data/analyzed/EUR_USD/5m/optimal/latest_analyzed.csv
2025-05-08 06:52:41,615 - PredictionEngine - INFO - Loading analyzed data from /home/clouduser/spike/forex_spike_predictor/specialized/data/analyzed/EUR_USD/5m/optimal/latest_analyzed.csv
2025-05-08 06:52:41,626 - PredictionEngine - INFO - Loaded 100 records from /home/clouduser/spike/forex_spike_predictor/specialized/data/analyzed/EUR_USD/5m/optimal/latest_analyzed.csv
2025-05-08 06:52:41,627 - PredictionEngine - INFO - Found latest pattern data file for optimal: /home/clouduser/spike/forex_spike_predictor/specialized/data/analyzed/EUR_USD/5m/optimal/latest_patterns.json
2025-05-08 06:52:41,627 - PredictionEngine - INFO - Loading pattern data from /home/clouduser/spike/forex_spike_predictor/specialized/data/analyzed/EUR_USD/5m/optimal/latest_patterns.json
2025-05-08 06:52:41,627 - PredictionEngine - INFO - Loaded 15 pattern types with 90 instances from /home/clouduser/spike/forex_spike_predictor/specialized/data/analyzed/EUR_USD/5m/optimal/latest_patterns.json
2025-05-08 06:52:41,627 - PredictionEngine - INFO - Generating technical prediction
2025-05-08 06:52:41,628 - PredictionEngine - INFO - Technical prediction: DOWN with 0.67 confidence
2025-05-08 06:52:41,628 - PredictionEngine - INFO - Generating pattern-based prediction
2025-05-08 06:52:41,628 - PredictionEngine - INFO - Pattern prediction: UP with 0.74 confidence
2025-05-08 06:52:41,628 - PredictionEngine - INFO - Found 1 bullish and 0 bearish patterns
2025-05-08 06:52:41,628 - PredictionEngine - INFO - Generating ensemble prediction
2025-05-08 06:52:41,628 - PredictionEngine - INFO - Ensemble prediction: DOWN with 0.36 confidence
2025-05-08 06:52:41,628 - PredictionEngine - INFO - Calculating pip targets with ATR multiplier 1.5
2025-05-08 06:52:41,628 - PredictionEngine - INFO - Calculated pip target: 0.7 pips
2025-05-08 06:52:41,628 - PredictionEngine - INFO - Take profit: 1.12836, Stop loss: 1.12849
2025-05-08 06:52:41,632 - PredictionEngine - INFO - Saved prediction to /home/clouduser/spike/forex_spike_predictor/specialized/data/predictions/EUR_USD/5m/20250508_EUR_USD_5m_predictions.json
2025-05-08 06:52:41,632 - PredictionEngine - INFO - Generated prediction: DOWN with 0.36 confidence
2025-05-08 06:52:41,632 - PredictionEngine - INFO - Prediction: DOWN with 0.36 confidence
2025-05-08 06:52:41,632 - PredictionEngine - INFO - Waiting 300s until next prediction run
2025-05-08 06:57:41,633 - PredictionEngine - INFO - Prediction run #2
2025-05-08 06:57:41,636 - PredictionEngine - INFO - Generating prediction using optimal data and ensemble_method method
2025-05-08 06:57:41,638 - PredictionEngine - INFO - Found latest analyzed data file for optimal: /home/clouduser/spike/forex_spike_predictor/specialized/data/analyzed/EUR_USD/5m/optimal/latest_analyzed.csv
2025-05-08 06:57:41,638 - PredictionEngine - INFO - Loading analyzed data from /home/clouduser/spike/forex_spike_predictor/specialized/data/analyzed/EUR_USD/5m/optimal/latest_analyzed.csv
2025-05-08 06:57:41,650 - PredictionEngine - INFO - Loaded 100 records from /home/clouduser/spike/forex_spike_predictor/specialized/data/analyzed/EUR_USD/5m/optimal/latest_analyzed.csv
2025-05-08 06:57:41,651 - PredictionEngine - INFO - Found latest pattern data file for optimal: /home/clouduser/spike/forex_spike_predictor/specialized/data/analyzed/EUR_USD/5m/optimal/latest_patterns.json
2025-05-08 06:57:41,651 - PredictionEngine - INFO - Loading pattern data from /home/clouduser/spike/forex_spike_predictor/specialized/data/analyzed/EUR_USD/5m/optimal/latest_patterns.json
2025-05-08 06:57:41,652 - PredictionEngine - INFO - Loaded 15 pattern types with 90 instances from /home/clouduser/spike/forex_spike_predictor/specialized/data/analyzed/EUR_USD/5m/optimal/latest_patterns.json
2025-05-08 06:57:41,652 - PredictionEngine - INFO - Generating technical prediction
2025-05-08 06:57:41,653 - PredictionEngine - INFO - Technical prediction: UP with 0.80 confidence
2025-05-08 06:57:41,653 - PredictionEngine - INFO - Generating pattern-based prediction
2025-05-08 06:57:41,653 - PredictionEngine - INFO - Pattern prediction: UP with 0.74 confidence
2025-05-08 06:57:41,653 - PredictionEngine - INFO - Found 1 bullish and 0 bearish patterns
2025-05-08 06:57:41,653 - PredictionEngine - INFO - Generating ensemble prediction
2025-05-08 06:57:41,653 - PredictionEngine - INFO - Ensemble prediction: UP with 0.77 confidence
2025-05-08 06:57:41,653 - PredictionEngine - INFO - Calculating pip targets with ATR multiplier 1.5
2025-05-08 06:57:41,654 - PredictionEngine - INFO - Calculated pip target: 0.6 pips
2025-05-08 06:57:41,654 - PredictionEngine - INFO - Take profit: 1.12865, Stop loss: 1.12854
2025-05-08 06:57:41,663 - PredictionEngine - INFO - Saved prediction to /home/clouduser/spike/forex_spike_predictor/specialized/data/predictions/EUR_USD/5m/20250508_EUR_USD_5m_predictions.json
2025-05-08 06:57:41,663 - PredictionEngine - INFO - Generated prediction: UP with 0.77 confidence
2025-05-08 06:57:41,664 - PredictionEngine - INFO - Prediction: UP with 0.77 confidence
2025-05-08 06:57:41,664 - PredictionEngine - INFO - Waiting 300s until next prediction run
2025-05-08 07:02:41,665 - PredictionEngine - INFO - Prediction run #3
2025-05-08 07:02:41,672 - PredictionEngine - INFO - Generating prediction using optimal data and ensemble_method method
2025-05-08 07:02:41,678 - PredictionEngine - INFO - Found latest analyzed data file for optimal: /home/clouduser/spike/forex_spike_predictor/specialized/data/analyzed/EUR_USD/5m/optimal/latest_analyzed.csv
2025-05-08 07:02:41,678 - PredictionEngine - INFO - Loading analyzed data from /home/clouduser/spike/forex_spike_predictor/specialized/data/analyzed/EUR_USD/5m/optimal/latest_analyzed.csv
2025-05-08 07:02:41,704 - PredictionEngine - INFO - Loaded 100 records from /home/clouduser/spike/forex_spike_predictor/specialized/data/analyzed/EUR_USD/5m/optimal/latest_analyzed.csv
2025-05-08 07:02:41,710 - PredictionEngine - INFO - Found latest pattern data file for optimal: /home/clouduser/spike/forex_spike_predictor/specialized/data/analyzed/EUR_USD/5m/optimal/latest_patterns.json
2025-05-08 07:02:41,710 - PredictionEngine - INFO - Loading pattern data from /home/clouduser/spike/forex_spike_predictor/specialized/data/analyzed/EUR_USD/5m/optimal/latest_patterns.json
2025-05-08 07:02:41,713 - PredictionEngine - INFO - Loaded 15 pattern types with 90 instances from /home/clouduser/spike/forex_spike_predictor/specialized/data/analyzed/EUR_USD/5m/optimal/latest_patterns.json
2025-05-08 07:02:41,713 - PredictionEngine - INFO - Generating technical prediction
2025-05-08 07:02:41,714 - PredictionEngine - INFO - Technical prediction: NEUTRAL with 0.50 confidence
2025-05-08 07:02:41,714 - PredictionEngine - INFO - Generating pattern-based prediction
2025-05-08 07:02:41,715 - PredictionEngine - INFO - Pattern prediction: UP with 0.74 confidence
2025-05-08 07:02:41,715 - PredictionEngine - INFO - Found 1 bullish and 0 bearish patterns
2025-05-08 07:02:41,715 - PredictionEngine - INFO - Generating ensemble prediction
2025-05-08 07:02:41,715 - PredictionEngine - INFO - Ensemble prediction: UP with 0.35 confidence
2025-05-08 07:02:41,715 - PredictionEngine - INFO - Calculating pip targets with ATR multiplier 1.5
2025-05-08 07:02:41,716 - PredictionEngine - INFO - Calculated pip target: 0.9 pips
2025-05-08 07:02:41,716 - PredictionEngine - INFO - Take profit: 1.12743, Stop loss: 1.12727
2025-05-08 07:02:41,730 - PredictionEngine - INFO - Saved prediction to /home/clouduser/spike/forex_spike_predictor/specialized/data/predictions/EUR_USD/5m/20250508_EUR_USD_5m_predictions.json
2025-05-08 07:02:41,730 - PredictionEngine - INFO - Generated prediction: UP with 0.35 confidence
2025-05-08 07:02:41,730 - PredictionEngine - INFO - Prediction: UP with 0.35 confidence
2025-05-08 07:02:41,730 - PredictionEngine - INFO - Waiting 300s until next prediction run
2025-05-08 07:07:41,732 - PredictionEngine - INFO - Prediction run #4
2025-05-08 07:07:41,735 - PredictionEngine - INFO - Generating prediction using optimal data and ensemble_method method
2025-05-08 07:07:41,740 - PredictionEngine - INFO - Found latest analyzed data file for optimal: /home/clouduser/spike/forex_spike_predictor/specialized/data/analyzed/EUR_USD/5m/optimal/latest_analyzed.csv
2025-05-08 07:07:41,740 - PredictionEngine - INFO - Loading analyzed data from /home/clouduser/spike/forex_spike_predictor/specialized/data/analyzed/EUR_USD/5m/optimal/latest_analyzed.csv
2025-05-08 07:07:41,777 - PredictionEngine - INFO - Loaded 100 records from /home/clouduser/spike/forex_spike_predictor/specialized/data/analyzed/EUR_USD/5m/optimal/latest_analyzed.csv
2025-05-08 07:07:41,780 - PredictionEngine - INFO - Found latest pattern data file for optimal: /home/clouduser/spike/forex_spike_predictor/specialized/data/analyzed/EUR_USD/5m/optimal/latest_patterns.json
2025-05-08 07:07:41,780 - PredictionEngine - INFO - Loading pattern data from /home/clouduser/spike/forex_spike_predictor/specialized/data/analyzed/EUR_USD/5m/optimal/latest_patterns.json
2025-05-08 07:07:41,783 - PredictionEngine - INFO - Loaded 15 pattern types with 90 instances from /home/clouduser/spike/forex_spike_predictor/specialized/data/analyzed/EUR_USD/5m/optimal/latest_patterns.json
2025-05-08 07:07:41,784 - PredictionEngine - INFO - Generating technical prediction
2025-05-08 07:07:41,785 - PredictionEngine - INFO - Technical prediction: DOWN with 0.68 confidence
2025-05-08 07:07:41,785 - PredictionEngine - INFO - Generating pattern-based prediction
2025-05-08 07:07:41,785 - PredictionEngine - INFO - Pattern prediction: UP with 0.74 confidence
2025-05-08 07:07:41,785 - PredictionEngine - INFO - Found 1 bullish and 0 bearish patterns
2025-05-08 07:07:41,786 - PredictionEngine - INFO - Generating ensemble prediction
2025-05-08 07:07:41,786 - PredictionEngine - INFO - Ensemble prediction: DOWN with 0.36 confidence
2025-05-08 07:07:41,786 - PredictionEngine - INFO - Calculating pip targets with ATR multiplier 1.5
2025-05-08 07:07:41,786 - PredictionEngine - INFO - Calculated pip target: 0.9 pips
2025-05-08 07:07:41,787 - PredictionEngine - INFO - Take profit: 1.12721, Stop loss: 1.12736
2025-05-08 07:07:41,803 - PredictionEngine - INFO - Saved prediction to /home/clouduser/spike/forex_spike_predictor/specialized/data/predictions/EUR_USD/5m/20250508_EUR_USD_5m_predictions.json
2025-05-08 07:07:41,803 - PredictionEngine - INFO - Generated prediction: DOWN with 0.36 confidence
2025-05-08 07:07:41,804 - PredictionEngine - INFO - Prediction: DOWN with 0.36 confidence
2025-05-08 07:07:41,804 - PredictionEngine - INFO - Waiting 300s until next prediction run
2025-05-08 07:18:25,094 - PredictionEngine - INFO - Prediction run #5
2025-05-08 07:18:25,100 - PredictionEngine - INFO - Generating prediction using optimal data and ensemble_method method
2025-05-08 07:18:25,107 - PredictionEngine - INFO - Found latest analyzed data file for optimal: /home/clouduser/spike/forex_spike_predictor/specialized/data/analyzed/EUR_USD/5m/optimal/latest_analyzed.csv
2025-05-08 07:18:25,107 - PredictionEngine - INFO - Loading analyzed data from /home/clouduser/spike/forex_spike_predictor/specialized/data/analyzed/EUR_USD/5m/optimal/latest_analyzed.csv
2025-05-08 07:18:25,152 - PredictionEngine - INFO - Loaded 100 records from /home/clouduser/spike/forex_spike_predictor/specialized/data/analyzed/EUR_USD/5m/optimal/latest_analyzed.csv
2025-05-08 07:18:25,154 - PredictionEngine - INFO - Found latest pattern data file for optimal: /home/clouduser/spike/forex_spike_predictor/specialized/data/analyzed/EUR_USD/5m/optimal/latest_patterns.json
2025-05-08 07:18:25,154 - PredictionEngine - INFO - Loading pattern data from /home/clouduser/spike/forex_spike_predictor/specialized/data/analyzed/EUR_USD/5m/optimal/latest_patterns.json
2025-05-08 07:18:25,157 - PredictionEngine - INFO - Loaded 15 pattern types with 90 instances from /home/clouduser/spike/forex_spike_predictor/specialized/data/analyzed/EUR_USD/5m/optimal/latest_patterns.json
2025-05-08 07:18:25,158 - PredictionEngine - INFO - Generating technical prediction
2025-05-08 07:18:25,159 - PredictionEngine - INFO - Technical prediction: DOWN with 0.62 confidence
2025-05-08 07:18:25,159 - PredictionEngine - INFO - Generating pattern-based prediction
2025-05-08 07:18:25,160 - PredictionEngine - INFO - Pattern prediction: UP with 0.74 confidence
2025-05-08 07:18:25,160 - PredictionEngine - INFO - Found 1 bullish and 0 bearish patterns
2025-05-08 07:18:25,160 - PredictionEngine - INFO - Generating ensemble prediction
2025-05-08 07:18:25,160 - PredictionEngine - INFO - Ensemble prediction: UP with 0.35 confidence
2025-05-08 07:18:25,160 - PredictionEngine - INFO - Calculating pip targets with ATR multiplier 1.5
2025-05-08 07:18:25,161 - PredictionEngine - INFO - Calculated pip target: 0.5 pips
2025-05-08 07:18:25,161 - PredictionEngine - INFO - Take profit: 1.12816, Stop loss: 1.12807
2025-05-08 07:18:25,181 - PredictionEngine - INFO - Saved prediction to /home/clouduser/spike/forex_spike_predictor/specialized/data/predictions/EUR_USD/5m/20250508_EUR_USD_5m_predictions.json
2025-05-08 07:18:25,181 - PredictionEngine - INFO - Generated prediction: UP with 0.35 confidence
2025-05-08 07:18:25,182 - PredictionEngine - INFO - Prediction: UP with 0.35 confidence
2025-05-08 07:18:25,182 - PredictionEngine - INFO - Waiting 300s until next prediction run
2025-05-08 07:23:56,599 - PredictionEngine - INFO - Prediction run #6
2025-05-08 07:23:56,604 - PredictionEngine - INFO - Generating prediction using optimal data and ensemble_method method
2025-05-08 07:23:56,608 - PredictionEngine - INFO - Found latest analyzed data file for optimal: /home/clouduser/spike/forex_spike_predictor/specialized/data/analyzed/EUR_USD/5m/optimal/latest_analyzed.csv
2025-05-08 07:23:56,608 - PredictionEngine - INFO - Loading analyzed data from /home/clouduser/spike/forex_spike_predictor/specialized/data/analyzed/EUR_USD/5m/optimal/latest_analyzed.csv
2025-05-08 07:23:56,639 - PredictionEngine - INFO - Loaded 100 records from /home/clouduser/spike/forex_spike_predictor/specialized/data/analyzed/EUR_USD/5m/optimal/latest_analyzed.csv
2025-05-08 07:23:56,641 - PredictionEngine - INFO - Found latest pattern data file for optimal: /home/clouduser/spike/forex_spike_predictor/specialized/data/analyzed/EUR_USD/5m/optimal/latest_patterns.json
2025-05-08 07:23:56,641 - PredictionEngine - INFO - Loading pattern data from /home/clouduser/spike/forex_spike_predictor/specialized/data/analyzed/EUR_USD/5m/optimal/latest_patterns.json
2025-05-08 07:23:56,643 - PredictionEngine - INFO - Loaded 15 pattern types with 90 instances from /home/clouduser/spike/forex_spike_predictor/specialized/data/analyzed/EUR_USD/5m/optimal/latest_patterns.json
2025-05-08 07:23:56,644 - PredictionEngine - INFO - Generating technical prediction
2025-05-08 07:23:56,645 - PredictionEngine - INFO - Technical prediction: DOWN with 0.69 confidence
2025-05-08 07:23:56,645 - PredictionEngine - INFO - Generating pattern-based prediction
2025-05-08 07:23:56,646 - PredictionEngine - INFO - Pattern prediction: UP with 0.74 confidence
2025-05-08 07:23:56,646 - PredictionEngine - INFO - Found 1 bullish and 0 bearish patterns
2025-05-08 07:23:56,646 - PredictionEngine - INFO - Generating ensemble prediction
2025-05-08 07:23:56,647 - PredictionEngine - INFO - Ensemble prediction: DOWN with 0.37 confidence
2025-05-08 07:23:56,647 - PredictionEngine - INFO - Calculating pip targets with ATR multiplier 1.5
2025-05-08 07:23:56,648 - PredictionEngine - INFO - Calculated pip target: 0.7 pips
2025-05-08 07:23:56,648 - PredictionEngine - INFO - Take profit: 1.12818, Stop loss: 1.12830
2025-05-08 07:23:56,673 - PredictionEngine - INFO - Saved prediction to /home/clouduser/spike/forex_spike_predictor/specialized/data/predictions/EUR_USD/5m/20250508_EUR_USD_5m_predictions.json
2025-05-08 07:23:56,673 - PredictionEngine - INFO - Generated prediction: DOWN with 0.37 confidence
2025-05-08 07:23:56,674 - PredictionEngine - INFO - Prediction: DOWN with 0.37 confidence
2025-05-08 07:23:56,674 - PredictionEngine - INFO - Waiting 300s until next prediction run
2025-05-08 07:30:53,767 - PredictionEngine - INFO - Prediction run #7
2025-05-08 07:30:53,771 - PredictionEngine - INFO - Generating prediction using optimal data and ensemble_method method
2025-05-08 07:30:53,772 - PredictionEngine - INFO - Found latest analyzed data file for optimal: /home/clouduser/spike/forex_spike_predictor/specialized/data/analyzed/EUR_USD/5m/optimal/latest_analyzed.csv
2025-05-08 07:30:53,773 - PredictionEngine - INFO - Loading analyzed data from /home/clouduser/spike/forex_spike_predictor/specialized/data/analyzed/EUR_USD/5m/optimal/latest_analyzed.csv
2025-05-08 07:30:53,813 - PredictionEngine - INFO - Loaded 100 records from /home/clouduser/spike/forex_spike_predictor/specialized/data/analyzed/EUR_USD/5m/optimal/latest_analyzed.csv
2025-05-08 07:30:53,815 - PredictionEngine - INFO - Found latest pattern data file for optimal: /home/clouduser/spike/forex_spike_predictor/specialized/data/analyzed/EUR_USD/5m/optimal/latest_patterns.json
2025-05-08 07:30:53,815 - PredictionEngine - INFO - Loading pattern data from /home/clouduser/spike/forex_spike_predictor/specialized/data/analyzed/EUR_USD/5m/optimal/latest_patterns.json
2025-05-08 07:30:53,818 - PredictionEngine - INFO - Loaded 15 pattern types with 90 instances from /home/clouduser/spike/forex_spike_predictor/specialized/data/analyzed/EUR_USD/5m/optimal/latest_patterns.json
2025-05-08 07:30:53,819 - PredictionEngine - INFO - Generating technical prediction
2025-05-08 07:30:53,819 - PredictionEngine - INFO - Technical prediction: NEUTRAL with 0.50 confidence
2025-05-08 07:30:53,820 - PredictionEngine - INFO - Generating pattern-based prediction
2025-05-08 07:30:53,820 - PredictionEngine - INFO - Pattern prediction: UP with 0.74 confidence
2025-05-08 07:30:53,820 - PredictionEngine - INFO - Found 1 bullish and 0 bearish patterns
2025-05-08 07:30:53,820 - PredictionEngine - INFO - Generating ensemble prediction
2025-05-08 07:30:53,820 - PredictionEngine - INFO - Ensemble prediction: UP with 0.35 confidence
2025-05-08 07:30:53,820 - PredictionEngine - INFO - Calculating pip targets with ATR multiplier 1.5
2025-05-08 07:30:53,820 - PredictionEngine - INFO - Calculated pip target: 0.3 pips
2025-05-08 07:30:53,820 - PredictionEngine - INFO - Take profit: 1.12883, Stop loss: 1.12877
2025-05-08 07:30:53,833 - PredictionEngine - INFO - Saved prediction to /home/clouduser/spike/forex_spike_predictor/specialized/data/predictions/EUR_USD/5m/20250508_EUR_USD_5m_predictions.json
2025-05-08 07:30:53,833 - PredictionEngine - INFO - Generated prediction: UP with 0.35 confidence
2025-05-08 07:30:53,833 - PredictionEngine - INFO - Prediction: UP with 0.35 confidence
2025-05-08 07:30:53,833 - PredictionEngine - INFO - Waiting 300s until next prediction run
