2025-05-08 05:59:57,041 - PredictionEngine - INFO - Initialized prediction engine for EUR_USD with 5m timeframe
2025-05-08 05:59:57,041 - PredictionEngine - INFO - Analyzed data directory: /home/clouduser/spike/forex_spike_predictor/specialized/data/analyzed
2025-05-08 05:59:57,041 - PredictionEngine - INFO - Prediction output directory: /home/clouduser/spike/forex_spike_predictor/specialized/data/predictions
2025-05-08 05:59:57,041 - PredictionEngine - INFO - Starting prediction loop at 300s intervals
2025-05-08 05:59:57,041 - PredictionEngine - INFO - Prediction run #1
2025-05-08 05:59:57,041 - PredictionEngine - INFO - Generating prediction using optimal data and ensemble_method method
2025-05-08 05:59:57,042 - PredictionEngine - INFO - Found latest analyzed data file for optimal: /home/clouduser/spike/forex_spike_predictor/specialized/data/analyzed/EUR_USD/5m/optimal/latest_analyzed.csv
2025-05-08 05:59:57,042 - PredictionEngine - INFO - Loading analyzed data from /home/clouduser/spike/forex_spike_predictor/specialized/data/analyzed/EUR_USD/5m/optimal/latest_analyzed.csv
2025-05-08 05:59:57,052 - PredictionEngine - INFO - Loaded 100 records from /home/clouduser/spike/forex_spike_predictor/specialized/data/analyzed/EUR_USD/5m/optimal/latest_analyzed.csv
2025-05-08 05:59:57,052 - PredictionEngine - INFO - Found latest pattern data file for optimal: /home/clouduser/spike/forex_spike_predictor/specialized/data/analyzed/EUR_USD/5m/optimal/latest_patterns.json
2025-05-08 05:59:57,053 - PredictionEngine - INFO - Loading pattern data from /home/clouduser/spike/forex_spike_predictor/specialized/data/analyzed/EUR_USD/5m/optimal/latest_patterns.json
2025-05-08 05:59:57,053 - PredictionEngine - INFO - Loaded 1 pattern types with 90 instances from /home/clouduser/spike/forex_spike_predictor/specialized/data/analyzed/EUR_USD/5m/optimal/latest_patterns.json
2025-05-08 05:59:57,053 - PredictionEngine - INFO - Generating technical prediction
2025-05-08 05:59:57,054 - PredictionEngine - INFO - Technical prediction: NEUTRAL with 0.50 confidence
2025-05-08 05:59:57,054 - PredictionEngine - INFO - Generating pattern-based prediction
2025-05-08 05:59:57,054 - PredictionEngine - INFO - Pattern prediction: NEUTRAL with 0.50 confidence
2025-05-08 05:59:57,054 - PredictionEngine - INFO - Found 0 bullish and 0 bearish patterns
2025-05-08 05:59:57,054 - PredictionEngine - INFO - Generating ensemble prediction
2025-05-08 05:59:57,054 - PredictionEngine - INFO - Ensemble prediction: NEUTRAL with 0.50 confidence
2025-05-08 05:59:57,054 - PredictionEngine - INFO - Calculating pip targets with ATR multiplier 1.5
2025-05-08 05:59:57,054 - PredictionEngine - INFO - Calculated pip target: 0.0 pips
2025-05-08 05:59:57,054 - PredictionEngine - INFO - Take profit: 1.12976, Stop loss: 1.12976
2025-05-08 05:59:57,058 - PredictionEngine - INFO - Saved prediction to /home/clouduser/spike/forex_spike_predictor/specialized/data/predictions/EUR_USD/5m/20250508_EUR_USD_5m_predictions.json
2025-05-08 05:59:57,058 - PredictionEngine - INFO - Generated prediction: NEUTRAL with 0.50 confidence
2025-05-08 05:59:57,058 - PredictionEngine - INFO - Prediction: NEUTRAL with 0.50 confidence
2025-05-08 05:59:57,058 - PredictionEngine - INFO - Waiting 300s until next prediction run
2025-05-08 06:04:57,058 - PredictionEngine - INFO - Prediction run #2
2025-05-08 06:04:57,059 - PredictionEngine - INFO - Generating prediction using optimal data and ensemble_method method
2025-05-08 06:04:57,060 - PredictionEngine - INFO - Found latest analyzed data file for optimal: /home/clouduser/spike/forex_spike_predictor/specialized/data/analyzed/EUR_USD/5m/optimal/latest_analyzed.csv
2025-05-08 06:04:57,060 - PredictionEngine - INFO - Loading analyzed data from /home/clouduser/spike/forex_spike_predictor/specialized/data/analyzed/EUR_USD/5m/optimal/latest_analyzed.csv
2025-05-08 06:04:57,067 - PredictionEngine - INFO - Loaded 100 records from /home/clouduser/spike/forex_spike_predictor/specialized/data/analyzed/EUR_USD/5m/optimal/latest_analyzed.csv
2025-05-08 06:04:57,068 - PredictionEngine - INFO - Found latest pattern data file for optimal: /home/clouduser/spike/forex_spike_predictor/specialized/data/analyzed/EUR_USD/5m/optimal/latest_patterns.json
2025-05-08 06:04:57,068 - PredictionEngine - INFO - Loading pattern data from /home/clouduser/spike/forex_spike_predictor/specialized/data/analyzed/EUR_USD/5m/optimal/latest_patterns.json
2025-05-08 06:04:57,068 - PredictionEngine - INFO - Loaded 1 pattern types with 90 instances from /home/clouduser/spike/forex_spike_predictor/specialized/data/analyzed/EUR_USD/5m/optimal/latest_patterns.json
2025-05-08 06:04:57,069 - PredictionEngine - INFO - Generating technical prediction
2025-05-08 06:04:57,069 - PredictionEngine - INFO - Technical prediction: UP with 0.72 confidence
2025-05-08 06:04:57,069 - PredictionEngine - INFO - Generating pattern-based prediction
2025-05-08 06:04:57,069 - PredictionEngine - INFO - Pattern prediction: NEUTRAL with 0.50 confidence
2025-05-08 06:04:57,070 - PredictionEngine - INFO - Found 0 bullish and 0 bearish patterns
2025-05-08 06:04:57,070 - PredictionEngine - INFO - Generating ensemble prediction
2025-05-08 06:04:57,070 - PredictionEngine - INFO - Ensemble prediction: UP with 0.38 confidence
2025-05-08 06:04:57,070 - PredictionEngine - INFO - Calculating pip targets with ATR multiplier 1.5
2025-05-08 06:04:57,070 - PredictionEngine - INFO - Calculated pip target: 0.8 pips
2025-05-08 06:04:57,070 - PredictionEngine - INFO - Take profit: 1.13066, Stop loss: 1.13052
2025-05-08 06:04:57,072 - PredictionEngine - INFO - Saved prediction to /home/clouduser/spike/forex_spike_predictor/specialized/data/predictions/EUR_USD/5m/20250508_EUR_USD_5m_predictions.json
2025-05-08 06:04:57,072 - PredictionEngine - INFO - Generated prediction: UP with 0.38 confidence
2025-05-08 06:04:57,072 - PredictionEngine - INFO - Prediction: UP with 0.38 confidence
2025-05-08 06:04:57,072 - PredictionEngine - INFO - Waiting 300s until next prediction run
2025-05-08 06:09:57,074 - PredictionEngine - INFO - Prediction run #3
2025-05-08 06:09:57,078 - PredictionEngine - INFO - Generating prediction using optimal data and ensemble_method method
2025-05-08 06:09:57,080 - PredictionEngine - INFO - Found latest analyzed data file for optimal: /home/clouduser/spike/forex_spike_predictor/specialized/data/analyzed/EUR_USD/5m/optimal/latest_analyzed.csv
2025-05-08 06:09:57,080 - PredictionEngine - INFO - Loading analyzed data from /home/clouduser/spike/forex_spike_predictor/specialized/data/analyzed/EUR_USD/5m/optimal/latest_analyzed.csv
2025-05-08 06:09:57,094 - PredictionEngine - INFO - Loaded 100 records from /home/clouduser/spike/forex_spike_predictor/specialized/data/analyzed/EUR_USD/5m/optimal/latest_analyzed.csv
2025-05-08 06:09:57,095 - PredictionEngine - INFO - Found latest pattern data file for optimal: /home/clouduser/spike/forex_spike_predictor/specialized/data/analyzed/EUR_USD/5m/optimal/latest_patterns.json
2025-05-08 06:09:57,095 - PredictionEngine - INFO - Loading pattern data from /home/clouduser/spike/forex_spike_predictor/specialized/data/analyzed/EUR_USD/5m/optimal/latest_patterns.json
2025-05-08 06:09:57,096 - PredictionEngine - INFO - Loaded 1 pattern types with 90 instances from /home/clouduser/spike/forex_spike_predictor/specialized/data/analyzed/EUR_USD/5m/optimal/latest_patterns.json
2025-05-08 06:09:57,097 - PredictionEngine - INFO - Generating technical prediction
2025-05-08 06:09:57,098 - PredictionEngine - INFO - Technical prediction: DOWN with 0.69 confidence
2025-05-08 06:09:57,098 - PredictionEngine - INFO - Generating pattern-based prediction
2025-05-08 06:09:57,098 - PredictionEngine - INFO - Pattern prediction: NEUTRAL with 0.50 confidence
2025-05-08 06:09:57,098 - PredictionEngine - INFO - Found 0 bullish and 0 bearish patterns
2025-05-08 06:09:57,098 - PredictionEngine - INFO - Generating ensemble prediction
2025-05-08 06:09:57,098 - PredictionEngine - INFO - Ensemble prediction: DOWN with 0.37 confidence
2025-05-08 06:09:57,098 - PredictionEngine - INFO - Calculating pip targets with ATR multiplier 1.5
2025-05-08 06:09:57,099 - PredictionEngine - INFO - Calculated pip target: 0.6 pips
2025-05-08 06:09:57,099 - PredictionEngine - INFO - Take profit: 1.13021, Stop loss: 1.13032
2025-05-08 06:09:57,103 - PredictionEngine - INFO - Saved prediction to /home/clouduser/spike/forex_spike_predictor/specialized/data/predictions/EUR_USD/5m/20250508_EUR_USD_5m_predictions.json
2025-05-08 06:09:57,103 - PredictionEngine - INFO - Generated prediction: DOWN with 0.37 confidence
2025-05-08 06:09:57,103 - PredictionEngine - INFO - Prediction: DOWN with 0.37 confidence
2025-05-08 06:09:57,103 - PredictionEngine - INFO - Waiting 300s until next prediction run
2025-05-08 06:14:57,103 - PredictionEngine - INFO - Prediction run #4
2025-05-08 06:14:57,107 - PredictionEngine - INFO - Generating prediction using optimal data and ensemble_method method
2025-05-08 06:14:57,109 - PredictionEngine - INFO - Found latest analyzed data file for optimal: /home/clouduser/spike/forex_spike_predictor/specialized/data/analyzed/EUR_USD/5m/optimal/latest_analyzed.csv
2025-05-08 06:14:57,109 - PredictionEngine - INFO - Loading analyzed data from /home/clouduser/spike/forex_spike_predictor/specialized/data/analyzed/EUR_USD/5m/optimal/latest_analyzed.csv
2025-05-08 06:14:57,122 - PredictionEngine - INFO - Loaded 100 records from /home/clouduser/spike/forex_spike_predictor/specialized/data/analyzed/EUR_USD/5m/optimal/latest_analyzed.csv
2025-05-08 06:14:57,123 - PredictionEngine - INFO - Found latest pattern data file for optimal: /home/clouduser/spike/forex_spike_predictor/specialized/data/analyzed/EUR_USD/5m/optimal/latest_patterns.json
2025-05-08 06:14:57,123 - PredictionEngine - INFO - Loading pattern data from /home/clouduser/spike/forex_spike_predictor/specialized/data/analyzed/EUR_USD/5m/optimal/latest_patterns.json
2025-05-08 06:14:57,123 - PredictionEngine - INFO - Loaded 1 pattern types with 90 instances from /home/clouduser/spike/forex_spike_predictor/specialized/data/analyzed/EUR_USD/5m/optimal/latest_patterns.json
2025-05-08 06:14:57,124 - PredictionEngine - INFO - Generating technical prediction
2025-05-08 06:14:57,124 - PredictionEngine - INFO - Technical prediction: NEUTRAL with 0.50 confidence
2025-05-08 06:14:57,125 - PredictionEngine - INFO - Generating pattern-based prediction
2025-05-08 06:14:57,125 - PredictionEngine - INFO - Pattern prediction: NEUTRAL with 0.50 confidence
2025-05-08 06:14:57,125 - PredictionEngine - INFO - Found 0 bullish and 0 bearish patterns
2025-05-08 06:14:57,125 - PredictionEngine - INFO - Generating ensemble prediction
2025-05-08 06:14:57,125 - PredictionEngine - INFO - Ensemble prediction: NEUTRAL with 0.50 confidence
2025-05-08 06:14:57,125 - PredictionEngine - INFO - Calculating pip targets with ATR multiplier 1.5
2025-05-08 06:14:57,125 - PredictionEngine - INFO - Calculated pip target: 0.0 pips
2025-05-08 06:14:57,126 - PredictionEngine - INFO - Take profit: 1.12976, Stop loss: 1.12976
2025-05-08 06:14:57,129 - PredictionEngine - INFO - Saved prediction to /home/clouduser/spike/forex_spike_predictor/specialized/data/predictions/EUR_USD/5m/20250508_EUR_USD_5m_predictions.json
2025-05-08 06:14:57,129 - PredictionEngine - INFO - Generated prediction: NEUTRAL with 0.50 confidence
2025-05-08 06:14:57,129 - PredictionEngine - INFO - Prediction: NEUTRAL with 0.50 confidence
2025-05-08 06:14:57,129 - PredictionEngine - INFO - Waiting 300s until next prediction run
