2025-05-07 17:54:51,600 - DataCollector - INFO - Initialized data collector for EUR_USD with 5m timeframe
2025-05-07 17:54:51,600 - DataCollector - INFO - Data will be stored in /home/clouduser/spike/forex_spike_predictor/specialized/data/raw
2025-05-07 17:54:51,601 - DataCollector - INFO - Starting data collection for EUR_USD at 5s intervals
2025-05-07 17:55:45,210 - DataCollector - INFO - Collected 10 data points
2025-05-07 17:56:43,790 - DataCollector - INFO - Collected 20 data points
2025-05-07 17:57:41,004 - DataCollector - INFO - Collected 30 data points
2025-05-07 17:58:55,792 - DataCollector - INFO - Collected 40 data points
2025-05-07 17:59:54,628 - DataCollector - INFO - Collected 50 data points
2025-05-07 17:59:54,644 - DataCollector - INFO - Saved 50 records to /home/clouduser/spike/forex_spike_predictor/specialized/data/raw/EUR_USD/5m/20250507_EUR_USD_5m.csv
2025-05-07 18:00:18,167 - DataCollector - INFO - Price changed by 0.0529%: 1.13444 -> 1.13384
2025-05-07 18:00:53,982 - DataCollector - INFO - Collected 10 data points
2025-05-07 18:01:34,765 - DataCollector - INFO - Price changed by 0.0582%: 1.13395 -> 1.13461
2025-05-07 18:01:52,037 - DataCollector - INFO - Collected 20 data points
2025-05-07 18:02:50,322 - DataCollector - INFO - Collected 30 data points
2025-05-07 18:03:47,881 - DataCollector - INFO - Collected 40 data points
2025-05-07 18:04:46,312 - DataCollector - INFO - Collected 50 data points
2025-05-07 18:04:57,741 - DataCollector - INFO - Saved 52 records to /home/clouduser/spike/forex_spike_predictor/specialized/data/raw/EUR_USD/5m/20250507_EUR_USD_5m.csv
2025-05-07 18:06:00,667 - DataCollector - INFO - Collected 10 data points
2025-05-07 18:06:58,656 - DataCollector - INFO - Collected 20 data points
2025-05-07 18:07:57,366 - DataCollector - INFO - Collected 30 data points
2025-05-07 18:08:55,454 - DataCollector - INFO - Collected 40 data points
2025-05-07 18:09:53,440 - DataCollector - INFO - Collected 50 data points
2025-05-07 18:09:59,145 - DataCollector - INFO - Saved 51 records to /home/clouduser/spike/forex_spike_predictor/specialized/data/raw/EUR_USD/5m/20250507_EUR_USD_5m.csv
2025-05-07 18:10:57,120 - DataCollector - INFO - Collected 10 data points
2025-05-07 18:11:54,658 - DataCollector - INFO - Collected 20 data points
2025-05-07 18:12:53,620 - DataCollector - INFO - Collected 30 data points
2025-05-07 18:14:27,605 - DataCollector - INFO - Collected 40 data points
2025-05-07 18:15:02,470 - DataCollector - INFO - Saved 46 records to /home/clouduser/spike/forex_spike_predictor/specialized/data/raw/EUR_USD/5m/20250507_EUR_USD_5m.csv
2025-05-07 18:16:17,977 - DataCollector - INFO - Collected 10 data points
2025-05-07 18:18:07,074 - DataCollector - INFO - Collected 20 data points
2025-05-07 18:20:24,286 - DataCollector - INFO - Saved 23 records to /home/clouduser/spike/forex_spike_predictor/specialized/data/raw/EUR_USD/5m/20250507_EUR_USD_5m.csv
2025-05-07 18:21:26,298 - DataCollector - INFO - Collected 10 data points
2025-05-07 18:23:10,995 - DataCollector - INFO - Collected 20 data points
2025-05-07 18:25:24,475 - DataCollector - INFO - Collected 30 data points
2025-05-07 18:25:24,490 - DataCollector - INFO - Saved 30 records to /home/clouduser/spike/forex_spike_predictor/specialized/data/raw/EUR_USD/5m/20250507_EUR_USD_5m.csv
2025-05-07 18:27:46,613 - DataCollector - INFO - Collected 10 data points
2025-05-07 18:28:46,789 - DataCollector - INFO - Collected 20 data points
2025-05-07 18:30:05,142 - DataCollector - ERROR - Error fetching price: HTTPSConnectionPool(host='api.polygon.io', port=443): Max retries exceeded with url: /v1/last_quote/currencies/EUR/USD?apiKey=p6WersYkAHkp9TccmLHvdDwGaZ4CnR0Y (Caused by NewConnectionError('<urllib3.connection.HTTPSConnection object at 0x7e096a93d0>: Failed to establish a new connection: [Errno -3] Temporary failure in name resolution'))
2025-05-07 18:30:11,101 - DataCollector - INFO - Collected 30 data points
2025-05-07 18:30:35,596 - DataCollector - INFO - Saved 33 records to /home/clouduser/spike/forex_spike_predictor/specialized/data/raw/EUR_USD/5m/20250507_EUR_USD_5m.csv
2025-05-07 18:31:40,107 - DataCollector - INFO - Collected 10 data points
2025-05-07 18:32:49,810 - DataCollector - INFO - Collected 20 data points
2025-05-07 18:33:53,542 - DataCollector - INFO - Collected 30 data points
2025-05-07 18:35:41,303 - DataCollector - INFO - Saved 33 records to /home/clouduser/spike/forex_spike_predictor/specialized/data/raw/EUR_USD/5m/20250507_EUR_USD_5m.csv
2025-05-07 18:36:46,987 - DataCollector - INFO - Collected 10 data points
2025-05-07 18:37:53,548 - DataCollector - INFO - Collected 20 data points
2025-05-07 18:38:58,179 - DataCollector - INFO - Collected 30 data points
2025-05-07 18:39:04,257 - DataCollector - INFO - Price changed by 0.0744%: 1.13614 -> 1.13529
2025-05-07 18:40:04,728 - DataCollector - INFO - Collected 40 data points
2025-05-07 18:40:47,373 - DataCollector - INFO - Saved 47 records to /home/clouduser/spike/forex_spike_predictor/specialized/data/raw/EUR_USD/5m/20250507_EUR_USD_5m.csv
2025-05-07 18:41:49,388 - DataCollector - INFO - Collected 10 data points
2025-05-07 18:42:52,681 - DataCollector - INFO - Collected 20 data points
2025-05-07 18:44:30,650 - DataCollector - INFO - Price changed by 0.0679%: 1.13462 -> 1.13385
2025-05-07 18:44:48,890 - DataCollector - INFO - Collected 30 data points
2025-05-07 18:46:14,638 - DataCollector - INFO - Price changed by 0.0900%: 1.13326 -> 1.13224
2025-05-07 18:46:14,666 - DataCollector - INFO - Saved 38 records to /home/clouduser/spike/forex_spike_predictor/specialized/data/raw/EUR_USD/5m/20250507_EUR_USD_5m.csv
2025-05-07 18:49:06,198 - DataCollector - INFO - Collected 10 data points
2025-05-07 18:49:52,108 - DataCollector - INFO - Price changed by 0.0578%: 1.13280 -> 1.13346
2025-05-07 18:50:16,408 - DataCollector - INFO - Collected 20 data points
2025-05-07 18:51:15,903 - DataCollector - INFO - Saved 27 records to /home/clouduser/spike/forex_spike_predictor/specialized/data/raw/EUR_USD/5m/20250507_EUR_USD_5m.csv
2025-05-07 18:55:32,833 - DataCollector - INFO - Collected 10 data points
2025-05-07 18:56:42,830 - DataCollector - INFO - Saved 11 records to /home/clouduser/spike/forex_spike_predictor/specialized/data/raw/EUR_USD/5m/20250507_EUR_USD_5m.csv
2025-05-07 18:59:09,863 - DataCollector - INFO - Collected 10 data points
2025-05-07 19:01:52,989 - DataCollector - INFO - Saved 19 records to /home/clouduser/spike/forex_spike_predictor/specialized/data/raw/EUR_USD/5m/20250507_EUR_USD_5m.csv
2025-05-07 19:03:16,882 - DataCollector - INFO - Collected 10 data points
2025-05-07 19:05:56,839 - DataCollector - INFO - Collected 20 data points
2025-05-07 19:06:58,178 - DataCollector - INFO - Collected 30 data points
2025-05-07 19:06:58,205 - DataCollector - INFO - Saved 30 records to /home/clouduser/spike/forex_spike_predictor/specialized/data/raw/EUR_USD/5m/20250507_EUR_USD_5m.csv
2025-05-07 19:08:00,528 - DataCollector - INFO - Collected 10 data points
2025-05-07 19:11:58,603 - DataCollector - INFO - Collected 20 data points
2025-05-07 19:11:58,619 - DataCollector - INFO - Saved 20 records to /home/clouduser/spike/forex_spike_predictor/specialized/data/raw/EUR_USD/5m/20250507_EUR_USD_5m.csv
2025-05-07 19:13:14,121 - DataCollector - INFO - Collected 10 data points
2025-05-07 19:14:15,183 - DataCollector - INFO - Collected 20 data points
2025-05-07 19:15:17,581 - DataCollector - INFO - Collected 30 data points
2025-05-07 19:16:20,066 - DataCollector - INFO - Collected 40 data points
2025-05-07 19:17:02,817 - DataCollector - INFO - Saved 47 records to /home/clouduser/spike/forex_spike_predictor/specialized/data/raw/EUR_USD/5m/20250507_EUR_USD_5m.csv
2025-05-07 19:18:05,258 - DataCollector - INFO - Collected 10 data points
