2025-05-07 11:39:43,563 - DataCollector - INFO - Initialized data collector for EUR_USD with 5m timeframe
2025-05-07 11:39:43,563 - DataCollector - INFO - Data will be stored in /home/clouduser/spike/forex_spike_predictor/specialized/data/raw
2025-05-07 11:39:43,563 - DataCollector - INFO - Starting data collection for EUR_USD at 5s intervals
2025-05-07 11:40:38,193 - DataCollector - INFO - Collected 10 data points
2025-05-07 11:41:37,585 - DataCollector - INFO - Collected 20 data points
2025-05-07 11:42:36,590 - DataCollector - INFO - Collected 30 data points
2025-05-07 11:43:33,823 - DataCollector - INFO - Collected 40 data points
2025-05-07 11:44:31,320 - DataCollector - INFO - Collected 50 data points
2025-05-07 11:44:48,358 - DataCollector - INFO - Saved 53 records to /home/clouduser/spike/forex_spike_predictor/specialized/data/raw/EUR_USD/5m/20250507_EUR_USD_5m.csv
2025-05-07 11:45:45,536 - DataCollector - INFO - Collected 10 data points
2025-05-07 11:46:45,921 - DataCollector - INFO - Collected 20 data points
2025-05-07 11:47:46,953 - DataCollector - INFO - Collected 30 data points
2025-05-07 11:50:03,241 - DataCollector - INFO - Saved 35 records to /home/clouduser/spike/forex_spike_predictor/specialized/data/raw/EUR_USD/5m/20250507_EUR_USD_5m.csv
2025-05-07 11:56:10,360 - DataCollector - INFO - Saved 2 records to /home/clouduser/spike/forex_spike_predictor/specialized/data/raw/EUR_USD/5m/20250507_EUR_USD_5m.csv
2025-05-07 12:04:19,950 - DataCollector - INFO - Saved 9 records to /home/clouduser/spike/forex_spike_predictor/specialized/data/raw/EUR_USD/5m/20250507_EUR_USD_5m.csv
2025-05-07 12:09:20,518 - DataCollector - INFO - Saved 6 records to /home/clouduser/spike/forex_spike_predictor/specialized/data/raw/EUR_USD/5m/20250507_EUR_USD_5m.csv
2025-05-07 12:11:57,949 - DataCollector - INFO - Collected 10 data points
2025-05-07 12:17:34,659 - DataCollector - INFO - Saved 11 records to /home/clouduser/spike/forex_spike_predictor/specialized/data/raw/EUR_USD/5m/20250507_EUR_USD_5m.csv
2025-05-07 12:24:04,494 - DataCollector - INFO - Saved 2 records to /home/clouduser/spike/forex_spike_predictor/specialized/data/raw/EUR_USD/5m/20250507_EUR_USD_5m.csv
2025-05-07 12:30:58,614 - DataCollector - INFO - Saved 2 records to /home/clouduser/spike/forex_spike_predictor/specialized/data/raw/EUR_USD/5m/20250507_EUR_USD_5m.csv
2025-05-07 12:33:58,435 - DataCollector - INFO - Collected 10 data points
2025-05-07 12:35:19,744 - DataCollector - INFO - Collected 20 data points
2025-05-07 12:36:03,282 - DataCollector - INFO - Saved 27 records to /home/clouduser/spike/forex_spike_predictor/specialized/data/raw/EUR_USD/5m/20250507_EUR_USD_5m.csv
2025-05-07 12:37:10,439 - DataCollector - INFO - Collected 10 data points
2025-05-07 12:38:12,390 - DataCollector - INFO - Collected 20 data points
2025-05-07 12:39:59,841 - DataCollector - INFO - Collected 30 data points
2025-05-07 12:41:45,977 - DataCollector - INFO - Saved 32 records to /home/clouduser/spike/forex_spike_predictor/specialized/data/raw/EUR_USD/5m/20250507_EUR_USD_5m.csv
2025-05-07 12:47:41,610 - DataCollector - INFO - Saved 4 records to /home/clouduser/spike/forex_spike_predictor/specialized/data/raw/EUR_USD/5m/20250507_EUR_USD_5m.csv
2025-05-07 12:53:24,855 - DataCollector - INFO - Collected 10 data points
2025-05-07 12:53:24,864 - DataCollector - INFO - Saved 10 records to /home/clouduser/spike/forex_spike_predictor/specialized/data/raw/EUR_USD/5m/20250507_EUR_USD_5m.csv
2025-05-07 12:58:56,398 - DataCollector - INFO - Saved 8 records to /home/clouduser/spike/forex_spike_predictor/specialized/data/raw/EUR_USD/5m/20250507_EUR_USD_5m.csv
2025-05-07 13:05:43,996 - DataCollector - INFO - Saved 2 records to /home/clouduser/spike/forex_spike_predictor/specialized/data/raw/EUR_USD/5m/20250507_EUR_USD_5m.csv
2025-05-07 13:15:51,676 - DataCollector - INFO - Saved 5 records to /home/clouduser/spike/forex_spike_predictor/specialized/data/raw/EUR_USD/5m/20250507_EUR_USD_5m.csv
2025-05-07 13:21:32,580 - DataCollector - INFO - Saved 7 records to /home/clouduser/spike/forex_spike_predictor/specialized/data/raw/EUR_USD/5m/20250507_EUR_USD_5m.csv
2025-05-07 13:31:24,915 - DataCollector - INFO - Saved 9 records to /home/clouduser/spike/forex_spike_predictor/specialized/data/raw/EUR_USD/5m/20250507_EUR_USD_5m.csv
2025-05-07 13:39:00,959 - DataCollector - INFO - Saved 3 records to /home/clouduser/spike/forex_spike_predictor/specialized/data/raw/EUR_USD/5m/20250507_EUR_USD_5m.csv
2025-05-07 13:41:45,238 - DataCollector - INFO - Collected 10 data points
2025-05-07 13:45:27,448 - DataCollector - INFO - Saved 12 records to /home/clouduser/spike/forex_spike_predictor/specialized/data/raw/EUR_USD/5m/20250507_EUR_USD_5m.csv
2025-05-07 13:51:45,586 - DataCollector - INFO - Saved 3 records to /home/clouduser/spike/forex_spike_predictor/specialized/data/raw/EUR_USD/5m/20250507_EUR_USD_5m.csv
2025-05-07 13:57:22,229 - DataCollector - INFO - Saved 8 records to /home/clouduser/spike/forex_spike_predictor/specialized/data/raw/EUR_USD/5m/20250507_EUR_USD_5m.csv
2025-05-07 14:04:57,879 - DataCollector - INFO - Saved 7 records to /home/clouduser/spike/forex_spike_predictor/specialized/data/raw/EUR_USD/5m/20250507_EUR_USD_5m.csv
2025-05-07 14:13:19,180 - DataCollector - INFO - Saved 7 records to /home/clouduser/spike/forex_spike_predictor/specialized/data/raw/EUR_USD/5m/20250507_EUR_USD_5m.csv
2025-05-07 14:23:50,054 - DataCollector - INFO - Saved 2 records to /home/clouduser/spike/forex_spike_predictor/specialized/data/raw/EUR_USD/5m/20250507_EUR_USD_5m.csv
2025-05-07 14:29:33,420 - DataCollector - INFO - Saved 9 records to /home/clouduser/spike/forex_spike_predictor/specialized/data/raw/EUR_USD/5m/20250507_EUR_USD_5m.csv
2025-05-07 14:36:28,677 - DataCollector - INFO - Saved 2 records to /home/clouduser/spike/forex_spike_predictor/specialized/data/raw/EUR_USD/5m/20250507_EUR_USD_5m.csv
2025-05-07 14:41:52,905 - DataCollector - INFO - Saved 1 records to /home/clouduser/spike/forex_spike_predictor/specialized/data/raw/EUR_USD/5m/20250507_EUR_USD_5m.csv
2025-05-07 14:53:13,149 - DataCollector - INFO - Saved 8 records to /home/clouduser/spike/forex_spike_predictor/specialized/data/raw/EUR_USD/5m/20250507_EUR_USD_5m.csv
2025-05-07 14:59:49,631 - DataCollector - INFO - Saved 2 records to /home/clouduser/spike/forex_spike_predictor/specialized/data/raw/EUR_USD/5m/20250507_EUR_USD_5m.csv
2025-05-07 15:09:17,487 - DataCollector - INFO - Saved 9 records to /home/clouduser/spike/forex_spike_predictor/specialized/data/raw/EUR_USD/5m/20250507_EUR_USD_5m.csv
2025-05-07 15:14:27,185 - DataCollector - INFO - Saved 2 records to /home/clouduser/spike/forex_spike_predictor/specialized/data/raw/EUR_USD/5m/20250507_EUR_USD_5m.csv
2025-05-07 15:21:34,211 - DataCollector - INFO - Price changed by 0.0893%: 1.13614 -> 1.13513
2025-05-07 15:21:34,221 - DataCollector - INFO - Saved 3 records to /home/clouduser/spike/forex_spike_predictor/specialized/data/raw/EUR_USD/5m/20250507_EUR_USD_5m.csv
2025-05-07 15:23:53,379 - DataCollector - INFO - Collected 10 data points
2025-05-07 15:25:09,458 - DataCollector - INFO - Collected 20 data points
2025-05-07 15:26:10,998 - DataCollector - INFO - Collected 30 data points
2025-05-07 15:26:35,995 - DataCollector - INFO - Saved 34 records to /home/clouduser/spike/forex_spike_predictor/specialized/data/raw/EUR_USD/5m/20250507_EUR_USD_5m.csv
2025-05-07 15:27:38,357 - DataCollector - INFO - Collected 10 data points
2025-05-07 15:28:41,222 - DataCollector - INFO - Collected 20 data points
2025-05-07 15:29:44,205 - DataCollector - INFO - Collected 30 data points
2025-05-07 15:30:46,252 - DataCollector - INFO - Collected 40 data points
2025-05-07 15:32:06,188 - DataCollector - INFO - Saved 45 records to /home/clouduser/spike/forex_spike_predictor/specialized/data/raw/EUR_USD/5m/20250507_EUR_USD_5m.csv
2025-05-07 15:33:08,649 - DataCollector - INFO - Collected 10 data points
2025-05-07 15:34:09,397 - DataCollector - INFO - Collected 20 data points
2025-05-07 15:35:12,807 - DataCollector - INFO - Collected 30 data points
2025-05-07 15:36:15,273 - DataCollector - INFO - Collected 40 data points
2025-05-07 15:37:11,711 - DataCollector - INFO - Saved 49 records to /home/clouduser/spike/forex_spike_predictor/specialized/data/raw/EUR_USD/5m/20250507_EUR_USD_5m.csv
2025-05-07 15:38:15,083 - DataCollector - INFO - Collected 10 data points
2025-05-07 15:39:18,160 - DataCollector - INFO - Collected 20 data points
2025-05-07 15:40:21,957 - DataCollector - INFO - Collected 30 data points
2025-05-07 15:41:25,559 - DataCollector - INFO - Collected 40 data points
2025-05-07 15:42:16,263 - DataCollector - INFO - Saved 48 records to /home/clouduser/spike/forex_spike_predictor/specialized/data/raw/EUR_USD/5m/20250507_EUR_USD_5m.csv
2025-05-07 15:43:23,816 - DataCollector - INFO - Collected 10 data points
2025-05-07 15:44:26,210 - DataCollector - INFO - Collected 20 data points
2025-05-07 15:45:29,978 - DataCollector - INFO - Collected 30 data points
2025-05-07 15:46:33,365 - DataCollector - INFO - Collected 40 data points
2025-05-07 15:47:16,897 - DataCollector - INFO - Saved 47 records to /home/clouduser/spike/forex_spike_predictor/specialized/data/raw/EUR_USD/5m/20250507_EUR_USD_5m.csv
2025-05-07 15:48:32,847 - DataCollector - INFO - Collected 10 data points
2025-05-07 15:49:35,553 - DataCollector - INFO - Collected 20 data points
2025-05-07 15:50:37,152 - DataCollector - INFO - Collected 30 data points
2025-05-07 15:51:43,931 - DataCollector - INFO - Collected 40 data points
2025-05-07 15:52:20,783 - DataCollector - INFO - Saved 46 records to /home/clouduser/spike/forex_spike_predictor/specialized/data/raw/EUR_USD/5m/20250507_EUR_USD_5m.csv
2025-05-07 15:53:31,128 - DataCollector - INFO - Collected 10 data points
2025-05-07 15:54:36,380 - DataCollector - INFO - Collected 20 data points
2025-05-07 15:55:42,129 - DataCollector - INFO - Collected 30 data points
2025-05-07 15:56:50,021 - DataCollector - INFO - Collected 40 data points
2025-05-07 15:57:23,850 - DataCollector - INFO - Saved 44 records to /home/clouduser/spike/forex_spike_predictor/specialized/data/raw/EUR_USD/5m/20250507_EUR_USD_5m.csv
2025-05-07 15:58:31,805 - DataCollector - INFO - Collected 10 data points
2025-05-07 15:59:35,505 - DataCollector - INFO - Collected 20 data points
2025-05-07 16:00:40,015 - DataCollector - INFO - Collected 30 data points
2025-05-07 16:01:49,855 - DataCollector - INFO - Collected 40 data points
2025-05-07 16:02:28,556 - DataCollector - INFO - Saved 46 records to /home/clouduser/spike/forex_spike_predictor/specialized/data/raw/EUR_USD/5m/20250507_EUR_USD_5m.csv
2025-05-07 16:03:32,656 - DataCollector - INFO - Collected 10 data points
2025-05-07 16:04:35,955 - DataCollector - INFO - Collected 20 data points
2025-05-07 16:05:37,996 - DataCollector - INFO - Collected 30 data points
2025-05-07 16:06:46,189 - DataCollector - INFO - Collected 40 data points
2025-05-07 16:07:28,997 - DataCollector - INFO - Saved 47 records to /home/clouduser/spike/forex_spike_predictor/specialized/data/raw/EUR_USD/5m/20250507_EUR_USD_5m.csv
2025-05-07 16:08:31,565 - DataCollector - INFO - Collected 10 data points
2025-05-07 16:09:33,856 - DataCollector - INFO - Collected 20 data points
2025-05-07 16:10:39,363 - DataCollector - INFO - Collected 30 data points
2025-05-07 16:11:41,839 - DataCollector - INFO - Collected 40 data points
2025-05-07 16:12:31,502 - DataCollector - INFO - Saved 48 records to /home/clouduser/spike/forex_spike_predictor/specialized/data/raw/EUR_USD/5m/20250507_EUR_USD_5m.csv
2025-05-07 16:13:38,456 - DataCollector - INFO - Collected 10 data points
2025-05-07 16:14:41,949 - DataCollector - INFO - Collected 20 data points
2025-05-07 16:15:48,818 - DataCollector - INFO - Collected 30 data points
2025-05-07 16:16:52,308 - DataCollector - INFO - Collected 40 data points
2025-05-07 16:17:36,355 - DataCollector - INFO - Saved 47 records to /home/clouduser/spike/forex_spike_predictor/specialized/data/raw/EUR_USD/5m/20250507_EUR_USD_5m.csv
2025-05-07 16:20:59,637 - DataCollector - ERROR - Error fetching price: HTTPSConnectionPool(host='api.polygon.io', port=443): Max retries exceeded with url: /v1/last_quote/currencies/EUR/USD?apiKey=p6WersYkAHkp9TccmLHvdDwGaZ4CnR0Y (Caused by NewConnectionError('<urllib3.connection.HTTPSConnection object at 0x77dc681910>: Failed to establish a new connection: [Errno -3] Temporary failure in name resolution'))
2025-05-07 16:23:03,409 - DataCollector - INFO - Saved 6 records to /home/clouduser/spike/forex_spike_predictor/specialized/data/raw/EUR_USD/5m/20250507_EUR_USD_5m.csv
2025-05-07 16:28:45,319 - DataCollector - INFO - Collected 10 data points
2025-05-07 16:28:45,354 - DataCollector - INFO - Saved 10 records to /home/clouduser/spike/forex_spike_predictor/specialized/data/raw/EUR_USD/5m/20250507_EUR_USD_5m.csv
2025-05-07 16:29:43,540 - DataCollector - INFO - Collected 10 data points
2025-05-07 16:33:04,063 - DataCollector - INFO - Collected 20 data points
2025-05-07 16:35:01,438 - DataCollector - INFO - Saved 22 records to /home/clouduser/spike/forex_spike_predictor/specialized/data/raw/EUR_USD/5m/20250507_EUR_USD_5m.csv
2025-05-07 16:41:00,659 - DataCollector - INFO - Saved 9 records to /home/clouduser/spike/forex_spike_predictor/specialized/data/raw/EUR_USD/5m/20250507_EUR_USD_5m.csv
2025-05-07 16:46:13,437 - DataCollector - INFO - Collected 10 data points
2025-05-07 16:46:13,449 - DataCollector - INFO - Saved 10 records to /home/clouduser/spike/forex_spike_predictor/specialized/data/raw/EUR_USD/5m/20250507_EUR_USD_5m.csv
2025-05-07 16:51:13,579 - DataCollector - INFO - Saved 8 records to /home/clouduser/spike/forex_spike_predictor/specialized/data/raw/EUR_USD/5m/20250507_EUR_USD_5m.csv
2025-05-07 16:55:41,699 - DataCollector - INFO - Collected 10 data points
2025-05-07 16:56:16,771 - DataCollector - INFO - Saved 16 records to /home/clouduser/spike/forex_spike_predictor/specialized/data/raw/EUR_USD/5m/20250507_EUR_USD_5m.csv
2025-05-07 16:58:41,906 - DataCollector - INFO - Collected 10 data points
2025-05-07 16:59:39,307 - DataCollector - INFO - Collected 20 data points
2025-05-07 17:00:37,800 - DataCollector - INFO - Collected 30 data points
2025-05-07 17:01:18,685 - DataCollector - INFO - Saved 37 records to /home/clouduser/spike/forex_spike_predictor/specialized/data/raw/EUR_USD/5m/20250507_EUR_USD_5m.csv
2025-05-07 17:02:19,036 - DataCollector - INFO - Collected 10 data points
2025-05-07 17:03:23,031 - DataCollector - INFO - Collected 20 data points
2025-05-07 17:04:21,923 - DataCollector - INFO - Collected 30 data points
2025-05-07 17:05:20,347 - DataCollector - INFO - Collected 40 data points
2025-05-07 17:06:18,072 - DataCollector - INFO - Collected 50 data points
2025-05-07 17:06:23,960 - DataCollector - INFO - Saved 51 records to /home/clouduser/spike/forex_spike_predictor/specialized/data/raw/EUR_USD/5m/20250507_EUR_USD_5m.csv
2025-05-07 17:07:21,631 - DataCollector - INFO - Collected 10 data points
2025-05-07 17:08:19,746 - DataCollector - INFO - Collected 20 data points
2025-05-07 17:09:17,561 - DataCollector - INFO - Collected 30 data points
2025-05-07 17:10:15,366 - DataCollector - INFO - Collected 40 data points
2025-05-07 17:11:12,897 - DataCollector - INFO - Collected 50 data points
2025-05-07 17:11:24,345 - DataCollector - INFO - Saved 52 records to /home/clouduser/spike/forex_spike_predictor/specialized/data/raw/EUR_USD/5m/20250507_EUR_USD_5m.csv
2025-05-07 17:12:21,658 - DataCollector - INFO - Collected 10 data points
2025-05-07 17:13:18,806 - DataCollector - INFO - Collected 20 data points
2025-05-07 17:14:16,281 - DataCollector - INFO - Collected 30 data points
2025-05-07 17:15:13,150 - DataCollector - INFO - Collected 40 data points
2025-05-07 17:16:10,419 - DataCollector - INFO - Collected 50 data points
2025-05-07 17:16:27,712 - DataCollector - INFO - Saved 53 records to /home/clouduser/spike/forex_spike_predictor/specialized/data/raw/EUR_USD/5m/20250507_EUR_USD_5m.csv
2025-05-07 17:17:25,072 - DataCollector - INFO - Collected 10 data points
2025-05-07 17:18:22,543 - DataCollector - INFO - Collected 20 data points
2025-05-07 17:19:20,025 - DataCollector - INFO - Collected 30 data points
2025-05-07 17:20:17,746 - DataCollector - INFO - Collected 40 data points
2025-05-07 17:21:15,089 - DataCollector - INFO - Collected 50 data points
2025-05-07 17:21:32,323 - DataCollector - INFO - Saved 53 records to /home/clouduser/spike/forex_spike_predictor/specialized/data/raw/EUR_USD/5m/20250507_EUR_USD_5m.csv
2025-05-07 17:22:33,148 - DataCollector - INFO - Collected 10 data points
2025-05-07 17:23:30,593 - DataCollector - INFO - Collected 20 data points
2025-05-07 17:24:28,303 - DataCollector - INFO - Collected 30 data points
2025-05-07 17:25:26,348 - DataCollector - INFO - Collected 40 data points
2025-05-07 17:26:24,185 - DataCollector - INFO - Collected 50 data points
2025-05-07 17:26:36,462 - DataCollector - INFO - Saved 52 records to /home/clouduser/spike/forex_spike_predictor/specialized/data/raw/EUR_USD/5m/20250507_EUR_USD_5m.csv
2025-05-07 17:27:35,891 - DataCollector - INFO - Collected 10 data points
2025-05-07 17:28:43,696 - DataCollector - INFO - Collected 20 data points
2025-05-07 17:29:44,701 - DataCollector - INFO - Collected 30 data points
2025-05-07 17:30:46,578 - DataCollector - INFO - Collected 40 data points
2025-05-07 17:31:40,906 - DataCollector - INFO - Saved 49 records to /home/clouduser/spike/forex_spike_predictor/specialized/data/raw/EUR_USD/5m/20250507_EUR_USD_5m.csv
2025-05-07 17:32:41,691 - DataCollector - INFO - Collected 10 data points
2025-05-07 17:33:40,727 - DataCollector - INFO - Collected 20 data points
2025-05-07 17:34:38,429 - DataCollector - INFO - Collected 30 data points
2025-05-07 17:35:35,957 - DataCollector - INFO - Collected 40 data points
2025-05-07 17:36:39,217 - DataCollector - INFO - Collected 50 data points
2025-05-07 17:36:45,312 - DataCollector - INFO - Saved 51 records to /home/clouduser/spike/forex_spike_predictor/specialized/data/raw/EUR_USD/5m/20250507_EUR_USD_5m.csv
2025-05-07 17:37:43,924 - DataCollector - INFO - Collected 10 data points
2025-05-07 17:38:41,887 - DataCollector - INFO - Collected 20 data points
2025-05-07 17:39:39,700 - DataCollector - INFO - Collected 30 data points
2025-05-07 17:40:39,140 - DataCollector - INFO - Collected 40 data points
2025-05-07 17:41:37,412 - DataCollector - INFO - Collected 50 data points
2025-05-07 17:41:49,000 - DataCollector - INFO - Saved 52 records to /home/clouduser/spike/forex_spike_predictor/specialized/data/raw/EUR_USD/5m/20250507_EUR_USD_5m.csv
2025-05-07 17:42:47,141 - DataCollector - INFO - Collected 10 data points
2025-05-07 17:43:44,855 - DataCollector - INFO - Collected 20 data points
2025-05-07 17:44:43,619 - DataCollector - INFO - Collected 30 data points
2025-05-07 17:45:41,727 - DataCollector - INFO - Collected 40 data points
2025-05-07 17:46:39,548 - DataCollector - INFO - Collected 50 data points
2025-05-07 17:46:52,292 - DataCollector - INFO - Saved 52 records to /home/clouduser/spike/forex_spike_predictor/specialized/data/raw/EUR_USD/5m/20250507_EUR_USD_5m.csv
2025-05-07 17:47:50,737 - DataCollector - INFO - Collected 10 data points
2025-05-07 17:48:50,062 - DataCollector - INFO - Collected 20 data points
2025-05-07 17:49:51,675 - DataCollector - INFO - Collected 30 data points
2025-05-07 17:50:53,352 - DataCollector - INFO - Collected 40 data points
2025-05-07 17:51:51,119 - DataCollector - INFO - Collected 50 data points
2025-05-07 17:51:56,928 - DataCollector - INFO - Saved 51 records to /home/clouduser/spike/forex_spike_predictor/specialized/data/raw/EUR_USD/5m/20250507_EUR_USD_5m.csv
2025-05-07 17:52:54,934 - DataCollector - INFO - Collected 10 data points
2025-05-07 17:53:54,034 - DataCollector - INFO - Collected 20 data points
2025-05-07 17:54:52,906 - DataCollector - INFO - Collected 30 data points
2025-05-07 17:55:52,320 - DataCollector - INFO - Collected 40 data points
2025-05-07 17:56:50,636 - DataCollector - INFO - Collected 50 data points
2025-05-07 17:57:02,174 - DataCollector - INFO - Saved 52 records to /home/clouduser/spike/forex_spike_predictor/specialized/data/raw/EUR_USD/5m/20250507_EUR_USD_5m.csv
2025-05-07 17:58:01,999 - DataCollector - INFO - Collected 10 data points
2025-05-07 17:59:17,763 - DataCollector - INFO - Collected 20 data points
2025-05-07 18:00:19,318 - DataCollector - INFO - Price changed by 0.0648%: 1.13457 -> 1.13384
2025-05-07 18:00:19,319 - DataCollector - INFO - Collected 30 data points
2025-05-07 18:01:17,454 - DataCollector - INFO - Collected 40 data points
2025-05-07 18:01:35,062 - DataCollector - INFO - Price changed by 0.0608%: 1.13394 -> 1.13463
2025-05-07 18:02:04,284 - DataCollector - INFO - Saved 48 records to /home/clouduser/spike/forex_spike_predictor/specialized/data/raw/EUR_USD/5m/20250507_EUR_USD_5m.csv
2025-05-07 18:03:02,440 - DataCollector - INFO - Collected 10 data points
2025-05-07 18:03:59,946 - DataCollector - INFO - Collected 20 data points
2025-05-07 18:04:58,445 - DataCollector - INFO - Collected 30 data points
2025-05-07 18:05:56,530 - DataCollector - INFO - Collected 40 data points
2025-05-07 18:06:56,098 - DataCollector - INFO - Collected 50 data points
2025-05-07 18:07:08,737 - DataCollector - INFO - Saved 52 records to /home/clouduser/spike/forex_spike_predictor/specialized/data/raw/EUR_USD/5m/20250507_EUR_USD_5m.csv
2025-05-07 18:08:08,218 - DataCollector - INFO - Collected 10 data points
2025-05-07 18:09:07,221 - DataCollector - INFO - Collected 20 data points
2025-05-07 18:10:04,826 - DataCollector - INFO - Collected 30 data points
2025-05-07 18:11:03,099 - DataCollector - INFO - Collected 40 data points
2025-05-07 18:12:00,552 - DataCollector - INFO - Collected 50 data points
2025-05-07 18:12:13,559 - DataCollector - INFO - Saved 52 records to /home/clouduser/spike/forex_spike_predictor/specialized/data/raw/EUR_USD/5m/20250507_EUR_USD_5m.csv
2025-05-07 18:13:12,432 - DataCollector - INFO - Collected 10 data points
2025-05-07 18:14:44,733 - DataCollector - INFO - Collected 20 data points
2025-05-07 18:15:46,140 - DataCollector - INFO - Collected 30 data points
2025-05-07 18:16:54,042 - DataCollector - INFO - Collected 40 data points
2025-05-07 18:17:20,047 - DataCollector - INFO - Saved 43 records to /home/clouduser/spike/forex_spike_predictor/specialized/data/raw/EUR_USD/5m/20250507_EUR_USD_5m.csv
2025-05-07 18:20:55,220 - DataCollector - INFO - Collected 10 data points
2025-05-07 18:21:54,887 - DataCollector - INFO - Collected 20 data points
2025-05-07 18:22:20,336 - DataCollector - INFO - Saved 21 records to /home/clouduser/spike/forex_spike_predictor/specialized/data/raw/EUR_USD/5m/20250507_EUR_USD_5m.csv
2025-05-07 18:25:00,820 - DataCollector - INFO - Collected 10 data points
2025-05-07 18:27:23,072 - DataCollector - INFO - Collected 20 data points
2025-05-07 18:27:23,088 - DataCollector - INFO - Saved 20 records to /home/clouduser/spike/forex_spike_predictor/specialized/data/raw/EUR_USD/5m/20250507_EUR_USD_5m.csv
2025-05-07 18:28:22,173 - DataCollector - INFO - Collected 10 data points
2025-05-07 18:29:22,177 - DataCollector - INFO - Collected 20 data points
2025-05-07 18:30:04,778 - DataCollector - ERROR - Error fetching price: HTTPSConnectionPool(host='api.polygon.io', port=443): Max retries exceeded with url: /v1/last_quote/currencies/EUR/USD?apiKey=p6WersYkAHkp9TccmLHvdDwGaZ4CnR0Y (Caused by NewConnectionError('<urllib3.connection.HTTPSConnection object at 0x77d99fa3d0>: Failed to establish a new connection: [Errno -3] Temporary failure in name resolution'))
2025-05-07 18:30:54,327 - DataCollector - INFO - Collected 30 data points
2025-05-07 18:32:01,383 - DataCollector - INFO - Collected 40 data points
2025-05-07 18:32:25,912 - DataCollector - INFO - Saved 44 records to /home/clouduser/spike/forex_spike_predictor/specialized/data/raw/EUR_USD/5m/20250507_EUR_USD_5m.csv
2025-05-07 18:33:29,689 - DataCollector - INFO - Collected 10 data points
2025-05-07 18:35:59,332 - DataCollector - INFO - Collected 20 data points
2025-05-07 18:37:08,746 - DataCollector - INFO - Collected 30 data points
2025-05-07 18:37:28,717 - DataCollector - INFO - Saved 33 records to /home/clouduser/spike/forex_spike_predictor/specialized/data/raw/EUR_USD/5m/20250507_EUR_USD_5m.csv
2025-05-07 18:38:33,602 - DataCollector - INFO - Collected 10 data points
2025-05-07 18:39:05,140 - DataCollector - INFO - Price changed by 0.0832%: 1.13604 -> 1.13509
2025-05-07 18:39:40,135 - DataCollector - INFO - Collected 20 data points
2025-05-07 18:40:44,676 - DataCollector - INFO - Collected 30 data points
2025-05-07 18:41:48,495 - DataCollector - INFO - Collected 40 data points
2025-05-07 18:42:31,903 - DataCollector - INFO - Saved 47 records to /home/clouduser/spike/forex_spike_predictor/specialized/data/raw/EUR_USD/5m/20250507_EUR_USD_5m.csv
2025-05-07 18:44:32,006 - DataCollector - INFO - Price changed by 0.0679%: 1.13462 -> 1.13385
2025-05-07 18:44:32,009 - DataCollector - INFO - Collected 10 data points
2025-05-07 18:45:36,218 - DataCollector - INFO - Collected 20 data points
2025-05-07 18:46:17,068 - DataCollector - INFO - Price changed by 0.1001%: 1.13333 -> 1.13219
2025-05-07 18:48:04,630 - DataCollector - INFO - Saved 25 records to /home/clouduser/spike/forex_spike_predictor/specialized/data/raw/EUR_USD/5m/20250507_EUR_USD_5m.csv
2025-05-07 18:49:35,840 - DataCollector - INFO - Collected 10 data points
2025-05-07 18:50:53,215 - DataCollector - INFO - Collected 20 data points
2025-05-07 18:53:16,505 - DataCollector - INFO - Collected 30 data points
2025-05-07 18:53:16,520 - DataCollector - INFO - Saved 30 records to /home/clouduser/spike/forex_spike_predictor/specialized/data/raw/EUR_USD/5m/20250507_EUR_USD_5m.csv
2025-05-07 18:58:10,909 - DataCollector - INFO - Collected 10 data points
2025-05-07 18:58:17,070 - DataCollector - INFO - Saved 11 records to /home/clouduser/spike/forex_spike_predictor/specialized/data/raw/EUR_USD/5m/20250507_EUR_USD_5m.csv
2025-05-07 19:00:34,428 - DataCollector - INFO - Collected 10 data points
2025-05-07 19:03:10,024 - DataCollector - INFO - Collected 20 data points
2025-05-07 19:03:22,299 - DataCollector - INFO - Saved 22 records to /home/clouduser/spike/forex_spike_predictor/specialized/data/raw/EUR_USD/5m/20250507_EUR_USD_5m.csv
2025-05-07 19:04:24,105 - DataCollector - INFO - Price changed by 0.0512%: 1.13247 -> 1.13189
2025-05-07 19:06:02,459 - DataCollector - INFO - Collected 10 data points
2025-05-07 19:07:04,081 - DataCollector - INFO - Collected 20 data points
2025-05-07 19:08:58,849 - DataCollector - INFO - Collected 30 data points
2025-05-07 19:08:58,862 - DataCollector - INFO - Saved 30 records to /home/clouduser/spike/forex_spike_predictor/specialized/data/raw/EUR_USD/5m/20250507_EUR_USD_5m.csv
2025-05-07 19:12:09,672 - DataCollector - INFO - Collected 10 data points
2025-05-07 19:13:26,961 - DataCollector - INFO - Collected 20 data points
2025-05-07 19:14:00,690 - DataCollector - INFO - Saved 25 records to /home/clouduser/spike/forex_spike_predictor/specialized/data/raw/EUR_USD/5m/20250507_EUR_USD_5m.csv
2025-05-07 19:15:03,851 - DataCollector - INFO - Collected 10 data points
2025-05-07 19:16:06,441 - DataCollector - INFO - Collected 20 data points
2025-05-07 19:17:08,649 - DataCollector - INFO - Collected 30 data points
2025-05-07 19:18:10,840 - DataCollector - INFO - Collected 40 data points
