2025-05-07 17:50:18,815 - DataCollector - INFO - Initialized data collector for EUR_USD with 5m timeframe
2025-05-07 17:50:18,815 - DataCollector - INFO - Data will be stored in /home/clouduser/spike/forex_spike_predictor/specialized/data/raw
2025-05-07 17:50:18,815 - DataCollector - INFO - Starting data collection for EUR_USD at 5s intervals
2025-05-07 17:51:15,852 - DataCollector - INFO - Collected 10 data points
2025-05-07 17:52:13,125 - DataCollector - INFO - Collected 20 data points
2025-05-07 17:53:10,943 - DataCollector - INFO - Collected 30 data points
2025-05-07 17:54:08,187 - DataCollector - INFO - Collected 40 data points
2025-05-07 17:55:06,096 - DataCollector - INFO - Collected 50 data points
2025-05-07 17:55:23,377 - DataCollector - INFO - Saved 53 records to /home/clouduser/spike/forex_spike_predictor/specialized/data/raw/EUR_USD/5m/20250507_EUR_USD_5m.csv
2025-05-07 17:56:21,151 - DataCollector - INFO - Collected 10 data points
2025-05-07 17:57:18,736 - DataCollector - INFO - Collected 20 data points
2025-05-07 17:58:16,749 - DataCollector - INFO - Collected 30 data points
2025-05-07 17:59:31,191 - DataCollector - INFO - Collected 40 data points
2025-05-07 18:00:17,179 - DataCollector - INFO - Price changed by 0.0555%: 1.13444 -> 1.13381
2025-05-07 18:00:28,603 - DataCollector - INFO - Collected 50 data points
2025-05-07 18:00:28,612 - DataCollector - INFO - Saved 50 records to /home/clouduser/spike/forex_spike_predictor/specialized/data/raw/EUR_USD/5m/20250507_EUR_USD_5m.csv
2025-05-07 18:01:20,132 - DataCollector - INFO - Price changed by 0.0719%: 1.13347 -> 1.13428
2025-05-07 18:01:25,950 - DataCollector - INFO - Collected 10 data points
2025-05-07 18:02:25,609 - DataCollector - INFO - Collected 20 data points
2025-05-07 18:03:24,483 - DataCollector - INFO - Collected 30 data points
2025-05-07 18:04:22,997 - DataCollector - INFO - Collected 40 data points
2025-05-07 18:05:21,166 - DataCollector - INFO - Collected 50 data points
2025-05-07 18:05:32,772 - DataCollector - INFO - Saved 52 records to /home/clouduser/spike/forex_spike_predictor/specialized/data/raw/EUR_USD/5m/20250507_EUR_USD_5m.csv
2025-05-07 18:06:29,572 - DataCollector - INFO - Collected 10 data points
2025-05-07 18:07:34,762 - DataCollector - INFO - Collected 20 data points
2025-05-07 18:08:32,081 - DataCollector - INFO - Collected 30 data points
2025-05-07 18:09:29,623 - DataCollector - INFO - Collected 40 data points
2025-05-07 18:10:27,746 - DataCollector - INFO - Collected 50 data points
2025-05-07 18:10:33,427 - DataCollector - INFO - Saved 51 records to /home/clouduser/spike/forex_spike_predictor/specialized/data/raw/EUR_USD/5m/20250507_EUR_USD_5m.csv
2025-05-07 18:11:31,272 - DataCollector - INFO - Collected 10 data points
2025-05-07 18:12:34,245 - DataCollector - INFO - Collected 20 data points
2025-05-07 18:13:53,411 - DataCollector - INFO - Collected 30 data points
2025-05-07 18:15:08,645 - DataCollector - INFO - Collected 40 data points
2025-05-07 18:15:34,632 - DataCollector - INFO - Saved 44 records to /home/clouduser/spike/forex_spike_predictor/specialized/data/raw/EUR_USD/5m/20250507_EUR_USD_5m.csv
2025-05-07 18:16:42,538 - DataCollector - INFO - Collected 10 data points
2025-05-07 18:20:24,960 - DataCollector - INFO - Collected 20 data points
2025-05-07 18:20:37,066 - DataCollector - INFO - Saved 22 records to /home/clouduser/spike/forex_spike_predictor/specialized/data/raw/EUR_USD/5m/20250507_EUR_USD_5m.csv
2025-05-07 18:21:41,962 - DataCollector - INFO - Collected 10 data points
2025-05-07 18:24:26,009 - DataCollector - INFO - Collected 20 data points
2025-05-07 18:25:41,187 - DataCollector - INFO - Collected 30 data points
2025-05-07 18:25:41,218 - DataCollector - INFO - Saved 30 records to /home/clouduser/spike/forex_spike_predictor/specialized/data/raw/EUR_USD/5m/20250507_EUR_USD_5m.csv
2025-05-07 18:28:03,428 - DataCollector - INFO - Collected 10 data points
2025-05-07 18:29:02,708 - DataCollector - INFO - Collected 20 data points
2025-05-07 18:30:08,753 - DataCollector - ERROR - Error fetching price: HTTPSConnectionPool(host='api.polygon.io', port=443): Max retries exceeded with url: /v1/last_quote/currencies/EUR/USD?apiKey=p6WersYkAHkp9TccmLHvdDwGaZ4CnR0Y (Caused by NewConnectionError('<urllib3.connection.HTTPSConnection object at 0x7892c3e010>: Failed to establish a new connection: [Errno -3] Temporary failure in name resolution'))
2025-05-07 18:30:32,845 - DataCollector - INFO - Collected 30 data points
2025-05-07 18:30:45,222 - DataCollector - INFO - Saved 32 records to /home/clouduser/spike/forex_spike_predictor/specialized/data/raw/EUR_USD/5m/20250507_EUR_USD_5m.csv
2025-05-07 18:31:48,817 - DataCollector - INFO - Collected 10 data points
2025-05-07 18:32:53,693 - DataCollector - INFO - Collected 20 data points
2025-05-07 18:33:58,999 - DataCollector - INFO - Collected 30 data points
2025-05-07 18:35:53,283 - DataCollector - INFO - Saved 34 records to /home/clouduser/spike/forex_spike_predictor/specialized/data/raw/EUR_USD/5m/20250507_EUR_USD_5m.csv
2025-05-07 18:37:01,756 - DataCollector - INFO - Collected 10 data points
2025-05-07 18:38:10,565 - DataCollector - INFO - Collected 20 data points
2025-05-07 18:39:04,894 - DataCollector - INFO - Price changed by 0.0937%: 1.13614 -> 1.13508
2025-05-07 18:39:18,660 - DataCollector - INFO - Collected 30 data points
2025-05-07 18:40:29,320 - DataCollector - INFO - Collected 40 data points
2025-05-07 18:40:53,684 - DataCollector - INFO - Saved 44 records to /home/clouduser/spike/forex_spike_predictor/specialized/data/raw/EUR_USD/5m/20250507_EUR_USD_5m.csv
2025-05-07 18:41:55,442 - DataCollector - INFO - Collected 10 data points
2025-05-07 18:42:56,577 - DataCollector - INFO - Collected 20 data points
2025-05-07 18:44:31,633 - DataCollector - INFO - Price changed by 0.0961%: 1.13451 -> 1.13342
2025-05-07 18:44:57,346 - DataCollector - INFO - Collected 30 data points
2025-05-07 18:46:17,372 - DataCollector - INFO - Price changed by 0.1094%: 1.13322 -> 1.13198
2025-05-07 18:46:17,383 - DataCollector - INFO - Saved 37 records to /home/clouduser/spike/forex_spike_predictor/specialized/data/raw/EUR_USD/5m/20250507_EUR_USD_5m.csv
2025-05-07 18:49:07,052 - DataCollector - INFO - Collected 10 data points
2025-05-07 18:50:15,589 - DataCollector - INFO - Collected 20 data points
2025-05-07 18:50:44,318 - DataCollector - INFO - Price changed by 0.0542%: 1.13365 -> 1.13304
2025-05-07 18:51:23,604 - DataCollector - INFO - Saved 27 records to /home/clouduser/spike/forex_spike_predictor/specialized/data/raw/EUR_USD/5m/20250507_EUR_USD_5m.csv
2025-05-07 18:56:42,819 - DataCollector - INFO - Collected 10 data points
2025-05-07 18:56:42,832 - DataCollector - INFO - Saved 10 records to /home/clouduser/spike/forex_spike_predictor/specialized/data/raw/EUR_USD/5m/20250507_EUR_USD_5m.csv
2025-05-07 18:59:41,839 - DataCollector - INFO - Collected 10 data points
2025-05-07 19:01:54,527 - DataCollector - INFO - Saved 18 records to /home/clouduser/spike/forex_spike_predictor/specialized/data/raw/EUR_USD/5m/20250507_EUR_USD_5m.csv
2025-05-07 19:03:19,355 - DataCollector - INFO - Collected 10 data points
2025-05-07 19:05:57,966 - DataCollector - INFO - Collected 20 data points
2025-05-07 19:06:58,211 - DataCollector - INFO - Saved 29 records to /home/clouduser/spike/forex_spike_predictor/specialized/data/raw/EUR_USD/5m/20250507_EUR_USD_5m.csv
2025-05-07 19:08:03,902 - DataCollector - INFO - Collected 10 data points
2025-05-07 19:11:59,339 - DataCollector - INFO - Saved 19 records to /home/clouduser/spike/forex_spike_predictor/specialized/data/raw/EUR_USD/5m/20250507_EUR_USD_5m.csv
2025-05-07 19:13:14,410 - DataCollector - INFO - Collected 10 data points
2025-05-07 19:14:15,462 - DataCollector - INFO - Collected 20 data points
2025-05-07 19:15:16,623 - DataCollector - INFO - Collected 30 data points
2025-05-07 19:16:18,528 - DataCollector - INFO - Collected 40 data points
2025-05-07 19:17:02,449 - DataCollector - INFO - Saved 47 records to /home/clouduser/spike/forex_spike_predictor/specialized/data/raw/EUR_USD/5m/20250507_EUR_USD_5m.csv
2025-05-07 19:18:04,325 - DataCollector - INFO - Collected 10 data points
