2025-05-08 05:57:00,919 - DataAnalyzer - INFO - Initialized data analyzer for EUR_USD with 5m timeframe
2025-05-08 05:57:00,920 - DataAnalyzer - INFO - Raw data directory: /home/clouduser/spike/forex_spike_predictor/specialized/data/raw
2025-05-08 05:57:00,920 - DataAnalyzer - INFO - Analysis output directory: /home/clouduser/spike/forex_spike_predictor/specialized/data/analyzed
2025-05-08 05:57:00,920 - DataAnalyzer - INFO - Candle counts for analysis depths: {<AnalysisDepth.MINIMUM: 'minimum'>: 26, <AnalysisDepth.RECOMMENDED: 'recommended'>: 50, <AnalysisDepth.OPTIMAL: 'optimal'>: 100}
2025-05-08 05:57:00,920 - DataAnalyzer - INFO - Starting analysis loop at 300s intervals
2025-05-08 05:57:00,920 - DataAnalyzer - INFO - Analysis run #1
2025-05-08 05:57:00,920 - DataAnalyzer - INFO - Found latest raw data file: /home/clouduser/spike/forex_spike_predictor/specialized/data/raw/EUR_USD/5m/latest.csv
2025-05-08 05:57:00,921 - DataAnalyzer - INFO - Loading raw data from /home/clouduser/spike/forex_spike_predictor/specialized/data/raw/EUR_USD/5m/latest.csv
2025-05-08 05:57:00,930 - DataAnalyzer - INFO - Loaded 861 records from /home/clouduser/spike/forex_spike_predictor/specialized/data/raw/EUR_USD/5m/latest.csv
2025-05-08 05:57:00,930 - DataAnalyzer - INFO - Analyzing data at minimum depth
2025-05-08 05:57:00,930 - DataAnalyzer - INFO - Calculating basic technical indicators
2025-05-08 05:57:00,935 - DataAnalyzer - INFO - Added 18 basic indicators
2025-05-08 05:57:00,935 - DataAnalyzer - INFO - Adding candlestick pattern recognition
2025-05-08 05:57:00,942 - DataAnalyzer - INFO - Added 15 candlestick pattern columns
2025-05-08 05:57:00,949 - DataAnalyzer - INFO - Saved analyzed data to /home/clouduser/spike/forex_spike_predictor/specialized/data/analyzed/EUR_USD/5m/minimum/20250508_EUR_USD_5m_minimum_analyzed.csv
2025-05-08 05:57:00,950 - DataAnalyzer - INFO - Saved pattern data to /home/clouduser/spike/forex_spike_predictor/specialized/data/analyzed/EUR_USD/5m/minimum/20250508_EUR_USD_5m_minimum_patterns.json
2025-05-08 05:57:00,950 - DataAnalyzer - INFO - Analyzing data at recommended depth
2025-05-08 05:57:00,950 - DataAnalyzer - INFO - Calculating basic technical indicators
2025-05-08 05:57:00,952 - DataAnalyzer - INFO - Added 20 basic indicators
2025-05-08 05:57:00,952 - DataAnalyzer - INFO - Adding candlestick pattern recognition
2025-05-08 05:57:00,955 - DataAnalyzer - INFO - Added 15 candlestick pattern columns
2025-05-08 05:57:00,961 - DataAnalyzer - INFO - Saved analyzed data to /home/clouduser/spike/forex_spike_predictor/specialized/data/analyzed/EUR_USD/5m/recommended/20250508_EUR_USD_5m_recommended_analyzed.csv
2025-05-08 05:57:00,962 - DataAnalyzer - INFO - Saved pattern data to /home/clouduser/spike/forex_spike_predictor/specialized/data/analyzed/EUR_USD/5m/recommended/20250508_EUR_USD_5m_recommended_patterns.json
2025-05-08 05:57:00,962 - DataAnalyzer - INFO - Analyzing data at optimal depth
2025-05-08 05:57:00,962 - DataAnalyzer - INFO - Calculating basic technical indicators
2025-05-08 05:57:00,964 - DataAnalyzer - INFO - Added 22 basic indicators
2025-05-08 05:57:00,964 - DataAnalyzer - INFO - Adding candlestick pattern recognition
2025-05-08 05:57:00,967 - DataAnalyzer - INFO - Added 15 candlestick pattern columns
2025-05-08 05:57:00,967 - DataAnalyzer - INFO - Adding advanced technical indicators
2025-05-08 05:57:00,969 - DataAnalyzer - ERROR - Error adding advanced indicators: input array type is not double
2025-05-08 05:57:00,975 - DataAnalyzer - INFO - Saved analyzed data to /home/clouduser/spike/forex_spike_predictor/specialized/data/analyzed/EUR_USD/5m/optimal/20250508_EUR_USD_5m_optimal_analyzed.csv
2025-05-08 05:57:00,976 - DataAnalyzer - INFO - Saved pattern data to /home/clouduser/spike/forex_spike_predictor/specialized/data/analyzed/EUR_USD/5m/optimal/20250508_EUR_USD_5m_optimal_patterns.json
2025-05-08 05:57:00,976 - DataAnalyzer - INFO - Analysis complete with results: {'minimum': {'analyzed_file': '/home/clouduser/spike/forex_spike_predictor/specialized/data/analyzed/EUR_USD/5m/minimum/20250508_EUR_USD_5m_minimum_analyzed.csv', 'pattern_file': '/home/clouduser/spike/forex_spike_predictor/specialized/data/analyzed/EUR_USD/5m/minimum/20250508_EUR_USD_5m_minimum_patterns.json', 'candle_count': 26, 'indicator_count': 36, 'pattern_count': 16}, 'recommended': {'analyzed_file': '/home/clouduser/spike/forex_spike_predictor/specialized/data/analyzed/EUR_USD/5m/recommended/20250508_EUR_USD_5m_recommended_analyzed.csv', 'pattern_file': '/home/clouduser/spike/forex_spike_predictor/specialized/data/analyzed/EUR_USD/5m/recommended/20250508_EUR_USD_5m_recommended_patterns.json', 'candle_count': 50, 'indicator_count': 39, 'pattern_count': 40}, 'optimal': {'analyzed_file': '/home/clouduser/spike/forex_spike_predictor/specialized/data/analyzed/EUR_USD/5m/optimal/20250508_EUR_USD_5m_optimal_analyzed.csv', 'pattern_file': '/home/clouduser/spike/forex_spike_predictor/specialized/data/analyzed/EUR_USD/5m/optimal/20250508_EUR_USD_5m_optimal_patterns.json', 'candle_count': 100, 'indicator_count': 40, 'pattern_count': 90}}
2025-05-08 05:57:00,976 - DataAnalyzer - INFO - Waiting 300s until next analysis run
2025-05-08 06:02:00,977 - DataAnalyzer - INFO - Analysis run #2
2025-05-08 06:02:00,979 - DataAnalyzer - INFO - Found latest raw data file: /home/clouduser/spike/forex_spike_predictor/specialized/data/raw/EUR_USD/5m/latest.csv
2025-05-08 06:02:00,979 - DataAnalyzer - INFO - Loading raw data from /home/clouduser/spike/forex_spike_predictor/specialized/data/raw/EUR_USD/5m/latest.csv
2025-05-08 06:02:00,989 - DataAnalyzer - INFO - Loaded 861 records from /home/clouduser/spike/forex_spike_predictor/specialized/data/raw/EUR_USD/5m/latest.csv
2025-05-08 06:02:00,989 - DataAnalyzer - INFO - Analyzing data at minimum depth
2025-05-08 06:02:00,989 - DataAnalyzer - INFO - Calculating basic technical indicators
2025-05-08 06:02:00,994 - DataAnalyzer - INFO - Added 18 basic indicators
2025-05-08 06:02:00,994 - DataAnalyzer - INFO - Adding candlestick pattern recognition
2025-05-08 06:02:01,001 - DataAnalyzer - INFO - Added 15 candlestick pattern columns
2025-05-08 06:02:01,011 - DataAnalyzer - INFO - Saved analyzed data to /home/clouduser/spike/forex_spike_predictor/specialized/data/analyzed/EUR_USD/5m/minimum/20250508_EUR_USD_5m_minimum_analyzed.csv
2025-05-08 06:02:01,012 - DataAnalyzer - INFO - Saved pattern data to /home/clouduser/spike/forex_spike_predictor/specialized/data/analyzed/EUR_USD/5m/minimum/20250508_EUR_USD_5m_minimum_patterns.json
2025-05-08 06:02:01,012 - DataAnalyzer - INFO - Analyzing data at recommended depth
2025-05-08 06:02:01,013 - DataAnalyzer - INFO - Calculating basic technical indicators
2025-05-08 06:02:01,015 - DataAnalyzer - INFO - Added 20 basic indicators
2025-05-08 06:02:01,015 - DataAnalyzer - INFO - Adding candlestick pattern recognition
2025-05-08 06:02:01,018 - DataAnalyzer - INFO - Added 15 candlestick pattern columns
2025-05-08 06:02:01,024 - DataAnalyzer - INFO - Saved analyzed data to /home/clouduser/spike/forex_spike_predictor/specialized/data/analyzed/EUR_USD/5m/recommended/20250508_EUR_USD_5m_recommended_analyzed.csv
2025-05-08 06:02:01,025 - DataAnalyzer - INFO - Saved pattern data to /home/clouduser/spike/forex_spike_predictor/specialized/data/analyzed/EUR_USD/5m/recommended/20250508_EUR_USD_5m_recommended_patterns.json
2025-05-08 06:02:01,025 - DataAnalyzer - INFO - Analyzing data at optimal depth
2025-05-08 06:02:01,025 - DataAnalyzer - INFO - Calculating basic technical indicators
2025-05-08 06:02:01,027 - DataAnalyzer - INFO - Added 22 basic indicators
2025-05-08 06:02:01,027 - DataAnalyzer - INFO - Adding candlestick pattern recognition
2025-05-08 06:02:01,030 - DataAnalyzer - INFO - Added 15 candlestick pattern columns
2025-05-08 06:02:01,030 - DataAnalyzer - INFO - Adding advanced technical indicators
2025-05-08 06:02:01,031 - DataAnalyzer - ERROR - Error adding advanced indicators: input array type is not double
2025-05-08 06:02:01,038 - DataAnalyzer - INFO - Saved analyzed data to /home/clouduser/spike/forex_spike_predictor/specialized/data/analyzed/EUR_USD/5m/optimal/20250508_EUR_USD_5m_optimal_analyzed.csv
2025-05-08 06:02:01,039 - DataAnalyzer - INFO - Saved pattern data to /home/clouduser/spike/forex_spike_predictor/specialized/data/analyzed/EUR_USD/5m/optimal/20250508_EUR_USD_5m_optimal_patterns.json
2025-05-08 06:02:01,039 - DataAnalyzer - INFO - Analysis complete with results: {'minimum': {'analyzed_file': '/home/clouduser/spike/forex_spike_predictor/specialized/data/analyzed/EUR_USD/5m/minimum/20250508_EUR_USD_5m_minimum_analyzed.csv', 'pattern_file': '/home/clouduser/spike/forex_spike_predictor/specialized/data/analyzed/EUR_USD/5m/minimum/20250508_EUR_USD_5m_minimum_patterns.json', 'candle_count': 26, 'indicator_count': 36, 'pattern_count': 16}, 'recommended': {'analyzed_file': '/home/clouduser/spike/forex_spike_predictor/specialized/data/analyzed/EUR_USD/5m/recommended/20250508_EUR_USD_5m_recommended_analyzed.csv', 'pattern_file': '/home/clouduser/spike/forex_spike_predictor/specialized/data/analyzed/EUR_USD/5m/recommended/20250508_EUR_USD_5m_recommended_patterns.json', 'candle_count': 50, 'indicator_count': 39, 'pattern_count': 40}, 'optimal': {'analyzed_file': '/home/clouduser/spike/forex_spike_predictor/specialized/data/analyzed/EUR_USD/5m/optimal/20250508_EUR_USD_5m_optimal_analyzed.csv', 'pattern_file': '/home/clouduser/spike/forex_spike_predictor/specialized/data/analyzed/EUR_USD/5m/optimal/20250508_EUR_USD_5m_optimal_patterns.json', 'candle_count': 100, 'indicator_count': 40, 'pattern_count': 90}}
2025-05-08 06:02:01,039 - DataAnalyzer - INFO - Waiting 300s until next analysis run
2025-05-08 06:07:01,040 - DataAnalyzer - INFO - Analysis run #3
2025-05-08 06:07:01,043 - DataAnalyzer - INFO - Found latest raw data file: /home/clouduser/spike/forex_spike_predictor/specialized/data/raw/EUR_USD/5m/latest.csv
2025-05-08 06:07:01,043 - DataAnalyzer - INFO - Loading raw data from /home/clouduser/spike/forex_spike_predictor/specialized/data/raw/EUR_USD/5m/latest.csv
2025-05-08 06:07:01,055 - DataAnalyzer - INFO - Loaded 1011 records from /home/clouduser/spike/forex_spike_predictor/specialized/data/raw/EUR_USD/5m/latest.csv
2025-05-08 06:07:01,055 - DataAnalyzer - INFO - Analyzing data at minimum depth
2025-05-08 06:07:01,055 - DataAnalyzer - INFO - Calculating basic technical indicators
2025-05-08 06:07:01,062 - DataAnalyzer - INFO - Added 18 basic indicators
2025-05-08 06:07:01,062 - DataAnalyzer - INFO - Adding candlestick pattern recognition
2025-05-08 06:07:01,070 - DataAnalyzer - INFO - Added 15 candlestick pattern columns
2025-05-08 06:07:01,081 - DataAnalyzer - INFO - Saved analyzed data to /home/clouduser/spike/forex_spike_predictor/specialized/data/analyzed/EUR_USD/5m/minimum/20250508_EUR_USD_5m_minimum_analyzed.csv
2025-05-08 06:07:01,081 - DataAnalyzer - INFO - Saved pattern data to /home/clouduser/spike/forex_spike_predictor/specialized/data/analyzed/EUR_USD/5m/minimum/20250508_EUR_USD_5m_minimum_patterns.json
2025-05-08 06:07:01,081 - DataAnalyzer - INFO - Analyzing data at recommended depth
2025-05-08 06:07:01,081 - DataAnalyzer - INFO - Calculating basic technical indicators
2025-05-08 06:07:01,085 - DataAnalyzer - INFO - Added 20 basic indicators
2025-05-08 06:07:01,085 - DataAnalyzer - INFO - Adding candlestick pattern recognition
2025-05-08 06:07:01,092 - DataAnalyzer - INFO - Added 15 candlestick pattern columns
2025-05-08 06:07:01,103 - DataAnalyzer - INFO - Saved analyzed data to /home/clouduser/spike/forex_spike_predictor/specialized/data/analyzed/EUR_USD/5m/recommended/20250508_EUR_USD_5m_recommended_analyzed.csv
2025-05-08 06:07:01,103 - DataAnalyzer - INFO - Saved pattern data to /home/clouduser/spike/forex_spike_predictor/specialized/data/analyzed/EUR_USD/5m/recommended/20250508_EUR_USD_5m_recommended_patterns.json
2025-05-08 06:07:01,103 - DataAnalyzer - INFO - Analyzing data at optimal depth
2025-05-08 06:07:01,103 - DataAnalyzer - INFO - Calculating basic technical indicators
2025-05-08 06:07:01,105 - DataAnalyzer - INFO - Added 22 basic indicators
2025-05-08 06:07:01,105 - DataAnalyzer - INFO - Adding candlestick pattern recognition
2025-05-08 06:07:01,109 - DataAnalyzer - INFO - Added 15 candlestick pattern columns
2025-05-08 06:07:01,109 - DataAnalyzer - INFO - Adding advanced technical indicators
2025-05-08 06:07:01,110 - DataAnalyzer - ERROR - Error adding advanced indicators: input array type is not double
2025-05-08 06:07:01,117 - DataAnalyzer - INFO - Saved analyzed data to /home/clouduser/spike/forex_spike_predictor/specialized/data/analyzed/EUR_USD/5m/optimal/20250508_EUR_USD_5m_optimal_analyzed.csv
2025-05-08 06:07:01,117 - DataAnalyzer - INFO - Saved pattern data to /home/clouduser/spike/forex_spike_predictor/specialized/data/analyzed/EUR_USD/5m/optimal/20250508_EUR_USD_5m_optimal_patterns.json
2025-05-08 06:07:01,117 - DataAnalyzer - INFO - Analysis complete with results: {'minimum': {'analyzed_file': '/home/clouduser/spike/forex_spike_predictor/specialized/data/analyzed/EUR_USD/5m/minimum/20250508_EUR_USD_5m_minimum_analyzed.csv', 'pattern_file': '/home/clouduser/spike/forex_spike_predictor/specialized/data/analyzed/EUR_USD/5m/minimum/20250508_EUR_USD_5m_minimum_patterns.json', 'candle_count': 26, 'indicator_count': 36, 'pattern_count': 16}, 'recommended': {'analyzed_file': '/home/clouduser/spike/forex_spike_predictor/specialized/data/analyzed/EUR_USD/5m/recommended/20250508_EUR_USD_5m_recommended_analyzed.csv', 'pattern_file': '/home/clouduser/spike/forex_spike_predictor/specialized/data/analyzed/EUR_USD/5m/recommended/20250508_EUR_USD_5m_recommended_patterns.json', 'candle_count': 50, 'indicator_count': 39, 'pattern_count': 40}, 'optimal': {'analyzed_file': '/home/clouduser/spike/forex_spike_predictor/specialized/data/analyzed/EUR_USD/5m/optimal/20250508_EUR_USD_5m_optimal_analyzed.csv', 'pattern_file': '/home/clouduser/spike/forex_spike_predictor/specialized/data/analyzed/EUR_USD/5m/optimal/20250508_EUR_USD_5m_optimal_patterns.json', 'candle_count': 100, 'indicator_count': 40, 'pattern_count': 90}}
2025-05-08 06:07:01,117 - DataAnalyzer - INFO - Waiting 300s until next analysis run
2025-05-08 06:12:01,118 - DataAnalyzer - INFO - Analysis run #4
2025-05-08 06:12:01,123 - DataAnalyzer - INFO - Found latest raw data file: /home/clouduser/spike/forex_spike_predictor/specialized/data/raw/EUR_USD/5m/latest.csv
2025-05-08 06:12:01,123 - DataAnalyzer - INFO - Loading raw data from /home/clouduser/spike/forex_spike_predictor/specialized/data/raw/EUR_USD/5m/latest.csv
2025-05-08 06:12:01,138 - DataAnalyzer - INFO - Loaded 1158 records from /home/clouduser/spike/forex_spike_predictor/specialized/data/raw/EUR_USD/5m/latest.csv
2025-05-08 06:12:01,138 - DataAnalyzer - INFO - Analyzing data at minimum depth
2025-05-08 06:12:01,138 - DataAnalyzer - INFO - Calculating basic technical indicators
2025-05-08 06:12:01,143 - DataAnalyzer - INFO - Added 18 basic indicators
2025-05-08 06:12:01,144 - DataAnalyzer - INFO - Adding candlestick pattern recognition
2025-05-08 06:12:01,152 - DataAnalyzer - INFO - Added 15 candlestick pattern columns
2025-05-08 06:12:01,162 - DataAnalyzer - INFO - Saved analyzed data to /home/clouduser/spike/forex_spike_predictor/specialized/data/analyzed/EUR_USD/5m/minimum/20250508_EUR_USD_5m_minimum_analyzed.csv
2025-05-08 06:12:01,162 - DataAnalyzer - INFO - Saved pattern data to /home/clouduser/spike/forex_spike_predictor/specialized/data/analyzed/EUR_USD/5m/minimum/20250508_EUR_USD_5m_minimum_patterns.json
2025-05-08 06:12:01,163 - DataAnalyzer - INFO - Analyzing data at recommended depth
2025-05-08 06:12:01,163 - DataAnalyzer - INFO - Calculating basic technical indicators
2025-05-08 06:12:01,167 - DataAnalyzer - INFO - Added 20 basic indicators
2025-05-08 06:12:01,167 - DataAnalyzer - INFO - Adding candlestick pattern recognition
2025-05-08 06:12:01,173 - DataAnalyzer - INFO - Added 15 candlestick pattern columns
2025-05-08 06:12:01,184 - DataAnalyzer - INFO - Saved analyzed data to /home/clouduser/spike/forex_spike_predictor/specialized/data/analyzed/EUR_USD/5m/recommended/20250508_EUR_USD_5m_recommended_analyzed.csv
2025-05-08 06:12:01,184 - DataAnalyzer - INFO - Saved pattern data to /home/clouduser/spike/forex_spike_predictor/specialized/data/analyzed/EUR_USD/5m/recommended/20250508_EUR_USD_5m_recommended_patterns.json
2025-05-08 06:12:01,184 - DataAnalyzer - INFO - Analyzing data at optimal depth
2025-05-08 06:12:01,184 - DataAnalyzer - INFO - Calculating basic technical indicators
2025-05-08 06:12:01,187 - DataAnalyzer - INFO - Added 22 basic indicators
2025-05-08 06:12:01,187 - DataAnalyzer - INFO - Adding candlestick pattern recognition
2025-05-08 06:12:01,190 - DataAnalyzer - INFO - Added 15 candlestick pattern columns
2025-05-08 06:12:01,190 - DataAnalyzer - INFO - Adding advanced technical indicators
2025-05-08 06:12:01,192 - DataAnalyzer - ERROR - Error adding advanced indicators: input array type is not double
2025-05-08 06:12:01,199 - DataAnalyzer - INFO - Saved analyzed data to /home/clouduser/spike/forex_spike_predictor/specialized/data/analyzed/EUR_USD/5m/optimal/20250508_EUR_USD_5m_optimal_analyzed.csv
2025-05-08 06:12:01,199 - DataAnalyzer - INFO - Saved pattern data to /home/clouduser/spike/forex_spike_predictor/specialized/data/analyzed/EUR_USD/5m/optimal/20250508_EUR_USD_5m_optimal_patterns.json
2025-05-08 06:12:01,199 - DataAnalyzer - INFO - Analysis complete with results: {'minimum': {'analyzed_file': '/home/clouduser/spike/forex_spike_predictor/specialized/data/analyzed/EUR_USD/5m/minimum/20250508_EUR_USD_5m_minimum_analyzed.csv', 'pattern_file': '/home/clouduser/spike/forex_spike_predictor/specialized/data/analyzed/EUR_USD/5m/minimum/20250508_EUR_USD_5m_minimum_patterns.json', 'candle_count': 26, 'indicator_count': 36, 'pattern_count': 16}, 'recommended': {'analyzed_file': '/home/clouduser/spike/forex_spike_predictor/specialized/data/analyzed/EUR_USD/5m/recommended/20250508_EUR_USD_5m_recommended_analyzed.csv', 'pattern_file': '/home/clouduser/spike/forex_spike_predictor/specialized/data/analyzed/EUR_USD/5m/recommended/20250508_EUR_USD_5m_recommended_patterns.json', 'candle_count': 50, 'indicator_count': 39, 'pattern_count': 40}, 'optimal': {'analyzed_file': '/home/clouduser/spike/forex_spike_predictor/specialized/data/analyzed/EUR_USD/5m/optimal/20250508_EUR_USD_5m_optimal_analyzed.csv', 'pattern_file': '/home/clouduser/spike/forex_spike_predictor/specialized/data/analyzed/EUR_USD/5m/optimal/20250508_EUR_USD_5m_optimal_patterns.json', 'candle_count': 100, 'indicator_count': 40, 'pattern_count': 90}}
2025-05-08 06:12:01,199 - DataAnalyzer - INFO - Waiting 300s until next analysis run
