2025-05-08 06:14:21,500 - DataAnalyzer - INFO - Initialized data analyzer for EUR_USD with 5m timeframe
2025-05-08 06:14:21,500 - DataAnalyzer - INFO - Raw data directory: /home/clouduser/spike/forex_spike_predictor/specialized/data/raw
2025-05-08 06:14:21,500 - DataAnalyzer - INFO - Analysis output directory: /home/clouduser/spike/forex_spike_predictor/specialized/data/analyzed
2025-05-08 06:14:21,500 - DataAnalyzer - INFO - Candle counts for analysis depths: {<AnalysisDepth.MINIMUM: 'minimum'>: 26, <AnalysisDepth.RECOMMENDED: 'recommended'>: 50, <AnalysisDepth.OPTIMAL: 'optimal'>: 100}
2025-05-08 06:14:21,500 - DataAnalyzer - INFO - Starting analysis loop at 300s intervals
2025-05-08 06:14:21,500 - DataAnalyzer - INFO - Analysis run #1
2025-05-08 06:14:21,501 - DataAnalyzer - INFO - Found latest raw data file: /home/clouduser/spike/forex_spike_predictor/specialized/data/raw/EUR_USD/5m/latest.csv
2025-05-08 06:14:21,501 - DataAnalyzer - INFO - Loading raw data from /home/clouduser/spike/forex_spike_predictor/specialized/data/raw/EUR_USD/5m/latest.csv
2025-05-08 06:14:21,518 - DataAnalyzer - INFO - Loaded 1256 records from /home/clouduser/spike/forex_spike_predictor/specialized/data/raw/EUR_USD/5m/latest.csv
2025-05-08 06:14:21,518 - DataAnalyzer - INFO - Analyzing data at minimum depth
2025-05-08 06:14:21,519 - DataAnalyzer - INFO - Calculating basic technical indicators
2025-05-08 06:14:21,528 - DataAnalyzer - INFO - Added 18 basic indicators
2025-05-08 06:14:21,528 - DataAnalyzer - INFO - Adding candlestick pattern recognition
2025-05-08 06:14:21,540 - DataAnalyzer - INFO - Added 15 candlestick pattern columns
2025-05-08 06:14:21,553 - DataAnalyzer - INFO - Saved analyzed data to /home/clouduser/spike/forex_spike_predictor/specialized/data/analyzed/EUR_USD/5m/minimum/20250508_EUR_USD_5m_minimum_analyzed.csv
2025-05-08 06:14:21,554 - DataAnalyzer - INFO - Saved pattern data to /home/clouduser/spike/forex_spike_predictor/specialized/data/analyzed/EUR_USD/5m/minimum/20250508_EUR_USD_5m_minimum_patterns.json
2025-05-08 06:14:21,554 - DataAnalyzer - INFO - Analyzing data at recommended depth
2025-05-08 06:14:21,554 - DataAnalyzer - INFO - Calculating basic technical indicators
2025-05-08 06:14:21,557 - DataAnalyzer - INFO - Added 20 basic indicators
2025-05-08 06:14:21,557 - DataAnalyzer - INFO - Adding candlestick pattern recognition
2025-05-08 06:14:21,563 - DataAnalyzer - INFO - Added 15 candlestick pattern columns
2025-05-08 06:14:21,571 - DataAnalyzer - INFO - Saved analyzed data to /home/clouduser/spike/forex_spike_predictor/specialized/data/analyzed/EUR_USD/5m/recommended/20250508_EUR_USD_5m_recommended_analyzed.csv
2025-05-08 06:14:21,571 - DataAnalyzer - INFO - Saved pattern data to /home/clouduser/spike/forex_spike_predictor/specialized/data/analyzed/EUR_USD/5m/recommended/20250508_EUR_USD_5m_recommended_patterns.json
2025-05-08 06:14:21,571 - DataAnalyzer - INFO - Analyzing data at optimal depth
2025-05-08 06:14:21,571 - DataAnalyzer - INFO - Calculating basic technical indicators
2025-05-08 06:14:21,574 - DataAnalyzer - INFO - Added 22 basic indicators
2025-05-08 06:14:21,574 - DataAnalyzer - INFO - Adding candlestick pattern recognition
2025-05-08 06:14:21,580 - DataAnalyzer - INFO - Added 15 candlestick pattern columns
2025-05-08 06:14:21,580 - DataAnalyzer - INFO - Adding advanced technical indicators
2025-05-08 06:14:21,586 - DataAnalyzer - INFO - Added 9 advanced indicators
2025-05-08 06:14:21,595 - DataAnalyzer - INFO - Saved analyzed data to /home/clouduser/spike/forex_spike_predictor/specialized/data/analyzed/EUR_USD/5m/optimal/20250508_EUR_USD_5m_optimal_analyzed.csv
2025-05-08 06:14:21,595 - DataAnalyzer - INFO - Saved pattern data to /home/clouduser/spike/forex_spike_predictor/specialized/data/analyzed/EUR_USD/5m/optimal/20250508_EUR_USD_5m_optimal_patterns.json
2025-05-08 06:14:21,595 - DataAnalyzer - INFO - Analysis complete with results: {'minimum': {'analyzed_file': '/home/clouduser/spike/forex_spike_predictor/specialized/data/analyzed/EUR_USD/5m/minimum/20250508_EUR_USD_5m_minimum_analyzed.csv', 'pattern_file': '/home/clouduser/spike/forex_spike_predictor/specialized/data/analyzed/EUR_USD/5m/minimum/20250508_EUR_USD_5m_minimum_patterns.json', 'candle_count': 26, 'indicator_count': 36, 'pattern_count': 16}, 'recommended': {'analyzed_file': '/home/clouduser/spike/forex_spike_predictor/specialized/data/analyzed/EUR_USD/5m/recommended/20250508_EUR_USD_5m_recommended_analyzed.csv', 'pattern_file': '/home/clouduser/spike/forex_spike_predictor/specialized/data/analyzed/EUR_USD/5m/recommended/20250508_EUR_USD_5m_recommended_patterns.json', 'candle_count': 50, 'indicator_count': 39, 'pattern_count': 40}, 'optimal': {'analyzed_file': '/home/clouduser/spike/forex_spike_predictor/specialized/data/analyzed/EUR_USD/5m/optimal/20250508_EUR_USD_5m_optimal_analyzed.csv', 'pattern_file': '/home/clouduser/spike/forex_spike_predictor/specialized/data/analyzed/EUR_USD/5m/optimal/20250508_EUR_USD_5m_optimal_patterns.json', 'candle_count': 100, 'indicator_count': 49, 'pattern_count': 90}}
2025-05-08 06:14:21,595 - DataAnalyzer - INFO - Waiting 300s until next analysis run
