2025-05-08 06:01:35,011 - DataAnalyzer - INFO - Initialized data analyzer for EUR_USD with 5m timeframe
2025-05-08 06:01:35,011 - DataAnalyzer - INFO - Raw data directory: /home/clouduser/spike/forex_spike_predictor/specialized/data/raw
2025-05-08 06:01:35,011 - DataAnalyzer - INFO - Analysis output directory: /home/clouduser/spike/forex_spike_predictor/specialized/data/analyzed
2025-05-08 06:01:35,011 - DataAnalyzer - INFO - Candle counts for analysis depths: {<AnalysisDepth.MINIMUM: 'minimum'>: 26, <AnalysisDepth.RECOMMENDED: 'recommended'>: 50, <AnalysisDepth.OPTIMAL: 'optimal'>: 100}
2025-05-08 06:01:35,011 - DataAnalyzer - INFO - Starting analysis loop at 300s intervals
2025-05-08 06:01:35,011 - DataAnalyzer - INFO - Analysis run #1
2025-05-08 06:01:35,012 - DataAnalyzer - INFO - Found latest raw data file: /home/clouduser/spike/forex_spike_predictor/specialized/data/raw/EUR_USD/5m/latest.csv
2025-05-08 06:01:35,012 - DataAnalyzer - INFO - Loading raw data from /home/clouduser/spike/forex_spike_predictor/specialized/data/raw/EUR_USD/5m/latest.csv
2025-05-08 06:01:35,027 - DataAnalyzer - INFO - Loaded 861 records from /home/clouduser/spike/forex_spike_predictor/specialized/data/raw/EUR_USD/5m/latest.csv
2025-05-08 06:01:35,027 - DataAnalyzer - INFO - Analyzing data at minimum depth
2025-05-08 06:01:35,028 - DataAnalyzer - INFO - Calculating basic technical indicators
2025-05-08 06:01:35,034 - DataAnalyzer - INFO - Added 18 basic indicators
2025-05-08 06:01:35,034 - DataAnalyzer - INFO - Adding candlestick pattern recognition
2025-05-08 06:01:35,047 - DataAnalyzer - INFO - Added 15 candlestick pattern columns
2025-05-08 06:01:35,055 - DataAnalyzer - INFO - Saved analyzed data to /home/clouduser/spike/forex_spike_predictor/specialized/data/analyzed/EUR_USD/5m/minimum/20250508_EUR_USD_5m_minimum_analyzed.csv
2025-05-08 06:01:35,056 - DataAnalyzer - INFO - Saved pattern data to /home/clouduser/spike/forex_spike_predictor/specialized/data/analyzed/EUR_USD/5m/minimum/20250508_EUR_USD_5m_minimum_patterns.json
2025-05-08 06:01:35,056 - DataAnalyzer - INFO - Analyzing data at recommended depth
2025-05-08 06:01:35,056 - DataAnalyzer - INFO - Calculating basic technical indicators
2025-05-08 06:01:35,059 - DataAnalyzer - INFO - Added 20 basic indicators
2025-05-08 06:01:35,059 - DataAnalyzer - INFO - Adding candlestick pattern recognition
2025-05-08 06:01:35,065 - DataAnalyzer - INFO - Added 15 candlestick pattern columns
2025-05-08 06:01:35,072 - DataAnalyzer - INFO - Saved analyzed data to /home/clouduser/spike/forex_spike_predictor/specialized/data/analyzed/EUR_USD/5m/recommended/20250508_EUR_USD_5m_recommended_analyzed.csv
2025-05-08 06:01:35,073 - DataAnalyzer - INFO - Saved pattern data to /home/clouduser/spike/forex_spike_predictor/specialized/data/analyzed/EUR_USD/5m/recommended/20250508_EUR_USD_5m_recommended_patterns.json
2025-05-08 06:01:35,073 - DataAnalyzer - INFO - Analyzing data at optimal depth
2025-05-08 06:01:35,073 - DataAnalyzer - INFO - Calculating basic technical indicators
2025-05-08 06:01:35,076 - DataAnalyzer - INFO - Added 22 basic indicators
2025-05-08 06:01:35,076 - DataAnalyzer - INFO - Adding candlestick pattern recognition
2025-05-08 06:01:35,082 - DataAnalyzer - INFO - Added 15 candlestick pattern columns
2025-05-08 06:01:35,082 - DataAnalyzer - INFO - Adding advanced technical indicators
2025-05-08 06:01:35,088 - DataAnalyzer - ERROR - Error adding advanced indicators: input array type is not double
2025-05-08 06:01:35,099 - DataAnalyzer - INFO - Saved analyzed data to /home/clouduser/spike/forex_spike_predictor/specialized/data/analyzed/EUR_USD/5m/optimal/20250508_EUR_USD_5m_optimal_analyzed.csv
2025-05-08 06:01:35,101 - DataAnalyzer - INFO - Saved pattern data to /home/clouduser/spike/forex_spike_predictor/specialized/data/analyzed/EUR_USD/5m/optimal/20250508_EUR_USD_5m_optimal_patterns.json
2025-05-08 06:01:35,102 - DataAnalyzer - INFO - Analysis complete with results: {'minimum': {'analyzed_file': '/home/clouduser/spike/forex_spike_predictor/specialized/data/analyzed/EUR_USD/5m/minimum/20250508_EUR_USD_5m_minimum_analyzed.csv', 'pattern_file': '/home/clouduser/spike/forex_spike_predictor/specialized/data/analyzed/EUR_USD/5m/minimum/20250508_EUR_USD_5m_minimum_patterns.json', 'candle_count': 26, 'indicator_count': 36, 'pattern_count': 16}, 'recommended': {'analyzed_file': '/home/clouduser/spike/forex_spike_predictor/specialized/data/analyzed/EUR_USD/5m/recommended/20250508_EUR_USD_5m_recommended_analyzed.csv', 'pattern_file': '/home/clouduser/spike/forex_spike_predictor/specialized/data/analyzed/EUR_USD/5m/recommended/20250508_EUR_USD_5m_recommended_patterns.json', 'candle_count': 50, 'indicator_count': 39, 'pattern_count': 40}, 'optimal': {'analyzed_file': '/home/clouduser/spike/forex_spike_predictor/specialized/data/analyzed/EUR_USD/5m/optimal/20250508_EUR_USD_5m_optimal_analyzed.csv', 'pattern_file': '/home/clouduser/spike/forex_spike_predictor/specialized/data/analyzed/EUR_USD/5m/optimal/20250508_EUR_USD_5m_optimal_patterns.json', 'candle_count': 100, 'indicator_count': 40, 'pattern_count': 90}}
2025-05-08 06:01:35,102 - DataAnalyzer - INFO - Waiting 300s until next analysis run
2025-05-08 06:06:35,103 - DataAnalyzer - INFO - Analysis run #2
2025-05-08 06:06:35,105 - DataAnalyzer - INFO - Found latest raw data file: /home/clouduser/spike/forex_spike_predictor/specialized/data/raw/EUR_USD/5m/latest.csv
2025-05-08 06:06:35,106 - DataAnalyzer - INFO - Loading raw data from /home/clouduser/spike/forex_spike_predictor/specialized/data/raw/EUR_USD/5m/latest.csv
2025-05-08 06:06:35,119 - DataAnalyzer - INFO - Loaded 961 records from /home/clouduser/spike/forex_spike_predictor/specialized/data/raw/EUR_USD/5m/latest.csv
2025-05-08 06:06:35,119 - DataAnalyzer - INFO - Analyzing data at minimum depth
2025-05-08 06:06:35,119 - DataAnalyzer - INFO - Calculating basic technical indicators
2025-05-08 06:06:35,128 - DataAnalyzer - INFO - Added 18 basic indicators
2025-05-08 06:06:35,128 - DataAnalyzer - INFO - Adding candlestick pattern recognition
2025-05-08 06:06:35,141 - DataAnalyzer - INFO - Added 15 candlestick pattern columns
2025-05-08 06:06:35,153 - DataAnalyzer - INFO - Saved analyzed data to /home/clouduser/spike/forex_spike_predictor/specialized/data/analyzed/EUR_USD/5m/minimum/20250508_EUR_USD_5m_minimum_analyzed.csv
2025-05-08 06:06:35,154 - DataAnalyzer - INFO - Saved pattern data to /home/clouduser/spike/forex_spike_predictor/specialized/data/analyzed/EUR_USD/5m/minimum/20250508_EUR_USD_5m_minimum_patterns.json
2025-05-08 06:06:35,154 - DataAnalyzer - INFO - Analyzing data at recommended depth
2025-05-08 06:06:35,154 - DataAnalyzer - INFO - Calculating basic technical indicators
2025-05-08 06:06:35,157 - DataAnalyzer - INFO - Added 20 basic indicators
2025-05-08 06:06:35,157 - DataAnalyzer - INFO - Adding candlestick pattern recognition
2025-05-08 06:06:35,163 - DataAnalyzer - INFO - Added 15 candlestick pattern columns
2025-05-08 06:06:35,170 - DataAnalyzer - INFO - Saved analyzed data to /home/clouduser/spike/forex_spike_predictor/specialized/data/analyzed/EUR_USD/5m/recommended/20250508_EUR_USD_5m_recommended_analyzed.csv
2025-05-08 06:06:35,171 - DataAnalyzer - INFO - Saved pattern data to /home/clouduser/spike/forex_spike_predictor/specialized/data/analyzed/EUR_USD/5m/recommended/20250508_EUR_USD_5m_recommended_patterns.json
2025-05-08 06:06:35,171 - DataAnalyzer - INFO - Analyzing data at optimal depth
2025-05-08 06:06:35,171 - DataAnalyzer - INFO - Calculating basic technical indicators
2025-05-08 06:06:35,174 - DataAnalyzer - INFO - Added 22 basic indicators
2025-05-08 06:06:35,174 - DataAnalyzer - INFO - Adding candlestick pattern recognition
2025-05-08 06:06:35,180 - DataAnalyzer - INFO - Added 15 candlestick pattern columns
2025-05-08 06:06:35,180 - DataAnalyzer - INFO - Adding advanced technical indicators
2025-05-08 06:06:35,185 - DataAnalyzer - ERROR - Error adding advanced indicators: input array type is not double
2025-05-08 06:06:35,194 - DataAnalyzer - INFO - Saved analyzed data to /home/clouduser/spike/forex_spike_predictor/specialized/data/analyzed/EUR_USD/5m/optimal/20250508_EUR_USD_5m_optimal_analyzed.csv
2025-05-08 06:06:35,194 - DataAnalyzer - INFO - Saved pattern data to /home/clouduser/spike/forex_spike_predictor/specialized/data/analyzed/EUR_USD/5m/optimal/20250508_EUR_USD_5m_optimal_patterns.json
2025-05-08 06:06:35,195 - DataAnalyzer - INFO - Analysis complete with results: {'minimum': {'analyzed_file': '/home/clouduser/spike/forex_spike_predictor/specialized/data/analyzed/EUR_USD/5m/minimum/20250508_EUR_USD_5m_minimum_analyzed.csv', 'pattern_file': '/home/clouduser/spike/forex_spike_predictor/specialized/data/analyzed/EUR_USD/5m/minimum/20250508_EUR_USD_5m_minimum_patterns.json', 'candle_count': 26, 'indicator_count': 36, 'pattern_count': 16}, 'recommended': {'analyzed_file': '/home/clouduser/spike/forex_spike_predictor/specialized/data/analyzed/EUR_USD/5m/recommended/20250508_EUR_USD_5m_recommended_analyzed.csv', 'pattern_file': '/home/clouduser/spike/forex_spike_predictor/specialized/data/analyzed/EUR_USD/5m/recommended/20250508_EUR_USD_5m_recommended_patterns.json', 'candle_count': 50, 'indicator_count': 39, 'pattern_count': 40}, 'optimal': {'analyzed_file': '/home/clouduser/spike/forex_spike_predictor/specialized/data/analyzed/EUR_USD/5m/optimal/20250508_EUR_USD_5m_optimal_analyzed.csv', 'pattern_file': '/home/clouduser/spike/forex_spike_predictor/specialized/data/analyzed/EUR_USD/5m/optimal/20250508_EUR_USD_5m_optimal_patterns.json', 'candle_count': 100, 'indicator_count': 40, 'pattern_count': 90}}
2025-05-08 06:06:35,195 - DataAnalyzer - INFO - Waiting 300s until next analysis run
2025-05-08 06:11:35,196 - DataAnalyzer - INFO - Analysis run #3
2025-05-08 06:11:35,201 - DataAnalyzer - INFO - Found latest raw data file: /home/clouduser/spike/forex_spike_predictor/specialized/data/raw/EUR_USD/5m/latest.csv
2025-05-08 06:11:35,201 - DataAnalyzer - INFO - Loading raw data from /home/clouduser/spike/forex_spike_predictor/specialized/data/raw/EUR_USD/5m/latest.csv
2025-05-08 06:11:35,210 - DataAnalyzer - INFO - Loaded 1108 records from /home/clouduser/spike/forex_spike_predictor/specialized/data/raw/EUR_USD/5m/latest.csv
2025-05-08 06:11:35,210 - DataAnalyzer - INFO - Analyzing data at minimum depth
2025-05-08 06:11:35,211 - DataAnalyzer - INFO - Calculating basic technical indicators
2025-05-08 06:11:35,216 - DataAnalyzer - INFO - Added 18 basic indicators
2025-05-08 06:11:35,216 - DataAnalyzer - INFO - Adding candlestick pattern recognition
2025-05-08 06:11:35,224 - DataAnalyzer - INFO - Added 15 candlestick pattern columns
2025-05-08 06:11:35,232 - DataAnalyzer - INFO - Saved analyzed data to /home/clouduser/spike/forex_spike_predictor/specialized/data/analyzed/EUR_USD/5m/minimum/20250508_EUR_USD_5m_minimum_analyzed.csv
2025-05-08 06:11:35,232 - DataAnalyzer - INFO - Saved pattern data to /home/clouduser/spike/forex_spike_predictor/specialized/data/analyzed/EUR_USD/5m/minimum/20250508_EUR_USD_5m_minimum_patterns.json
2025-05-08 06:11:35,232 - DataAnalyzer - INFO - Analyzing data at recommended depth
2025-05-08 06:11:35,232 - DataAnalyzer - INFO - Calculating basic technical indicators
2025-05-08 06:11:35,235 - DataAnalyzer - INFO - Added 20 basic indicators
2025-05-08 06:11:35,235 - DataAnalyzer - INFO - Adding candlestick pattern recognition
2025-05-08 06:11:35,241 - DataAnalyzer - INFO - Added 15 candlestick pattern columns
2025-05-08 06:11:35,249 - DataAnalyzer - INFO - Saved analyzed data to /home/clouduser/spike/forex_spike_predictor/specialized/data/analyzed/EUR_USD/5m/recommended/20250508_EUR_USD_5m_recommended_analyzed.csv
2025-05-08 06:11:35,249 - DataAnalyzer - INFO - Saved pattern data to /home/clouduser/spike/forex_spike_predictor/specialized/data/analyzed/EUR_USD/5m/recommended/20250508_EUR_USD_5m_recommended_patterns.json
2025-05-08 06:11:35,249 - DataAnalyzer - INFO - Analyzing data at optimal depth
2025-05-08 06:11:35,249 - DataAnalyzer - INFO - Calculating basic technical indicators
2025-05-08 06:11:35,252 - DataAnalyzer - INFO - Added 22 basic indicators
2025-05-08 06:11:35,252 - DataAnalyzer - INFO - Adding candlestick pattern recognition
2025-05-08 06:11:35,258 - DataAnalyzer - INFO - Added 15 candlestick pattern columns
2025-05-08 06:11:35,258 - DataAnalyzer - INFO - Adding advanced technical indicators
2025-05-08 06:11:35,264 - DataAnalyzer - ERROR - Error adding advanced indicators: input array type is not double
2025-05-08 06:11:35,272 - DataAnalyzer - INFO - Saved analyzed data to /home/clouduser/spike/forex_spike_predictor/specialized/data/analyzed/EUR_USD/5m/optimal/20250508_EUR_USD_5m_optimal_analyzed.csv
2025-05-08 06:11:35,273 - DataAnalyzer - INFO - Saved pattern data to /home/clouduser/spike/forex_spike_predictor/specialized/data/analyzed/EUR_USD/5m/optimal/20250508_EUR_USD_5m_optimal_patterns.json
2025-05-08 06:11:35,273 - DataAnalyzer - INFO - Analysis complete with results: {'minimum': {'analyzed_file': '/home/clouduser/spike/forex_spike_predictor/specialized/data/analyzed/EUR_USD/5m/minimum/20250508_EUR_USD_5m_minimum_analyzed.csv', 'pattern_file': '/home/clouduser/spike/forex_spike_predictor/specialized/data/analyzed/EUR_USD/5m/minimum/20250508_EUR_USD_5m_minimum_patterns.json', 'candle_count': 26, 'indicator_count': 36, 'pattern_count': 16}, 'recommended': {'analyzed_file': '/home/clouduser/spike/forex_spike_predictor/specialized/data/analyzed/EUR_USD/5m/recommended/20250508_EUR_USD_5m_recommended_analyzed.csv', 'pattern_file': '/home/clouduser/spike/forex_spike_predictor/specialized/data/analyzed/EUR_USD/5m/recommended/20250508_EUR_USD_5m_recommended_patterns.json', 'candle_count': 50, 'indicator_count': 39, 'pattern_count': 40}, 'optimal': {'analyzed_file': '/home/clouduser/spike/forex_spike_predictor/specialized/data/analyzed/EUR_USD/5m/optimal/20250508_EUR_USD_5m_optimal_analyzed.csv', 'pattern_file': '/home/clouduser/spike/forex_spike_predictor/specialized/data/analyzed/EUR_USD/5m/optimal/20250508_EUR_USD_5m_optimal_patterns.json', 'candle_count': 100, 'indicator_count': 40, 'pattern_count': 90}}
2025-05-08 06:11:35,273 - DataAnalyzer - INFO - Waiting 300s until next analysis run
