2025-05-07 19:19:13,128 - DataAnalyzer - INFO - Initialized data analyzer for EUR_USD with 5m timeframe
2025-05-07 19:19:13,129 - DataAnalyzer - INFO - Raw data directory: /home/clouduser/spike/forex_spike_predictor/specialized/data/raw
2025-05-07 19:19:13,129 - DataAnalyzer - INFO - Analysis output directory: /home/clouduser/spike/forex_spike_predictor/specialized/data/analyzed
2025-05-07 19:19:13,129 - DataAnalyzer - INFO - Candle counts for analysis depths: {<AnalysisDepth.MINIMUM: 'minimum'>: 26, <AnalysisDepth.RECOMMENDED: 'recommended'>: 50, <AnalysisDepth.OPTIMAL: 'optimal'>: 100}
2025-05-07 19:19:13,129 - DataAnalyzer - INFO - Found latest raw data file: /home/clouduser/spike/forex_spike_predictor/specialized/data/raw/EUR_USD/5m/latest.csv
2025-05-07 19:19:13,129 - DataAnalyzer - INFO - Loading raw data from /home/clouduser/spike/forex_spike_predictor/specialized/data/raw/EUR_USD/5m/latest.csv
2025-05-07 19:19:13,149 - DataAnalyzer - INFO - Loaded 5468 records from /home/clouduser/spike/forex_spike_predictor/specialized/data/raw/EUR_USD/5m/latest.csv
2025-05-07 19:19:13,150 - DataAnalyzer - INFO - Analyzing data at minimum depth
2025-05-07 19:19:13,150 - DataAnalyzer - INFO - Calculating basic technical indicators
2025-05-07 19:19:13,156 - DataAnalyzer - INFO - Added 18 basic indicators
2025-05-07 19:19:13,156 - DataAnalyzer - INFO - Adding candlestick pattern recognition
2025-05-07 19:19:13,165 - DataAnalyzer - INFO - Added 15 candlestick pattern columns
2025-05-07 19:19:13,179 - DataAnalyzer - INFO - Saved analyzed data to /home/clouduser/spike/forex_spike_predictor/specialized/data/analyzed/EUR_USD/5m/minimum/20250507_EUR_USD_5m_minimum_analyzed.csv
2025-05-07 19:19:13,182 - DataAnalyzer - INFO - Saved pattern data to /home/clouduser/spike/forex_spike_predictor/specialized/data/analyzed/EUR_USD/5m/minimum/20250507_EUR_USD_5m_minimum_patterns.json
2025-05-07 19:19:13,182 - DataAnalyzer - INFO - Analyzing data at recommended depth
2025-05-07 19:19:13,182 - DataAnalyzer - INFO - Calculating basic technical indicators
2025-05-07 19:19:13,186 - DataAnalyzer - INFO - Added 20 basic indicators
2025-05-07 19:19:13,186 - DataAnalyzer - INFO - Adding candlestick pattern recognition
2025-05-07 19:19:13,194 - DataAnalyzer - INFO - Added 15 candlestick pattern columns
2025-05-07 19:19:13,206 - DataAnalyzer - INFO - Saved analyzed data to /home/clouduser/spike/forex_spike_predictor/specialized/data/analyzed/EUR_USD/5m/recommended/20250507_EUR_USD_5m_recommended_analyzed.csv
2025-05-07 19:19:13,211 - DataAnalyzer - INFO - Saved pattern data to /home/clouduser/spike/forex_spike_predictor/specialized/data/analyzed/EUR_USD/5m/recommended/20250507_EUR_USD_5m_recommended_patterns.json
2025-05-07 19:19:13,211 - DataAnalyzer - INFO - Analyzing data at optimal depth
2025-05-07 19:19:13,212 - DataAnalyzer - INFO - Calculating basic technical indicators
2025-05-07 19:19:13,216 - DataAnalyzer - INFO - Added 22 basic indicators
2025-05-07 19:19:13,216 - DataAnalyzer - INFO - Adding candlestick pattern recognition
2025-05-07 19:19:13,223 - DataAnalyzer - INFO - Added 15 candlestick pattern columns
2025-05-07 19:19:13,223 - DataAnalyzer - INFO - Adding advanced technical indicators
2025-05-07 19:19:13,226 - DataAnalyzer - ERROR - Error adding advanced indicators: input array type is not double
2025-05-07 19:19:13,241 - DataAnalyzer - INFO - Saved analyzed data to /home/clouduser/spike/forex_spike_predictor/specialized/data/analyzed/EUR_USD/5m/optimal/20250507_EUR_USD_5m_optimal_analyzed.csv
2025-05-07 19:19:13,243 - DataAnalyzer - INFO - Saved pattern data to /home/clouduser/spike/forex_spike_predictor/specialized/data/analyzed/EUR_USD/5m/optimal/20250507_EUR_USD_5m_optimal_patterns.json
{
  "minimum": {
    "analyzed_file": "/home/clouduser/spike/forex_spike_predictor/specialized/data/analyzed/EUR_USD/5m/minimum/20250507_EUR_USD_5m_minimum_analyzed.csv",
    "pattern_file": "/home/clouduser/spike/forex_spike_predictor/specialized/data/analyzed/EUR_USD/5m/minimum/20250507_EUR_USD_5m_minimum_patterns.json",
    "candle_count": 26,
    "indicator_count": 36,
    "pattern_count": 16
  },
  "recommended": {
    "analyzed_file": "/home/clouduser/spike/forex_spike_predictor/specialized/data/analyzed/EUR_USD/5m/recommended/20250507_EUR_USD_5m_recommended_analyzed.csv",
    "pattern_file": "/home/clouduser/spike/forex_spike_predictor/specialized/data/analyzed/EUR_USD/5m/recommended/20250507_EUR_USD_5m_recommended_patterns.json",
    "candle_count": 50,
    "indicator_count": 39,
    "pattern_count": 40
  },
  "optimal": {
    "analyzed_file": "/home/clouduser/spike/forex_spike_predictor/specialized/data/analyzed/EUR_USD/5m/optimal/20250507_EUR_USD_5m_optimal_analyzed.csv",
    "pattern_file": "/home/clouduser/spike/forex_spike_predictor/specialized/data/analyzed/EUR_USD/5m/optimal/20250507_EUR_USD_5m_optimal_patterns.json",
    "candle_count": 100,
    "indicator_count": 40,
    "pattern_count": 90
  }
}
