2025-05-07 17:43:13,719 - DataAnalyzer - INFO - Initialized data analyzer for EUR_USD with 5m timeframe
2025-05-07 17:43:13,719 - DataAnalyzer - INFO - Raw data directory: /home/clouduser/spike/forex_spike_predictor/specialized/data/raw
2025-05-07 17:43:13,720 - DataAnalyzer - INFO - Analysis output directory: /home/clouduser/spike/forex_spike_predictor/specialized/data/analyzed
2025-05-07 17:43:13,720 - DataAnalyzer - INFO - Candle counts for analysis depths: {<AnalysisDepth.MINIMUM: 'minimum'>: 26, <AnalysisDepth.RECOMMENDED: 'recommended'>: 50, <AnalysisDepth.OPTIMAL: 'optimal'>: 100}
2025-05-07 17:43:13,720 - DataAnalyzer - INFO - Found latest raw data file: /home/clouduser/spike/forex_spike_predictor/specialized/data/raw/EUR_USD/5m/latest.csv
2025-05-07 17:43:13,720 - DataAnalyzer - INFO - Loading raw data from /home/clouduser/spike/forex_spike_predictor/specialized/data/raw/EUR_USD/5m/latest.csv
2025-05-07 17:43:13,733 - DataAnalyzer - INFO - Loaded 1387 records from /home/clouduser/spike/forex_spike_predictor/specialized/data/raw/EUR_USD/5m/latest.csv
2025-05-07 17:43:13,733 - DataAnalyzer - INFO - Analyzing data at minimum depth
2025-05-07 17:43:13,733 - DataAnalyzer - INFO - Calculating basic technical indicators
2025-05-07 17:43:13,741 - DataAnalyzer - INFO - Added 18 basic indicators
2025-05-07 17:43:13,741 - DataAnalyzer - INFO - Adding candlestick pattern recognition
2025-05-07 17:43:13,752 - DataAnalyzer - INFO - Added 15 candlestick pattern columns
2025-05-07 17:43:13,766 - DataAnalyzer - INFO - Saved analyzed data to /home/clouduser/spike/forex_spike_predictor/specialized/data/analyzed/EUR_USD/5m/minimum/20250507_EUR_USD_5m_minimum_analyzed.csv
2025-05-07 17:43:13,767 - DataAnalyzer - INFO - Saved pattern data to /home/clouduser/spike/forex_spike_predictor/specialized/data/analyzed/EUR_USD/5m/minimum/20250507_EUR_USD_5m_minimum_patterns.json
2025-05-07 17:43:13,767 - DataAnalyzer - INFO - Analyzing data at recommended depth
2025-05-07 17:43:13,767 - DataAnalyzer - INFO - Calculating basic technical indicators
2025-05-07 17:43:13,771 - DataAnalyzer - INFO - Added 20 basic indicators
2025-05-07 17:43:13,772 - DataAnalyzer - INFO - Adding candlestick pattern recognition
2025-05-07 17:43:13,779 - DataAnalyzer - INFO - Added 15 candlestick pattern columns
2025-05-07 17:43:13,787 - DataAnalyzer - INFO - Saved analyzed data to /home/clouduser/spike/forex_spike_predictor/specialized/data/analyzed/EUR_USD/5m/recommended/20250507_EUR_USD_5m_recommended_analyzed.csv
2025-05-07 17:43:13,788 - DataAnalyzer - INFO - Saved pattern data to /home/clouduser/spike/forex_spike_predictor/specialized/data/analyzed/EUR_USD/5m/recommended/20250507_EUR_USD_5m_recommended_patterns.json
2025-05-07 17:43:13,788 - DataAnalyzer - INFO - Analyzing data at optimal depth
2025-05-07 17:43:13,788 - DataAnalyzer - INFO - Calculating basic technical indicators
2025-05-07 17:43:13,791 - DataAnalyzer - INFO - Added 22 basic indicators
2025-05-07 17:43:13,791 - DataAnalyzer - INFO - Adding candlestick pattern recognition
2025-05-07 17:43:13,794 - DataAnalyzer - INFO - Added 15 candlestick pattern columns
2025-05-07 17:43:13,794 - DataAnalyzer - INFO - Adding advanced technical indicators
2025-05-07 17:43:13,795 - DataAnalyzer - ERROR - Error adding advanced indicators: input array type is not double
2025-05-07 17:43:13,802 - DataAnalyzer - INFO - Saved analyzed data to /home/clouduser/spike/forex_spike_predictor/specialized/data/analyzed/EUR_USD/5m/optimal/20250507_EUR_USD_5m_optimal_analyzed.csv
2025-05-07 17:43:13,803 - DataAnalyzer - INFO - Saved pattern data to /home/clouduser/spike/forex_spike_predictor/specialized/data/analyzed/EUR_USD/5m/optimal/20250507_EUR_USD_5m_optimal_patterns.json
{
  "minimum": {
    "analyzed_file": "/home/clouduser/spike/forex_spike_predictor/specialized/data/analyzed/EUR_USD/5m/minimum/20250507_EUR_USD_5m_minimum_analyzed.csv",
    "pattern_file": "/home/clouduser/spike/forex_spike_predictor/specialized/data/analyzed/EUR_USD/5m/minimum/20250507_EUR_USD_5m_minimum_patterns.json",
    "candle_count": 26,
    "indicator_count": 36,
    "pattern_count": 16
  },
  "recommended": {
    "analyzed_file": "/home/clouduser/spike/forex_spike_predictor/specialized/data/analyzed/EUR_USD/5m/recommended/20250507_EUR_USD_5m_recommended_analyzed.csv",
    "pattern_file": "/home/clouduser/spike/forex_spike_predictor/specialized/data/analyzed/EUR_USD/5m/recommended/20250507_EUR_USD_5m_recommended_patterns.json",
    "candle_count": 50,
    "indicator_count": 39,
    "pattern_count": 40
  },
  "optimal": {
    "analyzed_file": "/home/clouduser/spike/forex_spike_predictor/specialized/data/analyzed/EUR_USD/5m/optimal/20250507_EUR_USD_5m_optimal_analyzed.csv",
    "pattern_file": "/home/clouduser/spike/forex_spike_predictor/specialized/data/analyzed/EUR_USD/5m/optimal/20250507_EUR_USD_5m_optimal_patterns.json",
    "candle_count": 100,
    "indicator_count": 40,
    "pattern_count": 90
  }
}
