2025-05-08 06:08:11,892 - DataAnalyzer - INFO - Initialized data analyzer for EUR_USD with 5m timeframe
2025-05-08 06:08:11,892 - DataAnalyzer - INFO - Raw data directory: /home/clouduser/spike/forex_spike_predictor/specialized/data/raw
2025-05-08 06:08:11,892 - DataAnalyzer - INFO - Analysis output directory: /home/clouduser/spike/forex_spike_predictor/specialized/data/analyzed
2025-05-08 06:08:11,892 - DataAnalyzer - INFO - Candle counts for analysis depths: {<AnalysisDepth.MINIMUM: 'minimum'>: 26, <AnalysisDepth.RECOMMENDED: 'recommended'>: 50, <AnalysisDepth.OPTIMAL: 'optimal'>: 100}
2025-05-08 06:08:11,892 - DataAnalyzer - INFO - Starting analysis loop at 300s intervals
2025-05-08 06:08:11,892 - DataAnalyzer - INFO - Analysis run #1
2025-05-08 06:08:11,893 - DataAnalyzer - INFO - Found latest raw data file: /home/clouduser/spike/forex_spike_predictor/specialized/data/raw/EUR_USD/5m/latest.csv
2025-05-08 06:08:11,893 - DataAnalyzer - INFO - Loading raw data from /home/clouduser/spike/forex_spike_predictor/specialized/data/raw/EUR_USD/5m/latest.csv
2025-05-08 06:08:11,903 - DataAnalyzer - INFO - Loaded 1058 records from /home/clouduser/spike/forex_spike_predictor/specialized/data/raw/EUR_USD/5m/latest.csv
2025-05-08 06:08:11,903 - DataAnalyzer - INFO - Analyzing data at minimum depth
2025-05-08 06:08:11,904 - DataAnalyzer - INFO - Calculating basic technical indicators
2025-05-08 06:08:11,910 - DataAnalyzer - INFO - Added 18 basic indicators
2025-05-08 06:08:11,910 - DataAnalyzer - INFO - Adding candlestick pattern recognition
2025-05-08 06:08:11,917 - DataAnalyzer - INFO - Added 15 candlestick pattern columns
2025-05-08 06:08:11,927 - DataAnalyzer - INFO - Saved analyzed data to /home/clouduser/spike/forex_spike_predictor/specialized/data/analyzed/EUR_USD/5m/minimum/20250508_EUR_USD_5m_minimum_analyzed.csv
2025-05-08 06:08:11,928 - DataAnalyzer - INFO - Saved pattern data to /home/clouduser/spike/forex_spike_predictor/specialized/data/analyzed/EUR_USD/5m/minimum/20250508_EUR_USD_5m_minimum_patterns.json
2025-05-08 06:08:11,928 - DataAnalyzer - INFO - Analyzing data at recommended depth
2025-05-08 06:08:11,928 - DataAnalyzer - INFO - Calculating basic technical indicators
2025-05-08 06:08:11,931 - DataAnalyzer - INFO - Added 20 basic indicators
2025-05-08 06:08:11,931 - DataAnalyzer - INFO - Adding candlestick pattern recognition
2025-05-08 06:08:11,937 - DataAnalyzer - INFO - Added 15 candlestick pattern columns
2025-05-08 06:08:11,946 - DataAnalyzer - INFO - Saved analyzed data to /home/clouduser/spike/forex_spike_predictor/specialized/data/analyzed/EUR_USD/5m/recommended/20250508_EUR_USD_5m_recommended_analyzed.csv
2025-05-08 06:08:11,947 - DataAnalyzer - INFO - Saved pattern data to /home/clouduser/spike/forex_spike_predictor/specialized/data/analyzed/EUR_USD/5m/recommended/20250508_EUR_USD_5m_recommended_patterns.json
2025-05-08 06:08:11,947 - DataAnalyzer - INFO - Analyzing data at optimal depth
2025-05-08 06:08:11,947 - DataAnalyzer - INFO - Calculating basic technical indicators
2025-05-08 06:08:11,951 - DataAnalyzer - INFO - Added 22 basic indicators
2025-05-08 06:08:11,951 - DataAnalyzer - INFO - Adding candlestick pattern recognition
2025-05-08 06:08:11,957 - DataAnalyzer - INFO - Added 15 candlestick pattern columns
2025-05-08 06:08:11,957 - DataAnalyzer - INFO - Adding advanced technical indicators
2025-05-08 06:08:11,963 - DataAnalyzer - INFO - Added 9 advanced indicators
2025-05-08 06:08:11,974 - DataAnalyzer - INFO - Saved analyzed data to /home/clouduser/spike/forex_spike_predictor/specialized/data/analyzed/EUR_USD/5m/optimal/20250508_EUR_USD_5m_optimal_analyzed.csv
2025-05-08 06:08:11,975 - DataAnalyzer - INFO - Saved pattern data to /home/clouduser/spike/forex_spike_predictor/specialized/data/analyzed/EUR_USD/5m/optimal/20250508_EUR_USD_5m_optimal_patterns.json
2025-05-08 06:08:11,976 - DataAnalyzer - INFO - Analysis complete with results: {'minimum': {'analyzed_file': '/home/clouduser/spike/forex_spike_predictor/specialized/data/analyzed/EUR_USD/5m/minimum/20250508_EUR_USD_5m_minimum_analyzed.csv', 'pattern_file': '/home/clouduser/spike/forex_spike_predictor/specialized/data/analyzed/EUR_USD/5m/minimum/20250508_EUR_USD_5m_minimum_patterns.json', 'candle_count': 26, 'indicator_count': 36, 'pattern_count': 16}, 'recommended': {'analyzed_file': '/home/clouduser/spike/forex_spike_predictor/specialized/data/analyzed/EUR_USD/5m/recommended/20250508_EUR_USD_5m_recommended_analyzed.csv', 'pattern_file': '/home/clouduser/spike/forex_spike_predictor/specialized/data/analyzed/EUR_USD/5m/recommended/20250508_EUR_USD_5m_recommended_patterns.json', 'candle_count': 50, 'indicator_count': 39, 'pattern_count': 40}, 'optimal': {'analyzed_file': '/home/clouduser/spike/forex_spike_predictor/specialized/data/analyzed/EUR_USD/5m/optimal/20250508_EUR_USD_5m_optimal_analyzed.csv', 'pattern_file': '/home/clouduser/spike/forex_spike_predictor/specialized/data/analyzed/EUR_USD/5m/optimal/20250508_EUR_USD_5m_optimal_patterns.json', 'candle_count': 100, 'indicator_count': 49, 'pattern_count': 90}}
2025-05-08 06:08:11,976 - DataAnalyzer - INFO - Waiting 300s until next analysis run
2025-05-08 06:13:11,977 - DataAnalyzer - INFO - Analysis run #2
2025-05-08 06:13:11,979 - DataAnalyzer - INFO - Found latest raw data file: /home/clouduser/spike/forex_spike_predictor/specialized/data/raw/EUR_USD/5m/latest.csv
2025-05-08 06:13:11,979 - DataAnalyzer - INFO - Loading raw data from /home/clouduser/spike/forex_spike_predictor/specialized/data/raw/EUR_USD/5m/latest.csv
2025-05-08 06:13:11,991 - DataAnalyzer - INFO - Loaded 1207 records from /home/clouduser/spike/forex_spike_predictor/specialized/data/raw/EUR_USD/5m/latest.csv
2025-05-08 06:13:11,991 - DataAnalyzer - INFO - Analyzing data at minimum depth
2025-05-08 06:13:11,992 - DataAnalyzer - INFO - Calculating basic technical indicators
2025-05-08 06:13:11,999 - DataAnalyzer - INFO - Added 18 basic indicators
2025-05-08 06:13:12,000 - DataAnalyzer - INFO - Adding candlestick pattern recognition
2025-05-08 06:13:12,012 - DataAnalyzer - INFO - Added 15 candlestick pattern columns
2025-05-08 06:13:12,024 - DataAnalyzer - INFO - Saved analyzed data to /home/clouduser/spike/forex_spike_predictor/specialized/data/analyzed/EUR_USD/5m/minimum/20250508_EUR_USD_5m_minimum_analyzed.csv
2025-05-08 06:13:12,024 - DataAnalyzer - INFO - Saved pattern data to /home/clouduser/spike/forex_spike_predictor/specialized/data/analyzed/EUR_USD/5m/minimum/20250508_EUR_USD_5m_minimum_patterns.json
2025-05-08 06:13:12,024 - DataAnalyzer - INFO - Analyzing data at recommended depth
2025-05-08 06:13:12,024 - DataAnalyzer - INFO - Calculating basic technical indicators
2025-05-08 06:13:12,027 - DataAnalyzer - INFO - Added 20 basic indicators
2025-05-08 06:13:12,027 - DataAnalyzer - INFO - Adding candlestick pattern recognition
2025-05-08 06:13:12,033 - DataAnalyzer - INFO - Added 15 candlestick pattern columns
2025-05-08 06:13:12,041 - DataAnalyzer - INFO - Saved analyzed data to /home/clouduser/spike/forex_spike_predictor/specialized/data/analyzed/EUR_USD/5m/recommended/20250508_EUR_USD_5m_recommended_analyzed.csv
2025-05-08 06:13:12,041 - DataAnalyzer - INFO - Saved pattern data to /home/clouduser/spike/forex_spike_predictor/specialized/data/analyzed/EUR_USD/5m/recommended/20250508_EUR_USD_5m_recommended_patterns.json
2025-05-08 06:13:12,041 - DataAnalyzer - INFO - Analyzing data at optimal depth
2025-05-08 06:13:12,041 - DataAnalyzer - INFO - Calculating basic technical indicators
2025-05-08 06:13:12,044 - DataAnalyzer - INFO - Added 22 basic indicators
2025-05-08 06:13:12,044 - DataAnalyzer - INFO - Adding candlestick pattern recognition
2025-05-08 06:13:12,050 - DataAnalyzer - INFO - Added 15 candlestick pattern columns
2025-05-08 06:13:12,050 - DataAnalyzer - INFO - Adding advanced technical indicators
2025-05-08 06:13:12,056 - DataAnalyzer - INFO - Added 9 advanced indicators
2025-05-08 06:13:12,065 - DataAnalyzer - INFO - Saved analyzed data to /home/clouduser/spike/forex_spike_predictor/specialized/data/analyzed/EUR_USD/5m/optimal/20250508_EUR_USD_5m_optimal_analyzed.csv
2025-05-08 06:13:12,065 - DataAnalyzer - INFO - Saved pattern data to /home/clouduser/spike/forex_spike_predictor/specialized/data/analyzed/EUR_USD/5m/optimal/20250508_EUR_USD_5m_optimal_patterns.json
2025-05-08 06:13:12,065 - DataAnalyzer - INFO - Analysis complete with results: {'minimum': {'analyzed_file': '/home/clouduser/spike/forex_spike_predictor/specialized/data/analyzed/EUR_USD/5m/minimum/20250508_EUR_USD_5m_minimum_analyzed.csv', 'pattern_file': '/home/clouduser/spike/forex_spike_predictor/specialized/data/analyzed/EUR_USD/5m/minimum/20250508_EUR_USD_5m_minimum_patterns.json', 'candle_count': 26, 'indicator_count': 36, 'pattern_count': 16}, 'recommended': {'analyzed_file': '/home/clouduser/spike/forex_spike_predictor/specialized/data/analyzed/EUR_USD/5m/recommended/20250508_EUR_USD_5m_recommended_analyzed.csv', 'pattern_file': '/home/clouduser/spike/forex_spike_predictor/specialized/data/analyzed/EUR_USD/5m/recommended/20250508_EUR_USD_5m_recommended_patterns.json', 'candle_count': 50, 'indicator_count': 39, 'pattern_count': 40}, 'optimal': {'analyzed_file': '/home/clouduser/spike/forex_spike_predictor/specialized/data/analyzed/EUR_USD/5m/optimal/20250508_EUR_USD_5m_optimal_analyzed.csv', 'pattern_file': '/home/clouduser/spike/forex_spike_predictor/specialized/data/analyzed/EUR_USD/5m/optimal/20250508_EUR_USD_5m_optimal_patterns.json', 'candle_count': 100, 'indicator_count': 49, 'pattern_count': 90}}
2025-05-08 06:13:12,065 - DataAnalyzer - INFO - Waiting 300s until next analysis run
