2025-05-08 06:57:14,253 - DataAnalyzer - INFO - Initialized data analyzer for EUR_USD with 5m timeframe
2025-05-08 06:57:14,254 - DataAnalyzer - INFO - Raw data directory: /home/clouduser/spike/forex_spike_predictor/specialized/data/raw
2025-05-08 06:57:14,254 - DataAnalyzer - INFO - Analysis output directory: /home/clouduser/spike/forex_spike_predictor/specialized/data/analyzed
2025-05-08 06:57:14,254 - DataAnalyzer - INFO - Candle counts for analysis depths: {<AnalysisDepth.MINIMUM: 'minimum'>: 26, <AnalysisDepth.RECOMMENDED: 'recommended'>: 50, <AnalysisDepth.OPTIMAL: 'optimal'>: 100}
2025-05-08 06:57:14,254 - DataAnalyzer - INFO - Starting analysis loop at 300s intervals
2025-05-08 06:57:14,254 - DataAnalyzer - INFO - Analysis run #1
2025-05-08 06:57:14,254 - DataAnalyzer - INFO - Found latest raw data file: /home/clouduser/spike/forex_spike_predictor/specialized/data/raw/EUR_USD/5m/latest.csv
2025-05-08 06:57:14,254 - DataAnalyzer - INFO - Loading raw data from /home/clouduser/spike/forex_spike_predictor/specialized/data/raw/EUR_USD/5m/latest.csv
2025-05-08 06:57:14,265 - DataAnalyzer - INFO - Loaded 1905 records from /home/clouduser/spike/forex_spike_predictor/specialized/data/raw/EUR_USD/5m/latest.csv
2025-05-08 06:57:14,265 - DataAnalyzer - INFO - Analyzing data at minimum depth
2025-05-08 06:57:14,265 - DataAnalyzer - INFO - Calculating basic technical indicators
2025-05-08 06:57:14,271 - DataAnalyzer - INFO - Added 18 basic indicators
2025-05-08 06:57:14,271 - DataAnalyzer - INFO - Adding candlestick pattern recognition
2025-05-08 06:57:14,277 - DataAnalyzer - INFO - Added 15 candlestick pattern columns
2025-05-08 06:57:14,283 - DataAnalyzer - INFO - Added dummy pattern instance to ensure dashboard rendering
2025-05-08 06:57:14,286 - DataAnalyzer - INFO - Saved analyzed data to /home/clouduser/spike/forex_spike_predictor/specialized/data/analyzed/EUR_USD/5m/minimum/20250508_EUR_USD_5m_minimum_analyzed.csv
2025-05-08 06:57:14,287 - DataAnalyzer - INFO - Saved pattern data to /home/clouduser/spike/forex_spike_predictor/specialized/data/analyzed/EUR_USD/5m/minimum/20250508_EUR_USD_5m_minimum_patterns.json
2025-05-08 06:57:14,287 - DataAnalyzer - INFO - Analyzing data at recommended depth
2025-05-08 06:57:14,287 - DataAnalyzer - INFO - Calculating basic technical indicators
2025-05-08 06:57:14,290 - DataAnalyzer - INFO - Added 20 basic indicators
2025-05-08 06:57:14,290 - DataAnalyzer - INFO - Adding candlestick pattern recognition
2025-05-08 06:57:14,296 - DataAnalyzer - INFO - Added 15 candlestick pattern columns
2025-05-08 06:57:14,302 - DataAnalyzer - INFO - Added dummy pattern instance to ensure dashboard rendering
2025-05-08 06:57:14,304 - DataAnalyzer - INFO - Saved analyzed data to /home/clouduser/spike/forex_spike_predictor/specialized/data/analyzed/EUR_USD/5m/recommended/20250508_EUR_USD_5m_recommended_analyzed.csv
2025-05-08 06:57:14,305 - DataAnalyzer - INFO - Saved pattern data to /home/clouduser/spike/forex_spike_predictor/specialized/data/analyzed/EUR_USD/5m/recommended/20250508_EUR_USD_5m_recommended_patterns.json
2025-05-08 06:57:14,305 - DataAnalyzer - INFO - Analyzing data at optimal depth
2025-05-08 06:57:14,305 - DataAnalyzer - INFO - Calculating basic technical indicators
2025-05-08 06:57:14,308 - DataAnalyzer - INFO - Added 22 basic indicators
2025-05-08 06:57:14,308 - DataAnalyzer - INFO - Adding candlestick pattern recognition
2025-05-08 06:57:14,314 - DataAnalyzer - INFO - Added 15 candlestick pattern columns
2025-05-08 06:57:14,314 - DataAnalyzer - INFO - Adding advanced technical indicators
2025-05-08 06:57:14,320 - DataAnalyzer - INFO - Added 9 advanced indicators
2025-05-08 06:57:14,325 - DataAnalyzer - INFO - Added dummy pattern instance to ensure dashboard rendering
2025-05-08 06:57:14,329 - DataAnalyzer - INFO - Saved analyzed data to /home/clouduser/spike/forex_spike_predictor/specialized/data/analyzed/EUR_USD/5m/optimal/20250508_EUR_USD_5m_optimal_analyzed.csv
2025-05-08 06:57:14,330 - DataAnalyzer - INFO - Saved pattern data to /home/clouduser/spike/forex_spike_predictor/specialized/data/analyzed/EUR_USD/5m/optimal/20250508_EUR_USD_5m_optimal_patterns.json
2025-05-08 06:57:14,330 - DataAnalyzer - INFO - Analysis complete with results: {'minimum': {'analyzed_file': '/home/clouduser/spike/forex_spike_predictor/specialized/data/analyzed/EUR_USD/5m/minimum/20250508_EUR_USD_5m_minimum_analyzed.csv', 'pattern_file': '/home/clouduser/spike/forex_spike_predictor/specialized/data/analyzed/EUR_USD/5m/minimum/20250508_EUR_USD_5m_minimum_patterns.json', 'candle_count': 26, 'indicator_count': 36, 'pattern_count': 16}, 'recommended': {'analyzed_file': '/home/clouduser/spike/forex_spike_predictor/specialized/data/analyzed/EUR_USD/5m/recommended/20250508_EUR_USD_5m_recommended_analyzed.csv', 'pattern_file': '/home/clouduser/spike/forex_spike_predictor/specialized/data/analyzed/EUR_USD/5m/recommended/20250508_EUR_USD_5m_recommended_patterns.json', 'candle_count': 50, 'indicator_count': 39, 'pattern_count': 40}, 'optimal': {'analyzed_file': '/home/clouduser/spike/forex_spike_predictor/specialized/data/analyzed/EUR_USD/5m/optimal/20250508_EUR_USD_5m_optimal_analyzed.csv', 'pattern_file': '/home/clouduser/spike/forex_spike_predictor/specialized/data/analyzed/EUR_USD/5m/optimal/20250508_EUR_USD_5m_optimal_patterns.json', 'candle_count': 100, 'indicator_count': 49, 'pattern_count': 90}}
2025-05-08 06:57:14,330 - DataAnalyzer - INFO - Waiting 300s until next analysis run
2025-05-08 07:02:14,330 - DataAnalyzer - INFO - Analysis run #2
2025-05-08 07:02:14,341 - DataAnalyzer - INFO - Found latest raw data file: /home/clouduser/spike/forex_spike_predictor/specialized/data/raw/EUR_USD/5m/latest.csv
2025-05-08 07:02:14,341 - DataAnalyzer - INFO - Loading raw data from /home/clouduser/spike/forex_spike_predictor/specialized/data/raw/EUR_USD/5m/latest.csv
2025-05-08 07:02:14,350 - DataAnalyzer - INFO - Loaded 2200 records from /home/clouduser/spike/forex_spike_predictor/specialized/data/raw/EUR_USD/5m/latest.csv
2025-05-08 07:02:14,351 - DataAnalyzer - INFO - Analyzing data at minimum depth
2025-05-08 07:02:14,351 - DataAnalyzer - INFO - Calculating basic technical indicators
2025-05-08 07:02:14,356 - DataAnalyzer - INFO - Added 18 basic indicators
2025-05-08 07:02:14,356 - DataAnalyzer - INFO - Adding candlestick pattern recognition
2025-05-08 07:02:14,368 - DataAnalyzer - INFO - Added 15 candlestick pattern columns
2025-05-08 07:02:14,376 - DataAnalyzer - INFO - Added dummy pattern instance to ensure dashboard rendering
2025-05-08 07:02:14,379 - DataAnalyzer - INFO - Saved analyzed data to /home/clouduser/spike/forex_spike_predictor/specialized/data/analyzed/EUR_USD/5m/minimum/20250508_EUR_USD_5m_minimum_analyzed.csv
2025-05-08 07:02:14,379 - DataAnalyzer - INFO - Saved pattern data to /home/clouduser/spike/forex_spike_predictor/specialized/data/analyzed/EUR_USD/5m/minimum/20250508_EUR_USD_5m_minimum_patterns.json
2025-05-08 07:02:14,379 - DataAnalyzer - INFO - Analyzing data at recommended depth
2025-05-08 07:02:14,380 - DataAnalyzer - INFO - Calculating basic technical indicators
2025-05-08 07:02:14,383 - DataAnalyzer - INFO - Added 20 basic indicators
2025-05-08 07:02:14,383 - DataAnalyzer - INFO - Adding candlestick pattern recognition
2025-05-08 07:02:14,389 - DataAnalyzer - INFO - Added 15 candlestick pattern columns
2025-05-08 07:02:14,395 - DataAnalyzer - INFO - Added dummy pattern instance to ensure dashboard rendering
2025-05-08 07:02:14,398 - DataAnalyzer - INFO - Saved analyzed data to /home/clouduser/spike/forex_spike_predictor/specialized/data/analyzed/EUR_USD/5m/recommended/20250508_EUR_USD_5m_recommended_analyzed.csv
2025-05-08 07:02:14,399 - DataAnalyzer - INFO - Saved pattern data to /home/clouduser/spike/forex_spike_predictor/specialized/data/analyzed/EUR_USD/5m/recommended/20250508_EUR_USD_5m_recommended_patterns.json
2025-05-08 07:02:14,399 - DataAnalyzer - INFO - Analyzing data at optimal depth
2025-05-08 07:02:14,399 - DataAnalyzer - INFO - Calculating basic technical indicators
2025-05-08 07:02:14,402 - DataAnalyzer - INFO - Added 22 basic indicators
2025-05-08 07:02:14,402 - DataAnalyzer - INFO - Adding candlestick pattern recognition
2025-05-08 07:02:14,409 - DataAnalyzer - INFO - Added 15 candlestick pattern columns
2025-05-08 07:02:14,409 - DataAnalyzer - INFO - Adding advanced technical indicators
2025-05-08 07:02:14,415 - DataAnalyzer - INFO - Added 9 advanced indicators
2025-05-08 07:02:14,420 - DataAnalyzer - INFO - Added dummy pattern instance to ensure dashboard rendering
2025-05-08 07:02:14,435 - DataAnalyzer - INFO - Saved analyzed data to /home/clouduser/spike/forex_spike_predictor/specialized/data/analyzed/EUR_USD/5m/optimal/20250508_EUR_USD_5m_optimal_analyzed.csv
2025-05-08 07:02:14,435 - DataAnalyzer - INFO - Saved pattern data to /home/clouduser/spike/forex_spike_predictor/specialized/data/analyzed/EUR_USD/5m/optimal/20250508_EUR_USD_5m_optimal_patterns.json
2025-05-08 07:02:14,436 - DataAnalyzer - INFO - Analysis complete with results: {'minimum': {'analyzed_file': '/home/clouduser/spike/forex_spike_predictor/specialized/data/analyzed/EUR_USD/5m/minimum/20250508_EUR_USD_5m_minimum_analyzed.csv', 'pattern_file': '/home/clouduser/spike/forex_spike_predictor/specialized/data/analyzed/EUR_USD/5m/minimum/20250508_EUR_USD_5m_minimum_patterns.json', 'candle_count': 26, 'indicator_count': 36, 'pattern_count': 16}, 'recommended': {'analyzed_file': '/home/clouduser/spike/forex_spike_predictor/specialized/data/analyzed/EUR_USD/5m/recommended/20250508_EUR_USD_5m_recommended_analyzed.csv', 'pattern_file': '/home/clouduser/spike/forex_spike_predictor/specialized/data/analyzed/EUR_USD/5m/recommended/20250508_EUR_USD_5m_recommended_patterns.json', 'candle_count': 50, 'indicator_count': 39, 'pattern_count': 40}, 'optimal': {'analyzed_file': '/home/clouduser/spike/forex_spike_predictor/specialized/data/analyzed/EUR_USD/5m/optimal/20250508_EUR_USD_5m_optimal_analyzed.csv', 'pattern_file': '/home/clouduser/spike/forex_spike_predictor/specialized/data/analyzed/EUR_USD/5m/optimal/20250508_EUR_USD_5m_optimal_patterns.json', 'candle_count': 100, 'indicator_count': 49, 'pattern_count': 90}}
2025-05-08 07:02:14,436 - DataAnalyzer - INFO - Waiting 300s until next analysis run
2025-05-08 07:07:14,437 - DataAnalyzer - INFO - Analysis run #3
2025-05-08 07:07:14,443 - DataAnalyzer - INFO - Found latest raw data file: /home/clouduser/spike/forex_spike_predictor/specialized/data/raw/EUR_USD/5m/latest.csv
2025-05-08 07:07:14,443 - DataAnalyzer - INFO - Loading raw data from /home/clouduser/spike/forex_spike_predictor/specialized/data/raw/EUR_USD/5m/latest.csv
2025-05-08 07:07:14,455 - DataAnalyzer - INFO - Loaded 2538 records from /home/clouduser/spike/forex_spike_predictor/specialized/data/raw/EUR_USD/5m/latest.csv
2025-05-08 07:07:14,455 - DataAnalyzer - INFO - Analyzing data at minimum depth
2025-05-08 07:07:14,455 - DataAnalyzer - INFO - Calculating basic technical indicators
2025-05-08 07:07:14,461 - DataAnalyzer - INFO - Added 18 basic indicators
2025-05-08 07:07:14,461 - DataAnalyzer - INFO - Adding candlestick pattern recognition
2025-05-08 07:07:14,472 - DataAnalyzer - INFO - Added 15 candlestick pattern columns
2025-05-08 07:07:14,482 - DataAnalyzer - INFO - Added dummy pattern instance to ensure dashboard rendering
2025-05-08 07:07:14,485 - DataAnalyzer - INFO - Saved analyzed data to /home/clouduser/spike/forex_spike_predictor/specialized/data/analyzed/EUR_USD/5m/minimum/20250508_EUR_USD_5m_minimum_analyzed.csv
2025-05-08 07:07:14,486 - DataAnalyzer - INFO - Saved pattern data to /home/clouduser/spike/forex_spike_predictor/specialized/data/analyzed/EUR_USD/5m/minimum/20250508_EUR_USD_5m_minimum_patterns.json
2025-05-08 07:07:14,486 - DataAnalyzer - INFO - Analyzing data at recommended depth
2025-05-08 07:07:14,486 - DataAnalyzer - INFO - Calculating basic technical indicators
2025-05-08 07:07:14,491 - DataAnalyzer - INFO - Added 20 basic indicators
2025-05-08 07:07:14,491 - DataAnalyzer - INFO - Adding candlestick pattern recognition
2025-05-08 07:07:14,503 - DataAnalyzer - INFO - Added 15 candlestick pattern columns
2025-05-08 07:07:14,512 - DataAnalyzer - INFO - Added dummy pattern instance to ensure dashboard rendering
2025-05-08 07:07:14,514 - DataAnalyzer - INFO - Saved analyzed data to /home/clouduser/spike/forex_spike_predictor/specialized/data/analyzed/EUR_USD/5m/recommended/20250508_EUR_USD_5m_recommended_analyzed.csv
2025-05-08 07:07:14,515 - DataAnalyzer - INFO - Saved pattern data to /home/clouduser/spike/forex_spike_predictor/specialized/data/analyzed/EUR_USD/5m/recommended/20250508_EUR_USD_5m_recommended_patterns.json
2025-05-08 07:07:14,515 - DataAnalyzer - INFO - Analyzing data at optimal depth
2025-05-08 07:07:14,515 - DataAnalyzer - INFO - Calculating basic technical indicators
2025-05-08 07:07:14,518 - DataAnalyzer - INFO - Added 22 basic indicators
2025-05-08 07:07:14,518 - DataAnalyzer - INFO - Adding candlestick pattern recognition
2025-05-08 07:07:14,524 - DataAnalyzer - INFO - Added 15 candlestick pattern columns
2025-05-08 07:07:14,524 - DataAnalyzer - INFO - Adding advanced technical indicators
2025-05-08 07:07:14,530 - DataAnalyzer - INFO - Added 9 advanced indicators
2025-05-08 07:07:14,536 - DataAnalyzer - INFO - Added dummy pattern instance to ensure dashboard rendering
2025-05-08 07:07:14,540 - DataAnalyzer - INFO - Saved analyzed data to /home/clouduser/spike/forex_spike_predictor/specialized/data/analyzed/EUR_USD/5m/optimal/20250508_EUR_USD_5m_optimal_analyzed.csv
2025-05-08 07:07:14,541 - DataAnalyzer - INFO - Saved pattern data to /home/clouduser/spike/forex_spike_predictor/specialized/data/analyzed/EUR_USD/5m/optimal/20250508_EUR_USD_5m_optimal_patterns.json
2025-05-08 07:07:14,541 - DataAnalyzer - INFO - Analysis complete with results: {'minimum': {'analyzed_file': '/home/clouduser/spike/forex_spike_predictor/specialized/data/analyzed/EUR_USD/5m/minimum/20250508_EUR_USD_5m_minimum_analyzed.csv', 'pattern_file': '/home/clouduser/spike/forex_spike_predictor/specialized/data/analyzed/EUR_USD/5m/minimum/20250508_EUR_USD_5m_minimum_patterns.json', 'candle_count': 26, 'indicator_count': 36, 'pattern_count': 16}, 'recommended': {'analyzed_file': '/home/clouduser/spike/forex_spike_predictor/specialized/data/analyzed/EUR_USD/5m/recommended/20250508_EUR_USD_5m_recommended_analyzed.csv', 'pattern_file': '/home/clouduser/spike/forex_spike_predictor/specialized/data/analyzed/EUR_USD/5m/recommended/20250508_EUR_USD_5m_recommended_patterns.json', 'candle_count': 50, 'indicator_count': 39, 'pattern_count': 40}, 'optimal': {'analyzed_file': '/home/clouduser/spike/forex_spike_predictor/specialized/data/analyzed/EUR_USD/5m/optimal/20250508_EUR_USD_5m_optimal_analyzed.csv', 'pattern_file': '/home/clouduser/spike/forex_spike_predictor/specialized/data/analyzed/EUR_USD/5m/optimal/20250508_EUR_USD_5m_optimal_patterns.json', 'candle_count': 100, 'indicator_count': 49, 'pattern_count': 90}}
2025-05-08 07:07:14,541 - DataAnalyzer - INFO - Waiting 300s until next analysis run
2025-05-08 07:17:52,346 - DataAnalyzer - INFO - Analysis run #4
2025-05-08 07:17:52,353 - DataAnalyzer - INFO - Found latest raw data file: /home/clouduser/spike/forex_spike_predictor/specialized/data/raw/EUR_USD/5m/latest.csv
2025-05-08 07:17:52,353 - DataAnalyzer - INFO - Loading raw data from /home/clouduser/spike/forex_spike_predictor/specialized/data/raw/EUR_USD/5m/latest.csv
2025-05-08 07:17:52,377 - DataAnalyzer - INFO - Loaded 2942 records from /home/clouduser/spike/forex_spike_predictor/specialized/data/raw/EUR_USD/5m/latest.csv
2025-05-08 07:17:52,378 - DataAnalyzer - INFO - Analyzing data at minimum depth
2025-05-08 07:17:52,378 - DataAnalyzer - INFO - Calculating basic technical indicators
2025-05-08 07:17:52,388 - DataAnalyzer - INFO - Added 18 basic indicators
2025-05-08 07:17:52,388 - DataAnalyzer - INFO - Adding candlestick pattern recognition
2025-05-08 07:17:52,403 - DataAnalyzer - INFO - Added 15 candlestick pattern columns
2025-05-08 07:17:52,414 - DataAnalyzer - INFO - Added dummy pattern instance to ensure dashboard rendering
2025-05-08 07:17:52,417 - DataAnalyzer - INFO - Saved analyzed data to /home/clouduser/spike/forex_spike_predictor/specialized/data/analyzed/EUR_USD/5m/minimum/20250508_EUR_USD_5m_minimum_analyzed.csv
2025-05-08 07:17:52,418 - DataAnalyzer - INFO - Saved pattern data to /home/clouduser/spike/forex_spike_predictor/specialized/data/analyzed/EUR_USD/5m/minimum/20250508_EUR_USD_5m_minimum_patterns.json
2025-05-08 07:17:52,418 - DataAnalyzer - INFO - Analyzing data at recommended depth
2025-05-08 07:17:52,418 - DataAnalyzer - INFO - Calculating basic technical indicators
2025-05-08 07:17:52,423 - DataAnalyzer - INFO - Added 20 basic indicators
2025-05-08 07:17:52,423 - DataAnalyzer - INFO - Adding candlestick pattern recognition
2025-05-08 07:17:52,435 - DataAnalyzer - INFO - Added 15 candlestick pattern columns
2025-05-08 07:17:52,446 - DataAnalyzer - INFO - Added dummy pattern instance to ensure dashboard rendering
2025-05-08 07:17:52,449 - DataAnalyzer - INFO - Saved analyzed data to /home/clouduser/spike/forex_spike_predictor/specialized/data/analyzed/EUR_USD/5m/recommended/20250508_EUR_USD_5m_recommended_analyzed.csv
2025-05-08 07:17:52,449 - DataAnalyzer - INFO - Saved pattern data to /home/clouduser/spike/forex_spike_predictor/specialized/data/analyzed/EUR_USD/5m/recommended/20250508_EUR_USD_5m_recommended_patterns.json
2025-05-08 07:17:52,450 - DataAnalyzer - INFO - Analyzing data at optimal depth
2025-05-08 07:17:52,450 - DataAnalyzer - INFO - Calculating basic technical indicators
2025-05-08 07:17:52,455 - DataAnalyzer - INFO - Added 22 basic indicators
2025-05-08 07:17:52,455 - DataAnalyzer - INFO - Adding candlestick pattern recognition
2025-05-08 07:17:52,467 - DataAnalyzer - INFO - Added 15 candlestick pattern columns
2025-05-08 07:17:52,467 - DataAnalyzer - INFO - Adding advanced technical indicators
2025-05-08 07:17:52,476 - DataAnalyzer - INFO - Added 9 advanced indicators
2025-05-08 07:17:52,481 - DataAnalyzer - INFO - Added dummy pattern instance to ensure dashboard rendering
2025-05-08 07:17:52,486 - DataAnalyzer - INFO - Saved analyzed data to /home/clouduser/spike/forex_spike_predictor/specialized/data/analyzed/EUR_USD/5m/optimal/20250508_EUR_USD_5m_optimal_analyzed.csv
2025-05-08 07:17:52,486 - DataAnalyzer - INFO - Saved pattern data to /home/clouduser/spike/forex_spike_predictor/specialized/data/analyzed/EUR_USD/5m/optimal/20250508_EUR_USD_5m_optimal_patterns.json
2025-05-08 07:17:52,487 - DataAnalyzer - INFO - Analysis complete with results: {'minimum': {'analyzed_file': '/home/clouduser/spike/forex_spike_predictor/specialized/data/analyzed/EUR_USD/5m/minimum/20250508_EUR_USD_5m_minimum_analyzed.csv', 'pattern_file': '/home/clouduser/spike/forex_spike_predictor/specialized/data/analyzed/EUR_USD/5m/minimum/20250508_EUR_USD_5m_minimum_patterns.json', 'candle_count': 26, 'indicator_count': 36, 'pattern_count': 16}, 'recommended': {'analyzed_file': '/home/clouduser/spike/forex_spike_predictor/specialized/data/analyzed/EUR_USD/5m/recommended/20250508_EUR_USD_5m_recommended_analyzed.csv', 'pattern_file': '/home/clouduser/spike/forex_spike_predictor/specialized/data/analyzed/EUR_USD/5m/recommended/20250508_EUR_USD_5m_recommended_patterns.json', 'candle_count': 50, 'indicator_count': 39, 'pattern_count': 40}, 'optimal': {'analyzed_file': '/home/clouduser/spike/forex_spike_predictor/specialized/data/analyzed/EUR_USD/5m/optimal/20250508_EUR_USD_5m_optimal_analyzed.csv', 'pattern_file': '/home/clouduser/spike/forex_spike_predictor/specialized/data/analyzed/EUR_USD/5m/optimal/20250508_EUR_USD_5m_optimal_patterns.json', 'candle_count': 100, 'indicator_count': 49, 'pattern_count': 90}}
2025-05-08 07:17:52,487 - DataAnalyzer - INFO - Waiting 300s until next analysis run
2025-05-08 07:23:10,464 - DataAnalyzer - INFO - Analysis run #5
2025-05-08 07:23:10,471 - DataAnalyzer - INFO - Found latest raw data file: /home/clouduser/spike/forex_spike_predictor/specialized/data/raw/EUR_USD/5m/latest.csv
2025-05-08 07:23:10,471 - DataAnalyzer - INFO - Loading raw data from /home/clouduser/spike/forex_spike_predictor/specialized/data/raw/EUR_USD/5m/latest.csv
2025-05-08 07:23:10,496 - DataAnalyzer - INFO - Loaded 3147 records from /home/clouduser/spike/forex_spike_predictor/specialized/data/raw/EUR_USD/5m/latest.csv
2025-05-08 07:23:10,496 - DataAnalyzer - INFO - Analyzing data at minimum depth
2025-05-08 07:23:10,496 - DataAnalyzer - INFO - Calculating basic technical indicators
2025-05-08 07:23:10,506 - DataAnalyzer - INFO - Added 18 basic indicators
2025-05-08 07:23:10,506 - DataAnalyzer - INFO - Adding candlestick pattern recognition
2025-05-08 07:23:10,521 - DataAnalyzer - INFO - Added 15 candlestick pattern columns
2025-05-08 07:23:10,532 - DataAnalyzer - INFO - Added dummy pattern instance to ensure dashboard rendering
2025-05-08 07:23:10,534 - DataAnalyzer - INFO - Saved analyzed data to /home/clouduser/spike/forex_spike_predictor/specialized/data/analyzed/EUR_USD/5m/minimum/20250508_EUR_USD_5m_minimum_analyzed.csv
2025-05-08 07:23:10,535 - DataAnalyzer - INFO - Saved pattern data to /home/clouduser/spike/forex_spike_predictor/specialized/data/analyzed/EUR_USD/5m/minimum/20250508_EUR_USD_5m_minimum_patterns.json
2025-05-08 07:23:10,535 - DataAnalyzer - INFO - Analyzing data at recommended depth
2025-05-08 07:23:10,535 - DataAnalyzer - INFO - Calculating basic technical indicators
2025-05-08 07:23:10,541 - DataAnalyzer - INFO - Added 20 basic indicators
2025-05-08 07:23:10,541 - DataAnalyzer - INFO - Adding candlestick pattern recognition
2025-05-08 07:23:10,552 - DataAnalyzer - INFO - Added 15 candlestick pattern columns
2025-05-08 07:23:10,561 - DataAnalyzer - INFO - Added dummy pattern instance to ensure dashboard rendering
2025-05-08 07:23:10,563 - DataAnalyzer - INFO - Saved analyzed data to /home/clouduser/spike/forex_spike_predictor/specialized/data/analyzed/EUR_USD/5m/recommended/20250508_EUR_USD_5m_recommended_analyzed.csv
2025-05-08 07:23:10,564 - DataAnalyzer - INFO - Saved pattern data to /home/clouduser/spike/forex_spike_predictor/specialized/data/analyzed/EUR_USD/5m/recommended/20250508_EUR_USD_5m_recommended_patterns.json
2025-05-08 07:23:10,564 - DataAnalyzer - INFO - Analyzing data at optimal depth
2025-05-08 07:23:10,564 - DataAnalyzer - INFO - Calculating basic technical indicators
2025-05-08 07:23:10,567 - DataAnalyzer - INFO - Added 22 basic indicators
2025-05-08 07:23:10,567 - DataAnalyzer - INFO - Adding candlestick pattern recognition
2025-05-08 07:23:10,573 - DataAnalyzer - INFO - Added 15 candlestick pattern columns
2025-05-08 07:23:10,573 - DataAnalyzer - INFO - Adding advanced technical indicators
2025-05-08 07:23:10,579 - DataAnalyzer - INFO - Added 9 advanced indicators
2025-05-08 07:23:10,585 - DataAnalyzer - INFO - Added dummy pattern instance to ensure dashboard rendering
2025-05-08 07:23:10,589 - DataAnalyzer - INFO - Saved analyzed data to /home/clouduser/spike/forex_spike_predictor/specialized/data/analyzed/EUR_USD/5m/optimal/20250508_EUR_USD_5m_optimal_analyzed.csv
2025-05-08 07:23:10,589 - DataAnalyzer - INFO - Saved pattern data to /home/clouduser/spike/forex_spike_predictor/specialized/data/analyzed/EUR_USD/5m/optimal/20250508_EUR_USD_5m_optimal_patterns.json
2025-05-08 07:23:10,589 - DataAnalyzer - INFO - Analysis complete with results: {'minimum': {'analyzed_file': '/home/clouduser/spike/forex_spike_predictor/specialized/data/analyzed/EUR_USD/5m/minimum/20250508_EUR_USD_5m_minimum_analyzed.csv', 'pattern_file': '/home/clouduser/spike/forex_spike_predictor/specialized/data/analyzed/EUR_USD/5m/minimum/20250508_EUR_USD_5m_minimum_patterns.json', 'candle_count': 26, 'indicator_count': 36, 'pattern_count': 16}, 'recommended': {'analyzed_file': '/home/clouduser/spike/forex_spike_predictor/specialized/data/analyzed/EUR_USD/5m/recommended/20250508_EUR_USD_5m_recommended_analyzed.csv', 'pattern_file': '/home/clouduser/spike/forex_spike_predictor/specialized/data/analyzed/EUR_USD/5m/recommended/20250508_EUR_USD_5m_recommended_patterns.json', 'candle_count': 50, 'indicator_count': 39, 'pattern_count': 40}, 'optimal': {'analyzed_file': '/home/clouduser/spike/forex_spike_predictor/specialized/data/analyzed/EUR_USD/5m/optimal/20250508_EUR_USD_5m_optimal_analyzed.csv', 'pattern_file': '/home/clouduser/spike/forex_spike_predictor/specialized/data/analyzed/EUR_USD/5m/optimal/20250508_EUR_USD_5m_optimal_patterns.json', 'candle_count': 100, 'indicator_count': 49, 'pattern_count': 90}}
2025-05-08 07:23:10,589 - DataAnalyzer - INFO - Waiting 300s until next analysis run
2025-05-08 07:30:26,610 - DataAnalyzer - INFO - Analysis run #6
2025-05-08 07:30:26,614 - DataAnalyzer - INFO - Found latest raw data file: /home/clouduser/spike/forex_spike_predictor/specialized/data/raw/EUR_USD/5m/latest.csv
2025-05-08 07:30:26,614 - DataAnalyzer - INFO - Loading raw data from /home/clouduser/spike/forex_spike_predictor/specialized/data/raw/EUR_USD/5m/latest.csv
2025-05-08 07:30:26,640 - DataAnalyzer - INFO - Loaded 3642 records from /home/clouduser/spike/forex_spike_predictor/specialized/data/raw/EUR_USD/5m/latest.csv
2025-05-08 07:30:26,641 - DataAnalyzer - INFO - Analyzing data at minimum depth
2025-05-08 07:30:26,641 - DataAnalyzer - INFO - Calculating basic technical indicators
2025-05-08 07:30:26,648 - DataAnalyzer - INFO - Added 18 basic indicators
2025-05-08 07:30:26,648 - DataAnalyzer - INFO - Adding candlestick pattern recognition
2025-05-08 07:30:26,657 - DataAnalyzer - INFO - Added 15 candlestick pattern columns
2025-05-08 07:30:26,664 - DataAnalyzer - INFO - Added dummy pattern instance to ensure dashboard rendering
2025-05-08 07:30:26,668 - DataAnalyzer - INFO - Saved analyzed data to /home/clouduser/spike/forex_spike_predictor/specialized/data/analyzed/EUR_USD/5m/minimum/20250508_EUR_USD_5m_minimum_analyzed.csv
2025-05-08 07:30:26,668 - DataAnalyzer - INFO - Saved pattern data to /home/clouduser/spike/forex_spike_predictor/specialized/data/analyzed/EUR_USD/5m/minimum/20250508_EUR_USD_5m_minimum_patterns.json
2025-05-08 07:30:26,668 - DataAnalyzer - INFO - Analyzing data at recommended depth
2025-05-08 07:30:26,668 - DataAnalyzer - INFO - Calculating basic technical indicators
2025-05-08 07:30:26,672 - DataAnalyzer - INFO - Added 20 basic indicators
2025-05-08 07:30:26,672 - DataAnalyzer - INFO - Adding candlestick pattern recognition
2025-05-08 07:30:26,678 - DataAnalyzer - INFO - Added 15 candlestick pattern columns
2025-05-08 07:30:26,685 - DataAnalyzer - INFO - Added dummy pattern instance to ensure dashboard rendering
2025-05-08 07:30:26,687 - DataAnalyzer - INFO - Saved analyzed data to /home/clouduser/spike/forex_spike_predictor/specialized/data/analyzed/EUR_USD/5m/recommended/20250508_EUR_USD_5m_recommended_analyzed.csv
2025-05-08 07:30:26,688 - DataAnalyzer - INFO - Saved pattern data to /home/clouduser/spike/forex_spike_predictor/specialized/data/analyzed/EUR_USD/5m/recommended/20250508_EUR_USD_5m_recommended_patterns.json
2025-05-08 07:30:26,688 - DataAnalyzer - INFO - Analyzing data at optimal depth
2025-05-08 07:30:26,688 - DataAnalyzer - INFO - Calculating basic technical indicators
2025-05-08 07:30:26,691 - DataAnalyzer - INFO - Added 22 basic indicators
2025-05-08 07:30:26,691 - DataAnalyzer - INFO - Adding candlestick pattern recognition
2025-05-08 07:30:26,697 - DataAnalyzer - INFO - Added 15 candlestick pattern columns
2025-05-08 07:30:26,697 - DataAnalyzer - INFO - Adding advanced technical indicators
2025-05-08 07:30:26,703 - DataAnalyzer - INFO - Added 9 advanced indicators
2025-05-08 07:30:26,709 - DataAnalyzer - INFO - Added dummy pattern instance to ensure dashboard rendering
2025-05-08 07:30:26,720 - DataAnalyzer - INFO - Saved analyzed data to /home/clouduser/spike/forex_spike_predictor/specialized/data/analyzed/EUR_USD/5m/optimal/20250508_EUR_USD_5m_optimal_analyzed.csv
2025-05-08 07:30:26,721 - DataAnalyzer - INFO - Saved pattern data to /home/clouduser/spike/forex_spike_predictor/specialized/data/analyzed/EUR_USD/5m/optimal/20250508_EUR_USD_5m_optimal_patterns.json
2025-05-08 07:30:26,721 - DataAnalyzer - INFO - Analysis complete with results: {'minimum': {'analyzed_file': '/home/clouduser/spike/forex_spike_predictor/specialized/data/analyzed/EUR_USD/5m/minimum/20250508_EUR_USD_5m_minimum_analyzed.csv', 'pattern_file': '/home/clouduser/spike/forex_spike_predictor/specialized/data/analyzed/EUR_USD/5m/minimum/20250508_EUR_USD_5m_minimum_patterns.json', 'candle_count': 26, 'indicator_count': 36, 'pattern_count': 16}, 'recommended': {'analyzed_file': '/home/clouduser/spike/forex_spike_predictor/specialized/data/analyzed/EUR_USD/5m/recommended/20250508_EUR_USD_5m_recommended_analyzed.csv', 'pattern_file': '/home/clouduser/spike/forex_spike_predictor/specialized/data/analyzed/EUR_USD/5m/recommended/20250508_EUR_USD_5m_recommended_patterns.json', 'candle_count': 50, 'indicator_count': 39, 'pattern_count': 40}, 'optimal': {'analyzed_file': '/home/clouduser/spike/forex_spike_predictor/specialized/data/analyzed/EUR_USD/5m/optimal/20250508_EUR_USD_5m_optimal_analyzed.csv', 'pattern_file': '/home/clouduser/spike/forex_spike_predictor/specialized/data/analyzed/EUR_USD/5m/optimal/20250508_EUR_USD_5m_optimal_patterns.json', 'candle_count': 100, 'indicator_count': 49, 'pattern_count': 90}}
2025-05-08 07:30:26,721 - DataAnalyzer - INFO - Waiting 300s until next analysis run
