2025-05-07 17:56:04,882 - DataAnalyzer - INFO - Initialized data analyzer for EUR_USD with 5m timeframe
2025-05-07 17:56:04,883 - DataAnalyzer - INFO - Raw data directory: /home/clouduser/spike/forex_spike_predictor/specialized/data/raw
2025-05-07 17:56:04,883 - DataAnalyzer - INFO - Analysis output directory: /home/clouduser/spike/forex_spike_predictor/specialized/data/analyzed
2025-05-07 17:56:04,884 - DataAnalyzer - INFO - Candle counts for analysis depths: {<AnalysisDepth.MINIMUM: 'minimum'>: 26, <AnalysisDepth.RECOMMENDED: 'recommended'>: 50, <AnalysisDepth.OPTIMAL: 'optimal'>: 100}
2025-05-07 17:56:04,884 - DataAnalyzer - INFO - Found latest raw data file: /home/clouduser/spike/forex_spike_predictor/specialized/data/raw/EUR_USD/5m/latest.csv
2025-05-07 17:56:04,884 - DataAnalyzer - INFO - Loading raw data from /home/clouduser/spike/forex_spike_predictor/specialized/data/raw/EUR_USD/5m/latest.csv
2025-05-07 17:56:04,895 - DataAnalyzer - INFO - Loaded 1595 records from /home/clouduser/spike/forex_spike_predictor/specialized/data/raw/EUR_USD/5m/latest.csv
2025-05-07 17:56:04,895 - DataAnalyzer - INFO - Analyzing data at minimum depth
2025-05-07 17:56:04,895 - DataAnalyzer - INFO - Calculating basic technical indicators
2025-05-07 17:56:04,901 - DataAnalyzer - INFO - Added 18 basic indicators
2025-05-07 17:56:04,901 - DataAnalyzer - INFO - Adding candlestick pattern recognition
2025-05-07 17:56:04,905 - DataAnalyzer - INFO - Added 15 candlestick pattern columns
2025-05-07 17:56:04,915 - DataAnalyzer - INFO - Saved analyzed data to /home/clouduser/spike/forex_spike_predictor/specialized/data/analyzed/EUR_USD/5m/minimum/20250507_EUR_USD_5m_minimum_analyzed.csv
2025-05-07 17:56:04,915 - DataAnalyzer - INFO - Saved pattern data to /home/clouduser/spike/forex_spike_predictor/specialized/data/analyzed/EUR_USD/5m/minimum/20250507_EUR_USD_5m_minimum_patterns.json
2025-05-07 17:56:04,915 - DataAnalyzer - INFO - Analyzing data at recommended depth
2025-05-07 17:56:04,915 - DataAnalyzer - INFO - Calculating basic technical indicators
2025-05-07 17:56:04,917 - DataAnalyzer - INFO - Added 20 basic indicators
2025-05-07 17:56:04,917 - DataAnalyzer - INFO - Adding candlestick pattern recognition
2025-05-07 17:56:04,921 - DataAnalyzer - INFO - Added 15 candlestick pattern columns
2025-05-07 17:56:04,928 - DataAnalyzer - INFO - Saved analyzed data to /home/clouduser/spike/forex_spike_predictor/specialized/data/analyzed/EUR_USD/5m/recommended/20250507_EUR_USD_5m_recommended_analyzed.csv
2025-05-07 17:56:04,928 - DataAnalyzer - INFO - Saved pattern data to /home/clouduser/spike/forex_spike_predictor/specialized/data/analyzed/EUR_USD/5m/recommended/20250507_EUR_USD_5m_recommended_patterns.json
2025-05-07 17:56:04,928 - DataAnalyzer - INFO - Analyzing data at optimal depth
2025-05-07 17:56:04,928 - DataAnalyzer - INFO - Calculating basic technical indicators
2025-05-07 17:56:04,931 - DataAnalyzer - INFO - Added 22 basic indicators
2025-05-07 17:56:04,931 - DataAnalyzer - INFO - Adding candlestick pattern recognition
2025-05-07 17:56:04,934 - DataAnalyzer - INFO - Added 15 candlestick pattern columns
2025-05-07 17:56:04,934 - DataAnalyzer - INFO - Adding advanced technical indicators
2025-05-07 17:56:04,936 - DataAnalyzer - ERROR - Error adding advanced indicators: input array type is not double
2025-05-07 17:56:04,943 - DataAnalyzer - INFO - Saved analyzed data to /home/clouduser/spike/forex_spike_predictor/specialized/data/analyzed/EUR_USD/5m/optimal/20250507_EUR_USD_5m_optimal_analyzed.csv
2025-05-07 17:56:04,945 - DataAnalyzer - INFO - Saved pattern data to /home/clouduser/spike/forex_spike_predictor/specialized/data/analyzed/EUR_USD/5m/optimal/20250507_EUR_USD_5m_optimal_patterns.json
{
  "minimum": {
    "analyzed_file": "/home/clouduser/spike/forex_spike_predictor/specialized/data/analyzed/EUR_USD/5m/minimum/20250507_EUR_USD_5m_minimum_analyzed.csv",
    "pattern_file": "/home/clouduser/spike/forex_spike_predictor/specialized/data/analyzed/EUR_USD/5m/minimum/20250507_EUR_USD_5m_minimum_patterns.json",
    "candle_count": 26,
    "indicator_count": 36,
    "pattern_count": 16
  },
  "recommended": {
    "analyzed_file": "/home/clouduser/spike/forex_spike_predictor/specialized/data/analyzed/EUR_USD/5m/recommended/20250507_EUR_USD_5m_recommended_analyzed.csv",
    "pattern_file": "/home/clouduser/spike/forex_spike_predictor/specialized/data/analyzed/EUR_USD/5m/recommended/20250507_EUR_USD_5m_recommended_patterns.json",
    "candle_count": 50,
    "indicator_count": 39,
    "pattern_count": 40
  },
  "optimal": {
    "analyzed_file": "/home/clouduser/spike/forex_spike_predictor/specialized/data/analyzed/EUR_USD/5m/optimal/20250507_EUR_USD_5m_optimal_analyzed.csv",
    "pattern_file": "/home/clouduser/spike/forex_spike_predictor/specialized/data/analyzed/EUR_USD/5m/optimal/20250507_EUR_USD_5m_optimal_patterns.json",
    "candle_count": 100,
    "indicator_count": 40,
    "pattern_count": 90
  }
}
